Command line:
   CMP_isim_beh.exe
     -simmode  gui
     -simrunnum  0
     -socket  61338

Sun Nov 20 17:23:07 2022


 Elaboration Time: 0.03125 sec

 Current Memory Usage: 5157.32 Meg

 Total Signals          : 18
 Total Nets             : 82
 Total Signal Drivers   : 7
 Total Blocks           : 2
 Total Primitive Blocks : 2
 Total Processes        : 8
 Total Traceable Variables  : 18
 Total Scalar Nets and Variables : 162
Total Line Count : 16

 Total Simulation Time: 0.046875 sec

 Current Memory Usage: 5157.32 Meg

Sun Nov 20 17:23:10 2022

