Running: fuse.exe -relaunch -intstyle "ise" -incremental -lib "unisims_ver" -lib "unimacro_ver" -lib "xilinxcorelib_ver" -o "D:/Desktop/BlockChecker/tb1_isim_beh.exe" -prj "D:/Desktop/BlockChecker/tb1_beh.prj" "work.tb1" "work.glbl" 
ISim P.20131013 (signature 0x8ef4fb42)
Number of CPUs detected in this system: 8
Turning on mult-threading, number of parallel sub-compilation jobs: 16 
Determining compilation order of HDL files
Analyzing Verilog file "D:/Desktop/BlockChecker/BlockChecker.v" into library work
Analyzing Verilog file "D:/Desktop/BlockChecker/tb1.v" into library work
Analyzing Verilog file "D:/Xilinx/14.7/ISE_DS/ISE//verilog/src/glbl.v" into library work
Starting static elaboration
Completed static elaboration
Fuse Memory Usage: 162164 KB
Fuse CPU Usage: 171 ms
Compiling module BlockChecker
Compiling module tb1
Compiling module glbl
Time Resolution for simulation is 1ps.
Compiled 3 Verilog Units
Built simulation executable D:/Desktop/BlockChecker/tb1_isim_beh.exe
Fuse Memory Usage: 169524 KB
Fuse CPU Usage: 187 ms
