Command line:
   tb_isim_beh.exe
     -simmode  gui
     -simrunnum  0
     -socket  55987

Sun Nov 13 22:10:10 2022


 Elaboration Time: 0.03125 sec

 Current Memory Usage: 5159.9 Meg

 Total Signals          : 136
 Total Nets             : 1046
 Total Signal Drivers   : 79
 Total Blocks           : 11
 Total Primitive Blocks : 8
 Total Processes        : 81
 Total Traceable Variables  : 29
 Total Scalar Nets and Variables : 264488
Total Line Count : 114

 Total Simulation Time: 0.046875 sec

 Current Memory Usage: 4688.04 Meg

Sun Nov 13 22:13:40 2022

