Command line:
   mips_txt_isim_beh.exe
     -simmode  gui
     -simrunnum  0
     -socket  62756

Mon Nov 28 11:44:31 2022


 Elaboration Time: 0.21875 sec

 Current Memory Usage: 5161.05 Meg

 Total Signals          : 461
 Total Nets             : 2310
 Total Signal Drivers   : 333
 Total Blocks           : 23
 Total Primitive Blocks : 19
 Total Processes        : 347
 Total Traceable Variables  : 62
 Total Scalar Nets and Variables : 266441
Total Line Count : 580

 Total Simulation Time: 0.265625 sec

 Current Memory Usage: 5161.05 Meg

Mon Nov 28 11:44:35 2022

