ISim log file
Running: D:\Desktop\CO\P4\CPU - CMP\tb_isim_beh.exe -intstyle ise -gui -tclbatch isim.cmd -wdb D:/Desktop/CO/P4/CPU - CMP/tb_isim_beh.wdb 
ISim P.20131013 (signature 0x7708f090)
WARNING: A WEBPACK license was found.
WARNING: Please use Xilinx License Configuration Manager to check out a full ISim license.
WARNING: ISim will run in Lite mode. Please refer to the ISim documentation for more information on the differences between the Lite and the Full version.
This is a Lite version of ISim.
WARNING: File "D:/Desktop/CO/P4/CPU - CMP/mips.v" Line 58.  For instance uut/_ifu/, width 3 of formal port Branchop is not equal to width 1 of actual signal Branchop.
Time resolution is 1 ps
# onerror resume
# wave add /
# run 1000 ns
Simulator is doing circuit initialization process.
Finished circuit initialization process.
@00003000: $28 <= 00000000
@00003004: $29 <= 00000000
@00003008: $ 1 <= 00003456
@0000300c: $ 1 <= 000068ac
@00003010: $ 1 <= 00000000
@00003014: *00000004 <= 00000000
@00003018: $ 2 <= 78780000
@0000301c: $ 3 <= 78780000
@00003020: $ 5 <= 12340000
@00003024: $ 4 <= 00000005
@0000302c: *00000004 <= 12340000
@00003030: $ 3 <= 12340000
@00003044: $ 7 <= 12340404
@00003050: $ 8 <= 77770000
@00003054: $ 8 <= 7777ffff
@00003058: $ 0 <= 00000000
@0000305c: $ 0 <= 00000000
@00003060: $10 <= 12340404
@00003064: $ 8 <= 00000000
@00003068: $ 9 <= 00000001
@0000306c: $10 <= 00000001
@00003070: $ 8 <= 00000001
@00003070: $ 8 <= 00000002
@00003078: $31 <= 0000307c
@00003088: $10 <= 00000002
@00003080: $10 <= 00000004
