Command line:
   tb_isim_beh.exe
     -simmode  gui
     -simrunnum  0
     -socket  53321

Sun Nov 13 19:24:33 2022


 Elaboration Time: 0.046875 sec

 Current Memory Usage: 5160.48 Meg

 Total Signals          : 144
 Total Nets             : 1019
 Total Signal Drivers   : 83
 Total Blocks           : 10
 Total Primitive Blocks : 7
 Total Processes        : 84
 Total Traceable Variables  : 27
 Total Scalar Nets and Variables : 264397
Total Line Count : 112

 Total Simulation Time: 0.078125 sec

 Current Memory Usage: 5160.48 Meg

Sun Nov 13 19:24:38 2022

