ISim log file
Running: D:\Desktop\CO\exercise\P7\cpuold\mips_txt_isim_beh.exe -intstyle ise -gui -tclbatch isim.cmd -wdb D:/Desktop/CO/exercise/P7/cpuold/mips_txt_isim_beh.wdb 
ISim P.20131013 (signature 0x7708f090)
WARNING: A WEBPACK license was found.
WARNING: Please use Xilinx License Configuration Manager to check out a full ISim license.
WARNING: ISim will run in Lite mode. Please refer to the ISim documentation for more information on the differences between the Lite and the Full version.
This is a Lite version of ISim.
Time resolution is 1 ps
# onerror resume
# wave add /
# run 1000 ns
Simulator is doing circuit initialization process.
WARNING: File handler.txt referenced on D:/Desktop/CO/exercise/P7/cpuold/mips_tb.v at line 76 cannot be opened for reading. Please ensure that this file is available in the current working directory.Finished circuit initialization process.
                  38@00003000: $ 1 <= ffff0000
                  42@00003004: $ 1 <= fffffc01
                  50@0000300c: $ 2 <= ffff0000
                  54@00003010: $ 2 <= ffff1234
                  74@00004180: $26 <= 00001000
                  78@00004184: $27 <= 00003014
                  82@00004188: $27 <= 0000007c
                  86@0000418c: $26 <= 00000000
                 102@000041ac: $27 <= 00002137
                 102@000041b0: *00000000 <= 00002137
                 122@00003014: *00000000 <= ffff1234
                 130@00003018: $ 3 <= 0000fc01
                 150@00004180: $26 <= 00001000
                 154@00004184: $27 <= 0000301c
                 158@00004188: $27 <= 0000007c
                 162@0000418c: $26 <= 00000000
                 178@000041ac: $27 <= 00002137
                 178@000041b0: *00000000 <= 00002137
                 222@00004180: $26 <= 00001000
                 226@00004184: $27 <= 00003020
                 230@00004188: $27 <= 0000007c
                 234@0000418c: $26 <= 00000000
                 250@000041ac: $27 <= 00002137
                 250@000041b0: *00000000 <= 00002137
                 274@00003020: $ 4 <= 00002137
                 278@00003024: $ 5 <= 00002137
                 286@00003028: $ 6 <= 0000426e
                 290@0000302c: $ 7 <= 7fff0000
                 294@00003030: $ 8 <= 7fff0000
                 322@00004180: $26 <= 80001000
                 326@00004184: $27 <= 00003034
                 330@00004188: $27 <= 0000007c
                 334@0000418c: $26 <= 00000000
                 350@000041ac: $27 <= 00002137
                 350@000041b0: *00000000 <= 00002137
                 394@00004180: $26 <= 80000030
                 398@00004184: $27 <= 00003034
                 402@00004188: $27 <= 0000007c
                 406@0000418c: $26 <= 00000030
                 422@00004198: $26 <= 00003034
                 430@0000419c: $26 <= 00003038
                 470@00004180: $26 <= 00000030
                 474@00004184: $27 <= 00003038
                 478@00004188: $27 <= 0000007c
                 482@0000418c: $26 <= 00000030
                 498@00004198: $26 <= 00003038
                 506@0000419c: $26 <= 0000303c
                 530@0000303c: $10 <= 00000001
                 534@00003040: $10 <= 00000002
                 562@00004180: $26 <= 00000020
                 566@00004184: $27 <= 0000304c
                 570@00004188: $27 <= 0000007c
                 574@0000418c: $26 <= 00000020
                 590@00004198: $26 <= 0000304c
                 598@0000419c: $26 <= 00003050
                 642@00004180: $26 <= 00000020
                 646@00004184: $27 <= 00003054
                 650@00004188: $27 <= 0000007c
                 654@0000418c: $26 <= 00000020
                 670@00004198: $26 <= 00003054
                 678@0000419c: $26 <= 00003058
                 722@00004180: $26 <= 00000020
                 726@00004184: $27 <= 0000305c
                 730@00004188: $27 <= 0000007c
                 734@0000418c: $26 <= 00000020
                 750@00004198: $26 <= 0000305c
                 758@0000419c: $26 <= 00003060
                 802@00004180: $26 <= 00000020
                 806@00004184: $27 <= 00003064
                 810@00004188: $27 <= 0000007c
                 814@0000418c: $26 <= 00000020
                 830@00004198: $26 <= 00003064
                 838@0000419c: $26 <= 00003068
                 862@00003068: $10 <= 7fff0000
                 866@0000306c: $11 <= 7fff0000
                 894@00004180: $26 <= 80001000
                 898@00004184: $27 <= 00003074
                 902@00004188: $27 <= 0000007c
                 906@0000418c: $26 <= 00000000
                 922@000041ac: $27 <= 00002137
                 922@000041b0: *00000000 <= 00002137
                 950@00003078: $12 <= 00000000
                 954@00003084: $13 <= 00000001
ISim P.20131013 (signature 0x7708f090)
WARNING: A WEBPACK license was found.
WARNING: Please use Xilinx License Configuration Manager to check out a full ISim license.
WARNING: ISim will run in Lite mode. Please refer to the ISim documentation for more information on the differences between the Lite and the Full version.
This is a Lite version of ISim.
# run 1000 ns
Simulator is doing circuit initialization process.
WARNING: File handler.txt referenced on D:/Desktop/CO/exercise/P7/cpuold/mips_tb.v at line 76 cannot be opened for reading. Please ensure that this file is available in the current working directory.Finished circuit initialization process.
                  38@00003000: $ 1 <= ffff0000
                  42@00003004: $ 1 <= fffffc01
                  50@0000300c: $ 2 <= ffff0000
                  54@00003010: $ 2 <= ffff1234
                  74@00004180: $26 <= 00001000
                  78@00004184: $27 <= 00003014
                  82@00004188: $27 <= 0000007c
                  86@0000418c: $26 <= 00000000
                 102@000041ac: $27 <= 00002137
                 102@000041b0: *00000000 <= 00002137
                 138@00004180: $26 <= 00001000
                 142@00004184: $27 <= 000041bc
                 146@00004188: $27 <= 0000007c
                 150@0000418c: $26 <= 00000000
                 166@000041ac: $27 <= 00002137
                 166@000041b0: *00000000 <= 00002137
                 202@00004180: $26 <= 00001000
                 206@00004184: $27 <= 000041bc
                 210@00004188: $27 <= 0000007c
                 214@0000418c: $26 <= 00000000
                 230@000041ac: $27 <= 00002137
                 230@000041b0: *00000000 <= 00002137
                 266@00004180: $26 <= 00001000
                 270@00004184: $27 <= 000041bc
                 274@00004188: $27 <= 0000007c
                 278@0000418c: $26 <= 00000000
                 294@000041ac: $27 <= 00002137
                 294@000041b0: *00000000 <= 00002137
                 330@00004180: $26 <= 00001000
                 334@00004184: $27 <= 000041bc
                 338@00004188: $27 <= 0000007c
                 342@0000418c: $26 <= 00000000
                 358@000041ac: $27 <= 00002137
                 358@000041b0: *00000000 <= 00002137
                 394@00004180: $26 <= 00001000
                 398@00004184: $27 <= 000041bc
                 402@00004188: $27 <= 0000007c
                 406@0000418c: $26 <= 00000000
                 422@000041ac: $27 <= 00002137
                 422@000041b0: *00000000 <= 00002137
                 458@00004180: $26 <= 00001000
                 462@00004184: $27 <= 000041bc
                 466@00004188: $27 <= 0000007c
                 470@0000418c: $26 <= 00000000
                 486@000041ac: $27 <= 00002137
                 486@000041b0: *00000000 <= 00002137
                 522@00004180: $26 <= 00001000
                 526@00004184: $27 <= 000041bc
                 530@00004188: $27 <= 0000007c
                 534@0000418c: $26 <= 00000000
                 550@000041ac: $27 <= 00002137
                 550@000041b0: *00000000 <= 00002137
                 586@00004180: $26 <= 00001000
                 590@00004184: $27 <= 000041bc
                 594@00004188: $27 <= 0000007c
                 598@0000418c: $26 <= 00000000
                 614@000041ac: $27 <= 00002137
                 614@000041b0: *00000000 <= 00002137
                 650@00004180: $26 <= 00001000
                 654@00004184: $27 <= 000041bc
                 658@00004188: $27 <= 0000007c
                 662@0000418c: $26 <= 00000000
                 678@000041ac: $27 <= 00002137
                 678@000041b0: *00000000 <= 00002137
                 714@00004180: $26 <= 00001000
                 718@00004184: $27 <= 000041bc
                 722@00004188: $27 <= 0000007c
                 726@0000418c: $26 <= 00000000
                 742@000041ac: $27 <= 00002137
                 742@000041b0: *00000000 <= 00002137
                 778@00004180: $26 <= 00001000
                 782@00004184: $27 <= 000041bc
                 786@00004188: $27 <= 0000007c
                 790@0000418c: $26 <= 00000000
                 806@000041ac: $27 <= 00002137
                 806@000041b0: *00000000 <= 00002137
                 842@00004180: $26 <= 00001000
                 846@00004184: $27 <= 000041bc
                 850@00004188: $27 <= 0000007c
                 854@0000418c: $26 <= 00000000
                 870@000041ac: $27 <= 00002137
                 870@000041b0: *00000000 <= 00002137
                 906@00004180: $26 <= 00001000
                 910@00004184: $27 <= 000041bc
                 914@00004188: $27 <= 0000007c
                 918@0000418c: $26 <= 00000000
                 934@000041ac: $27 <= 00002137
                 934@000041b0: *00000000 <= 00002137
                 970@00004180: $26 <= 00001000
                 974@00004184: $27 <= 000041bc
                 978@00004188: $27 <= 0000007c
                 982@0000418c: $26 <= 00000000
                 998@000041ac: $27 <= 00002137
                 998@000041b0: *00000000 <= 00002137
