ISim log file
Running: D:\Desktop\CO\exercise\P6\CPU_lwer\mips_txt_isim_beh.exe -intstyle ise -gui -tclbatch isim.cmd -wdb D:/Desktop/CO/exercise/P6/CPU_lwer/mips_txt_isim_beh.wdb 
ISim P.20131013 (signature 0x7708f090)
WARNING: A WEBPACK license was found.
WARNING: Please use Xilinx License Configuration Manager to check out a full ISim license.
WARNING: ISim will run in Lite mode. Please refer to the ISim documentation for more information on the differences between the Lite and the Full version.
This is a Lite version of ISim.
Time resolution is 1 ps
# onerror resume
# wave add /
# run 1000 ns
Simulator is doing circuit initialization process.
Finished circuit initialization process.
                  38@00003000: $ 4 <= 00000003
                  42@00003008: *00000000 <= 00000003
                  42@00003004: $ 5 <= 00000242
                  46@0000300c: *00000004 <= 00000242
                  54@00003010: $ 6 <= 00000003
                  62@00003014: $ 4 <= 00000242
ISim P.20131013 (signature 0x7708f090)
WARNING: A WEBPACK license was found.
WARNING: Please use Xilinx License Configuration Manager to check out a full ISim license.
WARNING: ISim will run in Lite mode. Please refer to the ISim documentation for more information on the differences between the Lite and the Full version.
This is a Lite version of ISim.
# run 1000 ns
Simulator is doing circuit initialization process.
Finished circuit initialization process.
                  38@00003000: $ 4 <= 00000003
                  42@00003008: *00000000 <= 00000003
                  42@00003004: $ 5 <= 00000242
                  46@0000300c: *00000004 <= 00000242
                  54@00003010: $ 6 <= 00000003
                  62@00003014: $ 4 <= 00000242
                  70@00003018: $ 6 <= 00000003
