Running: fuse.exe -relaunch -intstyle "ise" -incremental -lib "unisims_ver" -lib "unimacro_ver" -lib "xilinxcorelib_ver" -lib "secureip" -o "D:/Desktop/class/CPU_changebridge - MDUstall/mips_txt_isim_beh.exe" -prj "D:/Desktop/class/CPU_changebridge - MDUstall/mips_txt_beh.prj" "work.mips_txt" "work.glbl" 
ISim P.20131013 (signature 0x7708f090)
Number of CPUs detected in this system: 8
Turning on mult-threading, number of parallel sub-compilation jobs: 16 
Determining compilation order of HDL files
Analyzing Verilog file "D:/Desktop/class/CPU_changebridge - MDUstall/NPC.v" into library work
Analyzing Verilog file "D:/Desktop/class/CPU_changebridge - MDUstall/HAZARD_M.v" into library work
Analyzing Verilog file "D:/Desktop/class/CPU_changebridge - MDUstall/HAZARD_E.v" into library work
Analyzing Verilog file "D:/Desktop/class/CPU_changebridge - MDUstall/MDU.v" into library work
Analyzing Verilog file "D:/Desktop/class/CPU_changebridge - MDUstall/IF_ID.v" into library work
Analyzing Verilog file "D:/Desktop/class/CPU_changebridge - MDUstall/IFU.v" into library work
Analyzing Verilog file "D:/Desktop/class/CPU_changebridge - MDUstall/ID_EX.v" into library work
Analyzing Verilog file "D:/Desktop/class/CPU_changebridge - MDUstall/HAZARD.v" into library work
Analyzing Verilog file "D:/Desktop/class/CPU_changebridge - MDUstall/GRF.v" into library work
Analyzing Verilog file "D:/Desktop/class/CPU_changebridge - MDUstall/EX_DM.v" into library work
Analyzing Verilog file "D:/Desktop/class/CPU_changebridge - MDUstall/EXT.v" into library work
Analyzing Verilog file "D:/Desktop/class/CPU_changebridge - MDUstall/DM_WB.v" into library work
Analyzing Verilog file "D:/Desktop/class/CPU_changebridge - MDUstall/DE.v" into library work
Analyzing Verilog file "D:/Desktop/class/CPU_changebridge - MDUstall/CTRL.v" into library work
Analyzing Verilog file "D:/Desktop/class/CPU_changebridge - MDUstall/CP0.v" into library work
Analyzing Verilog file "D:/Desktop/class/CPU_changebridge - MDUstall/CMP.v" into library work
Analyzing Verilog file "D:/Desktop/class/CPU_changebridge - MDUstall/BE.v" into library work
Analyzing Verilog file "D:/Desktop/class/CPU_changebridge - MDUstall/ALU.v" into library work
Analyzing Verilog file "D:/Desktop/class/CPU_changebridge - MDUstall/P7_standard_timer_2019.v" into library work
Analyzing Verilog file "D:/Desktop/class/CPU_changebridge - MDUstall/mips_cpu.v" into library work
Analyzing Verilog file "D:/Desktop/class/CPU_changebridge - MDUstall/Bridge.v" into library work
Analyzing Verilog file "D:/Desktop/class/CPU_changebridge - MDUstall/mips.v" into library work
Analyzing Verilog file "D:/Desktop/class/CPU_changebridge - MDUstall/mips_tb.v" into library work
Analyzing Verilog file "D:/Xilinx/14.7/ISE_DS/ISE//verilog/src/glbl.v" into library work
Starting static elaboration
WARNING:HDLCompiler:1016 - "D:/Desktop/class/CPU_changebridge - MDUstall/mips_cpu.v" Line 137: Port ALUsrc is not connected to this instance
WARNING:HDLCompiler:1016 - "D:/Desktop/class/CPU_changebridge - MDUstall/mips_cpu.v" Line 291: Port RegDst is not connected to this instance
WARNING:HDLCompiler:1016 - "D:/Desktop/class/CPU_changebridge - MDUstall/mips_cpu.v" Line 417: Port RegDst is not connected to this instance
WARNING:HDLCompiler:1016 - "D:/Desktop/class/CPU_changebridge - MDUstall/mips_cpu.v" Line 518: Port RegDst is not connected to this instance
WARNING:HDLCompiler:1016 - "D:/Desktop/class/CPU_changebridge - MDUstall/IFU.v" Line 40: Port Instr_D is not connected to this instance
Completed static elaboration
Compiling module NPC
Compiling module IFU
Compiling module IF_ID
Compiling module CTRL
Compiling module GRF
Compiling module CMP
Compiling module EXT
Compiling module ID_EX
Compiling module ALU
Compiling module MDU
Compiling module EX_DM
Compiling module BE
Compiling module DE
Compiling module CP0
Compiling module DM_WB
Compiling module HAZARD_E
Compiling module HAZARD_M
Compiling module HAZARD
Compiling module mips_cpu
Compiling module TC
Compiling module Bridge
Compiling module mips
Compiling module mips_txt
Compiling module glbl
Time Resolution for simulation is 1ps.
Waiting for 9 sub-compilation(s) to finish...
Compiled 24 Verilog Units
Built simulation executable D:/Desktop/class/CPU_changebridge - MDUstall/mips_txt_isim_beh.exe
Fuse Memory Usage: 39324 KB
Fuse CPU Usage: 827 ms
