ISim log file
Running: D:\Desktop\class\CPU_changebridge - MDUstall\mips_txt_isim_beh.exe -intstyle ise -gui -tclbatch isim.cmd -wdb D:/Desktop/class/CPU_changebridge - MDUstall/mips_txt_isim_beh.wdb 
ISim P.20131013 (signature 0x7708f090)
WARNING: A WEBPACK license was found.
WARNING: Please use Xilinx License Configuration Manager to check out a full ISim license.
WARNING: ISim will run in Lite mode. Please refer to the ISim documentation for more information on the differences between the Lite and the Full version.
This is a Lite version of ISim.
Time resolution is 1 ps
# onerror resume
# wave add /
# run 1000 ns
Simulator is doing circuit initialization process.
#delay@0000318c
#delay@000031f4
#delay@00003328
#delay@00003774
#delay@000039b0
#interrupt@10
#end@
Finished circuit initialization process.
@00003000: $ 3 <= 00001001
@00003008: $27 <= 00000000
@0000300c: $28 <= 00000000
@00003010: $30 <= 00000000
@00003014: $31 <= 00000000
@00003018: $28 <= 00000004
@0000301c: $29 <= 00000008
@00003020: $ 1 <= 58510000
@00003028: *00000000 <= 5851e65a
@00003024: $ 1 <= 5851e65a
@0000302c: *00000004 <= 5851e65a
@00003030: $ 1 <= 95420000
@00003034: $ 1 <= 95429318
@00003038: $ 2 <= 9f170000
@0000303c: $ 2 <= 9f17069c
@00003050: $31 <= 00003058
@0000306c: $17 <= 00000000
@00003070: $17 <= 00006962
@00003074: $20 <= ffff0000
@00003078: $20 <= ffffe892
@0000307c: $17 <= 2f750000
@00003080: $17 <= 2f7563eb
@00003084: $22 <= 00000f33
@0000308c: *00000000 <= 00000f33
@00003088: $30 <= 00000f33
@00003090: $20 <= 00000000
@00003098: $23 <= 00000f33
@00004180: $26 <= 0000309c
@00004184: $26 <= 00001000
@0000418c: *00000ffc <= 00000008
@00004188: $26 <= 00001000
@00004190: $26 <= 00000f00
@00004194: $29 <= 00000f00
@00004474: *00000f08 <= 9f17069c
@00004478: *00000f0c <= 00001001
@0000447c: *00000f10 <= 00000000
@00004480: *00000f14 <= 00000000
@00004484: *00000f18 <= 00000000
@00004488: *00000f1c <= 00000000
@0000448c: *00000f20 <= 00000000
@00004490: *00000f24 <= 00000000
@00004494: *00000f28 <= 00000000
@00004498: *00000f2c <= 00000000
@0000449c: *00000f30 <= 00000000
@000044a0: *00000f34 <= 00000000
@000044a4: *00000f38 <= 00000000
@000044a8: *00000f3c <= 00000000
@000044ac: *00000f40 <= 00000000
@000044b0: *00000f44 <= 2f7563eb
@000044b4: *00000f48 <= 00000000
@000044b8: *00000f4c <= 00000000
@000044bc: *00000f50 <= 00000000
@000044c0: *00000f54 <= 00000000
@000044c4: *00000f58 <= 00000f33
@000044c8: *00000f5c <= 00000f33
@000044cc: *00000f60 <= 00000000
@000044d0: *00000f64 <= 00000000
@000044d4: *00000f70 <= 00000004
@000044d8: *00000f74 <= 00000f00
@000044dc: *00000f78 <= 00000f33
@000044e0: *00000f7c <= 00003058
@000044e4: *00000f80 <= 00000f00
@000044e8: *00000f84 <= 00000000
@000044ec: *00000f88 <= 95429318
@00004220: $26 <= 00001000
@00004224: $26 <= 00000000
@00004228: $27 <= 00000000
@00004264: *00000f00 <= 00003058
@00004268: $29 <= 00000ef0
@00004270: *00000ef4 <= 00001000
@0000426c: $ 2 <= 00001000
@00004274: $ 2 <= 00001000
@00004278: $ 3 <= 00000000
@00004284: $ 3 <= 00000000
@00004290: $29 <= 00000f00
@00004294: $26 <= 0000309c
@00004298: $27 <= 0000318c
@000042a8: $27 <= 000031f4
@000042b8: $27 <= 00003328
@000042c8: $ 3 <= 00001000
@000044f8: $29 <= 00001000
@000044fc: $29 <= 00000f00
@00004500: $ 2 <= 9f17069c
@00004504: $ 3 <= 00001001
@00004508: $ 4 <= 00000000
@0000450c: $ 5 <= 00000000
@00004510: $ 6 <= 00000000
@00004514: $ 7 <= 00000000
@00004518: $ 8 <= 00000000
@0000451c: $ 9 <= 00000000
@00004520: $10 <= 00000000
@00004524: $11 <= 00000000
@00004528: $12 <= 00000000
@0000452c: $13 <= 00000000
@00004530: $14 <= 00000000
@00004534: $15 <= 00000000
@00004538: $16 <= 00000000
@0000453c: $17 <= 2f7563eb
@00004540: $18 <= 00000000
@00004544: $19 <= 00000000
@00004548: $20 <= 00000000
@0000454c: $21 <= 00000000
@00004550: $22 <= 00000f33
@00004554: $23 <= 00000f33
@00004558: $24 <= 00000000
@0000455c: $25 <= 00000000
@00004560: $28 <= 00000004
@00004564: $30 <= 00000f33
@00004568: $31 <= 00003058
@0000456c: $26 <= 00000f00
@00004570: $27 <= 00000000
@00004574: $ 1 <= 95429318
@00004578: $29 <= 00001000
@0000457c: $29 <= 00000008
@0000309c: $30 <= 00000b3c
@0000305c: *00000008 <= 00000000
@000030a8: $31 <= 000030b0
@000030c0: $17 <= 00000000
@000030c4: $17 <= 00006234
@000030c8: $20 <= ffff0000
@000030cc: $20 <= ffff8827
@000030d0: $17 <= 36770000
@000030d4: $17 <= 3677ab28
@000030d8: $20 <= 00000001
@000030dc: $30 <= 00000ecc
@000030b0: *00000008 <= 00000001
@000030e4: $30 <= 000009c4
@000030b4: $29 <= 0000000c
@000030bc: $30 <= 00000bfc
@000030f4: $31 <= 000030fc
@0000310c: $17 <= 00000000
@00003110: $17 <= 000067b6
@00003114: $20 <= 00000000
@00003118: $20 <= 00000635
@0000311c: $20 <= ffff0000
@00003120: $20 <= ffffafc3
@00003124: $17 <= d0a60000
@00003128: $17 <= d0a6b978
@0000312c: $20 <= 00000001
@00003130: $30 <= 000022b4
@00003134: $30 <= 00000bfa
@000030fc: *0000000c <= 00000001
@0000313c: $30 <= 00000fef
@00003100: $29 <= 00000010
@00003108: $30 <= 0000043d
@0000314c: $31 <= 00003154
@00003164: $18 <= 00000000
@00003168: $18 <= 0000745d
@0000317c: $18 <= 3a850000
@00003180: $18 <= 3a8560e8
@00003184: $ 4 <= 00000000
@00003188: $ 4 <= 00000001
@00004180: $26 <= 0000318c
@00004184: $26 <= 80001000
@0000418c: *00000ffc <= 00000010
@00004188: $26 <= 00001000
@00004190: $26 <= 00000f00
@00004194: $29 <= 00000f00
@00004474: *00000f08 <= 9f17069c
@00004478: *00000f0c <= 00001001
@0000447c: *00000f10 <= 00000001
@00004480: *00000f14 <= 00000000
@00004484: *00000f18 <= 00000000
@00004488: *00000f1c <= 00000000
@0000448c: *00000f20 <= 00000000
@00004490: *00000f24 <= 00000000
@00004494: *00000f28 <= 00000000
@00004498: *00000f2c <= 00000000
@0000449c: *00000f30 <= 00000000
@000044a0: *00000f34 <= 00000000
@000044a4: *00000f38 <= 00000000
@000044a8: *00000f3c <= 00000000
@000044ac: *00000f40 <= 00000000
@000044b0: *00000f44 <= d0a6b978
@000044b4: *00000f48 <= 3a8560e8
@000044b8: *00000f4c <= 00000000
@000044bc: *00000f50 <= 00000001
# restart
# restart
# run 10us
Simulator is doing circuit initialization process.
#delay@0000318c
#delay@000031f4
#delay@00003328
#delay@00003774
#delay@000039b0
#interrupt@10
#end@
Finished circuit initialization process.
@00003000: $ 3 <= 00001001
@00003008: $27 <= 00000000
@0000300c: $28 <= 00000000
@00003010: $30 <= 00000000
@00003014: $31 <= 00000000
@00003018: $28 <= 00000004
@0000301c: $29 <= 00000008
@00003020: $ 1 <= 58510000
@00003028: *00000000 <= 5851e65a
@00003024: $ 1 <= 5851e65a
@0000302c: *00000004 <= 5851e65a
@00003030: $ 1 <= 95420000
@00003034: $ 1 <= 95429318
@00003038: $ 2 <= 9f170000
@0000303c: $ 2 <= 9f17069c
@00003050: $31 <= 00003058
@0000306c: $17 <= 00000000
@00003070: $17 <= 00006962
@00003074: $20 <= ffff0000
@00003078: $20 <= ffffe892
@0000307c: $17 <= 2f750000
@00003080: $17 <= 2f7563eb
@00003084: $22 <= 00000f33
@0000308c: *00000000 <= 00000f33
@00003088: $30 <= 00000f33
@00003090: $20 <= 00000000
@00003098: $23 <= 00000f33
@00004180: $26 <= 0000309c
@00004184: $26 <= 00001000
@0000418c: *00000ffc <= 00000008
@00004188: $26 <= 00001000
@00004190: $26 <= 00000f00
@00004194: $29 <= 00000f00
@00004474: *00000f08 <= 9f17069c
@00004478: *00000f0c <= 00001001
@0000447c: *00000f10 <= 00000000
@00004480: *00000f14 <= 00000000
@00004484: *00000f18 <= 00000000
@00004488: *00000f1c <= 00000000
@0000448c: *00000f20 <= 00000000
@00004490: *00000f24 <= 00000000
@00004494: *00000f28 <= 00000000
@00004498: *00000f2c <= 00000000
@0000449c: *00000f30 <= 00000000
@000044a0: *00000f34 <= 00000000
@000044a4: *00000f38 <= 00000000
@000044a8: *00000f3c <= 00000000
@000044ac: *00000f40 <= 00000000
@000044b0: *00000f44 <= 2f7563eb
@000044b4: *00000f48 <= 00000000
@000044b8: *00000f4c <= 00000000
@000044bc: *00000f50 <= 00000000
@000044c0: *00000f54 <= 00000000
@000044c4: *00000f58 <= 00000f33
@000044c8: *00000f5c <= 00000f33
@000044cc: *00000f60 <= 00000000
@000044d0: *00000f64 <= 00000000
@000044d4: *00000f70 <= 00000004
@000044d8: *00000f74 <= 00000f00
@000044dc: *00000f78 <= 00000f33
@000044e0: *00000f7c <= 00003058
@000044e4: *00000f80 <= 00000f00
@000044e8: *00000f84 <= 00000000
@000044ec: *00000f88 <= 95429318
@00004220: $26 <= 00001000
@00004224: $26 <= 00000000
@00004228: $27 <= 00000000
@00004264: *00000f00 <= 00003058
@00004268: $29 <= 00000ef0
@00004270: *00000ef4 <= 00001000
@0000426c: $ 2 <= 00001000
@00004274: $ 2 <= 00001000
@00004278: $ 3 <= 00000000
@00004284: $ 3 <= 00000000
@00004290: $29 <= 00000f00
@00004294: $26 <= 0000309c
@00004298: $27 <= 0000318c
@000042a8: $27 <= 000031f4
@000042b8: $27 <= 00003328
@000042c8: $ 3 <= 00001000
@000044f8: $29 <= 00001000
@000044fc: $29 <= 00000f00
@00004500: $ 2 <= 9f17069c
@00004504: $ 3 <= 00001001
@00004508: $ 4 <= 00000000
@0000450c: $ 5 <= 00000000
@00004510: $ 6 <= 00000000
@00004514: $ 7 <= 00000000
@00004518: $ 8 <= 00000000
@0000451c: $ 9 <= 00000000
@00004520: $10 <= 00000000
@00004524: $11 <= 00000000
@00004528: $12 <= 00000000
@0000452c: $13 <= 00000000
@00004530: $14 <= 00000000
@00004534: $15 <= 00000000
@00004538: $16 <= 00000000
@0000453c: $17 <= 2f7563eb
@00004540: $18 <= 00000000
@00004544: $19 <= 00000000
@00004548: $20 <= 00000000
@0000454c: $21 <= 00000000
@00004550: $22 <= 00000f33
@00004554: $23 <= 00000f33
@00004558: $24 <= 00000000
@0000455c: $25 <= 00000000
@00004560: $28 <= 00000004
@00004564: $30 <= 00000f33
@00004568: $31 <= 00003058
@0000456c: $26 <= 00000f00
@00004570: $27 <= 00000000
@00004574: $ 1 <= 95429318
@00004578: $29 <= 00001000
@0000457c: $29 <= 00000008
@0000309c: $30 <= 00000b3c
@0000305c: *00000008 <= 00000000
@000030a8: $31 <= 000030b0
@000030c0: $17 <= 00000000
@000030c4: $17 <= 00006234
@000030c8: $20 <= ffff0000
@000030cc: $20 <= ffff8827
@000030d0: $17 <= 36770000
@000030d4: $17 <= 3677ab28
@000030d8: $20 <= 00000001
@000030dc: $30 <= 00000ecc
@000030b0: *00000008 <= 00000001
@000030e4: $30 <= 000009c4
@000030b4: $29 <= 0000000c
@000030bc: $30 <= 00000bfc
@000030f4: $31 <= 000030fc
@0000310c: $17 <= 00000000
@00003110: $17 <= 000067b6
@00003114: $20 <= 00000000
@00003118: $20 <= 00000635
@0000311c: $20 <= ffff0000
@00003120: $20 <= ffffafc3
@00003124: $17 <= d0a60000
@00003128: $17 <= d0a6b978
@0000312c: $20 <= 00000001
@00003130: $30 <= 000022b4
@00003134: $30 <= 00000bfa
@000030fc: *0000000c <= 00000001
@0000313c: $30 <= 00000fef
@00003100: $29 <= 00000010
@00003108: $30 <= 0000043d
@0000314c: $31 <= 00003154
@00003164: $18 <= 00000000
@00003168: $18 <= 0000745d
@0000317c: $18 <= 3a850000
@00003180: $18 <= 3a8560e8
@00003184: $ 4 <= 00000000
@00003188: $ 4 <= 00000001
@00004180: $26 <= 0000318c
@00004184: $26 <= 80001000
@0000418c: *00000ffc <= 00000010
@00004188: $26 <= 00001000
@00004190: $26 <= 00000f00
@00004194: $29 <= 00000f00
@00004474: *00000f08 <= 9f17069c
@00004478: *00000f0c <= 00001001
@0000447c: *00000f10 <= 00000001
@00004480: *00000f14 <= 00000000
@00004484: *00000f18 <= 00000000
@00004488: *00000f1c <= 00000000
@0000448c: *00000f20 <= 00000000
@00004490: *00000f24 <= 00000000
@00004494: *00000f28 <= 00000000
@00004498: *00000f2c <= 00000000
@0000449c: *00000f30 <= 00000000
@000044a0: *00000f34 <= 00000000
@000044a4: *00000f38 <= 00000000
@000044a8: *00000f3c <= 00000000
@000044ac: *00000f40 <= 00000000
@000044b0: *00000f44 <= d0a6b978
@000044b4: *00000f48 <= 3a8560e8
@000044b8: *00000f4c <= 00000000
@000044bc: *00000f50 <= 00000001
@000044c0: *00000f54 <= 00000000
@000044c4: *00000f58 <= 00000f33
@000044c8: *00000f5c <= 00000f33
@000044cc: *00000f60 <= 00000000
@000044d0: *00000f64 <= 00000000
@000044d4: *00000f70 <= 00000004
@000044d8: *00000f74 <= 00000f00
@000044dc: *00000f78 <= 0000043d
@000044e0: *00000f7c <= 00003154
@000044e4: *00000f80 <= 00000f00
@000044e8: *00000f84 <= 00000000
@000044ec: *00000f88 <= 95429318
@00004220: $26 <= 80001000
@00004224: $26 <= 00000000
@00004228: $27 <= 00000000
@00004264: *00000f00 <= 00003154
@00004268: $29 <= 00000ef0
@00004270: *00000ef4 <= 80001000
@0000426c: $ 2 <= 80001000
@00004274: $ 2 <= 00001000
@00004278: $ 3 <= 00000000
@00004284: $ 3 <= 00000000
@00004290: $29 <= 00000f00
@00004294: $26 <= 0000318c
@00004298: $27 <= 0000318c
@000042a4: *00000f10 <= 00000000
@000042a8: $27 <= 000031f4
@000042b8: $27 <= 00003328
@000042c8: $ 3 <= 00001000
@000044f8: $29 <= 00001000
@000044fc: $29 <= 00000f00
@00004500: $ 2 <= 9f17069c
@00004504: $ 3 <= 00001001
@00004508: $ 4 <= 00000000
@0000450c: $ 5 <= 00000000
@00004510: $ 6 <= 00000000
@00004514: $ 7 <= 00000000
@00004518: $ 8 <= 00000000
@0000451c: $ 9 <= 00000000
@00004520: $10 <= 00000000
@00004524: $11 <= 00000000
@00004528: $12 <= 00000000
@0000452c: $13 <= 00000000
@00004530: $14 <= 00000000
@00004534: $15 <= 00000000
@00004538: $16 <= 00000000
@0000453c: $17 <= d0a6b978
@00004540: $18 <= 3a8560e8
@00004544: $19 <= 00000000
@00004548: $20 <= 00000001
@0000454c: $21 <= 00000000
@00004550: $22 <= 00000f33
@00004554: $23 <= 00000f33
@00004558: $24 <= 00000000
@0000455c: $25 <= 00000000
@00004560: $28 <= 00000004
@00004564: $30 <= 0000043d
@00004568: $31 <= 00003154
@0000456c: $26 <= 00000f00
@00004570: $27 <= 00000000
@00004574: $ 1 <= 95429318
@00004578: $29 <= 00001000
@0000457c: $29 <= 00000010
@00003188: $ 4 <= 00000001
@000031a8: $30 <= 00000f6d
@000031ac: $30 <= 00002197
@00003154: *00000010 <= 00000000
@00003158: $29 <= 00000014
@00003160: $30 <= 00001bf2
@000031b8: $31 <= 000031c0
@000031d0: $18 <= 00000000
@000031d4: $18 <= 00002553
@000031e0: $18 <= e40b0000
@000031e4: $18 <= e40b4e2c
@000031ec: $30 <= 00000000
@000031f0: $30 <= 00000001
@00004180: $26 <= 000031f4
@00004184: $26 <= 80001000
@0000418c: *00000ffc <= 00000014
@00004188: $26 <= 00001000
@00004190: $26 <= 00000f00
@00004194: $29 <= 00000f00
@00004474: *00000f08 <= 9f17069c
@00004478: *00000f0c <= 00001001
@0000447c: *00000f10 <= 00000001
@00004480: *00000f14 <= 00000000
@00004484: *00000f18 <= 00000000
@00004488: *00000f1c <= 00000000
@0000448c: *00000f20 <= 00000000
@00004490: *00000f24 <= 00000000
@00004494: *00000f28 <= 00000000
@00004498: *00000f2c <= 00000000
@0000449c: *00000f30 <= 00000000
@000044a0: *00000f34 <= 00000000
@000044a4: *00000f38 <= 00000000
@000044a8: *00000f3c <= 00000000
@000044ac: *00000f40 <= 00000000
@000044b0: *00000f44 <= d0a6b978
@000044b4: *00000f48 <= e40b4e2c
@000044b8: *00000f4c <= 00000000
@000044bc: *00000f50 <= 00000001
@000044c0: *00000f54 <= 00000000
@000044c4: *00000f58 <= 00000f33
@000044c8: *00000f5c <= 00000f33
@000044cc: *00000f60 <= 00000000
@000044d0: *00000f64 <= 00000000
@000044d4: *00000f70 <= 00000004
@000044d8: *00000f74 <= 00000f00
@000044dc: *00000f78 <= 00000001
@000044e0: *00000f7c <= 000031c0
@000044e4: *00000f80 <= 00000f00
@000044e8: *00000f84 <= 00000000
@000044ec: *00000f88 <= 95429318
@00004220: $26 <= 80001000
@00004224: $26 <= 00000000
@00004228: $27 <= 00000000
@00004264: *00000f00 <= 000031c0
@00004268: $29 <= 00000ef0
@00004270: *00000ef4 <= 80001000
@0000426c: $ 2 <= 80001000
@00004274: $ 2 <= 00001000
@00004278: $ 3 <= 00000000
@00004284: $ 3 <= 00000000
@00004290: $29 <= 00000f00
@00004294: $26 <= 000031f4
@00004298: $27 <= 0000318c
@000042a8: $27 <= 000031f4
@000042b4: *00000f78 <= 00000000
@000042b8: $27 <= 00003328
@000042c8: $ 3 <= 00001000
@000044f8: $29 <= 00001000
@000044fc: $29 <= 00000f00
@00004500: $ 2 <= 9f17069c
@00004504: $ 3 <= 00001001
@00004508: $ 4 <= 00000001
@0000450c: $ 5 <= 00000000
@00004510: $ 6 <= 00000000
@00004514: $ 7 <= 00000000
@00004518: $ 8 <= 00000000
@0000451c: $ 9 <= 00000000
@00004520: $10 <= 00000000
@00004524: $11 <= 00000000
@00004528: $12 <= 00000000
@0000452c: $13 <= 00000000
@00004530: $14 <= 00000000
@00004534: $15 <= 00000000
@00004538: $16 <= 00000000
@0000453c: $17 <= d0a6b978
@00004540: $18 <= e40b4e2c
@00004544: $19 <= 00000000
@00004548: $20 <= 00000001
@0000454c: $21 <= 00000000
@00004550: $22 <= 00000f33
@00004554: $23 <= 00000f33
@00004558: $24 <= 00000000
@0000455c: $25 <= 00000000
@00004560: $28 <= 00000004
@00004564: $30 <= 00000000
@00004568: $31 <= 000031c0
@0000456c: $26 <= 00000f00
@00004570: $27 <= 00000000
@00004574: $ 1 <= 95429318
@00004578: $29 <= 00001000
@0000457c: $29 <= 00000014
@000031f0: $30 <= 00000001
@00003210: $30 <= 000013b5
@00003214: $30 <= 0000086f
@000031c0: *00000014 <= 00000000
@000031c4: $29 <= 00000018
@000031cc: $30 <= 00001f2f
@00003220: $31 <= 00003228
@00003238: $18 <= ffff0000
@0000323c: $18 <= ffff8918
@00003250: $18 <= 0d7d0000
@00003254: $18 <= 0d7dc38c
@0000325c: $30 <= 00001bc6
@00003260: $30 <= 00000251
@00003268: $30 <= 00001e2f
@0000326c: $30 <= 00000be7
@00003228: *00000018 <= 00000000
@0000322c: $29 <= 0000001c
@00003234: $30 <= 00000449
@00003278: $31 <= 00003280
@00003290: $13 <= 8cae0000
@00003294: $13 <= 8cae013b
@00003298: $ 6 <= a8bb0000
@0000329c: $ 6 <= a8bbcd6f
@000032a0: $ 9 <= 00000000
@000032a4: $ 9 <= 00004a32
@000032a8: $ 9 <= ffff0000
@000032ac: $ 9 <= ffffb0f8
@000032b0: $ 6 <= ffff0000
@000032b4: $ 6 <= ffffb4ff
@000032b8: $ 9 <= ffffb4ff
@000032c0: $30 <= 00001a47
@000032c4: $30 <= 00001606
@00003280: *0000001c <= ffffb4ff
@00003284: $29 <= 00000020
@0000328c: $30 <= 00000b75
@000032d0: $31 <= 000032d8
@000032f0: $13 <= b5ac0000
@000032f4: $13 <= b5ac4838
@000032f8: $ 6 <= 93f10000
@000032fc: $ 6 <= 93f12c7b
@00003300: $ 9 <= 00000000
@00003304: $ 9 <= 000009f3
@00003308: $ 9 <= ffff0000
@0000330c: $ 9 <= ffffda02
@00003310: $ 6 <= 00000000
@00003314: $ 6 <= 0000eec1
@00003318: $ 9 <= 0000eec1
@0000331c: $30 <= 0000173a
@00003320: $20 <= 00000000
@00003324: $20 <= 00000001
@00004180: $26 <= 00003328
@00004184: $26 <= 80001000
@0000418c: *00000ffc <= 00000020
@00004188: $26 <= 00001000
@00004190: $26 <= 00000f00
@00004194: $29 <= 00000f00
@00004474: *00000f08 <= 9f17069c
@00004478: *00000f0c <= 00001001
@0000447c: *00000f10 <= 00000001
@00004480: *00000f14 <= 00000000
@00004484: *00000f18 <= 0000eec1
@00004488: *00000f1c <= 00000000
@0000448c: *00000f20 <= 00000000
@00004490: *00000f24 <= 0000eec1
@00004494: *00000f28 <= 00000000
@00004498: *00000f2c <= 00000000
@0000449c: *00000f30 <= 00000000
@000044a0: *00000f34 <= b5ac4838
@000044a4: *00000f38 <= 00000000
@000044a8: *00000f3c <= 00000000
@000044ac: *00000f40 <= 00000000
@000044b0: *00000f44 <= d0a6b978
@000044b4: *00000f48 <= 0d7dc38c
@000044b8: *00000f4c <= 00000000
@000044bc: *00000f50 <= 00000001
@000044c0: *00000f54 <= 00000000
@000044c4: *00000f58 <= 00000f33
@000044c8: *00000f5c <= 00000f33
@000044cc: *00000f60 <= 00000000
@000044d0: *00000f64 <= 00000000
@000044d4: *00000f70 <= 00000004
@000044d8: *00000f74 <= 00000f00
@000044dc: *00000f78 <= 0000173a
@000044e0: *00000f7c <= 000032d8
@000044e4: *00000f80 <= 00000f00
@000044e8: *00000f84 <= 00000000
@000044ec: *00000f88 <= 95429318
@00004220: $26 <= 80001000
@00004224: $26 <= 00000000
@00004228: $27 <= 00000000
@00004264: *00000f00 <= 000032d8
@00004268: $29 <= 00000ef0
@00004270: *00000ef4 <= 80001000
@0000426c: $ 2 <= 80001000
@00004274: $ 2 <= 00001000
@00004278: $ 3 <= 00000000
@00004284: $ 3 <= 00000000
@00004290: $29 <= 00000f00
@00004294: $26 <= 00003328
@00004298: $27 <= 0000318c
@000042a8: $27 <= 000031f4
@000042b8: $27 <= 00003328
@000042c4: *00000f50 <= 00000000
@000042c8: $ 3 <= 00001000
@000044f8: $29 <= 00001000
@000044fc: $29 <= 00000f00
@00004500: $ 2 <= 9f17069c
@00004504: $ 3 <= 00001001
@00004508: $ 4 <= 00000001
@0000450c: $ 5 <= 00000000
@00004510: $ 6 <= 0000eec1
@00004514: $ 7 <= 00000000
@00004518: $ 8 <= 00000000
@0000451c: $ 9 <= 0000eec1
@00004520: $10 <= 00000000
@00004524: $11 <= 00000000
@00004528: $12 <= 00000000
@0000452c: $13 <= b5ac4838
@00004530: $14 <= 00000000
@00004534: $15 <= 00000000
@00004538: $16 <= 00000000
@0000453c: $17 <= d0a6b978
@00004540: $18 <= 0d7dc38c
@00004544: $19 <= 00000000
@00004548: $20 <= 00000000
@0000454c: $21 <= 00000000
@00004550: $22 <= 00000f33
@00004554: $23 <= 00000f33
@00004558: $24 <= 00000000
@0000455c: $25 <= 00000000
@00004560: $28 <= 00000004
@00004564: $30 <= 0000173a
@00004568: $31 <= 000032d8
@0000456c: $26 <= 00000f00
@00004570: $27 <= 00000000
@00004574: $ 1 <= 95429318
@00004578: $29 <= 00001000
@0000457c: $29 <= 00000020
@00003324: $20 <= 00000001
@000032e0: *00000020 <= 0000eec1
@000032e4: $29 <= 00000024
@000032ec: $30 <= 00001425
@00003340: $31 <= 00003348
@0000335c: $13 <= 01f40000
@00003360: $13 <= 01f4e57c
@00003364: $ 6 <= c70f0000
@00003368: $ 6 <= c70faaaa
@0000336c: $ 9 <= 00000000
@00003370: $ 9 <= 00001cbc
@00003374: $ 9 <= ffff0000
@00003378: $ 9 <= ffff8fbe
@0000337c: $ 6 <= 00000000
@00003380: $ 6 <= 0000f8ef
@00003384: $ 9 <= 0000f8ef
@00003388: $30 <= 00001102
@00003390: *00000000 <= 0000f8ef
@0000338c: $30 <= 00000cd1
@00003398: $10 <= 0000f8ef
@00004180: $26 <= 0000339c
@00004184: $26 <= 00001000
@0000418c: *00000ffc <= 00000024
@00004188: $26 <= 00001000
@00004190: $26 <= 00000f00
@00004194: $29 <= 00000f00
@00004474: *00000f08 <= 9f17069c
@00004478: *00000f0c <= 00001001
@0000447c: *00000f10 <= 00000001
@00004480: *00000f14 <= 00000000
@00004484: *00000f18 <= 0000f8ef
@00004488: *00000f1c <= 00000000
@0000448c: *00000f20 <= 00000000
@00004490: *00000f24 <= 0000f8ef
@00004494: *00000f28 <= 0000f8ef
@00004498: *00000f2c <= 00000000
@0000449c: *00000f30 <= 00000000
@000044a0: *00000f34 <= 01f4e57c
@000044a4: *00000f38 <= 00000000
@000044a8: *00000f3c <= 00000000
@000044ac: *00000f40 <= 00000000
@000044b0: *00000f44 <= d0a6b978
@000044b4: *00000f48 <= 0d7dc38c
@000044b8: *00000f4c <= 00000000
@000044bc: *00000f50 <= 00000001
@000044c0: *00000f54 <= 00000000
@000044c4: *00000f58 <= 00000f33
@000044c8: *00000f5c <= 00000f33
@000044cc: *00000f60 <= 00000000
@000044d0: *00000f64 <= 00000000
@000044d4: *00000f70 <= 00000004
@000044d8: *00000f74 <= 00000f00
@000044dc: *00000f78 <= 00000cd1
@000044e0: *00000f7c <= 00003348
@000044e4: *00000f80 <= 00000f00
@000044e8: *00000f84 <= 00000000
@000044ec: *00000f88 <= 95429318
@00004220: $26 <= 00001000
@00004224: $26 <= 00000000
@00004228: $27 <= 00000000
@00004264: *00000f00 <= 00003348
@00004268: $29 <= 00000ef0
@00004270: *00000ef4 <= 00001000
@0000426c: $ 2 <= 00001000
@00004274: $ 2 <= 00001000
@00004278: $ 3 <= 00000000
@00004284: $ 3 <= 00000000
@00004290: $29 <= 00000f00
@00004294: $26 <= 0000339c
@00004298: $27 <= 0000318c
@000042a8: $27 <= 000031f4
@000042b8: $27 <= 00003328
@000042c8: $ 3 <= 00001000
@000044f8: $29 <= 00001000
@000044fc: $29 <= 00000f00
@00004500: $ 2 <= 9f17069c
@00004504: $ 3 <= 00001001
@00004508: $ 4 <= 00000001
@0000450c: $ 5 <= 00000000
@00004510: $ 6 <= 0000f8ef
@00004514: $ 7 <= 00000000
@00004518: $ 8 <= 00000000
@0000451c: $ 9 <= 0000f8ef
@00004520: $10 <= 0000f8ef
@00004524: $11 <= 00000000
@00004528: $12 <= 00000000
@0000452c: $13 <= 01f4e57c
@00004530: $14 <= 00000000
@00004534: $15 <= 00000000
@00004538: $16 <= 00000000
@0000453c: $17 <= d0a6b978
@00004540: $18 <= 0d7dc38c
@00004544: $19 <= 00000000
@00004548: $20 <= 00000001
@0000454c: $21 <= 00000000
@00004550: $22 <= 00000f33
@00004554: $23 <= 00000f33
@00004558: $24 <= 00000000
@0000455c: $25 <= 00000000
@00004560: $28 <= 00000004
@00004564: $30 <= 00000cd1
@00004568: $31 <= 00003348
@0000456c: $26 <= 00000f00
@00004570: $27 <= 00000000
@00004574: $ 1 <= 95429318
@00004578: $29 <= 00001000
@0000457c: $29 <= 00000024
@0000339c: $30 <= 00000ede
@000033a0: $30 <= 00001975
@0000334c: *00000024 <= 0000f8ef
@00003350: $29 <= 00000028
@00003358: $30 <= 000018a1
@000033ac: $31 <= 000033b4
@000033c4: $ 1 <= 6b3d0000
@000033c8: $ 1 <= 6b3da43f
@000033cc: $17 <= adcb0000
@000033d0: $17 <= adcbd569
@000033e4: $17 <= ffff0000
@000033e8: $17 <= ffffba53
@000033b4: *00000028 <= 00000000
@000033f4: $30 <= 0000249d
@000033b8: $29 <= 0000002c
@000033c0: $30 <= 000014af
@00003404: $31 <= 0000340c
@0000341c: $ 1 <= b12a0000
@00003420: $ 1 <= b12ac10b
@00003424: $17 <= 28d90000
@00003428: $17 <= 28d9eacf
@0000343c: $17 <= ffff0000
@00003440: $17 <= ffffae4a
@00003448: $30 <= 000026aa
@0000340c: *0000002c <= 00000000
@00003450: $30 <= 0000168e
@00003410: $29 <= 00000030
@00003418: $30 <= 00001535
@00003460: $31 <= 00003468
@00003478: $ 1 <= a62c0000
@0000347c: $ 1 <= a62c9ed9
@00003480: $17 <= 39630000
@00003484: $17 <= 3963c7fa
@00003498: $17 <= ffff0000
@0000349c: $17 <= ffffb612
@000034a4: $30 <= 00002541
@000034a8: $30 <= 00001ace
@00003468: *00000030 <= 00000000
@000034b0: $30 <= 00000e9f
@0000346c: $29 <= 00000034
@00003474: $30 <= 0000163f
@000034c0: $31 <= 000034c8
@000034d8: $17 <= 00000000
@000034dc: $17 <= 00006b46
@000034e0: $22 <= 00000000
@000034e4: $22 <= 000048f1
@000034e8: $ 5 <= 0000b437
@000034ec: $ 5 <= 000034c8
@000034c8: *00000034 <= 000034c8
@000034f4: $30 <= 0000248c
@000034cc: $29 <= 00000038
@000034d4: $30 <= 000015fb
@00003504: $31 <= 0000350c
@00003520: $17 <= ffff0000
@00003524: $17 <= ffff8b35
@00003528: $22 <= 00000000
@0000352c: $22 <= 00000632
@00003530: $ 5 <= ffff9167
@00003534: $ 5 <= 0000350c
@00003538: $30 <= 00000f6d
@00003540: *00000000 <= 0000355c
@0000353c: $ 3 <= 0000355c
@00003548: $ 4 <= 0000355c
@00004180: $26 <= 0000350c
@00004184: $26 <= 00001000
@0000418c: *00000ffc <= 00000038
@00004188: $26 <= 00001000
@00004190: $26 <= 00000f00
@00004194: $29 <= 00000f00
@00004474: *00000f08 <= 9f17069c
@00004478: *00000f0c <= 0000355c
@0000447c: *00000f10 <= 0000355c
@00004480: *00000f14 <= 0000350c
@00004484: *00000f18 <= 0000f8ef
@00004488: *00000f1c <= 00000000
@0000448c: *00000f20 <= 00000000
@00004490: *00000f24 <= 0000f8ef
@00004494: *00000f28 <= 0000f8ef
@00004498: *00000f2c <= 00000000
@0000449c: *00000f30 <= 00000000
@000044a0: *00000f34 <= 01f4e57c
@000044a4: *00000f38 <= 00000000
@000044a8: *00000f3c <= 00000000
@000044ac: *00000f40 <= 00000000
@000044b0: *00000f44 <= ffff8b35
@000044b4: *00000f48 <= 0d7dc38c
@000044b8: *00000f4c <= 00000000
@000044bc: *00000f50 <= 00000001
@000044c0: *00000f54 <= 00000000
@000044c4: *00000f58 <= 00000632
@000044c8: *00000f5c <= 00000f33
@000044cc: *00000f60 <= 00000000
@000044d0: *00000f64 <= 00000000
@000044d4: *00000f70 <= 00000004
@000044d8: *00000f74 <= 00000f00
@000044dc: *00000f78 <= 00000f6d
@000044e0: *00000f7c <= 0000350c
@000044e4: *00000f80 <= 00000f00
@000044e8: *00000f84 <= 00000000
@000044ec: *00000f88 <= a62c9ed9
@00004220: $26 <= 00001000
@00004224: $26 <= 00000000
@00004228: $27 <= 00000000
@00004264: *00000f00 <= 0000350c
@00004268: $29 <= 00000ef0
@00004270: *00000ef4 <= 00001000
@0000426c: $ 2 <= 00001000
@00004274: $ 2 <= 00001000
@00004278: $ 3 <= 00000000
@00004284: $ 3 <= 00000000
@00004290: $29 <= 00000f00
@00004294: $26 <= 0000350c
@00004298: $27 <= 0000318c
@000042a8: $27 <= 000031f4
@000042b8: $27 <= 00003328
@000042c8: $ 3 <= 00001000
@000044f8: $29 <= 00001000
@000044fc: $29 <= 00000f00
@00004500: $ 2 <= 9f17069c
@00004504: $ 3 <= 0000355c
@00004508: $ 4 <= 0000355c
@0000450c: $ 5 <= 0000350c
@00004510: $ 6 <= 0000f8ef
@00004514: $ 7 <= 00000000
@00004518: $ 8 <= 00000000
@0000451c: $ 9 <= 0000f8ef
@00004520: $10 <= 0000f8ef
@00004524: $11 <= 00000000
@00004528: $12 <= 00000000
@0000452c: $13 <= 01f4e57c
@00004530: $14 <= 00000000
@00004534: $15 <= 00000000
@00004538: $16 <= 00000000
@0000453c: $17 <= ffff8b35
@00004540: $18 <= 0d7dc38c
@00004544: $19 <= 00000000
@00004548: $20 <= 00000001
@0000454c: $21 <= 00000000
@00004550: $22 <= 00000632
@00004554: $23 <= 00000f33
@00004558: $24 <= 00000000
@0000455c: $25 <= 00000000
@00004560: $28 <= 00000004
@00004564: $30 <= 00000f6d
@00004568: $31 <= 0000350c
@0000456c: $26 <= 00000f00
@00004570: $27 <= 00000000
@00004574: $ 1 <= a62c9ed9
@00004578: $29 <= 00001000
@0000457c: $29 <= 00000038
@00003510: $ 5 <= 00003544
@0000355c: $31 <= 00003564
@00003574: $17 <= ffff0000
@00003578: $17 <= ffffbdac
@0000357c: $22 <= ffff0000
@00003580: $22 <= ffffd8a1
@00003584: $ 5 <= ffff964d
@00003588: $ 5 <= 00003564
@0000358c: $30 <= 000003e8
@00003590: $30 <= 0000164d
@00003564: *00000038 <= 00003564
@00003598: $30 <= 00000163
@00003568: $29 <= 0000003c
@00003570: $30 <= 00000203
@000035a8: $31 <= 000035b0
@000035c0: $13 <= ffff0000
@000035c4: $13 <= ffffb027
@000035c8: $12 <= ffff0000
@000035cc: $12 <= ffffc72b
@000035d0: $13 <= 00000000
@000035b0: *0000003c <= 00000000
@000035d8: $30 <= 00000bc8
@000035b4: $29 <= 00000040
@000035bc: $30 <= 00002544
@000035e8: $31 <= 000035f0
@00003600: $13 <= ffff0000
@00003604: $13 <= ffffe84d
@00003608: $12 <= ffff0000
@0000360c: $12 <= ffffc1fc
@00003610: $13 <= 00000000
@00003614: $30 <= 000004d3
@000035f0: *00000040 <= 00000000
@0000361c: $30 <= 0000071b
@000035f4: $29 <= 00000044
@000035fc: $30 <= 00001555
@0000362c: $31 <= 00003634
@00003644: $13 <= 00000000
@00003648: $13 <= 00003c9b
@0000364c: $12 <= 00000000
@00003650: $12 <= 0000100c
@00003654: $13 <= 00000000
@00003658: $30 <= 000009da
@0000365c: $30 <= 000015d3
@00003634: *00000044 <= 00000000
@00003664: $30 <= 00000b25
@00003638: $29 <= 00000048
@00003640: $30 <= 000023fc
@00003674: $31 <= 0000367c
@00003694: $ 1 <= 00000000
@00003698: $ 1 <= 00002aea
@0000367c: *00000048 <= 00000000
@000036a4: $30 <= 0000109e
@00003680: $29 <= 0000004c
@00003688: $30 <= 00000780
@000036b4: $31 <= 000036bc
@000036d4: $ 1 <= 00000000
@000036d8: $ 1 <= 00007acf
@000036e0: $30 <= 00000f09
@000036bc: *0000004c <= 00000000
@000036e8: $30 <= 000016b0
@000036c0: $29 <= 00000050
@000036c8: $30 <= 00001cef
@000036f8: $31 <= 00003700
@00003718: $ 1 <= ffff0000
@0000371c: $ 1 <= ffff92ca
@00003724: $30 <= 000014b5
@00003728: $30 <= 00001f44
@00003700: *00000050 <= 00000000
@00003730: $30 <= 00002430
@00003704: $29 <= 00000054
@0000370c: $30 <= 000020d1
@00003740: $31 <= 00003748
@0000375c: $15 <= 00000000
@00003760: $15 <= 00003b3a
@00003764: $ 7 <= ffff0000
@00003768: $ 7 <= ffffdfed
@0000376c: $15 <= ffffdfed
@00003774: $31 <= 0000377c
@0000374c: *00000054 <= ffffdfed
@00004180: $26 <= 00003750
@00004184: $26 <= 00001000
@0000418c: *00000ffc <= 00000054
@00004188: $26 <= 00001000
@00004190: $26 <= 00000f00
@00004194: $29 <= 00000f00
@00004474: *00000f08 <= 9f17069c
@00004478: *00000f0c <= 0000355c
@0000447c: *00000f10 <= 0000355c
@00004480: *00000f14 <= 00003564
@00004484: *00000f18 <= 0000f8ef
@00004488: *00000f1c <= ffffdfed
@0000448c: *00000f20 <= 00000000
@00004490: *00000f24 <= 0000f8ef
@00004494: *00000f28 <= 0000f8ef
@00004498: *00000f2c <= 00000000
@0000449c: *00000f30 <= 0000100c
@000044a0: *00000f34 <= 00000000
@000044a4: *00000f38 <= 00000000
@000044a8: *00000f3c <= ffffdfed
@000044ac: *00000f40 <= 00000000
@000044b0: *00000f44 <= ffffbdac
@000044b4: *00000f48 <= 0d7dc38c
@000044b8: *00000f4c <= 00000000
@000044bc: *00000f50 <= 00000001
@000044c0: *00000f54 <= 00000000
@000044c4: *00000f58 <= ffffd8a1
@000044c8: *00000f5c <= 00000f33
@000044cc: *00000f60 <= 00000000
@000044d0: *00000f64 <= 00000000
@000044d4: *00000f70 <= 00000004
@000044d8: *00000f74 <= 00000f00
@000044dc: *00000f78 <= 000020d1
@000044e0: *00000f7c <= 0000377c
@000044e4: *00000f80 <= 00000f00
@000044e8: *00000f84 <= 00000000
@000044ec: *00000f88 <= ffff92ca
@00004220: $26 <= 00001000
@00004224: $26 <= 00000000
@00004228: $27 <= 00000000
@00004264: *00000f00 <= 0000377c
@00004268: $29 <= 00000ef0
@00004270: *00000ef4 <= 00001000
@0000426c: $ 2 <= 00001000
@00004274: $ 2 <= 00001000
@00004278: $ 3 <= 00000000
@00004284: $ 3 <= 00000000
@00004290: $29 <= 00000f00
@00004294: $26 <= 00003750
@00004298: $27 <= 0000318c
@000042a8: $27 <= 000031f4
@000042b8: $27 <= 00003328
@000042c8: $ 3 <= 00001000
@000044f8: $29 <= 00001000
@000044fc: $29 <= 00000f00
@00004500: $ 2 <= 9f17069c
@00004504: $ 3 <= 0000355c
@00004508: $ 4 <= 0000355c
@0000450c: $ 5 <= 00003564
@00004510: $ 6 <= 0000f8ef
@00004514: $ 7 <= ffffdfed
@00004518: $ 8 <= 00000000
@0000451c: $ 9 <= 0000f8ef
@00004520: $10 <= 0000f8ef
@00004524: $11 <= 00000000
@00004528: $12 <= 0000100c
@0000452c: $13 <= 00000000
@00004530: $14 <= 00000000
@00004534: $15 <= ffffdfed
@00004538: $16 <= 00000000
@0000453c: $17 <= ffffbdac
@00004540: $18 <= 0d7dc38c
@00004544: $19 <= 00000000
@00004548: $20 <= 00000001
@0000454c: $21 <= 00000000
@00004550: $22 <= ffffd8a1
@00004554: $23 <= 00000f33
@00004558: $24 <= 00000000
@0000455c: $25 <= 00000000
@00004560: $28 <= 00000004
@00004564: $30 <= 000020d1
@00004568: $31 <= 0000377c
@0000456c: $26 <= 00000f00
@00004570: $27 <= 00000000
@00004574: $ 1 <= ffff92ca
@00004578: $29 <= 00001000
@0000457c: $29 <= 00000054
@00003750: $29 <= 00000058
@00003758: $30 <= 00000c2a
@0000378c: $31 <= 00003794
@000037a4: $15 <= ffff0000
@000037a8: $15 <= ffffb676
@000037ac: $ 7 <= 00000000
@000037b0: $ 7 <= 000011ec
@000037b4: $15 <= 000011ec
@000037b8: $30 <= 0000214b
@00003794: *00000058 <= 000011ec
@000037c0: $30 <= 00001362
@00003798: $29 <= 0000005c
@000037a0: $30 <= 00001002
@000037d0: $31 <= 000037d8
@000037ec: $15 <= 00000000
@000037f0: $15 <= 00002136
@000037f4: $ 7 <= ffff0000
@000037f8: $ 7 <= ffffbff4
@000037fc: $15 <= 00002136
@00003800: $30 <= 000004db
@00003804: $30 <= 0000093d
@000037dc: *0000005c <= 00002136
@000037e0: $29 <= 00000060
@000037e8: $30 <= 00001a7f
@00003824: $31 <= 0000382c
@00004180: $26 <= 00003844
@00004184: $26 <= 00001000
@0000418c: *00000ffc <= 00000060
@00004188: $26 <= 00001000
@00004190: $26 <= 00000f00
@00004194: $29 <= 00000f00
@00004474: *00000f08 <= 9f17069c
@00004478: *00000f0c <= 0000355c
@0000447c: *00000f10 <= 0000355c
@00004480: *00000f14 <= 00003564
@00004484: *00000f18 <= 0000f8ef
@00004488: *00000f1c <= ffffbff4
@0000448c: *00000f20 <= 00000000
@00004490: *00000f24 <= 0000f8ef
@00004494: *00000f28 <= 0000f8ef
@00004498: *00000f2c <= 00000000
@0000449c: *00000f30 <= 0000100c
@000044a0: *00000f34 <= 00000000
@000044a4: *00000f38 <= 00000000
@000044a8: *00000f3c <= 00002136
@000044ac: *00000f40 <= 00000000
@000044b0: *00000f44 <= ffffbdac
@000044b4: *00000f48 <= 0d7dc38c
@000044b8: *00000f4c <= 00000000
@000044bc: *00000f50 <= 00000001
@000044c0: *00000f54 <= 00000000
@000044c4: *00000f58 <= ffffd8a1
@000044c8: *00000f5c <= 00000f33
@000044cc: *00000f60 <= 00000000
@000044d0: *00000f64 <= 00000000
@000044d4: *00000f70 <= 00000004
@000044d8: *00000f74 <= 00000f00
@000044dc: *00000f78 <= 00001a7f
@000044e0: *00000f7c <= 0000382c
@000044e4: *00000f80 <= 00000f00
@000044e8: *00000f84 <= 00000000
@000044ec: *00000f88 <= ffff92ca
@00004220: $26 <= 00001000
@00004224: $26 <= 00000000
@00004228: $27 <= 00000000
@00004264: *00000f00 <= 0000382c
@00004268: $29 <= 00000ef0
@00004270: *00000ef4 <= 00001000
@0000426c: $ 2 <= 00001000
@00004274: $ 2 <= 00001000
@00004278: $ 3 <= 00000000
@00004284: $ 3 <= 00000000
@00004290: $29 <= 00000f00
@00004294: $26 <= 00003844
@00004298: $27 <= 0000318c
@000042a8: $27 <= 000031f4
@000042b8: $27 <= 00003328
@000042c8: $ 3 <= 00001000
@000044f8: $29 <= 00001000
@000044fc: $29 <= 00000f00
@00004500: $ 2 <= 9f17069c
@00004504: $ 3 <= 0000355c
@00004508: $ 4 <= 0000355c
@0000450c: $ 5 <= 00003564
@00004510: $ 6 <= 0000f8ef
@00004514: $ 7 <= ffffbff4
@00004518: $ 8 <= 00000000
@0000451c: $ 9 <= 0000f8ef
@00004520: $10 <= 0000f8ef
@00004524: $11 <= 00000000
@00004528: $12 <= 0000100c
@0000452c: $13 <= 00000000
@00004530: $14 <= 00000000
@00004534: $15 <= 00002136
@00004538: $16 <= 00000000
@0000453c: $17 <= ffffbdac
@00004540: $18 <= 0d7dc38c
@00004544: $19 <= 00000000
@00004548: $20 <= 00000001
@0000454c: $21 <= 00000000
@00004550: $22 <= ffffd8a1
@00004554: $23 <= 00000f33
@00004558: $24 <= 00000000
@0000455c: $25 <= 00000000
@00004560: $28 <= 00000004
@00004564: $30 <= 00001a7f
@00004568: $31 <= 0000382c
@0000456c: $26 <= 00000f00
@00004570: $27 <= 00000000
@00004574: $ 1 <= ffff92ca
@00004578: $29 <= 00001000
@0000457c: $29 <= 00000060
@00003844: $12 <= 00000000
@00003848: $12 <= 000016c6
@00003854: $30 <= 00001a34
@00003858: $30 <= 000010d2
@0000382c: *00000060 <= 00000000
@00003830: $29 <= 00000064
@00003838: $30 <= 000003c3
@00003864: $31 <= 0000386c
@00003884: $12 <= 00000000
@00003888: $12 <= 00004cbe
@00003890: $30 <= 00000b3e
@00003898: $30 <= 00000159
@0000389c: $30 <= 00001860
@0000386c: *00000064 <= 00000000
@00003870: $29 <= 00000068
@00003878: $30 <= 00002657
@000038a8: $31 <= 000038b0
@000038c8: $12 <= ffff0000
@000038cc: $12 <= ffffd05a
@000038d4: $30 <= 00001c3c
@000038d8: $30 <= 00000762
@000038e0: $30 <= 000003fd
@000038e4: $30 <= 00000c0d
@000038b0: *00000068 <= 00000000
@000038b4: $29 <= 0000006c
@000038bc: $30 <= 0000252d
@000038f0: $31 <= 000038f8
@00003908: $21 <= 00000000
@0000390c: $21 <= 00003f5d
@00003910: $11 <= 00000000
@00003914: $11 <= 000019ab
@00003918: $21 <= 00000000
@00003920: $30 <= 00001cc6
@00003924: $30 <= 0000092f
@000038f8: *0000006c <= 00000000
@000038fc: $29 <= 00000070
@00003904: $30 <= 000014eb
@00003930: $31 <= 00003938
@00003948: $21 <= 00000000
@0000394c: $21 <= 00003b3a
@00003950: $11 <= 00000000
@00003954: $11 <= 00003fe4
@00003958: $21 <= 00000000
@0000395c: $30 <= 00002382
@00003964: $30 <= 000021d4
@00003968: $30 <= 00001b6b
@00003938: *00000070 <= 00000000
@0000393c: $29 <= 00000074
@00003944: $30 <= 000000e8
@00003974: $31 <= 0000397c
@00003990: $21 <= 00000000
@00003994: $21 <= 00000f6f
@00003998: $11 <= 00000000
@0000399c: $11 <= 00006b44
@000039a0: $21 <= 00000000
@000039a4: $30 <= 000019b5
@000039a8: $30 <= 00000e14
@000039b0: $31 <= 000039b8
@00004180: $26 <= 0000397c
@00004184: $26 <= 00001000
@0000418c: *00000ffc <= 00000074
@00004188: $26 <= 00001000
@00004190: $26 <= 00000f00
@00004194: $29 <= 00000f00
@00004474: *00000f08 <= 9f17069c
@00004478: *00000f0c <= 0000355c
@0000447c: *00000f10 <= 0000355c
@00004480: *00000f14 <= 00003564
@00004484: *00000f18 <= 0000f8ef
@00004488: *00000f1c <= ffffbff4
@0000448c: *00000f20 <= 00000000
@00004490: *00000f24 <= 0000f8ef
@00004494: *00000f28 <= 0000f8ef
@00004498: *00000f2c <= 00006b44
@0000449c: *00000f30 <= ffffd05a
@000044a0: *00000f34 <= 00000000
@000044a4: *00000f38 <= 00000000
@000044a8: *00000f3c <= 00002136
@000044ac: *00000f40 <= 00000000
@000044b0: *00000f44 <= ffffbdac
@000044b4: *00000f48 <= 0d7dc38c
@000044b8: *00000f4c <= 00000000
@000044bc: *00000f50 <= 00000001
@000044c0: *00000f54 <= 00000000
@000044c4: *00000f58 <= ffffd8a1
@000044c8: *00000f5c <= 00000f33
@000044cc: *00000f60 <= 00000000
@000044d0: *00000f64 <= 00000000
@000044d4: *00000f70 <= 00000004
@000044d8: *00000f74 <= 00000f00
@000044dc: *00000f78 <= 00000e14
@000044e0: *00000f7c <= 000039b8
@000044e4: *00000f80 <= 00000f00
@000044e8: *00000f84 <= 00000000
@000044ec: *00000f88 <= ffff92ca
@00004220: $26 <= 00001000
@00004224: $26 <= 00000000
@00004228: $27 <= 00000000
@00004264: *00000f00 <= 000039b8
@00004268: $29 <= 00000ef0
@00004270: *00000ef4 <= 00001000
@0000426c: $ 2 <= 00001000
@00004274: $ 2 <= 00001000
@00004278: $ 3 <= 00000000
@00004284: $ 3 <= 00000000
@00004290: $29 <= 00000f00
@00004294: $26 <= 0000397c
@00004298: $27 <= 0000318c
@000042a8: $27 <= 000031f4
@000042b8: $27 <= 00003328
@000042c8: $ 3 <= 00001000
@000044f8: $29 <= 00001000
@000044fc: $29 <= 00000f00
@00004500: $ 2 <= 9f17069c
@00004504: $ 3 <= 0000355c
@00004508: $ 4 <= 0000355c
@0000450c: $ 5 <= 00003564
@00004510: $ 6 <= 0000f8ef
@00004514: $ 7 <= ffffbff4
@00004518: $ 8 <= 00000000
@0000451c: $ 9 <= 0000f8ef
@00004520: $10 <= 0000f8ef
@00004524: $11 <= 00006b44
@00004528: $12 <= ffffd05a
@0000452c: $13 <= 00000000
@00004530: $14 <= 00000000
@00004534: $15 <= 00002136
@00004538: $16 <= 00000000
@0000453c: $17 <= ffffbdac
@00004540: $18 <= 0d7dc38c
@00004544: $19 <= 00000000
@00004548: $20 <= 00000001
@0000454c: $21 <= 00000000
@00004550: $22 <= ffffd8a1
@00004554: $23 <= 00000f33
@00004558: $24 <= 00000000
@0000455c: $25 <= 00000000
@00004560: $28 <= 00000004
@00004564: $30 <= 00000e14
@00004568: $31 <= 000039b8
@0000456c: $26 <= 00000f00
@00004570: $27 <= 00000000
@00004574: $ 1 <= ffff92ca
@00004578: $29 <= 00001000
@0000457c: $29 <= 00000074
@00003980: *00000074 <= 00000000
@00003984: $29 <= 00000078
@0000398c: $30 <= 00001d27
@000039c8: $31 <= 000039d0
@000039e8: $ 1 <= ffff0000
@000039ec: $ 1 <= fffff4da
@000039f8: $30 <= 0000148e
@000039fc: $30 <= 000004a5
@000039d0: *00000078 <= 00000000
@000039d4: $29 <= 0000007c
@000039dc: $30 <= 00001e28
@00003a08: $31 <= 00003a10
@00003a2c: $ 1 <= ffff0000
@00003a30: $ 1 <= ffffe0fe
@00003a38: $30 <= 0000219a
@00003a14: *0000007c <= 00000000
@00004180: $26 <= 00003a18
@00004184: $26 <= 00001000
@0000418c: *00000ffc <= 0000007c
@00004188: $26 <= 00001000
@00004190: $26 <= 00000f00
@00004194: $29 <= 00000f00
@00004474: *00000f08 <= 9f17069c
@00004478: *00000f0c <= 0000355c
@0000447c: *00000f10 <= 0000355c
@00004480: *00000f14 <= 00003564
@00004484: *00000f18 <= 0000f8ef
@00004488: *00000f1c <= ffffbff4
@0000448c: *00000f20 <= 00000000
@00004490: *00000f24 <= 0000f8ef
@00004494: *00000f28 <= 0000f8ef
@00004498: *00000f2c <= 00006b44
@0000449c: *00000f30 <= ffffd05a
@000044a0: *00000f34 <= 00000000
@000044a4: *00000f38 <= 00000000
@000044a8: *00000f3c <= 00002136
@000044ac: *00000f40 <= 00000000
@000044b0: *00000f44 <= ffffbdac
@000044b4: *00000f48 <= 0d7dc38c
@000044b8: *00000f4c <= 00000000
@000044bc: *00000f50 <= 00000001
@000044c0: *00000f54 <= 00000000
@000044c4: *00000f58 <= ffffd8a1
@000044c8: *00000f5c <= 00000f33
@000044cc: *00000f60 <= 00000000
@000044d0: *00000f64 <= 00000000
@000044d4: *00000f70 <= 00000004
@000044d8: *00000f74 <= 00000f00
@000044dc: *00000f78 <= 0000219a
@000044e0: *00000f7c <= 00003a10
@000044e4: *00000f80 <= 00000f00
@000044e8: *00000f84 <= 00000000
@000044ec: *00000f88 <= ffffe0fe
@00004220: $26 <= 00001000
@00004224: $26 <= 00000000
@00004228: $27 <= 00000000
@00004264: *00000f00 <= 00003a10
@00004268: $29 <= 00000ef0
@00004270: *00000ef4 <= 00001000
@0000426c: $ 2 <= 00001000
@00004274: $ 2 <= 00001000
@00004278: $ 3 <= 00000000
@00004284: $ 3 <= 00000000
@00004290: $29 <= 00000f00
@00004294: $26 <= 00003a18
@00004298: $27 <= 0000318c
@000042a8: $27 <= 000031f4
@000042b8: $27 <= 00003328
@000042c8: $ 3 <= 00001000
@000044f8: $29 <= 00001000
@000044fc: $29 <= 00000f00
@00004500: $ 2 <= 9f17069c
@00004504: $ 3 <= 0000355c
@00004508: $ 4 <= 0000355c
@0000450c: $ 5 <= 00003564
@00004510: $ 6 <= 0000f8ef
@00004514: $ 7 <= ffffbff4
@00004518: $ 8 <= 00000000
@0000451c: $ 9 <= 0000f8ef
@00004520: $10 <= 0000f8ef
@00004524: $11 <= 00006b44
@00004528: $12 <= ffffd05a
@0000452c: $13 <= 00000000
@00004530: $14 <= 00000000
@00004534: $15 <= 00002136
@00004538: $16 <= 00000000
@0000453c: $17 <= ffffbdac
@00004540: $18 <= 0d7dc38c
@00004544: $19 <= 00000000
@00004548: $20 <= 00000001
@0000454c: $21 <= 00000000
@00004550: $22 <= ffffd8a1
@00004554: $23 <= 00000f33
@00004558: $24 <= 00000000
@0000455c: $25 <= 00000000
@00004560: $28 <= 00000004
@00004564: $30 <= 0000219a
@00004568: $31 <= 00003a10
@0000456c: $26 <= 00000f00
@00004570: $27 <= 00000000
@00004574: $ 1 <= ffffe0fe
@00004578: $29 <= 00001000
@0000457c: $29 <= 0000007c
@00003a18: $29 <= 00000080
@00003a20: $30 <= 00000156
@00003a58: $31 <= 00003a60
@00003a78: $ 1 <= ffff0000
@00003a7c: $ 1 <= ffff8508
@00003a84: $30 <= 000006d7
@00003a88: $30 <= 000022a8
@00003a90: $30 <= 00001ca8
@00003a94: $30 <= 00002707
@00003a60: *00000080 <= 00000000
@00003a64: $29 <= 00000084
@00003a6c: $30 <= 00001e58
ISim P.20131013 (signature 0x7708f090)
WARNING: A WEBPACK license was found.
WARNING: Please use Xilinx License Configuration Manager to check out a full ISim license.
WARNING: ISim will run in Lite mode. Please refer to the ISim documentation for more information on the differences between the Lite and the Full version.
This is a Lite version of ISim.
# run 1000 ns
Simulator is doing circuit initialization process.
#delay@0000318c
#delay@000031f4
#delay@00003328
#delay@00003774
#delay@000039b0
#interrupt@10
#end@
Finished circuit initialization process.
@00003000: $ 3 <= 00001001
@00003008: $27 <= 00000000
@0000300c: $28 <= 00000000
@00003010: $30 <= 00000000
@00003014: $31 <= 00000000
@00003018: $28 <= 00000004
@0000301c: $29 <= 00000008
@00003020: $ 1 <= 58510000
@00003028: *00000000 <= 5851e65a
@00003024: $ 1 <= 5851e65a
@0000302c: *00000004 <= 5851e65a
@00003030: $ 1 <= 95420000
@00003034: $ 1 <= 95429318
@00003038: $ 2 <= 9f170000
@0000303c: $ 2 <= 9f17069c
@00003050: $31 <= 00003058
@0000306c: $17 <= 00000000
@00003070: $17 <= 00006962
@00003074: $20 <= ffff0000
@00003078: $20 <= ffffe892
@0000307c: $17 <= 2f750000
@00003080: $17 <= 2f7563eb
@00003084: $22 <= 00000f33
@0000308c: *00000000 <= 00000f33
@00003088: $30 <= 00000f33
@00003090: $20 <= 00000000
@00003098: $23 <= 00000f33
@00004180: $26 <= 0000309c
@00004184: $26 <= 00001000
@0000418c: *00000ffc <= 00000008
@00004188: $26 <= 00001000
@00004190: $26 <= 00000f00
@00004194: $29 <= 00000f00
@00004474: *00000f08 <= 9f17069c
@00004478: *00000f0c <= 00001001
@0000447c: *00000f10 <= 00000000
@00004480: *00000f14 <= 00000000
@00004484: *00000f18 <= 00000000
@00004488: *00000f1c <= 00000000
@0000448c: *00000f20 <= 00000000
@00004490: *00000f24 <= 00000000
@00004494: *00000f28 <= 00000000
@00004498: *00000f2c <= 00000000
@0000449c: *00000f30 <= 00000000
@000044a0: *00000f34 <= 00000000
@000044a4: *00000f38 <= 00000000
@000044a8: *00000f3c <= 00000000
@000044ac: *00000f40 <= 00000000
@000044b0: *00000f44 <= 2f7563eb
@000044b4: *00000f48 <= 00000000
@000044b8: *00000f4c <= 00000000
@000044bc: *00000f50 <= 00000000
@000044c0: *00000f54 <= 00000000
@000044c4: *00000f58 <= 00000f33
@000044c8: *00000f5c <= 00000f33
@000044cc: *00000f60 <= 00000000
@000044d0: *00000f64 <= 00000000
@000044d4: *00000f70 <= 00000004
@000044d8: *00000f74 <= 00000f00
@000044dc: *00000f78 <= 00000f33
@000044e0: *00000f7c <= 00003058
@000044e4: *00000f80 <= 00000f00
@000044e8: *00000f84 <= 00000000
@000044ec: *00000f88 <= 95429318
@00004220: $26 <= 00001000
@00004224: $26 <= 00000000
@00004228: $27 <= 00000000
@00004264: *00000f00 <= 00003058
@00004268: $29 <= 00000ef0
@00004270: *00000ef4 <= 00001000
@0000426c: $ 2 <= 00001000
@00004274: $ 2 <= 00001000
@00004278: $ 3 <= 00000000
@00004284: $ 3 <= 00000000
@00004290: $29 <= 00000f00
@00004294: $26 <= 0000309c
@00004298: $27 <= 0000318c
@000042a8: $27 <= 000031f4
@000042b8: $27 <= 00003328
@000042c8: $ 3 <= 00001000
@000044f8: $29 <= 00001000
@000044fc: $29 <= 00000f00
@00004500: $ 2 <= 9f17069c
@00004504: $ 3 <= 00001001
@00004508: $ 4 <= 00000000
@0000450c: $ 5 <= 00000000
@00004510: $ 6 <= 00000000
@00004514: $ 7 <= 00000000
@00004518: $ 8 <= 00000000
@0000451c: $ 9 <= 00000000
@00004520: $10 <= 00000000
@00004524: $11 <= 00000000
@00004528: $12 <= 00000000
@0000452c: $13 <= 00000000
@00004530: $14 <= 00000000
@00004534: $15 <= 00000000
@00004538: $16 <= 00000000
@0000453c: $17 <= 2f7563eb
@00004540: $18 <= 00000000
@00004544: $19 <= 00000000
@00004548: $20 <= 00000000
@0000454c: $21 <= 00000000
@00004550: $22 <= 00000f33
@00004554: $23 <= 00000f33
@00004558: $24 <= 00000000
@0000455c: $25 <= 00000000
@00004560: $28 <= 00000004
@00004564: $30 <= 00000f33
@00004568: $31 <= 00003058
@0000456c: $26 <= 00000f00
@00004570: $27 <= 00000000
@00004574: $ 1 <= 95429318
@00004578: $29 <= 00001000
@0000457c: $29 <= 00000008
@0000309c: $30 <= 00000b3c
@0000305c: *00000008 <= 00000000
@000030a8: $31 <= 000030b0
@000030c0: $17 <= 00000000
@000030c4: $17 <= 00006234
@000030c8: $20 <= ffff0000
@000030cc: $20 <= ffff8827
@000030d0: $17 <= 36770000
@000030d4: $17 <= 3677ab28
@000030d8: $20 <= 00000001
@000030dc: $30 <= 00000ecc
@000030b0: *00000008 <= 00000001
@000030e4: $30 <= 000009c4
@000030b4: $29 <= 0000000c
@000030bc: $30 <= 00000bfc
@000030f4: $31 <= 000030fc
@0000310c: $17 <= 00000000
@00003110: $17 <= 000067b6
@00003114: $20 <= 00000000
@00003118: $20 <= 00000635
@0000311c: $20 <= ffff0000
@00003120: $20 <= ffffafc3
@00003124: $17 <= d0a60000
@00003128: $17 <= d0a6b978
@0000312c: $20 <= 00000001
@00003130: $30 <= 000022b4
@00003134: $30 <= 00000bfa
@000030fc: *0000000c <= 00000001
@0000313c: $30 <= 00000fef
@00003100: $29 <= 00000010
@00003108: $30 <= 0000043d
@0000314c: $31 <= 00003154
@00003164: $18 <= 00000000
@00003168: $18 <= 0000745d
@0000317c: $18 <= 3a850000
@00003180: $18 <= 3a8560e8
@00003184: $ 4 <= 00000000
@00003188: $ 4 <= 00000001
@00004180: $26 <= 0000318c
@00004184: $26 <= 80001000
@0000418c: *00000ffc <= 00000010
@00004188: $26 <= 00001000
@00004190: $26 <= 00000f00
@00004194: $29 <= 00000f00
@00004474: *00000f08 <= 9f17069c
@00004478: *00000f0c <= 00001001
@0000447c: *00000f10 <= 00000001
@00004480: *00000f14 <= 00000000
@00004484: *00000f18 <= 00000000
@00004488: *00000f1c <= 00000000
@0000448c: *00000f20 <= 00000000
@00004490: *00000f24 <= 00000000
@00004494: *00000f28 <= 00000000
@00004498: *00000f2c <= 00000000
@0000449c: *00000f30 <= 00000000
@000044a0: *00000f34 <= 00000000
@000044a4: *00000f38 <= 00000000
@000044a8: *00000f3c <= 00000000
@000044ac: *00000f40 <= 00000000
@000044b0: *00000f44 <= d0a6b978
@000044b4: *00000f48 <= 3a8560e8
@000044b8: *00000f4c <= 00000000
@000044bc: *00000f50 <= 00000001
# restart
# run 10us
Simulator is doing circuit initialization process.
#delay@0000318c
#delay@000031f4
#delay@00003328
#delay@00003774
#delay@000039b0
#interrupt@10
#end@
Finished circuit initialization process.
@00003000: $ 3 <= 00001001
@00003008: $27 <= 00000000
@0000300c: $28 <= 00000000
@00003010: $30 <= 00000000
@00003014: $31 <= 00000000
@00003018: $28 <= 00000004
@0000301c: $29 <= 00000008
@00003020: $ 1 <= 58510000
@00003028: *00000000 <= 5851e65a
@00003024: $ 1 <= 5851e65a
@0000302c: *00000004 <= 5851e65a
@00003030: $ 1 <= 95420000
@00003034: $ 1 <= 95429318
@00003038: $ 2 <= 9f170000
@0000303c: $ 2 <= 9f17069c
@00003050: $31 <= 00003058
@0000306c: $17 <= 00000000
@00003070: $17 <= 00006962
@00003074: $20 <= ffff0000
@00003078: $20 <= ffffe892
@0000307c: $17 <= 2f750000
@00003080: $17 <= 2f7563eb
@00003084: $22 <= 00000f33
@0000308c: *00000000 <= 00000f33
@00003088: $30 <= 00000f33
@00003090: $20 <= 00000000
@00003098: $23 <= 00000f33
@00004180: $26 <= 0000309c
@00004184: $26 <= 00001000
@0000418c: *00000ffc <= 00000008
@00004188: $26 <= 00001000
@00004190: $26 <= 00000f00
@00004194: $29 <= 00000f00
@00004474: *00000f08 <= 9f17069c
@00004478: *00000f0c <= 00001001
@0000447c: *00000f10 <= 00000000
@00004480: *00000f14 <= 00000000
@00004484: *00000f18 <= 00000000
@00004488: *00000f1c <= 00000000
@0000448c: *00000f20 <= 00000000
@00004490: *00000f24 <= 00000000
@00004494: *00000f28 <= 00000000
@00004498: *00000f2c <= 00000000
@0000449c: *00000f30 <= 00000000
@000044a0: *00000f34 <= 00000000
@000044a4: *00000f38 <= 00000000
@000044a8: *00000f3c <= 00000000
@000044ac: *00000f40 <= 00000000
@000044b0: *00000f44 <= 2f7563eb
@000044b4: *00000f48 <= 00000000
@000044b8: *00000f4c <= 00000000
@000044bc: *00000f50 <= 00000000
@000044c0: *00000f54 <= 00000000
@000044c4: *00000f58 <= 00000f33
@000044c8: *00000f5c <= 00000f33
@000044cc: *00000f60 <= 00000000
@000044d0: *00000f64 <= 00000000
@000044d4: *00000f70 <= 00000004
@000044d8: *00000f74 <= 00000f00
@000044dc: *00000f78 <= 00000f33
@000044e0: *00000f7c <= 00003058
@000044e4: *00000f80 <= 00000f00
@000044e8: *00000f84 <= 00000000
@000044ec: *00000f88 <= 95429318
@00004220: $26 <= 00001000
@00004224: $26 <= 00000000
@00004228: $27 <= 00000000
@00004264: *00000f00 <= 00003058
@00004268: $29 <= 00000ef0
@00004270: *00000ef4 <= 00001000
@0000426c: $ 2 <= 00001000
@00004274: $ 2 <= 00001000
@00004278: $ 3 <= 00000000
@00004284: $ 3 <= 00000000
@00004290: $29 <= 00000f00
@00004294: $26 <= 0000309c
@00004298: $27 <= 0000318c
@000042a8: $27 <= 000031f4
@000042b8: $27 <= 00003328
@000042c8: $ 3 <= 00001000
@000044f8: $29 <= 00001000
@000044fc: $29 <= 00000f00
@00004500: $ 2 <= 9f17069c
@00004504: $ 3 <= 00001001
@00004508: $ 4 <= 00000000
@0000450c: $ 5 <= 00000000
@00004510: $ 6 <= 00000000
@00004514: $ 7 <= 00000000
@00004518: $ 8 <= 00000000
@0000451c: $ 9 <= 00000000
@00004520: $10 <= 00000000
@00004524: $11 <= 00000000
@00004528: $12 <= 00000000
@0000452c: $13 <= 00000000
@00004530: $14 <= 00000000
@00004534: $15 <= 00000000
@00004538: $16 <= 00000000
@0000453c: $17 <= 2f7563eb
@00004540: $18 <= 00000000
@00004544: $19 <= 00000000
@00004548: $20 <= 00000000
@0000454c: $21 <= 00000000
@00004550: $22 <= 00000f33
@00004554: $23 <= 00000f33
@00004558: $24 <= 00000000
@0000455c: $25 <= 00000000
@00004560: $28 <= 00000004
@00004564: $30 <= 00000f33
@00004568: $31 <= 00003058
@0000456c: $26 <= 00000f00
@00004570: $27 <= 00000000
@00004574: $ 1 <= 95429318
@00004578: $29 <= 00001000
@0000457c: $29 <= 00000008
@0000309c: $30 <= 00000b3c
@0000305c: *00000008 <= 00000000
@000030a8: $31 <= 000030b0
@000030c0: $17 <= 00000000
@000030c4: $17 <= 00006234
@000030c8: $20 <= ffff0000
@000030cc: $20 <= ffff8827
@000030d0: $17 <= 36770000
@000030d4: $17 <= 3677ab28
@000030d8: $20 <= 00000001
@000030dc: $30 <= 00000ecc
@000030b0: *00000008 <= 00000001
@000030e4: $30 <= 000009c4
@000030b4: $29 <= 0000000c
@000030bc: $30 <= 00000bfc
@000030f4: $31 <= 000030fc
@0000310c: $17 <= 00000000
@00003110: $17 <= 000067b6
@00003114: $20 <= 00000000
@00003118: $20 <= 00000635
@0000311c: $20 <= ffff0000
@00003120: $20 <= ffffafc3
@00003124: $17 <= d0a60000
@00003128: $17 <= d0a6b978
@0000312c: $20 <= 00000001
@00003130: $30 <= 000022b4
@00003134: $30 <= 00000bfa
@000030fc: *0000000c <= 00000001
@0000313c: $30 <= 00000fef
@00003100: $29 <= 00000010
@00003108: $30 <= 0000043d
@0000314c: $31 <= 00003154
@00003164: $18 <= 00000000
@00003168: $18 <= 0000745d
@0000317c: $18 <= 3a850000
@00003180: $18 <= 3a8560e8
@00003184: $ 4 <= 00000000
@00003188: $ 4 <= 00000001
@00004180: $26 <= 0000318c
@00004184: $26 <= 80001000
@0000418c: *00000ffc <= 00000010
@00004188: $26 <= 00001000
@00004190: $26 <= 00000f00
@00004194: $29 <= 00000f00
@00004474: *00000f08 <= 9f17069c
@00004478: *00000f0c <= 00001001
@0000447c: *00000f10 <= 00000001
@00004480: *00000f14 <= 00000000
@00004484: *00000f18 <= 00000000
@00004488: *00000f1c <= 00000000
@0000448c: *00000f20 <= 00000000
@00004490: *00000f24 <= 00000000
@00004494: *00000f28 <= 00000000
@00004498: *00000f2c <= 00000000
@0000449c: *00000f30 <= 00000000
@000044a0: *00000f34 <= 00000000
@000044a4: *00000f38 <= 00000000
@000044a8: *00000f3c <= 00000000
@000044ac: *00000f40 <= 00000000
@000044b0: *00000f44 <= d0a6b978
@000044b4: *00000f48 <= 3a8560e8
@000044b8: *00000f4c <= 00000000
@000044bc: *00000f50 <= 00000001
@000044c0: *00000f54 <= 00000000
@000044c4: *00000f58 <= 00000f33
@000044c8: *00000f5c <= 00000f33
@000044cc: *00000f60 <= 00000000
@000044d0: *00000f64 <= 00000000
@000044d4: *00000f70 <= 00000004
@000044d8: *00000f74 <= 00000f00
@000044dc: *00000f78 <= 0000043d
@000044e0: *00000f7c <= 00003154
@000044e4: *00000f80 <= 00000f00
@000044e8: *00000f84 <= 00000000
@000044ec: *00000f88 <= 95429318
@00004220: $26 <= 80001000
@00004224: $26 <= 00000000
@00004228: $27 <= 00000000
@00004264: *00000f00 <= 00003154
@00004268: $29 <= 00000ef0
@00004270: *00000ef4 <= 80001000
@0000426c: $ 2 <= 80001000
@00004274: $ 2 <= 00001000
@00004278: $ 3 <= 00000000
@00004284: $ 3 <= 00000000
@00004290: $29 <= 00000f00
@00004294: $26 <= 0000318c
@00004298: $27 <= 0000318c
@000042a4: *00000f10 <= 00000000
@000042a8: $27 <= 000031f4
@000042b8: $27 <= 00003328
@000042c8: $ 3 <= 00001000
@000044f8: $29 <= 00001000
@000044fc: $29 <= 00000f00
@00004500: $ 2 <= 9f17069c
@00004504: $ 3 <= 00001001
@00004508: $ 4 <= 00000000
@0000450c: $ 5 <= 00000000
@00004510: $ 6 <= 00000000
@00004514: $ 7 <= 00000000
@00004518: $ 8 <= 00000000
@0000451c: $ 9 <= 00000000
@00004520: $10 <= 00000000
@00004524: $11 <= 00000000
@00004528: $12 <= 00000000
@0000452c: $13 <= 00000000
@00004530: $14 <= 00000000
@00004534: $15 <= 00000000
@00004538: $16 <= 00000000
@0000453c: $17 <= d0a6b978
@00004540: $18 <= 3a8560e8
@00004544: $19 <= 00000000
@00004548: $20 <= 00000001
@0000454c: $21 <= 00000000
@00004550: $22 <= 00000f33
@00004554: $23 <= 00000f33
@00004558: $24 <= 00000000
@0000455c: $25 <= 00000000
@00004560: $28 <= 00000004
@00004564: $30 <= 0000043d
@00004568: $31 <= 00003154
@0000456c: $26 <= 00000f00
@00004570: $27 <= 00000000
@00004574: $ 1 <= 95429318
@00004578: $29 <= 00001000
@0000457c: $29 <= 00000010
@00003188: $ 4 <= 00000001
@000031a8: $30 <= 00000f6d
@000031ac: $30 <= 00002197
@00003154: *00000010 <= 00000000
@00003158: $29 <= 00000014
@00003160: $30 <= 00001bf2
@000031b8: $31 <= 000031c0
@000031d0: $18 <= 00000000
@000031d4: $18 <= 00002553
@000031e0: $18 <= e40b0000
@000031e4: $18 <= e40b4e2c
@000031ec: $30 <= 00000000
@000031f0: $30 <= 00000001
@00004180: $26 <= 000031f4
@00004184: $26 <= 80001000
@0000418c: *00000ffc <= 00000014
@00004188: $26 <= 00001000
@00004190: $26 <= 00000f00
@00004194: $29 <= 00000f00
@00004474: *00000f08 <= 9f17069c
@00004478: *00000f0c <= 00001001
@0000447c: *00000f10 <= 00000001
@00004480: *00000f14 <= 00000000
@00004484: *00000f18 <= 00000000
@00004488: *00000f1c <= 00000000
@0000448c: *00000f20 <= 00000000
@00004490: *00000f24 <= 00000000
@00004494: *00000f28 <= 00000000
@00004498: *00000f2c <= 00000000
@0000449c: *00000f30 <= 00000000
@000044a0: *00000f34 <= 00000000
@000044a4: *00000f38 <= 00000000
@000044a8: *00000f3c <= 00000000
@000044ac: *00000f40 <= 00000000
@000044b0: *00000f44 <= d0a6b978
@000044b4: *00000f48 <= e40b4e2c
@000044b8: *00000f4c <= 00000000
@000044bc: *00000f50 <= 00000001
@000044c0: *00000f54 <= 00000000
@000044c4: *00000f58 <= 00000f33
@000044c8: *00000f5c <= 00000f33
@000044cc: *00000f60 <= 00000000
@000044d0: *00000f64 <= 00000000
@000044d4: *00000f70 <= 00000004
@000044d8: *00000f74 <= 00000f00
@000044dc: *00000f78 <= 00000001
@000044e0: *00000f7c <= 000031c0
@000044e4: *00000f80 <= 00000f00
@000044e8: *00000f84 <= 00000000
@000044ec: *00000f88 <= 95429318
@00004220: $26 <= 80001000
@00004224: $26 <= 00000000
@00004228: $27 <= 00000000
@00004264: *00000f00 <= 000031c0
@00004268: $29 <= 00000ef0
@00004270: *00000ef4 <= 80001000
@0000426c: $ 2 <= 80001000
@00004274: $ 2 <= 00001000
@00004278: $ 3 <= 00000000
@00004284: $ 3 <= 00000000
@00004290: $29 <= 00000f00
@00004294: $26 <= 000031f4
@00004298: $27 <= 0000318c
@000042a8: $27 <= 000031f4
@000042b4: *00000f78 <= 00000000
@000042b8: $27 <= 00003328
@000042c8: $ 3 <= 00001000
@000044f8: $29 <= 00001000
@000044fc: $29 <= 00000f00
@00004500: $ 2 <= 9f17069c
@00004504: $ 3 <= 00001001
@00004508: $ 4 <= 00000001
@0000450c: $ 5 <= 00000000
@00004510: $ 6 <= 00000000
@00004514: $ 7 <= 00000000
@00004518: $ 8 <= 00000000
@0000451c: $ 9 <= 00000000
@00004520: $10 <= 00000000
@00004524: $11 <= 00000000
@00004528: $12 <= 00000000
@0000452c: $13 <= 00000000
@00004530: $14 <= 00000000
@00004534: $15 <= 00000000
@00004538: $16 <= 00000000
@0000453c: $17 <= d0a6b978
@00004540: $18 <= e40b4e2c
@00004544: $19 <= 00000000
@00004548: $20 <= 00000001
@0000454c: $21 <= 00000000
@00004550: $22 <= 00000f33
@00004554: $23 <= 00000f33
@00004558: $24 <= 00000000
@0000455c: $25 <= 00000000
@00004560: $28 <= 00000004
@00004564: $30 <= 00000000
@00004568: $31 <= 000031c0
@0000456c: $26 <= 00000f00
@00004570: $27 <= 00000000
@00004574: $ 1 <= 95429318
@00004578: $29 <= 00001000
@0000457c: $29 <= 00000014
@000031f0: $30 <= 00000001
@00003210: $30 <= 000013b5
@00003214: $30 <= 0000086f
@000031c0: *00000014 <= 00000000
@000031c4: $29 <= 00000018
@000031cc: $30 <= 00001f2f
@00003220: $31 <= 00003228
@00003238: $18 <= ffff0000
@0000323c: $18 <= ffff8918
@00003250: $18 <= 0d7d0000
@00003254: $18 <= 0d7dc38c
@0000325c: $30 <= 00001bc6
@00003260: $30 <= 00000251
@00003268: $30 <= 00001e2f
@0000326c: $30 <= 00000be7
@00003228: *00000018 <= 00000000
@0000322c: $29 <= 0000001c
@00003234: $30 <= 00000449
@00003278: $31 <= 00003280
@00003290: $13 <= 8cae0000
@00003294: $13 <= 8cae013b
@00003298: $ 6 <= a8bb0000
@0000329c: $ 6 <= a8bbcd6f
@000032a0: $ 9 <= 00000000
@000032a4: $ 9 <= 00004a32
@000032a8: $ 9 <= ffff0000
@000032ac: $ 9 <= ffffb0f8
@000032b0: $ 6 <= ffff0000
@000032b4: $ 6 <= ffffb4ff
@000032b8: $ 9 <= ffffb4ff
@000032c0: $30 <= 00001a47
@000032c4: $30 <= 00001606
@00003280: *0000001c <= ffffb4ff
@00003284: $29 <= 00000020
@0000328c: $30 <= 00000b75
@000032d0: $31 <= 000032d8
@000032f0: $13 <= b5ac0000
@000032f4: $13 <= b5ac4838
@000032f8: $ 6 <= 93f10000
@000032fc: $ 6 <= 93f12c7b
@00003300: $ 9 <= 00000000
@00003304: $ 9 <= 000009f3
@00003308: $ 9 <= ffff0000
@0000330c: $ 9 <= ffffda02
@00003310: $ 6 <= 00000000
@00003314: $ 6 <= 0000eec1
@00003318: $ 9 <= 0000eec1
@0000331c: $30 <= 0000173a
@00003320: $20 <= 00000000
@00003324: $20 <= 00000001
@00004180: $26 <= 00003328
@00004184: $26 <= 80001000
@0000418c: *00000ffc <= 00000020
@00004188: $26 <= 00001000
@00004190: $26 <= 00000f00
@00004194: $29 <= 00000f00
@00004474: *00000f08 <= 9f17069c
@00004478: *00000f0c <= 00001001
@0000447c: *00000f10 <= 00000001
@00004480: *00000f14 <= 00000000
@00004484: *00000f18 <= 0000eec1
@00004488: *00000f1c <= 00000000
@0000448c: *00000f20 <= 00000000
@00004490: *00000f24 <= 0000eec1
@00004494: *00000f28 <= 00000000
@00004498: *00000f2c <= 00000000
@0000449c: *00000f30 <= 00000000
@000044a0: *00000f34 <= b5ac4838
@000044a4: *00000f38 <= 00000000
@000044a8: *00000f3c <= 00000000
@000044ac: *00000f40 <= 00000000
@000044b0: *00000f44 <= d0a6b978
@000044b4: *00000f48 <= 0d7dc38c
@000044b8: *00000f4c <= 00000000
@000044bc: *00000f50 <= 00000001
@000044c0: *00000f54 <= 00000000
@000044c4: *00000f58 <= 00000f33
@000044c8: *00000f5c <= 00000f33
@000044cc: *00000f60 <= 00000000
@000044d0: *00000f64 <= 00000000
@000044d4: *00000f70 <= 00000004
@000044d8: *00000f74 <= 00000f00
@000044dc: *00000f78 <= 0000173a
@000044e0: *00000f7c <= 000032d8
@000044e4: *00000f80 <= 00000f00
@000044e8: *00000f84 <= 00000000
@000044ec: *00000f88 <= 95429318
@00004220: $26 <= 80001000
@00004224: $26 <= 00000000
@00004228: $27 <= 00000000
@00004264: *00000f00 <= 000032d8
@00004268: $29 <= 00000ef0
@00004270: *00000ef4 <= 80001000
@0000426c: $ 2 <= 80001000
@00004274: $ 2 <= 00001000
@00004278: $ 3 <= 00000000
@00004284: $ 3 <= 00000000
@00004290: $29 <= 00000f00
@00004294: $26 <= 00003328
@00004298: $27 <= 0000318c
@000042a8: $27 <= 000031f4
@000042b8: $27 <= 00003328
@000042c4: *00000f50 <= 00000000
@000042c8: $ 3 <= 00001000
@000044f8: $29 <= 00001000
@000044fc: $29 <= 00000f00
@00004500: $ 2 <= 9f17069c
@00004504: $ 3 <= 00001001
@00004508: $ 4 <= 00000001
@0000450c: $ 5 <= 00000000
@00004510: $ 6 <= 0000eec1
@00004514: $ 7 <= 00000000
@00004518: $ 8 <= 00000000
@0000451c: $ 9 <= 0000eec1
@00004520: $10 <= 00000000
@00004524: $11 <= 00000000
@00004528: $12 <= 00000000
@0000452c: $13 <= b5ac4838
@00004530: $14 <= 00000000
@00004534: $15 <= 00000000
@00004538: $16 <= 00000000
@0000453c: $17 <= d0a6b978
@00004540: $18 <= 0d7dc38c
@00004544: $19 <= 00000000
@00004548: $20 <= 00000000
@0000454c: $21 <= 00000000
@00004550: $22 <= 00000f33
@00004554: $23 <= 00000f33
@00004558: $24 <= 00000000
@0000455c: $25 <= 00000000
@00004560: $28 <= 00000004
@00004564: $30 <= 0000173a
@00004568: $31 <= 000032d8
@0000456c: $26 <= 00000f00
@00004570: $27 <= 00000000
@00004574: $ 1 <= 95429318
@00004578: $29 <= 00001000
@0000457c: $29 <= 00000020
@00003324: $20 <= 00000001
@000032e0: *00000020 <= 0000eec1
@000032e4: $29 <= 00000024
@000032ec: $30 <= 00001425
@00003340: $31 <= 00003348
@0000335c: $13 <= 01f40000
@00003360: $13 <= 01f4e57c
@00003364: $ 6 <= c70f0000
@00003368: $ 6 <= c70faaaa
@0000336c: $ 9 <= 00000000
@00003370: $ 9 <= 00001cbc
@00003374: $ 9 <= ffff0000
@00003378: $ 9 <= ffff8fbe
@0000337c: $ 6 <= 00000000
@00003380: $ 6 <= 0000f8ef
@00003384: $ 9 <= 0000f8ef
@00003388: $30 <= 00001102
@00003390: *00000000 <= 0000f8ef
@0000338c: $30 <= 00000cd1
@00003398: $10 <= 0000f8ef
@00004180: $26 <= 0000339c
@00004184: $26 <= 00001000
@0000418c: *00000ffc <= 00000024
@00004188: $26 <= 00001000
@00004190: $26 <= 00000f00
@00004194: $29 <= 00000f00
@00004474: *00000f08 <= 9f17069c
@00004478: *00000f0c <= 00001001
@0000447c: *00000f10 <= 00000001
@00004480: *00000f14 <= 00000000
@00004484: *00000f18 <= 0000f8ef
@00004488: *00000f1c <= 00000000
@0000448c: *00000f20 <= 00000000
@00004490: *00000f24 <= 0000f8ef
@00004494: *00000f28 <= 0000f8ef
@00004498: *00000f2c <= 00000000
@0000449c: *00000f30 <= 00000000
@000044a0: *00000f34 <= 01f4e57c
@000044a4: *00000f38 <= 00000000
@000044a8: *00000f3c <= 00000000
@000044ac: *00000f40 <= 00000000
@000044b0: *00000f44 <= d0a6b978
@000044b4: *00000f48 <= 0d7dc38c
@000044b8: *00000f4c <= 00000000
@000044bc: *00000f50 <= 00000001
@000044c0: *00000f54 <= 00000000
@000044c4: *00000f58 <= 00000f33
@000044c8: *00000f5c <= 00000f33
@000044cc: *00000f60 <= 00000000
@000044d0: *00000f64 <= 00000000
@000044d4: *00000f70 <= 00000004
@000044d8: *00000f74 <= 00000f00
@000044dc: *00000f78 <= 00000cd1
@000044e0: *00000f7c <= 00003348
@000044e4: *00000f80 <= 00000f00
@000044e8: *00000f84 <= 00000000
@000044ec: *00000f88 <= 95429318
@00004220: $26 <= 00001000
@00004224: $26 <= 00000000
@00004228: $27 <= 00000000
@00004264: *00000f00 <= 00003348
@00004268: $29 <= 00000ef0
@00004270: *00000ef4 <= 00001000
@0000426c: $ 2 <= 00001000
@00004274: $ 2 <= 00001000
@00004278: $ 3 <= 00000000
@00004284: $ 3 <= 00000000
@00004290: $29 <= 00000f00
@00004294: $26 <= 0000339c
@00004298: $27 <= 0000318c
@000042a8: $27 <= 000031f4
@000042b8: $27 <= 00003328
@000042c8: $ 3 <= 00001000
@000044f8: $29 <= 00001000
@000044fc: $29 <= 00000f00
@00004500: $ 2 <= 9f17069c
@00004504: $ 3 <= 00001001
@00004508: $ 4 <= 00000001
@0000450c: $ 5 <= 00000000
@00004510: $ 6 <= 0000f8ef
@00004514: $ 7 <= 00000000
@00004518: $ 8 <= 00000000
@0000451c: $ 9 <= 0000f8ef
@00004520: $10 <= 0000f8ef
@00004524: $11 <= 00000000
@00004528: $12 <= 00000000
@0000452c: $13 <= 01f4e57c
@00004530: $14 <= 00000000
@00004534: $15 <= 00000000
@00004538: $16 <= 00000000
@0000453c: $17 <= d0a6b978
@00004540: $18 <= 0d7dc38c
@00004544: $19 <= 00000000
@00004548: $20 <= 00000001
@0000454c: $21 <= 00000000
@00004550: $22 <= 00000f33
@00004554: $23 <= 00000f33
@00004558: $24 <= 00000000
@0000455c: $25 <= 00000000
@00004560: $28 <= 00000004
@00004564: $30 <= 00000cd1
@00004568: $31 <= 00003348
@0000456c: $26 <= 00000f00
@00004570: $27 <= 00000000
@00004574: $ 1 <= 95429318
@00004578: $29 <= 00001000
@0000457c: $29 <= 00000024
@0000339c: $30 <= 00000ede
@000033a0: $30 <= 00001975
@0000334c: *00000024 <= 0000f8ef
@00003350: $29 <= 00000028
@00003358: $30 <= 000018a1
@000033ac: $31 <= 000033b4
@000033c4: $ 1 <= 6b3d0000
@000033c8: $ 1 <= 6b3da43f
@000033cc: $17 <= adcb0000
@000033d0: $17 <= adcbd569
@000033e4: $17 <= ffff0000
@000033e8: $17 <= ffffba53
@000033b4: *00000028 <= 00000000
@000033f4: $30 <= 0000249d
@000033b8: $29 <= 0000002c
@000033c0: $30 <= 000014af
@00003404: $31 <= 0000340c
@0000341c: $ 1 <= b12a0000
@00003420: $ 1 <= b12ac10b
@00003424: $17 <= 28d90000
@00003428: $17 <= 28d9eacf
@0000343c: $17 <= ffff0000
@00003440: $17 <= ffffae4a
@00003448: $30 <= 000026aa
@0000340c: *0000002c <= 00000000
@00003450: $30 <= 0000168e
@00003410: $29 <= 00000030
@00003418: $30 <= 00001535
@00003460: $31 <= 00003468
@00003478: $ 1 <= a62c0000
@0000347c: $ 1 <= a62c9ed9
@00003480: $17 <= 39630000
@00003484: $17 <= 3963c7fa
@00003498: $17 <= ffff0000
@0000349c: $17 <= ffffb612
@000034a4: $30 <= 00002541
@000034a8: $30 <= 00001ace
@00003468: *00000030 <= 00000000
@000034b0: $30 <= 00000e9f
@0000346c: $29 <= 00000034
@00003474: $30 <= 0000163f
@000034c0: $31 <= 000034c8
@000034d8: $17 <= 00000000
@000034dc: $17 <= 00006b46
@000034e0: $22 <= 00000000
@000034e4: $22 <= 000048f1
@000034e8: $ 5 <= 0000b437
@000034ec: $ 5 <= 000034c8
@000034c8: *00000034 <= 000034c8
@000034f4: $30 <= 0000248c
@000034cc: $29 <= 00000038
@000034d4: $30 <= 000015fb
@00003504: $31 <= 0000350c
@00003520: $17 <= ffff0000
@00003524: $17 <= ffff8b35
@00003528: $22 <= 00000000
@0000352c: $22 <= 00000632
@00003530: $ 5 <= ffff9167
@00003534: $ 5 <= 0000350c
@00003538: $30 <= 00000f6d
@00003540: *00000000 <= 0000355c
@0000353c: $ 3 <= 0000355c
@00003548: $ 4 <= 0000355c
@00004180: $26 <= 0000350c
@00004184: $26 <= 00001000
@0000418c: *00000ffc <= 00000038
@00004188: $26 <= 00001000
@00004190: $26 <= 00000f00
@00004194: $29 <= 00000f00
@00004474: *00000f08 <= 9f17069c
@00004478: *00000f0c <= 0000355c
@0000447c: *00000f10 <= 0000355c
@00004480: *00000f14 <= 0000350c
@00004484: *00000f18 <= 0000f8ef
@00004488: *00000f1c <= 00000000
@0000448c: *00000f20 <= 00000000
@00004490: *00000f24 <= 0000f8ef
@00004494: *00000f28 <= 0000f8ef
@00004498: *00000f2c <= 00000000
@0000449c: *00000f30 <= 00000000
@000044a0: *00000f34 <= 01f4e57c
@000044a4: *00000f38 <= 00000000
@000044a8: *00000f3c <= 00000000
@000044ac: *00000f40 <= 00000000
@000044b0: *00000f44 <= ffff8b35
@000044b4: *00000f48 <= 0d7dc38c
@000044b8: *00000f4c <= 00000000
@000044bc: *00000f50 <= 00000001
@000044c0: *00000f54 <= 00000000
@000044c4: *00000f58 <= 00000632
@000044c8: *00000f5c <= 00000f33
@000044cc: *00000f60 <= 00000000
@000044d0: *00000f64 <= 00000000
@000044d4: *00000f70 <= 00000004
@000044d8: *00000f74 <= 00000f00
@000044dc: *00000f78 <= 00000f6d
@000044e0: *00000f7c <= 0000350c
@000044e4: *00000f80 <= 00000f00
@000044e8: *00000f84 <= 00000000
@000044ec: *00000f88 <= a62c9ed9
@00004220: $26 <= 00001000
@00004224: $26 <= 00000000
@00004228: $27 <= 00000000
@00004264: *00000f00 <= 0000350c
@00004268: $29 <= 00000ef0
@00004270: *00000ef4 <= 00001000
@0000426c: $ 2 <= 00001000
@00004274: $ 2 <= 00001000
@00004278: $ 3 <= 00000000
@00004284: $ 3 <= 00000000
@00004290: $29 <= 00000f00
@00004294: $26 <= 0000350c
@00004298: $27 <= 0000318c
@000042a8: $27 <= 000031f4
@000042b8: $27 <= 00003328
@000042c8: $ 3 <= 00001000
@000044f8: $29 <= 00001000
@000044fc: $29 <= 00000f00
@00004500: $ 2 <= 9f17069c
@00004504: $ 3 <= 0000355c
@00004508: $ 4 <= 0000355c
@0000450c: $ 5 <= 0000350c
@00004510: $ 6 <= 0000f8ef
@00004514: $ 7 <= 00000000
@00004518: $ 8 <= 00000000
@0000451c: $ 9 <= 0000f8ef
@00004520: $10 <= 0000f8ef
@00004524: $11 <= 00000000
@00004528: $12 <= 00000000
@0000452c: $13 <= 01f4e57c
@00004530: $14 <= 00000000
@00004534: $15 <= 00000000
@00004538: $16 <= 00000000
@0000453c: $17 <= ffff8b35
@00004540: $18 <= 0d7dc38c
@00004544: $19 <= 00000000
@00004548: $20 <= 00000001
@0000454c: $21 <= 00000000
@00004550: $22 <= 00000632
@00004554: $23 <= 00000f33
@00004558: $24 <= 00000000
@0000455c: $25 <= 00000000
@00004560: $28 <= 00000004
@00004564: $30 <= 00000f6d
@00004568: $31 <= 0000350c
@0000456c: $26 <= 00000f00
@00004570: $27 <= 00000000
@00004574: $ 1 <= a62c9ed9
@00004578: $29 <= 00001000
@0000457c: $29 <= 00000038
@00003510: $ 5 <= 00003544
@0000355c: $31 <= 00003564
@00003574: $17 <= ffff0000
@00003578: $17 <= ffffbdac
@0000357c: $22 <= ffff0000
@00003580: $22 <= ffffd8a1
@00003584: $ 5 <= ffff964d
@00003588: $ 5 <= 00003564
@0000358c: $30 <= 000003e8
@00003590: $30 <= 0000164d
@00003564: *00000038 <= 00003564
@00003598: $30 <= 00000163
@00003568: $29 <= 0000003c
@00003570: $30 <= 00000203
@000035a8: $31 <= 000035b0
@000035c0: $13 <= ffff0000
@000035c4: $13 <= ffffb027
@000035c8: $12 <= ffff0000
@000035cc: $12 <= ffffc72b
@000035d0: $13 <= 00000000
@000035b0: *0000003c <= 00000000
@000035d8: $30 <= 00000bc8
@000035b4: $29 <= 00000040
@000035bc: $30 <= 00002544
@000035e8: $31 <= 000035f0
@00003600: $13 <= ffff0000
@00003604: $13 <= ffffe84d
@00003608: $12 <= ffff0000
@0000360c: $12 <= ffffc1fc
@00003610: $13 <= 00000000
@00003614: $30 <= 000004d3
@000035f0: *00000040 <= 00000000
@0000361c: $30 <= 0000071b
@000035f4: $29 <= 00000044
@000035fc: $30 <= 00001555
@0000362c: $31 <= 00003634
@00003644: $13 <= 00000000
@00003648: $13 <= 00003c9b
@0000364c: $12 <= 00000000
@00003650: $12 <= 0000100c
@00003654: $13 <= 00000000
@00003658: $30 <= 000009da
@0000365c: $30 <= 000015d3
@00003634: *00000044 <= 00000000
@00003664: $30 <= 00000b25
@00003638: $29 <= 00000048
@00003640: $30 <= 000023fc
@00003674: $31 <= 0000367c
@00003694: $ 1 <= 00000000
@00003698: $ 1 <= 00002aea
@0000367c: *00000048 <= 00000000
@000036a4: $30 <= 0000109e
@00003680: $29 <= 0000004c
@00003688: $30 <= 00000780
@000036b4: $31 <= 000036bc
@000036d4: $ 1 <= 00000000
@000036d8: $ 1 <= 00007acf
@000036e0: $30 <= 00000f09
@000036bc: *0000004c <= 00000000
@000036e8: $30 <= 000016b0
@000036c0: $29 <= 00000050
@000036c8: $30 <= 00001cef
@000036f8: $31 <= 00003700
@00003718: $ 1 <= ffff0000
@0000371c: $ 1 <= ffff92ca
@00003724: $30 <= 000014b5
@00003728: $30 <= 00001f44
@00003700: *00000050 <= 00000000
@00003730: $30 <= 00002430
@00003704: $29 <= 00000054
@0000370c: $30 <= 000020d1
@00003740: $31 <= 00003748
@0000375c: $15 <= 00000000
@00003760: $15 <= 00003b3a
@00003764: $ 7 <= ffff0000
@00003768: $ 7 <= ffffdfed
@0000376c: $15 <= ffffdfed
@00003774: $31 <= 0000377c
@00004180: $26 <= 00003774
@00004184: $26 <= 80001000
@0000418c: *00000ffc <= 00000054
@00004188: $26 <= 00001000
@00004190: $26 <= 00000f00
@00004194: $29 <= 00000f00
@00004474: *00000f08 <= 9f17069c
@00004478: *00000f0c <= 0000355c
@0000447c: *00000f10 <= 0000355c
@00004480: *00000f14 <= 00003564
@00004484: *00000f18 <= 0000f8ef
@00004488: *00000f1c <= ffffdfed
@0000448c: *00000f20 <= 00000000
@00004490: *00000f24 <= 0000f8ef
@00004494: *00000f28 <= 0000f8ef
@00004498: *00000f2c <= 00000000
@0000449c: *00000f30 <= 0000100c
@000044a0: *00000f34 <= 00000000
@000044a4: *00000f38 <= 00000000
@000044a8: *00000f3c <= ffffdfed
@000044ac: *00000f40 <= 00000000
@000044b0: *00000f44 <= ffffbdac
@000044b4: *00000f48 <= 0d7dc38c
@000044b8: *00000f4c <= 00000000
@000044bc: *00000f50 <= 00000001
@000044c0: *00000f54 <= 00000000
@000044c4: *00000f58 <= ffffd8a1
@000044c8: *00000f5c <= 00000f33
@000044cc: *00000f60 <= 00000000
@000044d0: *00000f64 <= 00000000
@000044d4: *00000f70 <= 00000004
@000044d8: *00000f74 <= 00000f00
@000044dc: *00000f78 <= 000020d1
@000044e0: *00000f7c <= 0000377c
@000044e4: *00000f80 <= 00000f00
@000044e8: *00000f84 <= 00000000
@000044ec: *00000f88 <= ffff92ca
@00004220: $26 <= 80001000
@00004224: $26 <= 00000000
@00004228: $27 <= 00000000
@00004264: *00000f00 <= 0000377c
@00004268: $29 <= 00000ef0
@00004270: *00000ef4 <= 80001000
@0000426c: $ 2 <= 80001000
@00004274: $ 2 <= 00001000
@00004278: $ 3 <= 00000000
@00004284: $ 3 <= 00000000
@00004290: $29 <= 00000f00
@00004294: $26 <= 00003774
@00004298: $27 <= 0000318c
@000042a8: $27 <= 000031f4
@000042b8: $27 <= 00003328
@000042c8: $ 3 <= 00001000
@000044f8: $29 <= 00001000
@000044fc: $29 <= 00000f00
@00004500: $ 2 <= 9f17069c
@00004504: $ 3 <= 0000355c
@00004508: $ 4 <= 0000355c
@0000450c: $ 5 <= 00003564
@00004510: $ 6 <= 0000f8ef
@00004514: $ 7 <= ffffdfed
@00004518: $ 8 <= 00000000
@0000451c: $ 9 <= 0000f8ef
@00004520: $10 <= 0000f8ef
@00004524: $11 <= 00000000
@00004528: $12 <= 0000100c
@0000452c: $13 <= 00000000
@00004530: $14 <= 00000000
@00004534: $15 <= ffffdfed
@00004538: $16 <= 00000000
@0000453c: $17 <= ffffbdac
@00004540: $18 <= 0d7dc38c
@00004544: $19 <= 00000000
@00004548: $20 <= 00000001
@0000454c: $21 <= 00000000
@00004550: $22 <= ffffd8a1
@00004554: $23 <= 00000f33
@00004558: $24 <= 00000000
@0000455c: $25 <= 00000000
@00004560: $28 <= 00000004
@00004564: $30 <= 000020d1
@00004568: $31 <= 0000377c
@0000456c: $26 <= 00000f00
@00004570: $27 <= 00000000
@00004574: $ 1 <= ffff92ca
@00004578: $29 <= 00001000
@0000457c: $29 <= 00000054
@00003774: $31 <= 0000377c
@0000374c: *00000054 <= ffffdfed
@00003750: $29 <= 00000058
@00003758: $30 <= 00000c2a
@0000378c: $31 <= 00003794
@000037a4: $15 <= ffff0000
@000037a8: $15 <= ffffb676
@000037ac: $ 7 <= 00000000
@000037b0: $ 7 <= 000011ec
@000037b4: $15 <= 000011ec
@000037b8: $30 <= 0000214b
@00003794: *00000058 <= 000011ec
@000037c0: $30 <= 00001362
@00003798: $29 <= 0000005c
@000037a0: $30 <= 00001002
@000037d0: $31 <= 000037d8
@000037ec: $15 <= 00000000
@000037f0: $15 <= 00002136
@000037f4: $ 7 <= ffff0000
@000037f8: $ 7 <= ffffbff4
@000037fc: $15 <= 00002136
@00003800: $30 <= 000004db
@00003804: $30 <= 0000093d
@00004180: $26 <= 000037d8
@00004184: $26 <= 00001000
@0000418c: *00000ffc <= 0000005c
@00004188: $26 <= 00001000
@00004190: $26 <= 00000f00
@00004194: $29 <= 00000f00
@00004474: *00000f08 <= 9f17069c
@00004478: *00000f0c <= 0000355c
@0000447c: *00000f10 <= 0000355c
@00004480: *00000f14 <= 00003564
@00004484: *00000f18 <= 0000f8ef
@00004488: *00000f1c <= ffffbff4
@0000448c: *00000f20 <= 00000000
@00004490: *00000f24 <= 0000f8ef
@00004494: *00000f28 <= 0000f8ef
@00004498: *00000f2c <= 00000000
@0000449c: *00000f30 <= 0000100c
@000044a0: *00000f34 <= 00000000
@000044a4: *00000f38 <= 00000000
@000044a8: *00000f3c <= 00002136
@000044ac: *00000f40 <= 00000000
@000044b0: *00000f44 <= ffffbdac
@000044b4: *00000f48 <= 0d7dc38c
@000044b8: *00000f4c <= 00000000
@000044bc: *00000f50 <= 00000001
@000044c0: *00000f54 <= 00000000
@000044c4: *00000f58 <= ffffd8a1
@000044c8: *00000f5c <= 00000f33
@000044cc: *00000f60 <= 00000000
@000044d0: *00000f64 <= 00000000
@000044d4: *00000f70 <= 00000004
@000044d8: *00000f74 <= 00000f00
@000044dc: *00000f78 <= 0000093d
@000044e0: *00000f7c <= 000037d8
@000044e4: *00000f80 <= 00000f00
@000044e8: *00000f84 <= 00000000
@000044ec: *00000f88 <= ffff92ca
@00004220: $26 <= 00001000
@00004224: $26 <= 00000000
@00004228: $27 <= 00000000
@00004264: *00000f00 <= 000037d8
@00004268: $29 <= 00000ef0
@00004270: *00000ef4 <= 00001000
@0000426c: $ 2 <= 00001000
@00004274: $ 2 <= 00001000
@00004278: $ 3 <= 00000000
@00004284: $ 3 <= 00000000
@00004290: $29 <= 00000f00
@00004294: $26 <= 000037d8
@00004298: $27 <= 0000318c
@000042a8: $27 <= 000031f4
@000042b8: $27 <= 00003328
@000042c8: $ 3 <= 00001000
@000044f8: $29 <= 00001000
@000044fc: $29 <= 00000f00
@00004500: $ 2 <= 9f17069c
@00004504: $ 3 <= 0000355c
@00004508: $ 4 <= 0000355c
@0000450c: $ 5 <= 00003564
@00004510: $ 6 <= 0000f8ef
@00004514: $ 7 <= ffffbff4
@00004518: $ 8 <= 00000000
@0000451c: $ 9 <= 0000f8ef
@00004520: $10 <= 0000f8ef
@00004524: $11 <= 00000000
@00004528: $12 <= 0000100c
@0000452c: $13 <= 00000000
@00004530: $14 <= 00000000
@00004534: $15 <= 00002136
@00004538: $16 <= 00000000
@0000453c: $17 <= ffffbdac
@00004540: $18 <= 0d7dc38c
@00004544: $19 <= 00000000
@00004548: $20 <= 00000001
@0000454c: $21 <= 00000000
@00004550: $22 <= ffffd8a1
@00004554: $23 <= 00000f33
@00004558: $24 <= 00000000
@0000455c: $25 <= 00000000
@00004560: $28 <= 00000004
@00004564: $30 <= 0000093d
@00004568: $31 <= 000037d8
@0000456c: $26 <= 00000f00
@00004570: $27 <= 00000000
@00004574: $ 1 <= ffff92ca
@00004578: $29 <= 00001000
@0000457c: $29 <= 0000005c
@000037dc: *0000005c <= 00002136
@000037e0: $29 <= 00000060
@000037e8: $30 <= 00001a7f
@00003824: $31 <= 0000382c
@00003844: $12 <= 00000000
@00003848: $12 <= 000016c6
@00003854: $30 <= 00001a34
@00003858: $30 <= 000010d2
@0000382c: *00000060 <= 00000000
@00003830: $29 <= 00000064
@00003838: $30 <= 000003c3
@00003864: $31 <= 0000386c
@00003884: $12 <= 00000000
@00003888: $12 <= 00004cbe
@00003890: $30 <= 00000b3e
@00003898: $30 <= 00000159
@0000389c: $30 <= 00001860
@0000386c: *00000064 <= 00000000
@00003870: $29 <= 00000068
@00003878: $30 <= 00002657
@000038a8: $31 <= 000038b0
@000038c8: $12 <= ffff0000
@000038cc: $12 <= ffffd05a
@000038d4: $30 <= 00001c3c
@000038d8: $30 <= 00000762
@000038e0: $30 <= 000003fd
@000038e4: $30 <= 00000c0d
@000038b0: *00000068 <= 00000000
@000038b4: $29 <= 0000006c
@000038bc: $30 <= 0000252d
@000038f0: $31 <= 000038f8
@00003908: $21 <= 00000000
@0000390c: $21 <= 00003f5d
@00003910: $11 <= 00000000
@00003914: $11 <= 000019ab
@00003918: $21 <= 00000000
@00003920: $30 <= 00001cc6
@00003924: $30 <= 0000092f
@000038f8: *0000006c <= 00000000
@000038fc: $29 <= 00000070
@00003904: $30 <= 000014eb
@00003930: $31 <= 00003938
@00003948: $21 <= 00000000
@0000394c: $21 <= 00003b3a
@00003950: $11 <= 00000000
@00003954: $11 <= 00003fe4
@00003958: $21 <= 00000000
@0000395c: $30 <= 00002382
@00003964: $30 <= 000021d4
@00003968: $30 <= 00001b6b
@00003938: *00000070 <= 00000000
@0000393c: $29 <= 00000074
@00003944: $30 <= 000000e8
@00003974: $31 <= 0000397c
@00003990: $21 <= 00000000
@00003994: $21 <= 00000f6f
@00003998: $11 <= 00000000
@0000399c: $11 <= 00006b44
@000039a0: $21 <= 00000000
@000039a4: $30 <= 000019b5
@000039a8: $30 <= 00000e14
@000039b0: $31 <= 000039b8
@00004180: $26 <= 000039b0
@00004184: $26 <= 80001000
@0000418c: *00000ffc <= 00000074
@00004188: $26 <= 00001000
@00004190: $26 <= 00000f00
@00004194: $29 <= 00000f00
@00004474: *00000f08 <= 9f17069c
@00004478: *00000f0c <= 0000355c
@0000447c: *00000f10 <= 0000355c
@00004480: *00000f14 <= 00003564
@00004484: *00000f18 <= 0000f8ef
@00004488: *00000f1c <= ffffbff4
@0000448c: *00000f20 <= 00000000
@00004490: *00000f24 <= 0000f8ef
@00004494: *00000f28 <= 0000f8ef
@00004498: *00000f2c <= 00006b44
@0000449c: *00000f30 <= ffffd05a
@000044a0: *00000f34 <= 00000000
@000044a4: *00000f38 <= 00000000
@000044a8: *00000f3c <= 00002136
@000044ac: *00000f40 <= 00000000
@000044b0: *00000f44 <= ffffbdac
@000044b4: *00000f48 <= 0d7dc38c
@000044b8: *00000f4c <= 00000000
@000044bc: *00000f50 <= 00000001
@000044c0: *00000f54 <= 00000000
@000044c4: *00000f58 <= ffffd8a1
@000044c8: *00000f5c <= 00000f33
@000044cc: *00000f60 <= 00000000
@000044d0: *00000f64 <= 00000000
@000044d4: *00000f70 <= 00000004
@000044d8: *00000f74 <= 00000f00
@000044dc: *00000f78 <= 00000e14
@000044e0: *00000f7c <= 000039b8
@000044e4: *00000f80 <= 00000f00
@000044e8: *00000f84 <= 00000000
@000044ec: *00000f88 <= ffff92ca
@00004220: $26 <= 80001000
@00004224: $26 <= 00000000
@00004228: $27 <= 00000000
@00004264: *00000f00 <= 000039b8
@00004268: $29 <= 00000ef0
@00004270: *00000ef4 <= 80001000
@0000426c: $ 2 <= 80001000
@00004274: $ 2 <= 00001000
@00004278: $ 3 <= 00000000
@00004284: $ 3 <= 00000000
@00004290: $29 <= 00000f00
@00004294: $26 <= 000039b0
@00004298: $27 <= 0000318c
@000042a8: $27 <= 000031f4
@000042b8: $27 <= 00003328
@000042c8: $ 3 <= 00001000
@000044f8: $29 <= 00001000
@000044fc: $29 <= 00000f00
@00004500: $ 2 <= 9f17069c
@00004504: $ 3 <= 0000355c
@00004508: $ 4 <= 0000355c
@0000450c: $ 5 <= 00003564
@00004510: $ 6 <= 0000f8ef
@00004514: $ 7 <= ffffbff4
@00004518: $ 8 <= 00000000
@0000451c: $ 9 <= 0000f8ef
@00004520: $10 <= 0000f8ef
@00004524: $11 <= 00006b44
@00004528: $12 <= ffffd05a
@0000452c: $13 <= 00000000
@00004530: $14 <= 00000000
@00004534: $15 <= 00002136
@00004538: $16 <= 00000000
@0000453c: $17 <= ffffbdac
@00004540: $18 <= 0d7dc38c
@00004544: $19 <= 00000000
@00004548: $20 <= 00000001
@0000454c: $21 <= 00000000
@00004550: $22 <= ffffd8a1
@00004554: $23 <= 00000f33
@00004558: $24 <= 00000000
@0000455c: $25 <= 00000000
@00004560: $28 <= 00000004
@00004564: $30 <= 00000e14
@00004568: $31 <= 000039b8
@0000456c: $26 <= 00000f00
@00004570: $27 <= 00000000
@00004574: $ 1 <= ffff92ca
@00004578: $29 <= 00001000
@0000457c: $29 <= 00000074
@000039b0: $31 <= 000039b8
@00003980: *00000074 <= 00000000
@00003984: $29 <= 00000078
@0000398c: $30 <= 00001d27
@000039c8: $31 <= 000039d0
@000039e8: $ 1 <= ffff0000
@000039ec: $ 1 <= fffff4da
@000039f8: $30 <= 0000148e
@000039fc: $30 <= 000004a5
@000039d0: *00000078 <= 00000000
@000039d4: $29 <= 0000007c
@000039dc: $30 <= 00001e28
@00003a08: $31 <= 00003a10
@00003a2c: $ 1 <= ffff0000
@00003a30: $ 1 <= ffffe0fe
@00003a38: $30 <= 0000219a
@00004180: $26 <= 00003a40
@00004184: $26 <= 80001000
@0000418c: *00000ffc <= 0000007c
@00004188: $26 <= 00001000
@00004190: $26 <= 00000f00
@00004194: $29 <= 00000f00
@00004474: *00000f08 <= 9f17069c
@00004478: *00000f0c <= 0000355c
@0000447c: *00000f10 <= 0000355c
@00004480: *00000f14 <= 00003564
@00004484: *00000f18 <= 0000f8ef
@00004488: *00000f1c <= ffffbff4
@0000448c: *00000f20 <= 00000000
@00004490: *00000f24 <= 0000f8ef
@00004494: *00000f28 <= 0000f8ef
@00004498: *00000f2c <= 00006b44
@0000449c: *00000f30 <= ffffd05a
@000044a0: *00000f34 <= 00000000
@000044a4: *00000f38 <= 00000000
@000044a8: *00000f3c <= 00002136
@000044ac: *00000f40 <= 00000000
@000044b0: *00000f44 <= ffffbdac
@000044b4: *00000f48 <= 0d7dc38c
@000044b8: *00000f4c <= 00000000
@000044bc: *00000f50 <= 00000001
@000044c0: *00000f54 <= 00000000
@000044c4: *00000f58 <= ffffd8a1
@000044c8: *00000f5c <= 00000f33
@000044cc: *00000f60 <= 00000000
@000044d0: *00000f64 <= 00000000
@000044d4: *00000f70 <= 00000004
@000044d8: *00000f74 <= 00000f00
@000044dc: *00000f78 <= 0000219a
@000044e0: *00000f7c <= 00003a10
@000044e4: *00000f80 <= 00000f00
@000044e8: *00000f84 <= 00000000
@000044ec: *00000f88 <= ffffe0fe
@00004220: $26 <= 80001000
@00004224: $26 <= 00000000
@00004228: $27 <= 00000000
@00004264: *00000f00 <= 00003a10
@00004268: $29 <= 00000ef0
@00004270: *00000ef4 <= 80001000
@0000426c: $ 2 <= 80001000
@00004274: $ 2 <= 00001000
@00004278: $ 3 <= 00000000
@00004284: $ 3 <= 00000000
@00004290: $29 <= 00000f00
@00004294: $26 <= 00003a40
@00004298: $27 <= 0000318c
@000042a8: $27 <= 000031f4
@000042b8: $27 <= 00003328
@000042c8: $ 3 <= 00001000
@000044f8: $29 <= 00001000
@000044fc: $29 <= 00000f00
@00004500: $ 2 <= 9f17069c
@00004504: $ 3 <= 0000355c
@00004508: $ 4 <= 0000355c
@0000450c: $ 5 <= 00003564
@00004510: $ 6 <= 0000f8ef
@00004514: $ 7 <= ffffbff4
@00004518: $ 8 <= 00000000
@0000451c: $ 9 <= 0000f8ef
@00004520: $10 <= 0000f8ef
@00004524: $11 <= 00006b44
@00004528: $12 <= ffffd05a
@0000452c: $13 <= 00000000
@00004530: $14 <= 00000000
@00004534: $15 <= 00002136
@00004538: $16 <= 00000000
@0000453c: $17 <= ffffbdac
@00004540: $18 <= 0d7dc38c
@00004544: $19 <= 00000000
@00004548: $20 <= 00000001
@0000454c: $21 <= 00000000
@00004550: $22 <= ffffd8a1
@00004554: $23 <= 00000f33
@00004558: $24 <= 00000000
@0000455c: $25 <= 00000000
@00004560: $28 <= 00000004
@00004564: $30 <= 0000219a
@00004568: $31 <= 00003a10
@0000456c: $26 <= 00000f00
@00004570: $27 <= 00000000
@00004574: $ 1 <= ffffe0fe
@00004578: $29 <= 00001000
@0000457c: $29 <= 0000007c
@00003a14: *0000007c <= 00000000
@00003a18: $29 <= 00000080
@00003a20: $30 <= 00000156
@00003a58: $31 <= 00003a60
@00003a78: $ 1 <= ffff0000
@00003a7c: $ 1 <= ffff8508
@00003a84: $30 <= 000006d7
@00003a88: $30 <= 000022a8
@00003a90: $30 <= 00001ca8
@00003a94: $30 <= 00002707
@00003a60: *00000080 <= 00000000
@00003a64: $29 <= 00000084
@00003a6c: $30 <= 00001e58
