ISim log file
Running: D:\Desktop\CO\exercise\P6\CPU_bgezalr\mips_txt_isim_beh.exe -intstyle ise -gui -tclbatch isim.cmd -wdb D:/Desktop/CO/exercise/P6/CPU_bgezalr/mips_txt_isim_beh.wdb 
ISim P.20131013 (signature 0x7708f090)
WARNING: A WEBPACK license was found.
WARNING: Please use Xilinx License Configuration Manager to check out a full ISim license.
WARNING: ISim will run in Lite mode. Please refer to the ISim documentation for more information on the differences between the Lite and the Full version.
This is a Lite version of ISim.
Time resolution is 1 ps
# onerror resume
# wave add /
# run 1000 ns
Simulator is doing circuit initialization process.
Finished circuit initialization process.
                  38@00003000: $ 8 <= 35230000
                  42@00003004: $ 4 <= 00003000
                  50@00003008: $ 5 <= 00003010
ISim P.20131013 (signature 0x7708f090)
WARNING: A WEBPACK license was found.
WARNING: Please use Xilinx License Configuration Manager to check out a full ISim license.
WARNING: ISim will run in Lite mode. Please refer to the ISim documentation for more information on the differences between the Lite and the Full version.
This is a Lite version of ISim.
# run 1000 ns
Simulator is doing circuit initialization process.
Finished circuit initialization process.
                  38@00003000: $ 8 <= 35230000
                  42@00003004: $ 4 <= 00003000
                  50@00003008: $ 5 <= 00003010
# restart
# run 1.00us
Simulator is doing circuit initialization process.
Finished circuit initialization process.
                  38@00003000: $ 8 <= 35230000
                  42@00003004: $ 4 <= 00003000
                  50@00003008: $ 5 <= 00003010
ISim P.20131013 (signature 0x7708f090)
WARNING: A WEBPACK license was found.
WARNING: Please use Xilinx License Configuration Manager to check out a full ISim license.
WARNING: ISim will run in Lite mode. Please refer to the ISim documentation for more information on the differences between the Lite and the Full version.
This is a Lite version of ISim.
# run 1000 ns
Simulator is doing circuit initialization process.
Finished circuit initialization process.
                  38@00003000: $ 8 <= 35230000
                  42@00003004: $ 4 <= 00003000
                  50@00003008: $ 5 <= 00003010
# restart
# run 1.00us
Simulator is doing circuit initialization process.
Finished circuit initialization process.
                  38@00003000: $ 8 <= 35230000
                  42@00003004: $ 4 <= 00003000
                  50@00003008: $ 5 <= 00003010
ISim P.20131013 (signature 0x7708f090)
WARNING: A WEBPACK license was found.
WARNING: Please use Xilinx License Configuration Manager to check out a full ISim license.
WARNING: ISim will run in Lite mode. Please refer to the ISim documentation for more information on the differences between the Lite and the Full version.
This is a Lite version of ISim.
# run 1000 ns
Simulator is doing circuit initialization process.
Finished circuit initialization process.
                  38@00003000: $ 8 <= 35230000
                  42@00003004: $ 4 <= 00003000
                  50@00003008: $ 5 <= 00003010
                  58@00003000: $ 8 <= 35230000
                  62@00003004: $ 4 <= 00003000
                  70@00003008: $ 5 <= 00003010
                  78@00003000: $ 8 <= 35230000
                  82@00003004: $ 4 <= 00003000
                  90@00003008: $ 5 <= 00003010
                  98@00003000: $ 8 <= 35230000
                 102@00003004: $ 4 <= 00003000
                 110@00003008: $ 5 <= 00003010
                 118@00003000: $ 8 <= 35230000
                 122@00003004: $ 4 <= 00003000
                 130@00003008: $ 5 <= 00003010
                 138@00003000: $ 8 <= 35230000
                 142@00003004: $ 4 <= 00003000
                 150@00003008: $ 5 <= 00003010
                 158@00003000: $ 8 <= 35230000
                 162@00003004: $ 4 <= 00003000
                 170@00003008: $ 5 <= 00003010
                 178@00003000: $ 8 <= 35230000
                 182@00003004: $ 4 <= 00003000
                 190@00003008: $ 5 <= 00003010
                 198@00003000: $ 8 <= 35230000
                 202@00003004: $ 4 <= 00003000
                 210@00003008: $ 5 <= 00003010
                 218@00003000: $ 8 <= 35230000
                 222@00003004: $ 4 <= 00003000
                 230@00003008: $ 5 <= 00003010
                 238@00003000: $ 8 <= 35230000
                 242@00003004: $ 4 <= 00003000
                 250@00003008: $ 5 <= 00003010
                 258@00003000: $ 8 <= 35230000
                 262@00003004: $ 4 <= 00003000
                 270@00003008: $ 5 <= 00003010
                 278@00003000: $ 8 <= 35230000
                 282@00003004: $ 4 <= 00003000
                 290@00003008: $ 5 <= 00003010
                 298@00003000: $ 8 <= 35230000
                 302@00003004: $ 4 <= 00003000
                 310@00003008: $ 5 <= 00003010
                 318@00003000: $ 8 <= 35230000
                 322@00003004: $ 4 <= 00003000
                 330@00003008: $ 5 <= 00003010
                 338@00003000: $ 8 <= 35230000
                 342@00003004: $ 4 <= 00003000
                 350@00003008: $ 5 <= 00003010
                 358@00003000: $ 8 <= 35230000
                 362@00003004: $ 4 <= 00003000
                 370@00003008: $ 5 <= 00003010
                 378@00003000: $ 8 <= 35230000
                 382@00003004: $ 4 <= 00003000
                 390@00003008: $ 5 <= 00003010
                 398@00003000: $ 8 <= 35230000
                 402@00003004: $ 4 <= 00003000
                 410@00003008: $ 5 <= 00003010
                 418@00003000: $ 8 <= 35230000
                 422@00003004: $ 4 <= 00003000
                 430@00003008: $ 5 <= 00003010
                 438@00003000: $ 8 <= 35230000
                 442@00003004: $ 4 <= 00003000
                 450@00003008: $ 5 <= 00003010
                 458@00003000: $ 8 <= 35230000
                 462@00003004: $ 4 <= 00003000
                 470@00003008: $ 5 <= 00003010
                 478@00003000: $ 8 <= 35230000
                 482@00003004: $ 4 <= 00003000
                 490@00003008: $ 5 <= 00003010
                 498@00003000: $ 8 <= 35230000
                 502@00003004: $ 4 <= 00003000
                 510@00003008: $ 5 <= 00003010
                 518@00003000: $ 8 <= 35230000
                 522@00003004: $ 4 <= 00003000
                 530@00003008: $ 5 <= 00003010
                 538@00003000: $ 8 <= 35230000
                 542@00003004: $ 4 <= 00003000
                 550@00003008: $ 5 <= 00003010
                 558@00003000: $ 8 <= 35230000
                 562@00003004: $ 4 <= 00003000
                 570@00003008: $ 5 <= 00003010
                 578@00003000: $ 8 <= 35230000
                 582@00003004: $ 4 <= 00003000
                 590@00003008: $ 5 <= 00003010
                 598@00003000: $ 8 <= 35230000
                 602@00003004: $ 4 <= 00003000
                 610@00003008: $ 5 <= 00003010
                 618@00003000: $ 8 <= 35230000
                 622@00003004: $ 4 <= 00003000
                 630@00003008: $ 5 <= 00003010
                 638@00003000: $ 8 <= 35230000
                 642@00003004: $ 4 <= 00003000
                 650@00003008: $ 5 <= 00003010
                 658@00003000: $ 8 <= 35230000
                 662@00003004: $ 4 <= 00003000
                 670@00003008: $ 5 <= 00003010
                 678@00003000: $ 8 <= 35230000
                 682@00003004: $ 4 <= 00003000
                 690@00003008: $ 5 <= 00003010
                 698@00003000: $ 8 <= 35230000
                 702@00003004: $ 4 <= 00003000
                 710@00003008: $ 5 <= 00003010
                 718@00003000: $ 8 <= 35230000
                 722@00003004: $ 4 <= 00003000
                 730@00003008: $ 5 <= 00003010
                 738@00003000: $ 8 <= 35230000
                 742@00003004: $ 4 <= 00003000
                 750@00003008: $ 5 <= 00003010
                 758@00003000: $ 8 <= 35230000
                 762@00003004: $ 4 <= 00003000
                 770@00003008: $ 5 <= 00003010
                 778@00003000: $ 8 <= 35230000
                 782@00003004: $ 4 <= 00003000
                 790@00003008: $ 5 <= 00003010
                 798@00003000: $ 8 <= 35230000
                 802@00003004: $ 4 <= 00003000
                 810@00003008: $ 5 <= 00003010
                 818@00003000: $ 8 <= 35230000
                 822@00003004: $ 4 <= 00003000
                 830@00003008: $ 5 <= 00003010
                 838@00003000: $ 8 <= 35230000
                 842@00003004: $ 4 <= 00003000
                 850@00003008: $ 5 <= 00003010
                 858@00003000: $ 8 <= 35230000
                 862@00003004: $ 4 <= 00003000
                 870@00003008: $ 5 <= 00003010
                 878@00003000: $ 8 <= 35230000
                 882@00003004: $ 4 <= 00003000
                 890@00003008: $ 5 <= 00003010
                 898@00003000: $ 8 <= 35230000
                 902@00003004: $ 4 <= 00003000
                 910@00003008: $ 5 <= 00003010
                 918@00003000: $ 8 <= 35230000
                 922@00003004: $ 4 <= 00003000
                 930@00003008: $ 5 <= 00003010
                 938@00003000: $ 8 <= 35230000
                 942@00003004: $ 4 <= 00003000
                 950@00003008: $ 5 <= 00003010
                 958@00003000: $ 8 <= 35230000
                 962@00003004: $ 4 <= 00003000
                 970@00003008: $ 5 <= 00003010
                 978@00003000: $ 8 <= 35230000
                 982@00003004: $ 4 <= 00003000
                 990@00003008: $ 5 <= 00003010
                 998@00003000: $ 8 <= 35230000
