Release 14.7 - xst P.20131013 (nt64)
Copyright (c) 1995-2013 Xilinx, Inc.  All rights reserved.
--> Parameter TMPDIR set to xst/projnav.tmp


Total REAL time to Xst completion: 0.00 secs
Total CPU time to Xst completion: 0.22 secs
 
--> Parameter xsthdpdir set to xst


Total REAL time to Xst completion: 0.00 secs
Total CPU time to Xst completion: 0.22 secs
 
--> Reading design: mips.prj

TABLE OF CONTENTS
  1) Synthesis Options Summary
  2) HDL Parsing
  3) HDL Elaboration
  4) HDL Synthesis
       4.1) HDL Synthesis Report
  5) Advanced HDL Synthesis
       5.1) Advanced HDL Synthesis Report
  6) Low Level Synthesis
  7) Partition Report
  8) Design Summary
       8.1) Primitive and Black Box Usage
       8.2) Device utilization summary
       8.3) Partition Resource Summary
       8.4) Timing Report
            8.4.1) Clock Information
            8.4.2) Asynchronous Control Signals Information
            8.4.3) Timing Summary
            8.4.4) Timing Details
            8.4.5) Cross Clock Domains Report


=========================================================================
*                      Synthesis Options Summary                        *
=========================================================================
---- Source Parameters
Input File Name                    : "mips.prj"
Ignore Synthesis Constraint File   : NO

---- Target Parameters
Output File Name                   : "mips"
Output Format                      : NGC
Target Device                      : xc6slx75t-2-fgg676

---- Source Options
Top Module Name                    : mips
Automatic FSM Extraction           : YES
FSM Encoding Algorithm             : Auto
Safe Implementation                : No
FSM Style                          : LUT
RAM Extraction                     : Yes
RAM Style                          : Auto
ROM Extraction                     : Yes
Shift Register Extraction          : YES
ROM Style                          : Auto
Resource Sharing                   : YES
Asynchronous To Synchronous        : NO
Shift Register Minimum Size        : 2
Use DSP Block                      : Auto
Automatic Register Balancing       : No

---- Target Options
LUT Combining                      : Auto
Reduce Control Sets                : Auto
Add IO Buffers                     : YES
Global Maximum Fanout              : 100000
Add Generic Clock Buffer(BUFG)     : 16
Register Duplication               : YES
Optimize Instantiated Primitives   : NO
Use Clock Enable                   : Auto
Use Synchronous Set                : Auto
Use Synchronous Reset              : Auto
Pack IO Registers into IOBs        : Auto
Equivalent register Removal        : YES

---- General Options
Optimization Goal                  : Speed
Optimization Effort                : 1
Power Reduction                    : NO
Keep Hierarchy                     : No
Netlist Hierarchy                  : As_Optimized
RTL Output                         : Yes
Global Optimization                : AllClockNets
Read Cores                         : YES
Write Timing Constraints           : NO
Cross Clock Analysis               : NO
Hierarchy Separator                : /
Bus Delimiter                      : <>
Case Specifier                     : Maintain
Slice Utilization Ratio            : 100
BRAM Utilization Ratio             : 100
DSP48 Utilization Ratio            : 100
Auto BRAM Packing                  : NO
Slice Utilization Ratio Delta      : 5

=========================================================================


=========================================================================
*                          HDL Parsing                                  *
=========================================================================
Analyzing Verilog file "D:\Desktop\CO\exercise\P6\CPU_bezal\NPC.v" into library work
Parsing module <NPC>.
Analyzing Verilog file "D:\Desktop\CO\exercise\P6\CPU_bezal\HAZARD_M.v" into library work
Parsing module <HAZARD_M>.
Analyzing Verilog file "D:\Desktop\CO\exercise\P6\CPU_bezal\HAZARD_E.v" into library work
Parsing verilog file "constant.v" included at line 2.
Parsing module <HAZARD_E>.
Analyzing Verilog file "D:\Desktop\CO\exercise\P6\CPU_bezal\MDU.v" into library work
Parsing verilog file "constant.v" included at line 2.
Parsing module <MDU>.
Analyzing Verilog file "D:\Desktop\CO\exercise\P6\CPU_bezal\IF_ID.v" into library work
Parsing module <IF_ID>.
Analyzing Verilog file "D:\Desktop\CO\exercise\P6\CPU_bezal\IFU.v" into library work
Parsing module <IFU>.
Analyzing Verilog file "D:\Desktop\CO\exercise\P6\CPU_bezal\ID_EX.v" into library work
Parsing module <ID_EX>.
Analyzing Verilog file "D:\Desktop\CO\exercise\P6\CPU_bezal\HAZARD.v" into library work
Parsing verilog file "constant.v" included at line 2.
Parsing module <HAZARD>.
Analyzing Verilog file "D:\Desktop\CO\exercise\P6\CPU_bezal\GRF.v" into library work
Parsing module <GRF>.
Analyzing Verilog file "D:\Desktop\CO\exercise\P6\CPU_bezal\EX_DM.v" into library work
Parsing module <EX_DM>.
Analyzing Verilog file "D:\Desktop\CO\exercise\P6\CPU_bezal\EXT.v" into library work
Parsing module <EXT>.
Analyzing Verilog file "D:\Desktop\CO\exercise\P6\CPU_bezal\DM_WB.v" into library work
Parsing module <DM_WB>.
Analyzing Verilog file "D:\Desktop\CO\exercise\P6\CPU_bezal\DE.v" into library work
Parsing module <DE>.
Analyzing Verilog file "D:\Desktop\CO\exercise\P6\CPU_bezal\CTRL.v" into library work
Parsing verilog file "constant.v" included at line 2.
Parsing module <CTRL>.
Analyzing Verilog file "D:\Desktop\CO\exercise\P6\CPU_bezal\CMP.v" into library work
Parsing verilog file "constant.v" included at line 2.
Parsing module <CMP>.
Analyzing Verilog file "D:\Desktop\CO\exercise\P6\CPU_bezal\BE.v" into library work
Parsing module <BE>.
Analyzing Verilog file "D:\Desktop\CO\exercise\P6\CPU_bezal\ALU.v" into library work
Parsing verilog file "constant.v" included at line 2.
Parsing module <ALU>.
Analyzing Verilog file "D:\Desktop\CO\exercise\P6\CPU_bezal\mips.v" into library work
Parsing module <mips>.

=========================================================================
*                            HDL Elaboration                            *
=========================================================================
WARNING:HDLCompiler:25 - "D:\Desktop\CO\exercise\P6\CPU_bezal\mips.v" Line 105: Module <CTRL> does not have a port named <Judge_D>.
WARNING:HDLCompiler:1016 - "D:\Desktop\CO\exercise\P6\CPU_bezal\mips.v" Line 97: Port Judge is not connected to this instance
WARNING:HDLCompiler:25 - "D:\Desktop\CO\exercise\P6\CPU_bezal\mips.v" Line 236: Module <CTRL> does not have a port named <Judge_E>.
WARNING:HDLCompiler:1016 - "D:\Desktop\CO\exercise\P6\CPU_bezal\mips.v" Line 227: Port Judge is not connected to this instance
WARNING:HDLCompiler:25 - "D:\Desktop\CO\exercise\P6\CPU_bezal\mips.v" Line 328: Module <CTRL> does not have a port named <Judge_M>.
WARNING:HDLCompiler:1016 - "D:\Desktop\CO\exercise\P6\CPU_bezal\mips.v" Line 322: Port Judge is not connected to this instance
WARNING:HDLCompiler:25 - "D:\Desktop\CO\exercise\P6\CPU_bezal\mips.v" Line 388: Module <CTRL> does not have a port named <Judge_WB>.
WARNING:HDLCompiler:1016 - "D:\Desktop\CO\exercise\P6\CPU_bezal\mips.v" Line 384: Port Judge is not connected to this instance

Elaborating module <mips>.

Elaborating module <IFU>.

Elaborating module <NPC>.

Elaborating module <IF_ID>.

Elaborating module <CTRL>.
WARNING:HDLCompiler:1127 - "D:\Desktop\CO\exercise\P6\CPU_bezal\mips.v" Line 102: Assignment to Memwrite_D ignored, since the identifier is never used
ERROR:HDLCompiler:267 - "D:\Desktop\CO\exercise\P6\CPU_bezal\mips.v" Line 105: Cannot find port Judge_D on this module
Module mips remains a blackbox, due to errors in its contents
WARNING:HDLCompiler:1499 - "D:\Desktop\CO\exercise\P6\CPU_bezal\mips.v" Line 21: Empty module <mips> remains a black box.
--> 

Total memory usage is 4451980 kilobytes

Number of errors   :    1 (   0 filtered)
Number of warnings :   10 (   0 filtered)
Number of infos    :    0 (   0 filtered)

