ISim log file
Running: D:\Desktop\class\CPU_privilege\mips_txt_isim_beh.exe -intstyle ise -gui -tclbatch isim.cmd -wdb D:/Desktop/class/CPU_privilege/mips_txt_isim_beh.wdb 
ISim P.20131013 (signature 0x7708f090)
WARNING: A WEBPACK license was found.
WARNING: Please use Xilinx License Configuration Manager to check out a full ISim license.
WARNING: ISim will run in Lite mode. Please refer to the ISim documentation for more information on the differences between the Lite and the Full version.
This is a Lite version of ISim.
Time resolution is 1 ps
# onerror resume
# wave add /
# run 1000 ns
Simulator is doing circuit initialization process.
Finished circuit initialization process.
@00003000: $ 8 <= 00000000
@00003004: $ 8 <= 00001234
@0000300c: $ 1 <= 00001234
ISim P.20131013 (signature 0x7708f090)
WARNING: A WEBPACK license was found.
WARNING: Please use Xilinx License Configuration Manager to check out a full ISim license.
WARNING: ISim will run in Lite mode. Please refer to the ISim documentation for more information on the differences between the Lite and the Full version.
This is a Lite version of ISim.
# run 1000 ns
Simulator is doing circuit initialization process.
Finished circuit initialization process.
@00003000: $ 8 <= 00000000
@00003004: $ 8 <= 00001234
@0000300c: $ 1 <= 00001234
# restart
# run 1.00us
Simulator is doing circuit initialization process.
Finished circuit initialization process.
@00003000: $ 8 <= 00000000
@00003004: $ 8 <= 00001234
@0000300c: $ 1 <= 00001234
# restart
# run 1.00us
Simulator is doing circuit initialization process.
Finished circuit initialization process.
@00003000: $ 8 <= 00000000
@00003004: $ 8 <= 00001234
@0000300c: $ 1 <= 00001234
ISim P.20131013 (signature 0x7708f090)
WARNING: A WEBPACK license was found.
WARNING: Please use Xilinx License Configuration Manager to check out a full ISim license.
WARNING: ISim will run in Lite mode. Please refer to the ISim documentation for more information on the differences between the Lite and the Full version.
This is a Lite version of ISim.
# run 1000 ns
Simulator is doing circuit initialization process.
Finished circuit initialization process.
@00003000: $ 8 <= 00000000
@00003004: $ 8 <= 00001234
@00004180: $ 2 <= 00000028
@00004184: $ 3 <= 0000300c
@00004180: $ 2 <= 00000028
@00004184: $ 3 <= 0000300c
@00004180: $ 2 <= 00000028
@00004184: $ 3 <= 0000300c
@00004180: $ 2 <= 00000028
@00004184: $ 3 <= 0000300c
@00004180: $ 2 <= 00000028
@00004184: $ 3 <= 0000300c
@00004180: $ 2 <= 00000028
@00004184: $ 3 <= 0000300c
@00004180: $ 2 <= 00000028
@00004184: $ 3 <= 0000300c
@00004180: $ 2 <= 00000028
@00004184: $ 3 <= 0000300c
@00004180: $ 2 <= 00000028
@00004184: $ 3 <= 0000300c
@00004180: $ 2 <= 00000028
@00004184: $ 3 <= 0000300c
@00004180: $ 2 <= 00000028
@00004184: $ 3 <= 0000300c
@00004180: $ 2 <= 00000028
@00004184: $ 3 <= 0000300c
@00004180: $ 2 <= 00000028
@00004184: $ 3 <= 0000300c
@00004180: $ 2 <= 00000028
@00004184: $ 3 <= 0000300c
@00004180: $ 2 <= 00000028
@00004184: $ 3 <= 0000300c
@00004180: $ 2 <= 00000028
@00004184: $ 3 <= 0000300c
@00004180: $ 2 <= 00000028
@00004184: $ 3 <= 0000300c
@00004180: $ 2 <= 00000028
@00004184: $ 3 <= 0000300c
@00004180: $ 2 <= 00000028
@00004184: $ 3 <= 0000300c
@00004180: $ 2 <= 00000028
@00004184: $ 3 <= 0000300c
@00004180: $ 2 <= 00000028
@00004184: $ 3 <= 0000300c
@00004180: $ 2 <= 00000028
@00004184: $ 3 <= 0000300c
@00004180: $ 2 <= 00000028
@00004184: $ 3 <= 0000300c
@00004180: $ 2 <= 00000028
@00004184: $ 3 <= 0000300c
@00004180: $ 2 <= 00000028
@00004184: $ 3 <= 0000300c
@00004180: $ 2 <= 00000028
@00004184: $ 3 <= 0000300c
@00004180: $ 2 <= 00000028
@00004184: $ 3 <= 0000300c
@00004180: $ 2 <= 00000028
@00004184: $ 3 <= 0000300c
@00004180: $ 2 <= 00000028
@00004184: $ 3 <= 0000300c
@00004180: $ 2 <= 00000028
@00004184: $ 3 <= 0000300c
@00004180: $ 2 <= 00000028
@00004184: $ 3 <= 0000300c
@00004180: $ 2 <= 00000028
@00004184: $ 3 <= 0000300c
@00004180: $ 2 <= 00000028
@00004184: $ 3 <= 0000300c
@00004180: $ 2 <= 00000028
@00004184: $ 3 <= 0000300c
