Command line:
   tb_isim_beh.exe
     -simmode  gui
     -simrunnum  0
     -socket  61377

Sun Nov 20 17:25:40 2022


 Elaboration Time: 0.046875 sec

 Current Memory Usage: 5161.03 Meg

 Total Signals          : 332
 Total Nets             : 1924
 Total Signal Drivers   : 234
 Total Blocks           : 21
 Total Primitive Blocks : 17
 Total Processes        : 245
 Total Traceable Variables  : 58
 Total Scalar Nets and Variables : 265865
Total Line Count : 379

 Total Simulation Time: 0.0625 sec

 Current Memory Usage: 4689.17 Meg

Sun Nov 20 18:53:24 2022

