Command line:
   tb_isim_beh.exe
     -simmode  gui
     -simrunnum  0
     -socket  51523

Sun Nov 20 23:52:46 2022


 Elaboration Time: 0.078125 sec

 Current Memory Usage: 5161.08 Meg

 Total Signals          : 335
 Total Nets             : 1926
 Total Signal Drivers   : 234
 Total Blocks           : 21
 Total Primitive Blocks : 17
 Total Processes        : 245
 Total Traceable Variables  : 58
 Total Scalar Nets and Variables : 265867
Total Line Count : 379

 Total Simulation Time: 0.21875 sec

 Current Memory Usage: 5003.8 Meg

Sun Nov 20 23:54:15 2022

