ISim log file
Running: D:\Desktop\CO\exercise\P7\CPU_hyk\mips_txt_isim_beh.exe -intstyle ise -gui -tclbatch isim.cmd -wdb D:/Desktop/CO/exercise/P7/CPU_hyk/mips_txt_isim_beh.wdb 
ISim P.20131013 (signature 0x7708f090)
WARNING: A WEBPACK license was found.
WARNING: Please use Xilinx License Configuration Manager to check out a full ISim license.
WARNING: ISim will run in Lite mode. Please refer to the ISim documentation for more information on the differences between the Lite and the Full version.
This is a Lite version of ISim.
Time resolution is 1 ps
# onerror resume
# wave add /
# run 1000 ns
Simulator is doing circuit initialization process.
WARNING: File handler.txt referenced on D:/Desktop/CO/exercise/P7/CPU_hyk/tb.v at line 76 cannot be opened for reading. Please ensure that this file is available in the current working directory.Finished circuit initialization process.
@00003000: $ 1 <= ffff0000
@00003004: $ 1 <= fffffc01
@0000300c: $ 2 <= ffff0000
@00003010: $ 2 <= ffff1234
@00004180: $26 <= 00001000
@00004184: $27 <= 00003014
@00004188: $27 <= 0000007c
@0000418c: $26 <= 00000000
@000041ac: $27 <= 00002137
@00003014: *00000000 <= ffff1234
@00003018: $ 3 <= 0000fc01
@00004180: $26 <= 00001000
@00004184: $27 <= 0000301c
@00004188: $27 <= 0000007c
@0000418c: $26 <= 00000000
@000041ac: $27 <= 00002137
@00004180: $26 <= 00001000
@00004184: $27 <= 00003020
@00004188: $27 <= 0000007c
@0000418c: $26 <= 00000000
@000041ac: $27 <= 00002137
@00003020: $ 4 <= ffff1234
@00003024: $ 5 <= ffff1234
@00004180: $26 <= 00001000
@00004184: $27 <= 00003028
@00004188: $27 <= 0000007c
@0000418c: $26 <= 00000000
@000041ac: $27 <= 00002137
@00003028: $ 6 <= fffe2468
@0000302c: $ 7 <= 7fff0000
@00003030: $ 8 <= 7fff0000
@00004180: $26 <= 80001000
@00004184: $27 <= 00003034
@00004188: $27 <= 0000007c
@0000418c: $26 <= 00000000
@000041ac: $27 <= 00002137
@00004180: $26 <= 80000030
@00004184: $27 <= 00003034
@00004188: $27 <= 0000007c
@0000418c: $26 <= 00000030
@00004198: $26 <= 00003034
@0000419c: $26 <= 00003038
@00004180: $26 <= 00000030
@00004184: $27 <= 00003038
@00004188: $27 <= 0000007c
@0000418c: $26 <= 00000030
@00004198: $26 <= 00003038
@0000419c: $26 <= 0000303c
@0000303c: $10 <= 00000001
@00003040: $10 <= 00000002
@00004180: $26 <= 00000020
@00004184: $27 <= 0000304c
@00004188: $27 <= 0000007c
@0000418c: $26 <= 00000020
@00004198: $26 <= 0000304c
@0000419c: $26 <= 00003050
@00004180: $26 <= 00000020
@00004184: $27 <= 00003054
@00004188: $27 <= 0000007c
@0000418c: $26 <= 00000020
@00004198: $26 <= 00003054
@0000419c: $26 <= 00003058
@00004180: $26 <= 00000020
@00004184: $27 <= 0000305c
@00004188: $27 <= 0000007c
@0000418c: $26 <= 00000020
@00004198: $26 <= 0000305c
@0000419c: $26 <= 00003060
@00004180: $26 <= 00000020
@00004184: $27 <= 00003064
@00004188: $27 <= 0000007c
@0000418c: $26 <= 00000020
@00004198: $26 <= 00003064
@0000419c: $26 <= 00003068
@00003068: $10 <= 7fff0000
@0000306c: $11 <= 7fff0000
@00004180: $26 <= 80001000
@00004184: $27 <= 00003074
@00004188: $27 <= 0000007c
@0000418c: $26 <= 00000000
@000041ac: $27 <= 00002137
@00003078: $12 <= 00000000
# run 1.00us
@00003084: $13 <= 00000001
