Command line:
   mips_txt_isim_beh.exe
     -simmode  gui
     -simrunnum  0
     -socket  55437

Mon Nov 28 19:42:53 2022


 Elaboration Time: 0.0625 sec

 Current Memory Usage: 5161.05 Meg

 Total Signals          : 464
 Total Nets             : 2339
 Total Signal Drivers   : 334
 Total Blocks           : 23
 Total Primitive Blocks : 19
 Total Processes        : 348
 Total Traceable Variables  : 65
 Total Scalar Nets and Variables : 266473
Total Line Count : 577

 Total Simulation Time: 0.09375 sec

 Current Memory Usage: 4689.19 Meg

Mon Nov 28 19:52:26 2022

