Running: fuse.exe -relaunch -intstyle "ise" -incremental -lib "unisims_ver" -lib "unimacro_ver" -lib "xilinxcorelib_ver" -o "D:/Desktop/CO/exercise/P1/equation/tb1_isim_beh.exe" -prj "D:/Desktop/CO/exercise/P1/equation/tb1_beh.prj" "work.tb1" "work.glbl" 
ISim P.20131013 (signature 0x8ef4fb42)
Number of CPUs detected in this system: 8
Turning on mult-threading, number of parallel sub-compilation jobs: 16 
Determining compilation order of HDL files
Analyzing Verilog file "D:/Desktop/CO/exercise/P1/equation/equation.v" into library work
Analyzing Verilog file "D:/Desktop/CO/exercise/P1/equation/tb1.v" into library work
Analyzing Verilog file "D:/Xilinx/14.7/ISE_DS/ISE//verilog/src/glbl.v" into library work
Starting static elaboration
Completed static elaboration
Fuse Memory Usage: 161716 KB
Fuse CPU Usage: 218 ms
Compiling module equation
Compiling module tb1
Compiling module glbl
Time Resolution for simulation is 1ps.
Waiting for 1 sub-compilation(s) to finish...
Compiled 3 Verilog Units
Built simulation executable D:/Desktop/CO/exercise/P1/equation/tb1_isim_beh.exe
Fuse Memory Usage: 169076 KB
Fuse CPU Usage: 249 ms
