ISim log file
Running: D:\Desktop\CO\exercise\P5\CPU - cmco\tb_isim_beh.exe -intstyle ise -gui -tclbatch isim.cmd -wdb D:/Desktop/CO/exercise/P5/CPU - cmco/tb_isim_beh.wdb 
ISim P.20131013 (signature 0x7708f090)
WARNING: A WEBPACK license was found.
WARNING: Please use Xilinx License Configuration Manager to check out a full ISim license.
WARNING: ISim will run in Lite mode. Please refer to the ISim documentation for more information on the differences between the Lite and the Full version.
This is a Lite version of ISim.
Time resolution is 1 ps
# onerror resume
# wave add /
# run 1000 ns
Simulator is doing circuit initialization process.
Finished circuit initialization process.
                   9@00003000: $ 4 <= fd000000
                  11@00003004: $ 4 <= fd00f808
                  13@00003008: $ 5 <= 00000006
ISim P.20131013 (signature 0x7708f090)
WARNING: A WEBPACK license was found.
WARNING: Please use Xilinx License Configuration Manager to check out a full ISim license.
WARNING: ISim will run in Lite mode. Please refer to the ISim documentation for more information on the differences between the Lite and the Full version.
This is a Lite version of ISim.
# run 1000 ns
Simulator is doing circuit initialization process.
Finished circuit initialization process.
                   9@00003000: $ 4 <= fd000000
                  11@00003004: $ 4 <= fd00fe08
                  13@00003008: $ 5 <= 00000007
                  15@0000300c: $ 9 <= 00001234
                  17@00003010: $10 <= 0000123b
