Command line:
   tb_isim_beh.exe
     -simmode  gui
     -simrunnum  0
     -socket  58297

Tue Nov 15 14:03:20 2022


 Elaboration Time: 0.03125 sec

 Current Memory Usage: 5159.87 Meg

 Total Signals          : 135
 Total Nets             : 1014
 Total Signal Drivers   : 78
 Total Blocks           : 11
 Total Primitive Blocks : 8
 Total Processes        : 80
 Total Traceable Variables  : 30
 Total Scalar Nets and Variables : 264488
Total Line Count : 114

 Total Simulation Time: 0.046875 sec

 Current Memory Usage: 5002.58 Meg

Tue Nov 15 14:04:47 2022

