Running: D:\Xilinx\14.7\ISE_DS\ISE\bin\nt\unwrapped\fuse.exe -intstyle ise -incremental -lib unisims_ver -lib unimacro_ver -lib xilinxcorelib_ver -o D:/Desktop/ISE-verilog/eight_X_one/x1_tb_isim_beh.exe -prj D:/Desktop/ISE-verilog/eight_X_one/x1_tb_beh.prj work.x1_tb work.glbl 
ISim P.20131013 (signature 0x8ef4fb42)
Number of CPUs detected in this system: 8
Turning on mult-threading, number of parallel sub-compilation jobs: 16 
Determining compilation order of HDL files
Analyzing Verilog file "D:/Desktop/ISE-verilog/eight_X_one/x1.v" into library work
Analyzing Verilog file "D:/Desktop/ISE-verilog/eight_X_one/x1_tb.v" into library work
Analyzing Verilog file "D:/Xilinx/14.7/ISE_DS/ISE//verilog/src/glbl.v" into library work
Starting static elaboration
Completed static elaboration
Fuse Memory Usage: 161708 KB
Fuse CPU Usage: 264 ms
Compiling module x1
Compiling module x1_tb
Compiling module glbl
Time Resolution for simulation is 1ps.
Compiled 3 Verilog Units
Built simulation executable D:/Desktop/ISE-verilog/eight_X_one/x1_tb_isim_beh.exe
Fuse Memory Usage: 168208 KB
Fuse CPU Usage: 327 ms
