#! c:/iverilog-x86/bin/vvp
:ivl_version "10.0 (stable)" "(v10_0)";
:ivl_delay_selection "TYPICAL";
:vpi_time_precision - 12;
:vpi_module "system";
:vpi_module "vhdl_sys";
:vpi_module "v2005_math";
:vpi_module "va_math";
S_02df2dd8 .scope module, "BlockChecker" "BlockChecker" 2 21;
 .timescale -9 -12;
    .port_info 0 /INPUT 1 "clk"
    .port_info 1 /INPUT 1 "reset"
    .port_info 2 /INPUT 8 "in"
    .port_info 3 /OUTPUT 1 "result"
P_02de5090 .param/l "S0" 0 2 27, C4<0000>;
P_02de50b0 .param/l "S1" 0 2 28, C4<0001>;
P_02de50d0 .param/l "S2" 0 2 29, C4<0010>;
P_02de50f0 .param/l "S3" 0 2 30, C4<0011>;
P_02de5110 .param/l "S4" 0 2 31, C4<0100>;
P_02de5130 .param/l "S5" 0 2 32, C4<0101>;
P_02de5150 .param/l "S6" 0 2 33, C4<0110>;
P_02de5170 .param/l "S7" 0 2 34, C4<0111>;
P_02de5190 .param/l "S8" 0 2 35, C4<1000>;
P_02de51b0 .param/l "S9" 0 2 36, C4<1001>;
L_02df4440 .functor BUFZ 1, v02df0690_0, C4<0>, C4<0>, C4<0>;
v02df2ea8_0 .var/i "begincnt", 31 0;
o02df6004 .functor BUFZ 1, C4<z>; HiZ drive
v02df3320_0 .net "clk", 0 0, o02df6004;  0 drivers
v02df0690_0 .var "flag", 0 0;
o02df6034 .functor BUFZ 8, C4<zzzzzzzz>; HiZ drive
v02df06e8_0 .net "in", 7 0, o02df6034;  0 drivers
v02df0848_0 .var "next_state", 3 0;
o02df6064 .functor BUFZ 1, C4<z>; HiZ drive
v02df09a8_0 .net "reset", 0 0, o02df6064;  0 drivers
v02df0740_0 .net "result", 0 0, L_02df4440;  1 drivers
v02df0a00_0 .var "state", 3 0;
E_02de2e68 .event posedge, v02df09a8_0, v02df3320_0;
E_02de2d78 .event edge, v02df0a00_0, v02df06e8_0;
    .scope S_02df2dd8;
T_0 ;
    %pushi/vec4 0, 0, 1;
    %store/vec4 v02df0690_0, 0, 1;
    %end;
    .thread T_0;
    .scope S_02df2dd8;
T_1 ;
    %pushi/vec4 0, 0, 32;
    %store/vec4 v02df2ea8_0, 0, 32;
    %end;
    .thread T_1;
    .scope S_02df2dd8;
T_2 ;
    %wait E_02de2d78;
    %load/vec4 v02df0a00_0;
    %dup/vec4;
    %pushi/vec4 0, 0, 4;
    %cmp/u;
    %jmp/1 T_2.0, 6;
    %dup/vec4;
    %pushi/vec4 1, 0, 4;
    %cmp/u;
    %jmp/1 T_2.1, 6;
    %dup/vec4;
    %pushi/vec4 2, 0, 4;
    %cmp/u;
    %jmp/1 T_2.2, 6;
    %dup/vec4;
    %pushi/vec4 3, 0, 4;
    %cmp/u;
    %jmp/1 T_2.3, 6;
    %dup/vec4;
    %pushi/vec4 4, 0, 4;
    %cmp/u;
    %jmp/1 T_2.4, 6;
    %dup/vec4;
    %pushi/vec4 5, 0, 4;
    %cmp/u;
    %jmp/1 T_2.5, 6;
    %dup/vec4;
    %pushi/vec4 6, 0, 4;
    %cmp/u;
    %jmp/1 T_2.6, 6;
    %dup/vec4;
    %pushi/vec4 7, 0, 4;
    %cmp/u;
    %jmp/1 T_2.7, 6;
    %dup/vec4;
    %pushi/vec4 8, 0, 4;
    %cmp/u;
    %jmp/1 T_2.8, 6;
    %dup/vec4;
    %pushi/vec4 9, 0, 4;
    %cmp/u;
    %jmp/1 T_2.9, 6;
    %pushi/vec4 0, 0, 4;
    %store/vec4 v02df0848_0, 0, 4;
    %jmp T_2.11;
T_2.0 ;
    %load/vec4 v02df06e8_0;
    %pushi/vec4 66, 0, 8; draw_string_vec4
    %cmp/e;
    %flag_mov 8, 4;
    %load/vec4 v02df06e8_0;
    %pushi/vec4 98, 0, 8; draw_string_vec4
    %cmp/e;
    %flag_or 4, 8;
    %jmp/0xz  T_2.12, 4;
    %pushi/vec4 1, 0, 4;
    %store/vec4 v02df0848_0, 0, 4;
    %jmp T_2.13;
T_2.12 ;
    %load/vec4 v02df06e8_0;
    %pushi/vec4 69, 0, 8; draw_string_vec4
    %cmp/e;
    %flag_mov 8, 4;
    %load/vec4 v02df06e8_0;
    %pushi/vec4 101, 0, 8; draw_string_vec4
    %cmp/e;
    %flag_or 4, 8;
    %jmp/0xz  T_2.14, 4;
    %pushi/vec4 6, 0, 4;
    %store/vec4 v02df0848_0, 0, 4;
    %jmp T_2.15;
T_2.14 ;
    %load/vec4 v02df06e8_0;
    %pushi/vec4 32, 0, 8; draw_string_vec4
    %cmp/e;
    %jmp/0xz  T_2.16, 4;
    %pushi/vec4 0, 0, 4;
    %store/vec4 v02df0848_0, 0, 4;
    %jmp T_2.17;
T_2.16 ;
    %pushi/vec4 9, 0, 4;
    %store/vec4 v02df0848_0, 0, 4;
T_2.17 ;
T_2.15 ;
T_2.13 ;
    %jmp T_2.11;
T_2.1 ;
    %load/vec4 v02df06e8_0;
    %pushi/vec4 69, 0, 8; draw_string_vec4
    %cmp/e;
    %flag_mov 8, 4;
    %load/vec4 v02df06e8_0;
    %pushi/vec4 101, 0, 8; draw_string_vec4
    %cmp/e;
    %flag_or 4, 8;
    %jmp/0xz  T_2.18, 4;
    %pushi/vec4 2, 0, 4;
    %store/vec4 v02df0848_0, 0, 4;
    %jmp T_2.19;
T_2.18 ;
    %load/vec4 v02df06e8_0;
    %pushi/vec4 32, 0, 8; draw_string_vec4
    %cmp/e;
    %jmp/0xz  T_2.20, 4;
    %pushi/vec4 0, 0, 4;
    %store/vec4 v02df0848_0, 0, 4;
    %jmp T_2.21;
T_2.20 ;
    %pushi/vec4 9, 0, 4;
    %store/vec4 v02df0848_0, 0, 4;
T_2.21 ;
T_2.19 ;
    %jmp T_2.11;
T_2.2 ;
    %load/vec4 v02df06e8_0;
    %pushi/vec4 71, 0, 8; draw_string_vec4
    %cmp/e;
    %flag_mov 8, 4;
    %load/vec4 v02df06e8_0;
    %pushi/vec4 103, 0, 8; draw_string_vec4
    %cmp/e;
    %flag_or 4, 8;
    %jmp/0xz  T_2.22, 4;
    %pushi/vec4 3, 0, 4;
    %store/vec4 v02df0848_0, 0, 4;
    %jmp T_2.23;
T_2.22 ;
    %load/vec4 v02df06e8_0;
    %pushi/vec4 32, 0, 8; draw_string_vec4
    %cmp/e;
    %jmp/0xz  T_2.24, 4;
    %pushi/vec4 0, 0, 4;
    %store/vec4 v02df0848_0, 0, 4;
    %jmp T_2.25;
T_2.24 ;
    %pushi/vec4 9, 0, 4;
    %store/vec4 v02df0848_0, 0, 4;
T_2.25 ;
T_2.23 ;
    %jmp T_2.11;
T_2.3 ;
    %load/vec4 v02df06e8_0;
    %pushi/vec4 73, 0, 8; draw_string_vec4
    %cmp/e;
    %flag_mov 8, 4;
    %load/vec4 v02df06e8_0;
    %pushi/vec4 105, 0, 8; draw_string_vec4
    %cmp/e;
    %flag_or 4, 8;
    %jmp/0xz  T_2.26, 4;
    %pushi/vec4 4, 0, 4;
    %store/vec4 v02df0848_0, 0, 4;
    %jmp T_2.27;
T_2.26 ;
    %load/vec4 v02df06e8_0;
    %pushi/vec4 32, 0, 8; draw_string_vec4
    %cmp/e;
    %jmp/0xz  T_2.28, 4;
    %pushi/vec4 0, 0, 4;
    %store/vec4 v02df0848_0, 0, 4;
    %jmp T_2.29;
T_2.28 ;
    %pushi/vec4 9, 0, 4;
    %store/vec4 v02df0848_0, 0, 4;
T_2.29 ;
T_2.27 ;
    %jmp T_2.11;
T_2.4 ;
    %load/vec4 v02df06e8_0;
    %pushi/vec4 78, 0, 8; draw_string_vec4
    %cmp/e;
    %flag_mov 8, 4;
    %load/vec4 v02df06e8_0;
    %pushi/vec4 110, 0, 8; draw_string_vec4
    %cmp/e;
    %flag_or 4, 8;
    %jmp/0xz  T_2.30, 4;
    %pushi/vec4 5, 0, 4;
    %store/vec4 v02df0848_0, 0, 4;
    %jmp T_2.31;
T_2.30 ;
    %load/vec4 v02df06e8_0;
    %pushi/vec4 32, 0, 8; draw_string_vec4
    %cmp/e;
    %jmp/0xz  T_2.32, 4;
    %pushi/vec4 0, 0, 4;
    %store/vec4 v02df0848_0, 0, 4;
    %jmp T_2.33;
T_2.32 ;
    %pushi/vec4 9, 0, 4;
    %store/vec4 v02df0848_0, 0, 4;
T_2.33 ;
T_2.31 ;
    %jmp T_2.11;
T_2.5 ;
    %load/vec4 v02df06e8_0;
    %pushi/vec4 32, 0, 8; draw_string_vec4
    %cmp/e;
    %jmp/0xz  T_2.34, 4;
    %pushi/vec4 0, 0, 4;
    %store/vec4 v02df0848_0, 0, 4;
    %jmp T_2.35;
T_2.34 ;
    %pushi/vec4 9, 0, 4;
    %store/vec4 v02df0848_0, 0, 4;
T_2.35 ;
    %jmp T_2.11;
T_2.6 ;
    %load/vec4 v02df06e8_0;
    %pushi/vec4 78, 0, 8; draw_string_vec4
    %cmp/e;
    %flag_mov 8, 4;
    %load/vec4 v02df06e8_0;
    %pushi/vec4 110, 0, 8; draw_string_vec4
    %cmp/e;
    %flag_or 4, 8;
    %jmp/0xz  T_2.36, 4;
    %pushi/vec4 7, 0, 4;
    %store/vec4 v02df0848_0, 0, 4;
    %jmp T_2.37;
T_2.36 ;
    %load/vec4 v02df06e8_0;
    %pushi/vec4 32, 0, 8; draw_string_vec4
    %cmp/e;
    %jmp/0xz  T_2.38, 4;
    %pushi/vec4 0, 0, 4;
    %store/vec4 v02df0848_0, 0, 4;
    %jmp T_2.39;
T_2.38 ;
    %pushi/vec4 9, 0, 4;
    %store/vec4 v02df0848_0, 0, 4;
T_2.39 ;
T_2.37 ;
    %jmp T_2.11;
T_2.7 ;
    %load/vec4 v02df06e8_0;
    %pushi/vec4 68, 0, 8; draw_string_vec4
    %cmp/e;
    %flag_mov 8, 4;
    %load/vec4 v02df06e8_0;
    %pushi/vec4 100, 0, 8; draw_string_vec4
    %cmp/e;
    %flag_or 4, 8;
    %jmp/0xz  T_2.40, 4;
    %pushi/vec4 8, 0, 4;
    %store/vec4 v02df0848_0, 0, 4;
    %jmp T_2.41;
T_2.40 ;
    %load/vec4 v02df06e8_0;
    %pushi/vec4 32, 0, 8; draw_string_vec4
    %cmp/e;
    %jmp/0xz  T_2.42, 4;
    %pushi/vec4 0, 0, 4;
    %store/vec4 v02df0848_0, 0, 4;
    %jmp T_2.43;
T_2.42 ;
    %pushi/vec4 9, 0, 4;
    %store/vec4 v02df0848_0, 0, 4;
T_2.43 ;
T_2.41 ;
    %jmp T_2.11;
T_2.8 ;
    %load/vec4 v02df06e8_0;
    %pushi/vec4 32, 0, 8; draw_string_vec4
    %cmp/e;
    %jmp/0xz  T_2.44, 4;
    %pushi/vec4 0, 0, 4;
    %store/vec4 v02df0848_0, 0, 4;
    %jmp T_2.45;
T_2.44 ;
    %pushi/vec4 9, 0, 4;
    %store/vec4 v02df0848_0, 0, 4;
T_2.45 ;
    %jmp T_2.11;
T_2.9 ;
    %load/vec4 v02df06e8_0;
    %pushi/vec4 32, 0, 8; draw_string_vec4
    %cmp/e;
    %jmp/0xz  T_2.46, 4;
    %pushi/vec4 0, 0, 4;
    %store/vec4 v02df0848_0, 0, 4;
    %jmp T_2.47;
T_2.46 ;
    %pushi/vec4 9, 0, 4;
    %store/vec4 v02df0848_0, 0, 4;
T_2.47 ;
    %jmp T_2.11;
T_2.11 ;
    %pop/vec4 1;
    %jmp T_2;
    .thread T_2, $push;
    .scope S_02df2dd8;
T_3 ;
    %wait E_02de2e68;
    %load/vec4 v02df09a8_0;
    %pad/u 32;
    %cmpi/e 1, 0, 32;
    %jmp/0xz  T_3.0, 4;
    %pushi/vec4 0, 0, 4;
    %store/vec4 v02df0a00_0, 0, 4;
    %pushi/vec4 0, 0, 32;
    %store/vec4 v02df2ea8_0, 0, 32;
    %pushi/vec4 0, 0, 1;
    %store/vec4 v02df0690_0, 0, 1;
    %jmp T_3.1;
T_3.0 ;
    %load/vec4 v02df0a00_0;
    %pushi/vec4 5, 0, 4;
    %cmp/e;
    %flag_get/vec4 4;
    %load/vec4 v02df0848_0;
    %pushi/vec4 0, 0, 4;
    %cmp/e;
    %flag_get/vec4 4;
    %and;
    %flag_set/vec4 8;
    %jmp/0xz  T_3.2, 8;
    %load/vec4 v02df2ea8_0;
    %addi 1, 0, 32;
    %store/vec4 v02df2ea8_0, 0, 32;
    %jmp T_3.3;
T_3.2 ;
    %load/vec4 v02df0848_0;
    %cmpi/e 8, 0, 4;
    %jmp/0xz  T_3.4, 4;
    %pushi/vec4 0, 0, 32;
    %load/vec4 v02df2ea8_0;
    %cmp/s;
    %jmp/0xz  T_3.6, 5;
    %pushi/vec4 1, 0, 1;
    %store/vec4 v02df0690_0, 0, 1;
    %jmp T_3.7;
T_3.6 ;
    %pushi/vec4 0, 0, 1;
    %store/vec4 v02df0690_0, 0, 1;
T_3.7 ;
    %jmp T_3.5;
T_3.4 ;
    %load/vec4 v02df0a00_0;
    %pushi/vec4 8, 0, 4;
    %cmp/e;
    %flag_get/vec4 4;
    %load/vec4 v02df0848_0;
    %pushi/vec4 0, 0, 4;
    %cmp/e;
    %flag_get/vec4 4;
    %inv;
    %and;
    %flag_set/vec4 8;
    %jmp/0xz  T_3.8, 8;
    %pushi/vec4 0, 0, 1;
    %store/vec4 v02df0690_0, 0, 1;
    %jmp T_3.9;
T_3.8 ;
    %load/vec4 v02df0a00_0;
    %pushi/vec4 8, 0, 4;
    %cmp/e;
    %flag_get/vec4 4;
    %load/vec4 v02df0848_0;
    %pushi/vec4 0, 0, 4;
    %cmp/e;
    %flag_get/vec4 4;
    %and;
    %flag_set/vec4 8;
    %jmp/0xz  T_3.10, 8;
    %pushi/vec4 0, 0, 32;
    %load/vec4 v02df2ea8_0;
    %cmp/s;
    %jmp/0xz  T_3.12, 5;
    %load/vec4 v02df2ea8_0;
    %subi 1, 0, 32;
    %store/vec4 v02df2ea8_0, 0, 32;
    %pushi/vec4 1, 0, 1;
    %store/vec4 v02df0690_0, 0, 1;
    %jmp T_3.13;
T_3.12 ;
    %pushi/vec4 0, 0, 1;
    %store/vec4 v02df0690_0, 0, 1;
T_3.13 ;
T_3.10 ;
T_3.9 ;
T_3.5 ;
T_3.3 ;
    %load/vec4 v02df0848_0;
    %store/vec4 v02df0a00_0, 0, 4;
T_3.1 ;
    %jmp T_3;
    .thread T_3;
# The file index is used to find the file name in the following table.
:file_names 3;
    "N/A";
    "<interactive>";
    "BlockChecker.v";
