Running: D:\Xilinx\14.7\ISE_DS\ISE\bin\nt\unwrapped\fuse.exe -intstyle ise -incremental -lib unisims_ver -lib unimacro_ver -lib xilinxcorelib_ver -o D:/Desktop/Logisim project/P1/BlockChecker/Block_isim_beh.exe -prj D:/Desktop/Logisim project/P1/BlockChecker/Block_beh.prj work.Block work.glbl 
ISim P.20131013 (signature 0x8ef4fb42)
Number of CPUs detected in this system: 8
Turning on mult-threading, number of parallel sub-compilation jobs: 16 
Determining compilation order of HDL files
Analyzing Verilog file "D:/Desktop/Logisim project/P1/BlockChecker/BlockChecker.v" into library work
Analyzing Verilog file "D:/Desktop/Logisim project/P1/BlockChecker/Block.v" into library work
Analyzing Verilog file "D:/Xilinx/14.7/ISE_DS/ISE//verilog/src/glbl.v" into library work
Starting static elaboration
Completed static elaboration
Fuse Memory Usage: 161716 KB
Fuse CPU Usage: 186 ms
Compiling module BlockChecker
Compiling module Block
Compiling module glbl
Time Resolution for simulation is 1ps.
Compiled 3 Verilog Units
Built simulation executable D:/Desktop/Logisim project/P1/BlockChecker/Block_isim_beh.exe
Fuse Memory Usage: 168216 KB
Fuse CPU Usage: 249 ms
