Running: fuse.exe -relaunch -intstyle "ise" -incremental -lib "unisims_ver" -lib "unimacro_ver" -lib "xilinxcorelib_ver" -o "D:/Desktop/CO/exercise/P1/string2/tb_isim_beh.exe" -prj "D:/Desktop/CO/exercise/P1/string2/tb_beh.prj" "work.tb" "work.glbl" 
ISim P.20131013 (signature 0x8ef4fb42)
Number of CPUs detected in this system: 8
Turning on mult-threading, number of parallel sub-compilation jobs: 16 
Determining compilation order of HDL files
Analyzing Verilog file "D:/Desktop/CO/exercise/P1/string2/string2.v" into library work
Analyzing Verilog file "D:/Desktop/CO/exercise/P1/string2/tb.v" into library work
Analyzing Verilog file "D:/Xilinx/14.7/ISE_DS/ISE//verilog/src/glbl.v" into library work
Starting static elaboration
Completed static elaboration
Fuse Memory Usage: 161720 KB
Fuse CPU Usage: 218 ms
Compiling module string2
Compiling module tb
Compiling module glbl
Time Resolution for simulation is 1ps.
Compiled 3 Verilog Units
Built simulation executable D:/Desktop/CO/exercise/P1/string2/tb_isim_beh.exe
Fuse Memory Usage: 168164 KB
Fuse CPU Usage: 250 ms
