Command line:
   tb_isim_beh.exe
     -simmode  gui
     -simrunnum  0
     -socket  58433

Thu Oct 06 22:51:20 2022


 Elaboration Time: 0.046875 sec

 Current Memory Usage: 845.312 Meg

 Total Signals          : 18
 Total Nets             : 20
 Total Signal Drivers   : 9
 Total Blocks           : 3
 Total Primitive Blocks : 2
 Total Processes        : 14
 Total Traceable Variables  : 33
 Total Scalar Nets and Variables : 165
Total Line Count : 71

 Total Simulation Time: 0.078125 sec

 Current Memory Usage: 1160.41 Meg

Thu Oct 06 22:52:06 2022

