Command line:
   tb_isim_beh.exe
     -simmode  gui
     -simrunnum  0
     -socket  58326

Sun Nov 20 14:46:45 2022


 Elaboration Time: 0.0625 sec

 Current Memory Usage: 5161.04 Meg

 Total Signals          : 321
 Total Nets             : 1920
 Total Signal Drivers   : 230
 Total Blocks           : 21
 Total Primitive Blocks : 17
 Total Processes        : 242
 Total Traceable Variables  : 58
 Total Scalar Nets and Variables : 265954
Total Line Count : 380

 Total Simulation Time: 0.078125 sec

 Current Memory Usage: 4689.18 Meg

Sun Nov 20 15:07:29 2022

