ISim log file
Running: D:\Desktop\CO\exercise\P4\CPU_lwwr\tb_isim_beh.exe -intstyle ise -gui -tclbatch isim.cmd -wdb D:/Desktop/CO/exercise/P4/CPU_lwwr/tb_isim_beh.wdb 
ISim P.20131013 (signature 0x7708f090)
WARNING: A WEBPACK license was found.
WARNING: Please use Xilinx License Configuration Manager to check out a full ISim license.
WARNING: ISim will run in Lite mode. Please refer to the ISim documentation for more information on the differences between the Lite and the Full version.
This is a Lite version of ISim.
Time resolution is 1 ps
# onerror resume
# wave add /
# run 1000 ns
Simulator is doing circuit initialization process.
Finished circuit initialization process.
@00003000: $ 4 <= 00000000
@00003004: $ 9 <= 12340000
@00003008: $ 9 <= 12346789
@0000300c: *00000000 <= 12346789
@00003010: $10 <= 00000000
@00003014: $10 <= 00000000
@00003018: $10 <= 00000000
@0000301c: $10 <= 00000000
ISim P.20131013 (signature 0x7708f090)
WARNING: A WEBPACK license was found.
WARNING: Please use Xilinx License Configuration Manager to check out a full ISim license.
WARNING: ISim will run in Lite mode. Please refer to the ISim documentation for more information on the differences between the Lite and the Full version.
This is a Lite version of ISim.
# run 1000 ns
Simulator is doing circuit initialization process.
Finished circuit initialization process.
@00003000: $ 4 <= 00000000
@00003004: $ 9 <= 12340000
@00003008: $ 9 <= 12346789
@0000300c: *00000000 <= 12346789
@00003010: $10 <= 12346789
@00003014: $10 <= 89123467
@00003018: $10 <= 67891234
@0000301c: $10 <= 34678912
