Running: fuse.exe -relaunch -intstyle "ise" -incremental -lib "unisims_ver" -lib "unimacro_ver" -lib "xilinxcorelib_ver" -lib "secureip" -o "D:/Desktop/CO/exercise/P6/CPU_sbc/mips_txt_isim_beh.exe" -prj "D:/Desktop/CO/exercise/P6/CPU_sbc/mips_txt_beh.prj" "work.mips_txt" "work.glbl" 
ISim P.20131013 (signature 0x7708f090)
Number of CPUs detected in this system: 8
Turning on mult-threading, number of parallel sub-compilation jobs: 16 
Determining compilation order of HDL files
Analyzing Verilog file "D:/Desktop/CO/exercise/P6/CPU_sbc/NPC.v" into library work
Analyzing Verilog file "D:/Desktop/CO/exercise/P6/CPU_sbc/HAZARD_M.v" into library work
Analyzing Verilog file "D:/Desktop/CO/exercise/P6/CPU_sbc/HAZARD_E.v" into library work
Analyzing Verilog file "D:/Desktop/CO/exercise/P6/CPU_sbc/MDU.v" into library work
Analyzing Verilog file "D:/Desktop/CO/exercise/P6/CPU_sbc/IF_ID.v" into library work
Analyzing Verilog file "D:/Desktop/CO/exercise/P6/CPU_sbc/IFU.v" into library work
Analyzing Verilog file "D:/Desktop/CO/exercise/P6/CPU_sbc/ID_EX.v" into library work
Analyzing Verilog file "D:/Desktop/CO/exercise/P6/CPU_sbc/HAZARD.v" into library work
Analyzing Verilog file "D:/Desktop/CO/exercise/P6/CPU_sbc/GRF.v" into library work
Analyzing Verilog file "D:/Desktop/CO/exercise/P6/CPU_sbc/EX_DM.v" into library work
Analyzing Verilog file "D:/Desktop/CO/exercise/P6/CPU_sbc/EXT.v" into library work
Analyzing Verilog file "D:/Desktop/CO/exercise/P6/CPU_sbc/DM_WB.v" into library work
Analyzing Verilog file "D:/Desktop/CO/exercise/P6/CPU_sbc/DE.v" into library work
Analyzing Verilog file "D:/Desktop/CO/exercise/P6/CPU_sbc/CTRL.v" into library work
Analyzing Verilog file "D:/Desktop/CO/exercise/P6/CPU_sbc/CMP.v" into library work
Analyzing Verilog file "D:/Desktop/CO/exercise/P6/CPU_sbc/BE.v" into library work
Analyzing Verilog file "D:/Desktop/CO/exercise/P6/CPU_sbc/ALU.v" into library work
Analyzing Verilog file "D:/Desktop/CO/exercise/P6/CPU_sbc/mips.v" into library work
Analyzing Verilog file "D:/Desktop/CO/exercise/P6/CPU_sbc/tb.v" into library work
Analyzing Verilog file "D:/Xilinx/14.7/ISE_DS/ISE//verilog/src/glbl.v" into library work
Starting static elaboration
WARNING:HDLCompiler:1016 - "D:/Desktop/CO/exercise/P6/CPU_sbc/mips.v" Line 97: Port ALUsrc is not connected to this instance
WARNING:HDLCompiler:1016 - "D:/Desktop/CO/exercise/P6/CPU_sbc/mips.v" Line 223: Port RegDst is not connected to this instance
WARNING:HDLCompiler:1016 - "D:/Desktop/CO/exercise/P6/CPU_sbc/mips.v" Line 314: Port RegDst is not connected to this instance
WARNING:HDLCompiler:1016 - "D:/Desktop/CO/exercise/P6/CPU_sbc/mips.v" Line 372: Port RegDst is not connected to this instance
Completed static elaboration
Compiling module NPC
Compiling module IFU
Compiling module IF_ID
Compiling module CTRL
Compiling module GRF
Compiling module CMP
Compiling module EXT
Compiling module ID_EX
Compiling module ALU
Compiling module MDU
Compiling module EX_DM
Compiling module BE
Compiling module DE
Compiling module DM_WB
Compiling module HAZARD_E
Compiling module HAZARD_M
Compiling module HAZARD
Compiling module mips
Compiling module mips_txt
Compiling module glbl
Time Resolution for simulation is 1ps.
Waiting for 3 sub-compilation(s) to finish...
ERROR:Simulator:904 - Unable to remove previous simulation file isim/mips_txt_isim_beh.exe.sim/mips_txt_isim_beh.exe. Please check if you have another instance of this simulation running on your system, terminate it and then recompile your design. System Error Message: boost::filesystem::remove: ¾Ü¾ø·ÃÎÊ¡£: "isim\mips_txt_isim_beh.exe.sim\mips_txt_isim_beh.exe"
ERROR:Simulator:861 - Failed to link the design
