ISim log file
Running: D:\Desktop\CO\exercise\P6\CPU_sbc\mips_txt_isim_beh.exe -intstyle ise -gui -tclbatch isim.cmd -wdb D:/Desktop/CO/exercise/P6/CPU_sbc/mips_txt_isim_beh.wdb 
ISim P.20131013 (signature 0x7708f090)
WARNING: A WEBPACK license was found.
WARNING: Please use Xilinx License Configuration Manager to check out a full ISim license.
WARNING: ISim will run in Lite mode. Please refer to the ISim documentation for more information on the differences between the Lite and the Full version.
This is a Lite version of ISim.
Time resolution is 1 ps
# onerror resume
# wave add /
# run 1000 ns
Simulator is doing circuit initialization process.
Finished circuit initialization process.
                  38@00003000: $ 8 <= 42540000
                  42@00003004: $ 8 <= 42542213
                  46@00003008: $ 9 <= 00000001
                  50@0000300c: $ 4 <= 54421322
ISim P.20131013 (signature 0x7708f090)
WARNING: A WEBPACK license was found.
WARNING: Please use Xilinx License Configuration Manager to check out a full ISim license.
WARNING: ISim will run in Lite mode. Please refer to the ISim documentation for more information on the differences between the Lite and the Full version.
This is a Lite version of ISim.
# run 1000 ns
Simulator is doing circuit initialization process.
ERROR: In process tb.vInitial_54_2 
 FATAL ERROR:ISim: This application has discovered an exceptional condition from which it cannot recover. Process will terminate. To search for possible resolutions to this issue, refer to the Xilinx answer database by going to http://www.xilinx.com/support/answers/index.htm and search with keywords 'ISim' and 'FATAL ERROR'. For technical support on this issue, please open a WebCase with this project attached at http://www.xilinx.com/support.
INFO: Simulator is stopped.
