Command line:
   DM_isim_beh.exe
     -simmode  gui
     -simrunnum  0
     -socket  50272

Fri Oct 28 16:54:34 2022


 Elaboration Time: 0.015625 sec

 Current Memory Usage: 5157.05 Meg

 Total Signals          : 37
 Total Nets             : 466
 Total Signal Drivers   : 22
 Total Blocks           : 2
 Total Primitive Blocks : 2
 Total Processes        : 18
 Total Traceable Variables  : 20
 Total Scalar Nets and Variables : 131650
Total Line Count : 33

 Total Simulation Time: 0.015625 sec

 Current Memory Usage: 5157.05 Meg

Fri Oct 28 16:54:39 2022

