ISim log file
Running: D:\Desktop\CO\exercise\P6\CPU_bezal\mips_txt_isim_beh.exe -intstyle ise -gui -tclbatch isim.cmd -wdb D:/Desktop/CO/exercise/P6/CPU_bezal/mips_txt_isim_beh.wdb 
ISim P.20131013 (signature 0x7708f090)
WARNING: A WEBPACK license was found.
WARNING: Please use Xilinx License Configuration Manager to check out a full ISim license.
WARNING: ISim will run in Lite mode. Please refer to the ISim documentation for more information on the differences between the Lite and the Full version.
This is a Lite version of ISim.
Time resolution is 1 ps
# onerror resume
# wave add /
# run 1000 ns
Simulator is doing circuit initialization process.
Finished circuit initialization process.
                  38@00003000: $ 8 <= 00000000
                  42@00003004: $ 9 <= 00001235
                  46@00003008: $31 <= 00003010
                  58@0000301c: $31 <= 00003024
                  66@00003010: $ 4 <= 00001234
                  78@00003024: $ 5 <= 0000ffff
ISim P.20131013 (signature 0x7708f090)
WARNING: A WEBPACK license was found.
WARNING: Please use Xilinx License Configuration Manager to check out a full ISim license.
WARNING: ISim will run in Lite mode. Please refer to the ISim documentation for more information on the differences between the Lite and the Full version.
This is a Lite version of ISim.
# run 1000 ns
Simulator is doing circuit initialization process.
Finished circuit initialization process.
                  38@00003000: $ 8 <= 00000000
                  42@00003004: $ 9 <= 00001235
                  46@00003008: $31 <= 00003010
                  66@00003024: $ 5 <= 0000ffff
