ISim log file
Running: D:\Desktop\CO\exercise\P5\CPU - lrm\tb_isim_beh.exe -intstyle ise -gui -tclbatch isim.cmd -wdb D:/Desktop/CO/exercise/P5/CPU - lrm/tb_isim_beh.wdb 
ISim P.20131013 (signature 0x7708f090)
WARNING: A WEBPACK license was found.
WARNING: Please use Xilinx License Configuration Manager to check out a full ISim license.
WARNING: ISim will run in Lite mode. Please refer to the ISim documentation for more information on the differences between the Lite and the Full version.
This is a Lite version of ISim.
Time resolution is 1 ps
# onerror resume
# wave add /
# run 1000 ns
Simulator is doing circuit initialization process.
Finished circuit initialization process.
                   9@00003000: $ 8 <= 00001234
                  11@00003004: $ 9 <= 00003456
                  11@00003008: *00000000 <= 00003456
                  15@0000300c: $10 <= 00000000
                  17@00003010: $22 <= 00001234
ISim P.20131013 (signature 0x7708f090)
WARNING: A WEBPACK license was found.
WARNING: Please use Xilinx License Configuration Manager to check out a full ISim license.
WARNING: ISim will run in Lite mode. Please refer to the ISim documentation for more information on the differences between the Lite and the Full version.
This is a Lite version of ISim.
# run 1000 ns
Simulator is doing circuit initialization process.
Finished circuit initialization process.
                   9@00003000: $ 9 <= 00003456
                   9@00003004: *00000000 <= 00003456
                  13@00003008: $10 <= 00000000
                  15@0000300c: $ 8 <= 00001234
                  17@00003010: $22 <= 00000000
ISim P.20131013 (signature 0x7708f090)
WARNING: A WEBPACK license was found.
WARNING: Please use Xilinx License Configuration Manager to check out a full ISim license.
WARNING: ISim will run in Lite mode. Please refer to the ISim documentation for more information on the differences between the Lite and the Full version.
This is a Lite version of ISim.
# run 1000 ns
Simulator is doing circuit initialization process.
Finished circuit initialization process.
                   9@00003000: $ 9 <= 00003456
                   9@00003004: *00000000 <= 00003456
                  13@00003008: $10 <= 00000000
                  15@0000300c: $ 8 <= 00001234
                  17@00003010: $22 <= 00001234
ISim P.20131013 (signature 0x7708f090)
WARNING: A WEBPACK license was found.
WARNING: Please use Xilinx License Configuration Manager to check out a full ISim license.
WARNING: ISim will run in Lite mode. Please refer to the ISim documentation for more information on the differences between the Lite and the Full version.
This is a Lite version of ISim.
# run 1000 ns
Simulator is doing circuit initialization process.
Finished circuit initialization process.
                   9@00003000: $ 9 <= 00003456
                  11@00003004: $ 8 <= 00001234
                  11@00003008: *00000000 <= 00003456
                  15@0000300c: $10 <= 00000000
                  17@00003010: $22 <= 00001234
ISim P.20131013 (signature 0x7708f090)
WARNING: A WEBPACK license was found.
WARNING: Please use Xilinx License Configuration Manager to check out a full ISim license.
WARNING: ISim will run in Lite mode. Please refer to the ISim documentation for more information on the differences between the Lite and the Full version.
This is a Lite version of ISim.
# run 1000 ns
Simulator is doing circuit initialization process.
Finished circuit initialization process.
                   9@00003000: $ 9 <= 00003456
                  11@00003004: $ 8 <= 00001223
                  11@00003008: *00000000 <= 00003456
                  15@0000300c: $10 <= 00000000
                  17@00003010: $ 8 <= 0000567b
                  19@00003014: $22 <= 0000567b
ISim P.20131013 (signature 0x7708f090)
WARNING: A WEBPACK license was found.
WARNING: Please use Xilinx License Configuration Manager to check out a full ISim license.
WARNING: ISim will run in Lite mode. Please refer to the ISim documentation for more information on the differences between the Lite and the Full version.
This is a Lite version of ISim.
# run 1000 ns
Simulator is doing circuit initialization process.
Finished circuit initialization process.
                   9@00003000: $ 9 <= 00003445
                  11@00003004: $ 8 <= 00001223
                  11@00003008: *00000000 <= 00003445
                  15@0000300c: $10 <= 00000000
                  17@00003010: $ 8 <= 0000567b
                  19@00003014: $ 5 <= 0000567b
