Command line:
   tb_isim_beh.exe
     -simmode  gui
     -simrunnum  0
     -socket  54317

Sun Nov 13 20:36:34 2022


 Elaboration Time: 0.03125 sec

 Current Memory Usage: 5159.9 Meg

 Total Signals          : 137
 Total Nets             : 1046
 Total Signal Drivers   : 79
 Total Blocks           : 11
 Total Primitive Blocks : 8
 Total Processes        : 81
 Total Traceable Variables  : 30
 Total Scalar Nets and Variables : 264520
Total Line Count : 121

 Total Simulation Time: 0.1875 sec

 Current Memory Usage: 4688.04 Meg

Sun Nov 13 21:11:03 2022

