ISim log file
Running: D:\Desktop\CO\exercise\P5\CPU -coo\tb_isim_beh.exe -intstyle ise -gui -tclbatch isim.cmd -wdb D:/Desktop/CO/exercise/P5/CPU -coo/tb_isim_beh.wdb 
INFO: There is another simulation running in the same directory. Using database file name isim1.wdb.
ISim P.20131013 (signature 0x7708f090)
WARNING: A WEBPACK license was found.
WARNING: Please use Xilinx License Configuration Manager to check out a full ISim license.
WARNING: ISim will run in Lite mode. Please refer to the ISim documentation for more information on the differences between the Lite and the Full version.
This is a Lite version of ISim.
Time resolution is 1 ps
# onerror resume
# wave add /
# run 1000 ns
Simulator is doing circuit initialization process.
Finished circuit initialization process.
                   9@00003000: $ 8 <= 00001234
                  11@00003004: $ 9 <= 00004353
                  13@00003008: $ 4 <= 00000000
                  15@0000300c: $ 5 <= 00000000
                  17@00003010: $ 6 <= 00000000
ISim P.20131013 (signature 0x7708f090)
WARNING: A WEBPACK license was found.
WARNING: Please use Xilinx License Configuration Manager to check out a full ISim license.
WARNING: ISim will run in Lite mode. Please refer to the ISim documentation for more information on the differences between the Lite and the Full version.
This is a Lite version of ISim.
# run 1000 ns
Simulator is doing circuit initialization process.
Finished circuit initialization process.
                   9@00003000: $ 8 <= 00001234
                  11@00003004: $ 9 <= 00004353
                  13@00003008: $ 4 <= 00000002
                  15@0000300c: $ 5 <= 00000000
                  17@00003010: $ 6 <= 00000000
ISim P.20131013 (signature 0x7708f090)
WARNING: A WEBPACK license was found.
WARNING: Please use Xilinx License Configuration Manager to check out a full ISim license.
WARNING: ISim will run in Lite mode. Please refer to the ISim documentation for more information on the differences between the Lite and the Full version.
This is a Lite version of ISim.
# run 1000 ns
Simulator is doing circuit initialization process.
Finished circuit initialization process.
                   9@00003000: $ 8 <= 00001234
                  11@00003004: $ 9 <= 00004353
                  13@00003008: $ 4 <= 00000002
                  15@0000300c: $ 5 <= 00000001
                  17@00003010: $ 6 <= 00000001
ISim P.20131013 (signature 0x7708f090)
WARNING: A WEBPACK license was found.
WARNING: Please use Xilinx License Configuration Manager to check out a full ISim license.
WARNING: ISim will run in Lite mode. Please refer to the ISim documentation for more information on the differences between the Lite and the Full version.
This is a Lite version of ISim.
# run 1000 ns
Simulator is doing circuit initialization process.
Finished circuit initialization process.
                   9@00003000: $ 8 <= 0000ffff
                  11@00003004: $ 9 <= 0000ab34
                  13@00003008: $ 4 <= 00000008
                  15@0000300c: $ 5 <= 00000000
                  17@00003010: $ 6 <= 00000000
ISim P.20131013 (signature 0x7708f090)
WARNING: A WEBPACK license was found.
WARNING: Please use Xilinx License Configuration Manager to check out a full ISim license.
WARNING: ISim will run in Lite mode. Please refer to the ISim documentation for more information on the differences between the Lite and the Full version.
This is a Lite version of ISim.
# run 1000 ns
Simulator is doing circuit initialization process.
Finished circuit initialization process.
                   9@00003000: $ 8 <= 0000ffff
                  11@00003004: $ 9 <= 0000ab33
                  13@00003008: $ 4 <= 00000009
                  15@0000300c: $ 5 <= 00000001
                  17@00003010: $ 6 <= 00000001
