Command line:
   com_isim_beh.exe
     -simmode  gui
     -simrunnum  0
     -socket  56284

Wed Aug 17 22:11:50 2022


 Elaboration Time: 0.046875 sec

 Current Memory Usage: 845.103 Meg

 Total Signals          : 18
 Total Nets             : 24
 Total Signal Drivers   : 6
 Total Blocks           : 2
 Total Primitive Blocks : 2
 Total Processes        : 7
 Total Traceable Variables  : 18
 Total Scalar Nets and Variables : 104
Total Line Count : 15

 Total Simulation Time: 0.046875 sec

 Current Memory Usage: 845.103 Meg

Wed Aug 17 22:11:54 2022

