Running: fuse.exe -relaunch -intstyle "ise" -incremental -lib "unisims_ver" -lib "unimacro_ver" -lib "xilinxcorelib_ver" -lib "secureip" -o "D:/Desktop/CO/exercise/P5/CPU - bgezall/tb_isim_beh.exe" -prj "D:/Desktop/CO/exercise/P5/CPU - bgezall/tb_beh.prj" "work.tb" "work.glbl" 
ISim P.20131013 (signature 0x7708f090)
Number of CPUs detected in this system: 8
Turning on mult-threading, number of parallel sub-compilation jobs: 16 
Determining compilation order of HDL files
Analyzing Verilog file "D:/Desktop/CO/exercise/P5/CPU - bgezall/NPC.v" into library work
Analyzing Verilog file "D:/Desktop/CO/exercise/P5/CPU - bgezall/HAZARD_M.v" into library work
Analyzing Verilog file "D:/Desktop/CO/exercise/P5/CPU - bgezall/HAZARD_E.v" into library work
Analyzing Verilog file "D:/Desktop/CO/exercise/P5/CPU - bgezall/IF_ID.v" into library work
Analyzing Verilog file "D:/Desktop/CO/exercise/P5/CPU - bgezall/IFU.v" into library work
Analyzing Verilog file "D:/Desktop/CO/exercise/P5/CPU - bgezall/ID_EX.v" into library work
Analyzing Verilog file "D:/Desktop/CO/exercise/P5/CPU - bgezall/HAZARD.v" into library work
Analyzing Verilog file "D:/Desktop/CO/exercise/P5/CPU - bgezall/GRF.v" into library work
Analyzing Verilog file "D:/Desktop/CO/exercise/P5/CPU - bgezall/EX_DM.v" into library work
Analyzing Verilog file "D:/Desktop/CO/exercise/P5/CPU - bgezall/EXT.v" into library work
Analyzing Verilog file "D:/Desktop/CO/exercise/P5/CPU - bgezall/DM_WB.v" into library work
Analyzing Verilog file "D:/Desktop/CO/exercise/P5/CPU - bgezall/DM.v" into library work
Analyzing Verilog file "D:/Desktop/CO/exercise/P5/CPU - bgezall/CTRL.v" into library work
Analyzing Verilog file "D:/Desktop/CO/exercise/P5/CPU - bgezall/CMP.v" into library work
Analyzing Verilog file "D:/Desktop/CO/exercise/P5/CPU - bgezall/ALU.v" into library work
Analyzing Verilog file "D:/Desktop/CO/exercise/P5/CPU - bgezall/mips.v" into library work
Analyzing Verilog file "D:/Desktop/CO/exercise/P5/CPU - bgezall/tb.v" into library work
Analyzing Verilog file "D:/Xilinx/14.7/ISE_DS/ISE//verilog/src/glbl.v" into library work
Starting static elaboration
WARNING:HDLCompiler:1016 - "D:/Desktop/CO/exercise/P5/CPU - bgezall/mips.v" Line 38: Port Judge_D is not connected to this instance
WARNING:HDLCompiler:1016 - "D:/Desktop/CO/exercise/P5/CPU - bgezall/mips.v" Line 53: Port IF_ID_clr is not connected to this instance
WARNING:HDLCompiler:1016 - "D:/Desktop/CO/exercise/P5/CPU - bgezall/mips.v" Line 82: Port ALUsrc is not connected to this instance
WARNING:HDLCompiler:1016 - "D:/Desktop/CO/exercise/P5/CPU - bgezall/mips.v" Line 200: Port RegDst is not connected to this instance
WARNING:HDLCompiler:1016 - "D:/Desktop/CO/exercise/P5/CPU - bgezall/mips.v" Line 274: Port RegDst is not connected to this instance
WARNING:HDLCompiler:1016 - "D:/Desktop/CO/exercise/P5/CPU - bgezall/mips.v" Line 323: Port RegDst is not connected to this instance
Completed static elaboration
Compiling module NPC
Compiling module IFU
Compiling module IF_ID
Compiling module CTRL
Compiling module GRF
Compiling module CMP
Compiling module EXT
Compiling module ID_EX
Compiling module ALU
Compiling module EX_DM
Compiling module DM
Compiling module DM_WB
Compiling module HAZARD_E
Compiling module HAZARD_M
Compiling module HAZARD
Compiling module mips
Compiling module tb
Compiling module glbl
Time Resolution for simulation is 1ps.
Waiting for 3 sub-compilation(s) to finish...
Compiled 18 Verilog Units
Built simulation executable D:/Desktop/CO/exercise/P5/CPU - bgezall/tb_isim_beh.exe
Fuse Memory Usage: 33640 KB
Fuse CPU Usage: 796 ms
