Command line:
   tb_isim_beh.exe
     -simmode  gui
     -simrunnum  0
     -socket  60173

Thu Oct 06 23:54:59 2022


 Elaboration Time: 0.046875 sec

 Current Memory Usage: 844.993 Meg

 Total Signals          : 18
 Total Nets             : 24
 Total Signal Drivers   : 9
 Total Blocks           : 3
 Total Primitive Blocks : 2
 Total Processes        : 14
 Total Traceable Variables  : 32
 Total Scalar Nets and Variables : 1197
Total Line Count : 70

 Total Simulation Time: 0.046875 sec

 Current Memory Usage: 846.041 Meg

Thu Oct 06 23:55:03 2022

