ISim log file
Running: D:\Desktop\CO\exercise\P6\CPU_msub\mips_txt_isim_beh.exe -intstyle ise -gui -tclbatch isim.cmd -wdb D:/Desktop/CO/exercise/P6/CPU_msub/mips_txt_isim_beh.wdb 
ISim P.20131013 (signature 0x7708f090)
WARNING: A WEBPACK license was found.
WARNING: Please use Xilinx License Configuration Manager to check out a full ISim license.
WARNING: ISim will run in Lite mode. Please refer to the ISim documentation for more information on the differences between the Lite and the Full version.
This is a Lite version of ISim.
Time resolution is 1 ps
# onerror resume
# wave add /
# run 1000 ns
Simulator is doing circuit initialization process.
Finished circuit initialization process.
                  38@00003000: $ 8 <= 43240000
                  42@00003004: $ 8 <= 43244121
                  46@00003008: $ 9 <= fe320000
                  50@0000300c: $ 9 <= fe325324
                  54@00003010: $ 5 <= 00005344
                  58@00003014: $ 4 <= 00006472
                  94@00003020: $10 <= a8a8dba4
ISim P.20131013 (signature 0x7708f090)
WARNING: A WEBPACK license was found.
WARNING: Please use Xilinx License Configuration Manager to check out a full ISim license.
WARNING: ISim will run in Lite mode. Please refer to the ISim documentation for more information on the differences between the Lite and the Full version.
This is a Lite version of ISim.
# run 1000 ns
Simulator is doing circuit initialization process.
Finished circuit initialization process.
                  38@00003000: $ 8 <= 43240000
                  42@00003004: $ 8 <= 43244121
                  46@00003008: $ 9 <= fe320000
                  50@0000300c: $ 9 <= fe325324
                  54@00003010: $ 5 <= 00005344
                  58@00003014: $ 4 <= 00006472
                  94@00003020: $10 <= a8a8dba4
ISim P.20131013 (signature 0x7708f090)
WARNING: A WEBPACK license was found.
WARNING: Please use Xilinx License Configuration Manager to check out a full ISim license.
WARNING: ISim will run in Lite mode. Please refer to the ISim documentation for more information on the differences between the Lite and the Full version.
This is a Lite version of ISim.
# run 1000 ns
Simulator is doing circuit initialization process.
Finished circuit initialization process.
                  38@00003000: $ 8 <= 43240000
                  42@00003004: $ 8 <= 43244121
                  46@00003008: $ 9 <= fe320000
                  50@0000300c: $ 9 <= fe325324
                  54@00003010: $ 5 <= 00005344
                  58@00003014: $ 4 <= 00006472
                 118@00003020: $10 <= 87fd375c
