#! c:/iverilog-x86/bin/vvp
:ivl_version "10.0 (stable)" "(v10_0)";
:ivl_delay_selection "TYPICAL";
:vpi_time_precision - 12;
:vpi_module "system";
:vpi_module "vhdl_sys";
:vpi_module "v2005_math";
:vpi_module "va_math";
S_0131ecb0 .scope module, "cpu_checker_tb" "cpu_checker_tb" 2 3;
 .timescale -9 -12;
v02af99d8_0 .var "char", 7 0;
v02af97c8_0 .var "clk", 0 0;
v02af96c0_0 .var "finish", 0 0;
v02af9820_0 .net "format_type", 1 0, L_02af95b8;  1 drivers
v02af9090_0 .var "freq", 15 0;
v02af93a8_0 .var/i "out", 31 0;
v02af9878_0 .var "reset", 0 0;
S_0131ed80 .scope module, "uut" "cpu_checker" 2 24, 3 14 0, S_0131ecb0;
 .timescale -9 -12;
    .port_info 0 /INPUT 1 "clk"
    .port_info 1 /INPUT 1 "reset"
    .port_info 2 /INPUT 8 "char"
    .port_info 3 /OUTPUT 2 "format_type"
L_02aa0c50 .functor AND 1, L_02af9a30, L_02af9198, C4<1>, C4<1>;
L_02aa1358 .functor AND 1, L_02af9718, L_02af92a0, C4<1>, C4<1>;
L_02af9f68 .functor BUFT 1, C4<0111>, C4<0>, C4<0>, C4<0>;
v02a5a340_0 .net/2u *"_s0", 3 0, L_02af9f68;  1 drivers
L_02af9fb8 .functor BUFT 1, C4<01>, C4<0>, C4<0>, C4<0>;
v02a5a398_0 .net/2u *"_s10", 1 0, L_02af9fb8;  1 drivers
L_02af9fe0 .functor BUFT 1, C4<0111>, C4<0>, C4<0>, C4<0>;
v02a5a7b8_0 .net/2u *"_s12", 3 0, L_02af9fe0;  1 drivers
v02a5a3f0_0 .net *"_s14", 0 0, L_02af9718;  1 drivers
L_02afa008 .functor BUFT 1, C4<00000000000000000000000000000001>, C4<0>, C4<0>, C4<0>;
v02a5a5a8_0 .net/2s *"_s16", 31 0, L_02afa008;  1 drivers
v02a5a810_0 .net *"_s18", 0 0, L_02af92a0;  1 drivers
v02a5a708_0 .net *"_s2", 0 0, L_02af9a30;  1 drivers
v02a5a6b0_0 .net *"_s20", 0 0, L_02aa1358;  1 drivers
L_02afa030 .functor BUFT 1, C4<10>, C4<0>, C4<0>, C4<0>;
v02a5a0d8_0 .net/2u *"_s22", 1 0, L_02afa030;  1 drivers
L_02afa058 .functor BUFT 1, C4<00>, C4<0>, C4<0>, C4<0>;
v02a5a448_0 .net/2u *"_s24", 1 0, L_02afa058;  1 drivers
v02a5a4a0_0 .net *"_s26", 1 0, L_02af9560;  1 drivers
L_02af9f90 .functor BUFT 1, C4<00000000000000000000000000000000>, C4<0>, C4<0>, C4<0>;
v02a5a550_0 .net/2s *"_s4", 31 0, L_02af9f90;  1 drivers
v02a5a760_0 .net *"_s6", 0 0, L_02af9198;  1 drivers
v02a5a130_0 .net *"_s8", 0 0, L_02aa0c50;  1 drivers
v02a5a600_0 .net "char", 7 0, v02af99d8_0;  1 drivers
v02a5a188_0 .net "clk", 0 0, v02af97c8_0;  1 drivers
v02a5a1e0_0 .var/i "dexcnt", 31 0;
v02a5a238_0 .var/i "flag", 31 0;
v02a5a290_0 .net "format_type", 1 0, L_02af95b8;  alias, 1 drivers
v02a5a2e8_0 .var/i "hexcnt", 31 0;
v02a5a658_0 .net "reset", 0 0, v02af9878_0;  1 drivers
v02a5a4f8_0 .var/i "spacecnt", 31 0;
v02af9508_0 .var "state", 3 0;
E_02ac5a48 .event posedge, v02a5a188_0;
L_02af9a30 .cmp/eq 4, v02af9508_0, L_02af9f68;
L_02af9198 .cmp/eq 32, v02a5a238_0, L_02af9f90;
L_02af9718 .cmp/eq 4, v02af9508_0, L_02af9fe0;
L_02af92a0 .cmp/eq 32, v02a5a238_0, L_02afa008;
L_02af9560 .functor MUXZ 2, L_02afa058, L_02afa030, L_02aa1358, C4<>;
L_02af95b8 .functor MUXZ 2, L_02af9560, L_02af9fb8, L_02aa0c50, C4<>;
    .scope S_0131ed80;
T_0 ;
    %pushi/vec4 0, 0, 32;
    %store/vec4 v02a5a1e0_0, 0, 32;
    %end;
    .thread T_0;
    .scope S_0131ed80;
T_1 ;
    %pushi/vec4 0, 0, 32;
    %store/vec4 v02a5a2e8_0, 0, 32;
    %end;
    .thread T_1;
    .scope S_0131ed80;
T_2 ;
    %pushi/vec4 0, 0, 32;
    %store/vec4 v02a5a4f8_0, 0, 32;
    %end;
    .thread T_2;
    .scope S_0131ed80;
T_3 ;
    %pushi/vec4 0, 0, 4;
    %store/vec4 v02af9508_0, 0, 4;
    %end;
    .thread T_3;
    .scope S_0131ed80;
T_4 ;
    %wait E_02ac5a48;
    %load/vec4 v02a5a658_0;
    %pad/u 32;
    %cmpi/e 1, 0, 32;
    %jmp/0xz  T_4.0, 4;
    %pushi/vec4 0, 0, 4;
    %store/vec4 v02af9508_0, 0, 4;
    %pushi/vec4 0, 0, 32;
    %store/vec4 v02a5a4f8_0, 0, 32;
    %pushi/vec4 0, 0, 32;
    %store/vec4 v02a5a2e8_0, 0, 32;
    %pushi/vec4 0, 0, 32;
    %store/vec4 v02a5a1e0_0, 0, 32;
    %jmp T_4.1;
T_4.0 ;
    %load/vec4 v02af9508_0;
    %dup/vec4;
    %pushi/vec4 0, 0, 4;
    %cmp/u;
    %jmp/1 T_4.2, 6;
    %dup/vec4;
    %pushi/vec4 1, 0, 4;
    %cmp/u;
    %jmp/1 T_4.3, 6;
    %dup/vec4;
    %pushi/vec4 2, 0, 4;
    %cmp/u;
    %jmp/1 T_4.4, 6;
    %dup/vec4;
    %pushi/vec4 3, 0, 4;
    %cmp/u;
    %jmp/1 T_4.5, 6;
    %dup/vec4;
    %pushi/vec4 4, 0, 4;
    %cmp/u;
    %jmp/1 T_4.6, 6;
    %dup/vec4;
    %pushi/vec4 5, 0, 4;
    %cmp/u;
    %jmp/1 T_4.7, 6;
    %dup/vec4;
    %pushi/vec4 6, 0, 4;
    %cmp/u;
    %jmp/1 T_4.8, 6;
    %dup/vec4;
    %pushi/vec4 7, 0, 4;
    %cmp/u;
    %jmp/1 T_4.9, 6;
    %jmp T_4.10;
T_4.2 ;
    %load/vec4 v02a5a600_0;
    %pushi/vec4 94, 0, 8; draw_string_vec4
    %cmp/e;
    %jmp/0xz  T_4.11, 4;
    %pushi/vec4 1, 0, 4;
    %store/vec4 v02af9508_0, 0, 4;
T_4.11 ;
    %jmp T_4.10;
T_4.3 ;
    %pushi/vec4 48, 0, 8;
    %load/vec4 v02a5a600_0;
    %cmp/u;
    %flag_get/vec4 4;
    %flag_get/vec4 5;
    %or;
    %load/vec4 v02a5a600_0;
    %cmpi/u 57, 0, 8;
    %flag_get/vec4 4;
    %flag_get/vec4 5;
    %or;
    %and;
    %flag_set/vec4 8;
    %jmp/0xz  T_4.13, 8;
    %load/vec4 v02a5a1e0_0;
    %addi 1, 0, 32;
    %store/vec4 v02a5a1e0_0, 0, 32;
    %pushi/vec4 4, 0, 32;
    %load/vec4 v02a5a1e0_0;
    %cmp/s;
    %jmp/0xz  T_4.15, 5;
    %pushi/vec4 0, 0, 4;
    %store/vec4 v02af9508_0, 0, 4;
    %pushi/vec4 0, 0, 32;
    %store/vec4 v02a5a1e0_0, 0, 32;
T_4.15 ;
    %jmp T_4.14;
T_4.13 ;
    %load/vec4 v02a5a600_0;
    %cmpi/e 64, 0, 8;
    %jmp/0xz  T_4.17, 4;
    %pushi/vec4 1, 0, 32;
    %load/vec4 v02a5a1e0_0;
    %cmp/s;
    %flag_get/vec4 4;
    %flag_get/vec4 5;
    %or;
    %load/vec4 v02a5a1e0_0;
    %cmpi/s 4, 0, 32;
    %flag_get/vec4 4;
    %flag_get/vec4 5;
    %or;
    %and;
    %flag_set/vec4 8;
    %jmp/0xz  T_4.19, 8;
    %pushi/vec4 2, 0, 4;
    %store/vec4 v02af9508_0, 0, 4;
    %pushi/vec4 0, 0, 32;
    %store/vec4 v02a5a1e0_0, 0, 32;
T_4.19 ;
    %jmp T_4.18;
T_4.17 ;
    %load/vec4 v02a5a600_0;
    %cmpi/e 94, 0, 8;
    %jmp/0xz  T_4.21, 4;
    %pushi/vec4 0, 0, 32;
    %store/vec4 v02a5a1e0_0, 0, 32;
    %pushi/vec4 1, 0, 4;
    %store/vec4 v02af9508_0, 0, 4;
    %jmp T_4.22;
T_4.21 ;
    %pushi/vec4 0, 0, 4;
    %store/vec4 v02af9508_0, 0, 4;
    %pushi/vec4 0, 0, 32;
    %store/vec4 v02a5a1e0_0, 0, 32;
T_4.22 ;
T_4.18 ;
T_4.14 ;
    %jmp T_4.10;
T_4.4 ;
    %pushi/vec4 48, 0, 8;
    %load/vec4 v02a5a600_0;
    %cmp/u;
    %flag_get/vec4 4;
    %flag_get/vec4 5;
    %or;
    %load/vec4 v02a5a600_0;
    %cmpi/u 57, 0, 8;
    %flag_get/vec4 4;
    %flag_get/vec4 5;
    %or;
    %and;
    %flag_set/vec4 8;
    %pushi/vec4 97, 0, 8;
    %load/vec4 v02a5a600_0;
    %cmp/u;
    %flag_get/vec4 4;
    %flag_get/vec4 5;
    %or;
    %load/vec4 v02a5a600_0;
    %cmpi/u 102, 0, 8;
    %flag_get/vec4 4;
    %flag_get/vec4 5;
    %or;
    %and;
    %flag_set/vec4 9;
    %flag_or 9, 8;
    %jmp/0xz  T_4.23, 9;
    %load/vec4 v02a5a2e8_0;
    %addi 1, 0, 32;
    %store/vec4 v02a5a2e8_0, 0, 32;
    %pushi/vec4 8, 0, 32;
    %load/vec4 v02a5a2e8_0;
    %cmp/s;
    %jmp/0xz  T_4.25, 5;
    %pushi/vec4 0, 0, 32;
    %store/vec4 v02a5a2e8_0, 0, 32;
    %pushi/vec4 0, 0, 4;
    %store/vec4 v02af9508_0, 0, 4;
T_4.25 ;
    %jmp T_4.24;
T_4.23 ;
    %load/vec4 v02a5a600_0;
    %pushi/vec4 58, 0, 8; draw_string_vec4
    %cmp/e;
    %jmp/0xz  T_4.27, 4;
    %load/vec4 v02a5a2e8_0;
    %cmpi/e 8, 0, 32;
    %jmp/0xz  T_4.29, 4;
    %pushi/vec4 0, 0, 32;
    %store/vec4 v02a5a2e8_0, 0, 32;
    %pushi/vec4 3, 0, 4;
    %store/vec4 v02af9508_0, 0, 4;
    %jmp T_4.30;
T_4.29 ;
    %pushi/vec4 0, 0, 32;
    %store/vec4 v02a5a2e8_0, 0, 32;
    %pushi/vec4 0, 0, 4;
    %store/vec4 v02af9508_0, 0, 4;
T_4.30 ;
    %jmp T_4.28;
T_4.27 ;
    %load/vec4 v02a5a600_0;
    %pushi/vec4 94, 0, 8; draw_string_vec4
    %cmp/e;
    %jmp/0xz  T_4.31, 4;
    %pushi/vec4 0, 0, 32;
    %store/vec4 v02a5a2e8_0, 0, 32;
    %pushi/vec4 1, 0, 4;
    %store/vec4 v02af9508_0, 0, 4;
    %jmp T_4.32;
T_4.31 ;
    %pushi/vec4 0, 0, 32;
    %store/vec4 v02a5a2e8_0, 0, 32;
    %pushi/vec4 0, 0, 4;
    %store/vec4 v02af9508_0, 0, 4;
T_4.32 ;
T_4.28 ;
T_4.24 ;
    %jmp T_4.10;
T_4.5 ;
    %load/vec4 v02a5a600_0;
    %pushi/vec4 36, 0, 8; draw_string_vec4
    %cmp/e;
    %flag_mov 8, 4;
    %load/vec4 v02a5a600_0;
    %pushi/vec4 42, 0, 8; draw_string_vec4
    %cmp/e;
    %flag_or 4, 8;
    %jmp/0xz  T_4.33, 4;
    %load/vec4 v02a5a600_0;
    %pushi/vec4 36, 0, 8; draw_string_vec4
    %cmp/e;
    %jmp/0xz  T_4.35, 4;
    %pushi/vec4 0, 0, 32;
    %store/vec4 v02a5a238_0, 0, 32;
    %jmp T_4.36;
T_4.35 ;
    %pushi/vec4 1, 0, 32;
    %store/vec4 v02a5a238_0, 0, 32;
T_4.36 ;
    %pushi/vec4 4, 0, 4;
    %store/vec4 v02af9508_0, 0, 4;
    %jmp T_4.34;
T_4.33 ;
    %load/vec4 v02a5a600_0;
    %pushi/vec4 32, 0, 8; draw_string_vec4
    %cmp/e;
    %jmp/0xz  T_4.37, 4;
    %pushi/vec4 3, 0, 4;
    %store/vec4 v02af9508_0, 0, 4;
    %jmp T_4.38;
T_4.37 ;
    %load/vec4 v02a5a600_0;
    %pushi/vec4 94, 0, 8; draw_string_vec4
    %cmp/e;
    %jmp/0xz  T_4.39, 4;
    %pushi/vec4 1, 0, 4;
    %store/vec4 v02af9508_0, 0, 4;
    %jmp T_4.40;
T_4.39 ;
    %pushi/vec4 0, 0, 4;
    %store/vec4 v02af9508_0, 0, 4;
T_4.40 ;
T_4.38 ;
T_4.34 ;
    %jmp T_4.10;
T_4.6 ;
    %load/vec4 v02a5a238_0;
    %cmpi/e 0, 0, 32;
    %jmp/0xz  T_4.41, 4;
    %pushi/vec4 48, 0, 8;
    %load/vec4 v02a5a600_0;
    %cmp/u;
    %flag_get/vec4 4;
    %flag_get/vec4 5;
    %or;
    %load/vec4 v02a5a600_0;
    %cmpi/u 57, 0, 8;
    %flag_get/vec4 4;
    %flag_get/vec4 5;
    %or;
    %and;
    %load/vec4 v02a5a4f8_0;
    %pushi/vec4 0, 0, 32;
    %cmp/e;
    %flag_get/vec4 4;
    %and;
    %flag_set/vec4 8;
    %jmp/0xz  T_4.43, 8;
    %load/vec4 v02a5a1e0_0;
    %addi 1, 0, 32;
    %store/vec4 v02a5a1e0_0, 0, 32;
    %pushi/vec4 4, 0, 32;
    %load/vec4 v02a5a1e0_0;
    %cmp/s;
    %jmp/0xz  T_4.45, 5;
    %pushi/vec4 0, 0, 4;
    %store/vec4 v02af9508_0, 0, 4;
    %pushi/vec4 0, 0, 32;
    %store/vec4 v02a5a1e0_0, 0, 32;
T_4.45 ;
    %jmp T_4.44;
T_4.43 ;
    %load/vec4 v02a5a600_0;
    %pushi/vec4 32, 0, 8; draw_string_vec4
    %cmp/e;
    %jmp/0xz  T_4.47, 4;
    %pushi/vec4 1, 0, 32;
    %load/vec4 v02a5a1e0_0;
    %cmp/s;
    %flag_get/vec4 4;
    %flag_get/vec4 5;
    %or;
    %load/vec4 v02a5a1e0_0;
    %cmpi/s 4, 0, 32;
    %flag_get/vec4 4;
    %flag_get/vec4 5;
    %or;
    %and;
    %flag_set/vec4 8;
    %jmp/0xz  T_4.49, 8;
    %load/vec4 v02a5a4f8_0;
    %addi 1, 0, 32;
    %store/vec4 v02a5a4f8_0, 0, 32;
    %pushi/vec4 4, 0, 4;
    %store/vec4 v02af9508_0, 0, 4;
    %jmp T_4.50;
T_4.49 ;
    %pushi/vec4 0, 0, 32;
    %store/vec4 v02a5a4f8_0, 0, 32;
    %pushi/vec4 0, 0, 32;
    %store/vec4 v02a5a1e0_0, 0, 32;
    %pushi/vec4 0, 0, 4;
    %store/vec4 v02af9508_0, 0, 4;
T_4.50 ;
    %jmp T_4.48;
T_4.47 ;
    %load/vec4 v02a5a600_0;
    %pushi/vec4 60, 0, 8; draw_string_vec4
    %cmp/e;
    %flag_get/vec4 4;
    %pushi/vec4 1, 0, 32;
    %load/vec4 v02a5a1e0_0;
    %cmp/s;
    %flag_get/vec4 4;
    %flag_get/vec4 5;
    %or;
    %and;
    %load/vec4 v02a5a1e0_0;
    %cmpi/s 4, 0, 32;
    %flag_get/vec4 4;
    %flag_get/vec4 5;
    %or;
    %and;
    %flag_set/vec4 8;
    %jmp/0xz  T_4.51, 8;
    %pushi/vec4 0, 0, 32;
    %store/vec4 v02a5a1e0_0, 0, 32;
    %pushi/vec4 0, 0, 32;
    %store/vec4 v02a5a4f8_0, 0, 32;
    %pushi/vec4 5, 0, 4;
    %store/vec4 v02af9508_0, 0, 4;
    %jmp T_4.52;
T_4.51 ;
    %load/vec4 v02a5a600_0;
    %pushi/vec4 94, 0, 8; draw_string_vec4
    %cmp/e;
    %jmp/0xz  T_4.53, 4;
    %pushi/vec4 0, 0, 32;
    %store/vec4 v02a5a1e0_0, 0, 32;
    %pushi/vec4 0, 0, 32;
    %store/vec4 v02a5a4f8_0, 0, 32;
    %pushi/vec4 1, 0, 4;
    %store/vec4 v02af9508_0, 0, 4;
    %jmp T_4.54;
T_4.53 ;
    %pushi/vec4 0, 0, 32;
    %store/vec4 v02a5a1e0_0, 0, 32;
    %pushi/vec4 0, 0, 32;
    %store/vec4 v02a5a4f8_0, 0, 32;
    %pushi/vec4 0, 0, 4;
    %store/vec4 v02af9508_0, 0, 4;
T_4.54 ;
T_4.52 ;
T_4.48 ;
T_4.44 ;
    %jmp T_4.42;
T_4.41 ;
    %pushi/vec4 48, 0, 8;
    %load/vec4 v02a5a600_0;
    %cmp/u;
    %flag_get/vec4 4;
    %flag_get/vec4 5;
    %or;
    %load/vec4 v02a5a600_0;
    %cmpi/u 57, 0, 8;
    %flag_get/vec4 4;
    %flag_get/vec4 5;
    %or;
    %and;
    %pushi/vec4 97, 0, 8;
    %load/vec4 v02a5a600_0;
    %cmp/u;
    %flag_get/vec4 4;
    %flag_get/vec4 5;
    %or;
    %load/vec4 v02a5a600_0;
    %cmpi/u 102, 0, 8;
    %flag_get/vec4 4;
    %flag_get/vec4 5;
    %or;
    %and;
    %or;
    %load/vec4 v02a5a4f8_0;
    %pushi/vec4 0, 0, 32;
    %cmp/e;
    %flag_get/vec4 4;
    %and;
    %flag_set/vec4 8;
    %jmp/0xz  T_4.55, 8;
    %load/vec4 v02a5a2e8_0;
    %addi 1, 0, 32;
    %store/vec4 v02a5a2e8_0, 0, 32;
    %pushi/vec4 8, 0, 32;
    %load/vec4 v02a5a2e8_0;
    %cmp/s;
    %jmp/0xz  T_4.57, 5;
    %pushi/vec4 0, 0, 32;
    %store/vec4 v02a5a2e8_0, 0, 32;
    %pushi/vec4 0, 0, 32;
    %store/vec4 v02a5a4f8_0, 0, 32;
    %pushi/vec4 0, 0, 4;
    %store/vec4 v02af9508_0, 0, 4;
T_4.57 ;
    %jmp T_4.56;
T_4.55 ;
    %load/vec4 v02a5a2e8_0;
    %pushi/vec4 8, 0, 32;
    %cmp/e;
    %flag_get/vec4 4;
    %load/vec4 v02a5a600_0;
    %pushi/vec4 32, 0, 8; draw_string_vec4
    %cmp/e;
    %flag_get/vec4 4;
    %and;
    %flag_set/vec4 8;
    %jmp/0xz  T_4.59, 8;
    %load/vec4 v02a5a4f8_0;
    %addi 1, 0, 32;
    %store/vec4 v02a5a4f8_0, 0, 32;
    %pushi/vec4 4, 0, 4;
    %store/vec4 v02af9508_0, 0, 4;
    %jmp T_4.60;
T_4.59 ;
    %load/vec4 v02a5a2e8_0;
    %pushi/vec4 8, 0, 32;
    %cmp/e;
    %flag_get/vec4 4;
    %load/vec4 v02a5a600_0;
    %pushi/vec4 60, 0, 8; draw_string_vec4
    %cmp/e;
    %flag_get/vec4 4;
    %and;
    %flag_set/vec4 8;
    %jmp/0xz  T_4.61, 8;
    %pushi/vec4 5, 0, 4;
    %store/vec4 v02af9508_0, 0, 4;
    %pushi/vec4 0, 0, 32;
    %store/vec4 v02a5a4f8_0, 0, 32;
    %pushi/vec4 0, 0, 32;
    %store/vec4 v02a5a2e8_0, 0, 32;
    %jmp T_4.62;
T_4.61 ;
    %load/vec4 v02a5a600_0;
    %pushi/vec4 94, 0, 8; draw_string_vec4
    %cmp/e;
    %jmp/0xz  T_4.63, 4;
    %pushi/vec4 0, 0, 32;
    %store/vec4 v02a5a4f8_0, 0, 32;
    %pushi/vec4 0, 0, 32;
    %store/vec4 v02a5a2e8_0, 0, 32;
    %pushi/vec4 1, 0, 4;
    %store/vec4 v02af9508_0, 0, 4;
    %jmp T_4.64;
T_4.63 ;
    %pushi/vec4 0, 0, 32;
    %store/vec4 v02a5a4f8_0, 0, 32;
    %pushi/vec4 0, 0, 32;
    %store/vec4 v02a5a2e8_0, 0, 32;
    %pushi/vec4 0, 0, 4;
    %store/vec4 v02af9508_0, 0, 4;
T_4.64 ;
T_4.62 ;
T_4.60 ;
T_4.56 ;
T_4.42 ;
    %jmp T_4.10;
T_4.7 ;
    %load/vec4 v02a5a600_0;
    %pushi/vec4 61, 0, 8; draw_string_vec4
    %cmp/e;
    %jmp/0xz  T_4.65, 4;
    %pushi/vec4 6, 0, 4;
    %store/vec4 v02af9508_0, 0, 4;
    %jmp T_4.66;
T_4.65 ;
    %load/vec4 v02a5a600_0;
    %pushi/vec4 94, 0, 8; draw_string_vec4
    %cmp/e;
    %jmp/0xz  T_4.67, 4;
    %pushi/vec4 1, 0, 4;
    %store/vec4 v02af9508_0, 0, 4;
    %jmp T_4.68;
T_4.67 ;
    %pushi/vec4 0, 0, 4;
    %store/vec4 v02af9508_0, 0, 4;
T_4.68 ;
T_4.66 ;
    %jmp T_4.10;
T_4.8 ;
    %load/vec4 v02a5a600_0;
    %pushi/vec4 32, 0, 8; draw_string_vec4
    %cmp/e;
    %flag_get/vec4 4;
    %load/vec4 v02a5a2e8_0;
    %pushi/vec4 0, 0, 32;
    %cmp/e;
    %flag_get/vec4 4;
    %and;
    %flag_set/vec4 8;
    %jmp/0xz  T_4.69, 8;
    %load/vec4 v02a5a4f8_0;
    %addi 1, 0, 32;
    %store/vec4 v02a5a4f8_0, 0, 32;
    %pushi/vec4 6, 0, 4;
    %store/vec4 v02af9508_0, 0, 4;
    %jmp T_4.70;
T_4.69 ;
    %pushi/vec4 48, 0, 8;
    %load/vec4 v02a5a600_0;
    %cmp/u;
    %flag_get/vec4 4;
    %flag_get/vec4 5;
    %or;
    %load/vec4 v02a5a600_0;
    %cmpi/u 57, 0, 8;
    %flag_get/vec4 4;
    %flag_get/vec4 5;
    %or;
    %and;
    %flag_set/vec4 8;
    %pushi/vec4 97, 0, 8;
    %load/vec4 v02a5a600_0;
    %cmp/u;
    %flag_get/vec4 4;
    %flag_get/vec4 5;
    %or;
    %load/vec4 v02a5a600_0;
    %cmpi/u 102, 0, 8;
    %flag_get/vec4 4;
    %flag_get/vec4 5;
    %or;
    %and;
    %flag_set/vec4 9;
    %flag_or 9, 8;
    %jmp/0xz  T_4.71, 9;
    %load/vec4 v02a5a2e8_0;
    %addi 1, 0, 32;
    %store/vec4 v02a5a2e8_0, 0, 32;
    %pushi/vec4 8, 0, 32;
    %load/vec4 v02a5a2e8_0;
    %cmp/s;
    %jmp/0xz  T_4.73, 5;
    %pushi/vec4 0, 0, 32;
    %store/vec4 v02a5a2e8_0, 0, 32;
    %pushi/vec4 0, 0, 32;
    %store/vec4 v02a5a4f8_0, 0, 32;
    %pushi/vec4 0, 0, 4;
    %store/vec4 v02af9508_0, 0, 4;
T_4.73 ;
    %jmp T_4.72;
T_4.71 ;
    %load/vec4 v02a5a600_0;
    %pushi/vec4 35, 0, 8; draw_string_vec4
    %cmp/e;
    %jmp/0xz  T_4.75, 4;
    %load/vec4 v02a5a2e8_0;
    %cmpi/e 8, 0, 32;
    %jmp/0xz  T_4.77, 4;
    %pushi/vec4 7, 0, 4;
    %store/vec4 v02af9508_0, 0, 4;
    %pushi/vec4 0, 0, 32;
    %store/vec4 v02a5a2e8_0, 0, 32;
    %pushi/vec4 0, 0, 32;
    %store/vec4 v02a5a4f8_0, 0, 32;
    %jmp T_4.78;
T_4.77 ;
    %pushi/vec4 0, 0, 4;
    %store/vec4 v02af9508_0, 0, 4;
    %pushi/vec4 0, 0, 32;
    %store/vec4 v02a5a2e8_0, 0, 32;
    %pushi/vec4 0, 0, 32;
    %store/vec4 v02a5a4f8_0, 0, 32;
T_4.78 ;
    %jmp T_4.76;
T_4.75 ;
    %load/vec4 v02a5a600_0;
    %pushi/vec4 94, 0, 8; draw_string_vec4
    %cmp/e;
    %jmp/0xz  T_4.79, 4;
    %pushi/vec4 1, 0, 4;
    %store/vec4 v02af9508_0, 0, 4;
    %pushi/vec4 0, 0, 32;
    %store/vec4 v02a5a2e8_0, 0, 32;
    %pushi/vec4 0, 0, 32;
    %store/vec4 v02a5a4f8_0, 0, 32;
    %jmp T_4.80;
T_4.79 ;
    %pushi/vec4 0, 0, 4;
    %store/vec4 v02af9508_0, 0, 4;
    %pushi/vec4 0, 0, 32;
    %store/vec4 v02a5a2e8_0, 0, 32;
    %pushi/vec4 0, 0, 32;
    %store/vec4 v02a5a4f8_0, 0, 32;
T_4.80 ;
T_4.76 ;
T_4.72 ;
T_4.70 ;
    %jmp T_4.10;
T_4.9 ;
    %load/vec4 v02a5a600_0;
    %pushi/vec4 94, 0, 8; draw_string_vec4
    %cmp/e;
    %jmp/0xz  T_4.81, 4;
    %pushi/vec4 1, 0, 4;
    %store/vec4 v02af9508_0, 0, 4;
    %jmp T_4.82;
T_4.81 ;
    %pushi/vec4 0, 0, 4;
    %store/vec4 v02af9508_0, 0, 4;
T_4.82 ;
    %jmp T_4.10;
T_4.10 ;
    %pop/vec4 1;
T_4.1 ;
    %jmp T_4;
    .thread T_4;
    .scope S_0131ecb0;
T_5 ;
    %wait E_02ac5a48;
    %load/vec4 v02af9878_0;
    %nor/r;
    %load/vec4 v02af96c0_0;
    %nor/r;
    %and;
    %flag_set/vec4 8;
    %jmp/0xz  T_5.0, 8;
    %vpi_call 2 18 "$display", "%d", v02af9820_0 {0 0 0};
    %vpi_call 2 19 "$fwrite", v02af93a8_0, "%d\012", v02af9820_0 {0 0 0};
T_5.0 ;
    %jmp T_5;
    .thread T_5;
    .scope S_0131ecb0;
T_6 ;
    %vpi_call 2 33 "$dumpfile", "cpu_checker_wave1.vcd" {0 0 0};
    %vpi_call 2 34 "$dumpvars" {0 0 0};
    %vpi_func 2 35 "$fopen" 32, "out.txt", "w" {0 0 0};
    %store/vec4 v02af93a8_0, 0, 32;
    %pushi/vec4 0, 0, 1;
    %store/vec4 v02af97c8_0, 0, 1;
    %pushi/vec4 1, 0, 1;
    %store/vec4 v02af9878_0, 0, 1;
    %pushi/vec4 0, 0, 8;
    %store/vec4 v02af99d8_0, 0, 8;
    %pushi/vec4 2, 0, 16;
    %store/vec4 v02af9090_0, 0, 16;
    %pushi/vec4 0, 0, 1;
    %store/vec4 v02af96c0_0, 0, 1;
    %delay 10000, 0;
    %pushi/vec4 0, 0, 1;
    %store/vec4 v02af9878_0, 0, 1;
    %delay 2000, 0;
    %pushi/vec4 50, 0, 8; draw_string_vec4
    %store/vec4 v02af99d8_0, 0, 8;
    %delay 2000, 0;
    %pushi/vec4 52, 0, 8; draw_string_vec4
    %store/vec4 v02af99d8_0, 0, 8;
    %delay 2000, 0;
    %pushi/vec4 50, 0, 8; draw_string_vec4
    %store/vec4 v02af99d8_0, 0, 8;
    %delay 2000, 0;
    %pushi/vec4 64, 0, 8; draw_string_vec4
    %store/vec4 v02af99d8_0, 0, 8;
    %delay 2000, 0;
    %pushi/vec4 48, 0, 8; draw_string_vec4
    %store/vec4 v02af99d8_0, 0, 8;
    %delay 2000, 0;
    %pushi/vec4 48, 0, 8; draw_string_vec4
    %store/vec4 v02af99d8_0, 0, 8;
    %delay 2000, 0;
    %pushi/vec4 48, 0, 8; draw_string_vec4
    %store/vec4 v02af99d8_0, 0, 8;
    %delay 2000, 0;
    %pushi/vec4 48, 0, 8; draw_string_vec4
    %store/vec4 v02af99d8_0, 0, 8;
    %delay 2000, 0;
    %pushi/vec4 51, 0, 8; draw_string_vec4
    %store/vec4 v02af99d8_0, 0, 8;
    %delay 2000, 0;
    %pushi/vec4 48, 0, 8; draw_string_vec4
    %store/vec4 v02af99d8_0, 0, 8;
    %delay 2000, 0;
    %pushi/vec4 102, 0, 8; draw_string_vec4
    %store/vec4 v02af99d8_0, 0, 8;
    %delay 2000, 0;
    %pushi/vec4 52, 0, 8; draw_string_vec4
    %store/vec4 v02af99d8_0, 0, 8;
    %delay 2000, 0;
    %pushi/vec4 58, 0, 8; draw_string_vec4
    %store/vec4 v02af99d8_0, 0, 8;
    %delay 2000, 0;
    %pushi/vec4 32, 0, 8; draw_string_vec4
    %store/vec4 v02af99d8_0, 0, 8;
    %delay 2000, 0;
    %pushi/vec4 36, 0, 8; draw_string_vec4
    %store/vec4 v02af99d8_0, 0, 8;
    %delay 2000, 0;
    %pushi/vec4 51, 0, 8; draw_string_vec4
    %store/vec4 v02af99d8_0, 0, 8;
    %delay 2000, 0;
    %pushi/vec4 49, 0, 8; draw_string_vec4
    %store/vec4 v02af99d8_0, 0, 8;
    %delay 2000, 0;
    %pushi/vec4 32, 0, 8; draw_string_vec4
    %store/vec4 v02af99d8_0, 0, 8;
    %delay 2000, 0;
    %pushi/vec4 60, 0, 8; draw_string_vec4
    %store/vec4 v02af99d8_0, 0, 8;
    %delay 2000, 0;
    %pushi/vec4 61, 0, 8; draw_string_vec4
    %store/vec4 v02af99d8_0, 0, 8;
    %delay 2000, 0;
    %pushi/vec4 49, 0, 8; draw_string_vec4
    %store/vec4 v02af99d8_0, 0, 8;
    %delay 2000, 0;
    %pushi/vec4 50, 0, 8; draw_string_vec4
    %store/vec4 v02af99d8_0, 0, 8;
    %delay 2000, 0;
    %pushi/vec4 51, 0, 8; draw_string_vec4
    %store/vec4 v02af99d8_0, 0, 8;
    %delay 2000, 0;
    %pushi/vec4 52, 0, 8; draw_string_vec4
    %store/vec4 v02af99d8_0, 0, 8;
    %delay 2000, 0;
    %pushi/vec4 53, 0, 8; draw_string_vec4
    %store/vec4 v02af99d8_0, 0, 8;
    %delay 2000, 0;
    %pushi/vec4 54, 0, 8; draw_string_vec4
    %store/vec4 v02af99d8_0, 0, 8;
    %delay 2000, 0;
    %pushi/vec4 55, 0, 8; draw_string_vec4
    %store/vec4 v02af99d8_0, 0, 8;
    %delay 2000, 0;
    %pushi/vec4 56, 0, 8; draw_string_vec4
    %store/vec4 v02af99d8_0, 0, 8;
    %delay 2000, 0;
    %pushi/vec4 35, 0, 8; draw_string_vec4
    %store/vec4 v02af99d8_0, 0, 8;
    %delay 2000, 0;
    %pushi/vec4 94, 0, 8; draw_string_vec4
    %store/vec4 v02af99d8_0, 0, 8;
    %delay 2000, 0;
    %pushi/vec4 50, 0, 8; draw_string_vec4
    %store/vec4 v02af99d8_0, 0, 8;
    %delay 2000, 0;
    %pushi/vec4 52, 0, 8; draw_string_vec4
    %store/vec4 v02af99d8_0, 0, 8;
    %delay 2000, 0;
    %pushi/vec4 50, 0, 8; draw_string_vec4
    %store/vec4 v02af99d8_0, 0, 8;
    %delay 2000, 0;
    %pushi/vec4 64, 0, 8; draw_string_vec4
    %store/vec4 v02af99d8_0, 0, 8;
    %delay 2000, 0;
    %pushi/vec4 48, 0, 8; draw_string_vec4
    %store/vec4 v02af99d8_0, 0, 8;
    %delay 2000, 0;
    %pushi/vec4 48, 0, 8; draw_string_vec4
    %store/vec4 v02af99d8_0, 0, 8;
    %delay 2000, 0;
    %pushi/vec4 48, 0, 8; draw_string_vec4
    %store/vec4 v02af99d8_0, 0, 8;
    %delay 2000, 0;
    %pushi/vec4 48, 0, 8; draw_string_vec4
    %store/vec4 v02af99d8_0, 0, 8;
    %delay 2000, 0;
    %pushi/vec4 51, 0, 8; draw_string_vec4
    %store/vec4 v02af99d8_0, 0, 8;
    %delay 2000, 0;
    %pushi/vec4 48, 0, 8; draw_string_vec4
    %store/vec4 v02af99d8_0, 0, 8;
    %delay 2000, 0;
    %pushi/vec4 102, 0, 8; draw_string_vec4
    %store/vec4 v02af99d8_0, 0, 8;
    %delay 2000, 0;
    %pushi/vec4 52, 0, 8; draw_string_vec4
    %store/vec4 v02af99d8_0, 0, 8;
    %delay 2000, 0;
    %pushi/vec4 58, 0, 8; draw_string_vec4
    %store/vec4 v02af99d8_0, 0, 8;
    %delay 2000, 0;
    %pushi/vec4 32, 0, 8; draw_string_vec4
    %store/vec4 v02af99d8_0, 0, 8;
    %delay 2000, 0;
    %pushi/vec4 36, 0, 8; draw_string_vec4
    %store/vec4 v02af99d8_0, 0, 8;
    %delay 2000, 0;
    %pushi/vec4 51, 0, 8; draw_string_vec4
    %store/vec4 v02af99d8_0, 0, 8;
    %delay 2000, 0;
    %pushi/vec4 49, 0, 8; draw_string_vec4
    %store/vec4 v02af99d8_0, 0, 8;
    %delay 2000, 0;
    %pushi/vec4 32, 0, 8; draw_string_vec4
    %store/vec4 v02af99d8_0, 0, 8;
    %delay 2000, 0;
    %pushi/vec4 60, 0, 8; draw_string_vec4
    %store/vec4 v02af99d8_0, 0, 8;
    %delay 2000, 0;
    %pushi/vec4 61, 0, 8; draw_string_vec4
    %store/vec4 v02af99d8_0, 0, 8;
    %delay 2000, 0;
    %pushi/vec4 49, 0, 8; draw_string_vec4
    %store/vec4 v02af99d8_0, 0, 8;
    %delay 2000, 0;
    %pushi/vec4 50, 0, 8; draw_string_vec4
    %store/vec4 v02af99d8_0, 0, 8;
    %delay 2000, 0;
    %pushi/vec4 51, 0, 8; draw_string_vec4
    %store/vec4 v02af99d8_0, 0, 8;
    %delay 2000, 0;
    %pushi/vec4 50, 0, 8; draw_string_vec4
    %store/vec4 v02af99d8_0, 0, 8;
    %delay 2000, 0;
    %pushi/vec4 49, 0, 8; draw_string_vec4
    %store/vec4 v02af99d8_0, 0, 8;
    %delay 2000, 0;
    %pushi/vec4 53, 0, 8; draw_string_vec4
    %store/vec4 v02af99d8_0, 0, 8;
    %delay 2000, 0;
    %pushi/vec4 35, 0, 8; draw_string_vec4
    %store/vec4 v02af99d8_0, 0, 8;
    %delay 2000, 0;
    %pushi/vec4 94, 0, 8; draw_string_vec4
    %store/vec4 v02af99d8_0, 0, 8;
    %delay 2000, 0;
    %pushi/vec4 50, 0, 8; draw_string_vec4
    %store/vec4 v02af99d8_0, 0, 8;
    %delay 2000, 0;
    %pushi/vec4 52, 0, 8; draw_string_vec4
    %store/vec4 v02af99d8_0, 0, 8;
    %delay 2000, 0;
    %pushi/vec4 50, 0, 8; draw_string_vec4
    %store/vec4 v02af99d8_0, 0, 8;
    %delay 2000, 0;
    %pushi/vec4 64, 0, 8; draw_string_vec4
    %store/vec4 v02af99d8_0, 0, 8;
    %delay 2000, 0;
    %pushi/vec4 48, 0, 8; draw_string_vec4
    %store/vec4 v02af99d8_0, 0, 8;
    %delay 2000, 0;
    %pushi/vec4 48, 0, 8; draw_string_vec4
    %store/vec4 v02af99d8_0, 0, 8;
    %delay 2000, 0;
    %pushi/vec4 48, 0, 8; draw_string_vec4
    %store/vec4 v02af99d8_0, 0, 8;
    %delay 2000, 0;
    %pushi/vec4 48, 0, 8; draw_string_vec4
    %store/vec4 v02af99d8_0, 0, 8;
    %delay 2000, 0;
    %pushi/vec4 51, 0, 8; draw_string_vec4
    %store/vec4 v02af99d8_0, 0, 8;
    %delay 2000, 0;
    %pushi/vec4 48, 0, 8; draw_string_vec4
    %store/vec4 v02af99d8_0, 0, 8;
    %delay 2000, 0;
    %pushi/vec4 102, 0, 8; draw_string_vec4
    %store/vec4 v02af99d8_0, 0, 8;
    %delay 2000, 0;
    %pushi/vec4 52, 0, 8; draw_string_vec4
    %store/vec4 v02af99d8_0, 0, 8;
    %delay 2000, 0;
    %pushi/vec4 58, 0, 8; draw_string_vec4
    %store/vec4 v02af99d8_0, 0, 8;
    %delay 2000, 0;
    %pushi/vec4 32, 0, 8; draw_string_vec4
    %store/vec4 v02af99d8_0, 0, 8;
    %delay 2000, 0;
    %pushi/vec4 36, 0, 8; draw_string_vec4
    %store/vec4 v02af99d8_0, 0, 8;
    %delay 2000, 0;
    %pushi/vec4 51, 0, 8; draw_string_vec4
    %store/vec4 v02af99d8_0, 0, 8;
    %delay 2000, 0;
    %pushi/vec4 49, 0, 8; draw_string_vec4
    %store/vec4 v02af99d8_0, 0, 8;
    %delay 2000, 0;
    %pushi/vec4 32, 0, 8; draw_string_vec4
    %store/vec4 v02af99d8_0, 0, 8;
    %delay 2000, 0;
    %pushi/vec4 60, 0, 8; draw_string_vec4
    %store/vec4 v02af99d8_0, 0, 8;
    %delay 2000, 0;
    %pushi/vec4 61, 0, 8; draw_string_vec4
    %store/vec4 v02af99d8_0, 0, 8;
    %delay 2000, 0;
    %pushi/vec4 49, 0, 8; draw_string_vec4
    %store/vec4 v02af99d8_0, 0, 8;
    %delay 2000, 0;
    %pushi/vec4 50, 0, 8; draw_string_vec4
    %store/vec4 v02af99d8_0, 0, 8;
    %delay 2000, 0;
    %pushi/vec4 51, 0, 8; draw_string_vec4
    %store/vec4 v02af99d8_0, 0, 8;
    %delay 2000, 0;
    %pushi/vec4 50, 0, 8; draw_string_vec4
    %store/vec4 v02af99d8_0, 0, 8;
    %delay 2000, 0;
    %pushi/vec4 49, 0, 8; draw_string_vec4
    %store/vec4 v02af99d8_0, 0, 8;
    %delay 2000, 0;
    %pushi/vec4 53, 0, 8; draw_string_vec4
    %store/vec4 v02af99d8_0, 0, 8;
    %delay 2000, 0;
    %pushi/vec4 56, 0, 8; draw_string_vec4
    %store/vec4 v02af99d8_0, 0, 8;
    %delay 2000, 0;
    %pushi/vec4 57, 0, 8; draw_string_vec4
    %store/vec4 v02af99d8_0, 0, 8;
    %delay 2000, 0;
    %pushi/vec4 57, 0, 8; draw_string_vec4
    %store/vec4 v02af99d8_0, 0, 8;
    %delay 2000, 0;
    %pushi/vec4 56, 0, 8; draw_string_vec4
    %store/vec4 v02af99d8_0, 0, 8;
    %delay 2000, 0;
    %pushi/vec4 35, 0, 8; draw_string_vec4
    %store/vec4 v02af99d8_0, 0, 8;
    %delay 2000, 0;
    %pushi/vec4 94, 0, 8; draw_string_vec4
    %store/vec4 v02af99d8_0, 0, 8;
    %delay 2000, 0;
    %pushi/vec4 50, 0, 8; draw_string_vec4
    %store/vec4 v02af99d8_0, 0, 8;
    %delay 2000, 0;
    %pushi/vec4 52, 0, 8; draw_string_vec4
    %store/vec4 v02af99d8_0, 0, 8;
    %delay 2000, 0;
    %pushi/vec4 50, 0, 8; draw_string_vec4
    %store/vec4 v02af99d8_0, 0, 8;
    %delay 2000, 0;
    %pushi/vec4 64, 0, 8; draw_string_vec4
    %store/vec4 v02af99d8_0, 0, 8;
    %delay 2000, 0;
    %pushi/vec4 48, 0, 8; draw_string_vec4
    %store/vec4 v02af99d8_0, 0, 8;
    %delay 2000, 0;
    %pushi/vec4 48, 0, 8; draw_string_vec4
    %store/vec4 v02af99d8_0, 0, 8;
    %delay 2000, 0;
    %pushi/vec4 48, 0, 8; draw_string_vec4
    %store/vec4 v02af99d8_0, 0, 8;
    %delay 2000, 0;
    %pushi/vec4 48, 0, 8; draw_string_vec4
    %store/vec4 v02af99d8_0, 0, 8;
    %delay 2000, 0;
    %pushi/vec4 51, 0, 8; draw_string_vec4
    %store/vec4 v02af99d8_0, 0, 8;
    %delay 2000, 0;
    %pushi/vec4 48, 0, 8; draw_string_vec4
    %store/vec4 v02af99d8_0, 0, 8;
    %delay 2000, 0;
    %pushi/vec4 102, 0, 8; draw_string_vec4
    %store/vec4 v02af99d8_0, 0, 8;
    %delay 2000, 0;
    %pushi/vec4 52, 0, 8; draw_string_vec4
    %store/vec4 v02af99d8_0, 0, 8;
    %delay 2000, 0;
    %pushi/vec4 58, 0, 8; draw_string_vec4
    %store/vec4 v02af99d8_0, 0, 8;
    %delay 2000, 0;
    %pushi/vec4 32, 0, 8; draw_string_vec4
    %store/vec4 v02af99d8_0, 0, 8;
    %delay 2000, 0;
    %pushi/vec4 36, 0, 8; draw_string_vec4
    %store/vec4 v02af99d8_0, 0, 8;
    %delay 2000, 0;
    %pushi/vec4 51, 0, 8; draw_string_vec4
    %store/vec4 v02af99d8_0, 0, 8;
    %delay 2000, 0;
    %pushi/vec4 49, 0, 8; draw_string_vec4
    %store/vec4 v02af99d8_0, 0, 8;
    %delay 2000, 0;
    %pushi/vec4 32, 0, 8; draw_string_vec4
    %store/vec4 v02af99d8_0, 0, 8;
    %delay 2000, 0;
    %pushi/vec4 60, 0, 8; draw_string_vec4
    %store/vec4 v02af99d8_0, 0, 8;
    %delay 2000, 0;
    %pushi/vec4 61, 0, 8; draw_string_vec4
    %store/vec4 v02af99d8_0, 0, 8;
    %delay 2000, 0;
    %pushi/vec4 35, 0, 8; draw_string_vec4
    %store/vec4 v02af99d8_0, 0, 8;
    %delay 2000, 0;
    %pushi/vec4 94, 0, 8; draw_string_vec4
    %store/vec4 v02af99d8_0, 0, 8;
    %delay 2000, 0;
    %pushi/vec4 50, 0, 8; draw_string_vec4
    %store/vec4 v02af99d8_0, 0, 8;
    %delay 2000, 0;
    %pushi/vec4 52, 0, 8; draw_string_vec4
    %store/vec4 v02af99d8_0, 0, 8;
    %delay 2000, 0;
    %pushi/vec4 50, 0, 8; draw_string_vec4
    %store/vec4 v02af99d8_0, 0, 8;
    %delay 2000, 0;
    %pushi/vec4 64, 0, 8; draw_string_vec4
    %store/vec4 v02af99d8_0, 0, 8;
    %delay 2000, 0;
    %pushi/vec4 48, 0, 8; draw_string_vec4
    %store/vec4 v02af99d8_0, 0, 8;
    %delay 2000, 0;
    %pushi/vec4 48, 0, 8; draw_string_vec4
    %store/vec4 v02af99d8_0, 0, 8;
    %delay 2000, 0;
    %pushi/vec4 48, 0, 8; draw_string_vec4
    %store/vec4 v02af99d8_0, 0, 8;
    %delay 2000, 0;
    %pushi/vec4 48, 0, 8; draw_string_vec4
    %store/vec4 v02af99d8_0, 0, 8;
    %delay 2000, 0;
    %pushi/vec4 51, 0, 8; draw_string_vec4
    %store/vec4 v02af99d8_0, 0, 8;
    %delay 2000, 0;
    %pushi/vec4 48, 0, 8; draw_string_vec4
    %store/vec4 v02af99d8_0, 0, 8;
    %delay 2000, 0;
    %pushi/vec4 102, 0, 8; draw_string_vec4
    %store/vec4 v02af99d8_0, 0, 8;
    %delay 2000, 0;
    %pushi/vec4 52, 0, 8; draw_string_vec4
    %store/vec4 v02af99d8_0, 0, 8;
    %delay 2000, 0;
    %pushi/vec4 58, 0, 8; draw_string_vec4
    %store/vec4 v02af99d8_0, 0, 8;
    %delay 2000, 0;
    %pushi/vec4 32, 0, 8; draw_string_vec4
    %store/vec4 v02af99d8_0, 0, 8;
    %delay 2000, 0;
    %pushi/vec4 36, 0, 8; draw_string_vec4
    %store/vec4 v02af99d8_0, 0, 8;
    %delay 2000, 0;
    %pushi/vec4 51, 0, 8; draw_string_vec4
    %store/vec4 v02af99d8_0, 0, 8;
    %delay 2000, 0;
    %pushi/vec4 49, 0, 8; draw_string_vec4
    %store/vec4 v02af99d8_0, 0, 8;
    %delay 2000, 0;
    %pushi/vec4 32, 0, 8; draw_string_vec4
    %store/vec4 v02af99d8_0, 0, 8;
    %delay 2000, 0;
    %pushi/vec4 60, 0, 8; draw_string_vec4
    %store/vec4 v02af99d8_0, 0, 8;
    %delay 2000, 0;
    %pushi/vec4 61, 0, 8; draw_string_vec4
    %store/vec4 v02af99d8_0, 0, 8;
    %delay 2000, 0;
    %pushi/vec4 32, 0, 8; draw_string_vec4
    %store/vec4 v02af99d8_0, 0, 8;
    %delay 2000, 0;
    %pushi/vec4 32, 0, 8; draw_string_vec4
    %store/vec4 v02af99d8_0, 0, 8;
    %delay 2000, 0;
    %pushi/vec4 32, 0, 8; draw_string_vec4
    %store/vec4 v02af99d8_0, 0, 8;
    %delay 2000, 0;
    %pushi/vec4 49, 0, 8; draw_string_vec4
    %store/vec4 v02af99d8_0, 0, 8;
    %delay 2000, 0;
    %pushi/vec4 50, 0, 8; draw_string_vec4
    %store/vec4 v02af99d8_0, 0, 8;
    %delay 2000, 0;
    %pushi/vec4 51, 0, 8; draw_string_vec4
    %store/vec4 v02af99d8_0, 0, 8;
    %delay 2000, 0;
    %pushi/vec4 50, 0, 8; draw_string_vec4
    %store/vec4 v02af99d8_0, 0, 8;
    %delay 2000, 0;
    %pushi/vec4 49, 0, 8; draw_string_vec4
    %store/vec4 v02af99d8_0, 0, 8;
    %delay 2000, 0;
    %pushi/vec4 53, 0, 8; draw_string_vec4
    %store/vec4 v02af99d8_0, 0, 8;
    %delay 2000, 0;
    %pushi/vec4 32, 0, 8; draw_string_vec4
    %store/vec4 v02af99d8_0, 0, 8;
    %delay 2000, 0;
    %pushi/vec4 35, 0, 8; draw_string_vec4
    %store/vec4 v02af99d8_0, 0, 8;
    %delay 2000, 0;
    %pushi/vec4 94, 0, 8; draw_string_vec4
    %store/vec4 v02af99d8_0, 0, 8;
    %delay 2000, 0;
    %pushi/vec4 50, 0, 8; draw_string_vec4
    %store/vec4 v02af99d8_0, 0, 8;
    %delay 2000, 0;
    %pushi/vec4 52, 0, 8; draw_string_vec4
    %store/vec4 v02af99d8_0, 0, 8;
    %delay 2000, 0;
    %pushi/vec4 50, 0, 8; draw_string_vec4
    %store/vec4 v02af99d8_0, 0, 8;
    %delay 2000, 0;
    %pushi/vec4 64, 0, 8; draw_string_vec4
    %store/vec4 v02af99d8_0, 0, 8;
    %delay 2000, 0;
    %pushi/vec4 48, 0, 8; draw_string_vec4
    %store/vec4 v02af99d8_0, 0, 8;
    %delay 2000, 0;
    %pushi/vec4 48, 0, 8; draw_string_vec4
    %store/vec4 v02af99d8_0, 0, 8;
    %delay 2000, 0;
    %pushi/vec4 48, 0, 8; draw_string_vec4
    %store/vec4 v02af99d8_0, 0, 8;
    %delay 2000, 0;
    %pushi/vec4 48, 0, 8; draw_string_vec4
    %store/vec4 v02af99d8_0, 0, 8;
    %delay 2000, 0;
    %pushi/vec4 51, 0, 8; draw_string_vec4
    %store/vec4 v02af99d8_0, 0, 8;
    %delay 2000, 0;
    %pushi/vec4 48, 0, 8; draw_string_vec4
    %store/vec4 v02af99d8_0, 0, 8;
    %delay 2000, 0;
    %pushi/vec4 102, 0, 8; draw_string_vec4
    %store/vec4 v02af99d8_0, 0, 8;
    %delay 2000, 0;
    %pushi/vec4 52, 0, 8; draw_string_vec4
    %store/vec4 v02af99d8_0, 0, 8;
    %delay 2000, 0;
    %pushi/vec4 58, 0, 8; draw_string_vec4
    %store/vec4 v02af99d8_0, 0, 8;
    %delay 2000, 0;
    %pushi/vec4 32, 0, 8; draw_string_vec4
    %store/vec4 v02af99d8_0, 0, 8;
    %delay 2000, 0;
    %pushi/vec4 36, 0, 8; draw_string_vec4
    %store/vec4 v02af99d8_0, 0, 8;
    %delay 2000, 0;
    %pushi/vec4 51, 0, 8; draw_string_vec4
    %store/vec4 v02af99d8_0, 0, 8;
    %delay 2000, 0;
    %pushi/vec4 49, 0, 8; draw_string_vec4
    %store/vec4 v02af99d8_0, 0, 8;
    %delay 2000, 0;
    %pushi/vec4 32, 0, 8; draw_string_vec4
    %store/vec4 v02af99d8_0, 0, 8;
    %delay 2000, 0;
    %pushi/vec4 60, 0, 8; draw_string_vec4
    %store/vec4 v02af99d8_0, 0, 8;
    %delay 2000, 0;
    %pushi/vec4 61, 0, 8; draw_string_vec4
    %store/vec4 v02af99d8_0, 0, 8;
    %delay 2000, 0;
    %pushi/vec4 32, 0, 8; draw_string_vec4
    %store/vec4 v02af99d8_0, 0, 8;
    %delay 2000, 0;
    %pushi/vec4 32, 0, 8; draw_string_vec4
    %store/vec4 v02af99d8_0, 0, 8;
    %delay 2000, 0;
    %pushi/vec4 32, 0, 8; draw_string_vec4
    %store/vec4 v02af99d8_0, 0, 8;
    %delay 2000, 0;
    %pushi/vec4 97, 0, 8; draw_string_vec4
    %store/vec4 v02af99d8_0, 0, 8;
    %delay 2000, 0;
    %pushi/vec4 98, 0, 8; draw_string_vec4
    %store/vec4 v02af99d8_0, 0, 8;
    %delay 2000, 0;
    %pushi/vec4 49, 0, 8; draw_string_vec4
    %store/vec4 v02af99d8_0, 0, 8;
    %delay 2000, 0;
    %pushi/vec4 50, 0, 8; draw_string_vec4
    %store/vec4 v02af99d8_0, 0, 8;
    %delay 2000, 0;
    %pushi/vec4 51, 0, 8; draw_string_vec4
    %store/vec4 v02af99d8_0, 0, 8;
    %delay 2000, 0;
    %pushi/vec4 50, 0, 8; draw_string_vec4
    %store/vec4 v02af99d8_0, 0, 8;
    %delay 2000, 0;
    %pushi/vec4 49, 0, 8; draw_string_vec4
    %store/vec4 v02af99d8_0, 0, 8;
    %delay 2000, 0;
    %pushi/vec4 53, 0, 8; draw_string_vec4
    %store/vec4 v02af99d8_0, 0, 8;
    %delay 2000, 0;
    %pushi/vec4 32, 0, 8; draw_string_vec4
    %store/vec4 v02af99d8_0, 0, 8;
    %delay 2000, 0;
    %pushi/vec4 35, 0, 8; draw_string_vec4
    %store/vec4 v02af99d8_0, 0, 8;
    %delay 2000, 0;
    %pushi/vec4 94, 0, 8; draw_string_vec4
    %store/vec4 v02af99d8_0, 0, 8;
    %delay 2000, 0;
    %pushi/vec4 50, 0, 8; draw_string_vec4
    %store/vec4 v02af99d8_0, 0, 8;
    %delay 2000, 0;
    %pushi/vec4 52, 0, 8; draw_string_vec4
    %store/vec4 v02af99d8_0, 0, 8;
    %delay 2000, 0;
    %pushi/vec4 50, 0, 8; draw_string_vec4
    %store/vec4 v02af99d8_0, 0, 8;
    %delay 2000, 0;
    %pushi/vec4 64, 0, 8; draw_string_vec4
    %store/vec4 v02af99d8_0, 0, 8;
    %delay 2000, 0;
    %pushi/vec4 48, 0, 8; draw_string_vec4
    %store/vec4 v02af99d8_0, 0, 8;
    %delay 2000, 0;
    %pushi/vec4 48, 0, 8; draw_string_vec4
    %store/vec4 v02af99d8_0, 0, 8;
    %delay 2000, 0;
    %pushi/vec4 48, 0, 8; draw_string_vec4
    %store/vec4 v02af99d8_0, 0, 8;
    %delay 2000, 0;
    %pushi/vec4 48, 0, 8; draw_string_vec4
    %store/vec4 v02af99d8_0, 0, 8;
    %delay 2000, 0;
    %pushi/vec4 51, 0, 8; draw_string_vec4
    %store/vec4 v02af99d8_0, 0, 8;
    %delay 2000, 0;
    %pushi/vec4 48, 0, 8; draw_string_vec4
    %store/vec4 v02af99d8_0, 0, 8;
    %delay 2000, 0;
    %pushi/vec4 102, 0, 8; draw_string_vec4
    %store/vec4 v02af99d8_0, 0, 8;
    %delay 2000, 0;
    %pushi/vec4 52, 0, 8; draw_string_vec4
    %store/vec4 v02af99d8_0, 0, 8;
    %delay 2000, 0;
    %pushi/vec4 58, 0, 8; draw_string_vec4
    %store/vec4 v02af99d8_0, 0, 8;
    %delay 2000, 0;
    %pushi/vec4 32, 0, 8; draw_string_vec4
    %store/vec4 v02af99d8_0, 0, 8;
    %delay 2000, 0;
    %pushi/vec4 36, 0, 8; draw_string_vec4
    %store/vec4 v02af99d8_0, 0, 8;
    %delay 2000, 0;
    %pushi/vec4 51, 0, 8; draw_string_vec4
    %store/vec4 v02af99d8_0, 0, 8;
    %delay 2000, 0;
    %pushi/vec4 49, 0, 8; draw_string_vec4
    %store/vec4 v02af99d8_0, 0, 8;
    %delay 2000, 0;
    %pushi/vec4 32, 0, 8; draw_string_vec4
    %store/vec4 v02af99d8_0, 0, 8;
    %delay 2000, 0;
    %pushi/vec4 60, 0, 8; draw_string_vec4
    %store/vec4 v02af99d8_0, 0, 8;
    %delay 2000, 0;
    %pushi/vec4 61, 0, 8; draw_string_vec4
    %store/vec4 v02af99d8_0, 0, 8;
    %delay 2000, 0;
    %pushi/vec4 32, 0, 8; draw_string_vec4
    %store/vec4 v02af99d8_0, 0, 8;
    %delay 2000, 0;
    %pushi/vec4 32, 0, 8; draw_string_vec4
    %store/vec4 v02af99d8_0, 0, 8;
    %delay 2000, 0;
    %pushi/vec4 32, 0, 8; draw_string_vec4
    %store/vec4 v02af99d8_0, 0, 8;
    %delay 2000, 0;
    %pushi/vec4 65, 0, 8; draw_string_vec4
    %store/vec4 v02af99d8_0, 0, 8;
    %delay 2000, 0;
    %pushi/vec4 98, 0, 8; draw_string_vec4
    %store/vec4 v02af99d8_0, 0, 8;
    %delay 2000, 0;
    %pushi/vec4 49, 0, 8; draw_string_vec4
    %store/vec4 v02af99d8_0, 0, 8;
    %delay 2000, 0;
    %pushi/vec4 50, 0, 8; draw_string_vec4
    %store/vec4 v02af99d8_0, 0, 8;
    %delay 2000, 0;
    %pushi/vec4 51, 0, 8; draw_string_vec4
    %store/vec4 v02af99d8_0, 0, 8;
    %delay 2000, 0;
    %pushi/vec4 50, 0, 8; draw_string_vec4
    %store/vec4 v02af99d8_0, 0, 8;
    %delay 2000, 0;
    %pushi/vec4 49, 0, 8; draw_string_vec4
    %store/vec4 v02af99d8_0, 0, 8;
    %delay 2000, 0;
    %pushi/vec4 53, 0, 8; draw_string_vec4
    %store/vec4 v02af99d8_0, 0, 8;
    %delay 2000, 0;
    %pushi/vec4 32, 0, 8; draw_string_vec4
    %store/vec4 v02af99d8_0, 0, 8;
    %delay 2000, 0;
    %pushi/vec4 35, 0, 8; draw_string_vec4
    %store/vec4 v02af99d8_0, 0, 8;
    %delay 2000, 0;
    %pushi/vec4 94, 0, 8; draw_string_vec4
    %store/vec4 v02af99d8_0, 0, 8;
    %delay 2000, 0;
    %pushi/vec4 51, 0, 8; draw_string_vec4
    %store/vec4 v02af99d8_0, 0, 8;
    %delay 2000, 0;
    %pushi/vec4 51, 0, 8; draw_string_vec4
    %store/vec4 v02af99d8_0, 0, 8;
    %delay 2000, 0;
    %pushi/vec4 56, 0, 8; draw_string_vec4
    %store/vec4 v02af99d8_0, 0, 8;
    %delay 2000, 0;
    %pushi/vec4 64, 0, 8; draw_string_vec4
    %store/vec4 v02af99d8_0, 0, 8;
    %delay 2000, 0;
    %pushi/vec4 48, 0, 8; draw_string_vec4
    %store/vec4 v02af99d8_0, 0, 8;
    %delay 2000, 0;
    %pushi/vec4 48, 0, 8; draw_string_vec4
    %store/vec4 v02af99d8_0, 0, 8;
    %delay 2000, 0;
    %pushi/vec4 48, 0, 8; draw_string_vec4
    %store/vec4 v02af99d8_0, 0, 8;
    %delay 2000, 0;
    %pushi/vec4 48, 0, 8; draw_string_vec4
    %store/vec4 v02af99d8_0, 0, 8;
    %delay 2000, 0;
    %pushi/vec4 51, 0, 8; draw_string_vec4
    %store/vec4 v02af99d8_0, 0, 8;
    %delay 2000, 0;
    %pushi/vec4 49, 0, 8; draw_string_vec4
    %store/vec4 v02af99d8_0, 0, 8;
    %delay 2000, 0;
    %pushi/vec4 51, 0, 8; draw_string_vec4
    %store/vec4 v02af99d8_0, 0, 8;
    %delay 2000, 0;
    %pushi/vec4 48, 0, 8; draw_string_vec4
    %store/vec4 v02af99d8_0, 0, 8;
    %delay 2000, 0;
    %pushi/vec4 58, 0, 8; draw_string_vec4
    %store/vec4 v02af99d8_0, 0, 8;
    %delay 2000, 0;
    %pushi/vec4 32, 0, 8; draw_string_vec4
    %store/vec4 v02af99d8_0, 0, 8;
    %delay 2000, 0;
    %pushi/vec4 42, 0, 8; draw_string_vec4
    %store/vec4 v02af99d8_0, 0, 8;
    %delay 2000, 0;
    %pushi/vec4 48, 0, 8; draw_string_vec4
    %store/vec4 v02af99d8_0, 0, 8;
    %delay 2000, 0;
    %pushi/vec4 48, 0, 8; draw_string_vec4
    %store/vec4 v02af99d8_0, 0, 8;
    %delay 2000, 0;
    %pushi/vec4 48, 0, 8; draw_string_vec4
    %store/vec4 v02af99d8_0, 0, 8;
    %delay 2000, 0;
    %pushi/vec4 48, 0, 8; draw_string_vec4
    %store/vec4 v02af99d8_0, 0, 8;
    %delay 2000, 0;
    %pushi/vec4 48, 0, 8; draw_string_vec4
    %store/vec4 v02af99d8_0, 0, 8;
    %delay 2000, 0;
    %pushi/vec4 48, 0, 8; draw_string_vec4
    %store/vec4 v02af99d8_0, 0, 8;
    %delay 2000, 0;
    %pushi/vec4 56, 0, 8; draw_string_vec4
    %store/vec4 v02af99d8_0, 0, 8;
    %delay 2000, 0;
    %pushi/vec4 56, 0, 8; draw_string_vec4
    %store/vec4 v02af99d8_0, 0, 8;
    %delay 2000, 0;
    %pushi/vec4 32, 0, 8; draw_string_vec4
    %store/vec4 v02af99d8_0, 0, 8;
    %delay 2000, 0;
    %pushi/vec4 60, 0, 8; draw_string_vec4
    %store/vec4 v02af99d8_0, 0, 8;
    %delay 2000, 0;
    %pushi/vec4 61, 0, 8; draw_string_vec4
    %store/vec4 v02af99d8_0, 0, 8;
    %delay 2000, 0;
    %pushi/vec4 32, 0, 8; draw_string_vec4
    %store/vec4 v02af99d8_0, 0, 8;
    %delay 2000, 0;
    %pushi/vec4 70, 0, 8; draw_string_vec4
    %store/vec4 v02af99d8_0, 0, 8;
    %delay 2000, 0;
    %pushi/vec4 102, 0, 8; draw_string_vec4
    %store/vec4 v02af99d8_0, 0, 8;
    %delay 2000, 0;
    %pushi/vec4 102, 0, 8; draw_string_vec4
    %store/vec4 v02af99d8_0, 0, 8;
    %delay 2000, 0;
    %pushi/vec4 102, 0, 8; draw_string_vec4
    %store/vec4 v02af99d8_0, 0, 8;
    %delay 2000, 0;
    %pushi/vec4 98, 0, 8; draw_string_vec4
    %store/vec4 v02af99d8_0, 0, 8;
    %delay 2000, 0;
    %pushi/vec4 53, 0, 8; draw_string_vec4
    %store/vec4 v02af99d8_0, 0, 8;
    %delay 2000, 0;
    %pushi/vec4 50, 0, 8; draw_string_vec4
    %store/vec4 v02af99d8_0, 0, 8;
    %delay 2000, 0;
    %pushi/vec4 56, 0, 8; draw_string_vec4
    %store/vec4 v02af99d8_0, 0, 8;
    %delay 2000, 0;
    %pushi/vec4 35, 0, 8; draw_string_vec4
    %store/vec4 v02af99d8_0, 0, 8;
    %delay 2000, 0;
    %pushi/vec4 94, 0, 8; draw_string_vec4
    %store/vec4 v02af99d8_0, 0, 8;
    %delay 2000, 0;
    %pushi/vec4 51, 0, 8; draw_string_vec4
    %store/vec4 v02af99d8_0, 0, 8;
    %delay 2000, 0;
    %pushi/vec4 51, 0, 8; draw_string_vec4
    %store/vec4 v02af99d8_0, 0, 8;
    %delay 2000, 0;
    %pushi/vec4 56, 0, 8; draw_string_vec4
    %store/vec4 v02af99d8_0, 0, 8;
    %delay 2000, 0;
    %pushi/vec4 64, 0, 8; draw_string_vec4
    %store/vec4 v02af99d8_0, 0, 8;
    %delay 2000, 0;
    %pushi/vec4 48, 0, 8; draw_string_vec4
    %store/vec4 v02af99d8_0, 0, 8;
    %delay 2000, 0;
    %pushi/vec4 48, 0, 8; draw_string_vec4
    %store/vec4 v02af99d8_0, 0, 8;
    %delay 2000, 0;
    %pushi/vec4 48, 0, 8; draw_string_vec4
    %store/vec4 v02af99d8_0, 0, 8;
    %delay 2000, 0;
    %pushi/vec4 48, 0, 8; draw_string_vec4
    %store/vec4 v02af99d8_0, 0, 8;
    %delay 2000, 0;
    %pushi/vec4 51, 0, 8; draw_string_vec4
    %store/vec4 v02af99d8_0, 0, 8;
    %delay 2000, 0;
    %pushi/vec4 49, 0, 8; draw_string_vec4
    %store/vec4 v02af99d8_0, 0, 8;
    %delay 2000, 0;
    %pushi/vec4 51, 0, 8; draw_string_vec4
    %store/vec4 v02af99d8_0, 0, 8;
    %delay 2000, 0;
    %pushi/vec4 48, 0, 8; draw_string_vec4
    %store/vec4 v02af99d8_0, 0, 8;
    %delay 2000, 0;
    %pushi/vec4 58, 0, 8; draw_string_vec4
    %store/vec4 v02af99d8_0, 0, 8;
    %delay 2000, 0;
    %pushi/vec4 32, 0, 8; draw_string_vec4
    %store/vec4 v02af99d8_0, 0, 8;
    %delay 2000, 0;
    %pushi/vec4 42, 0, 8; draw_string_vec4
    %store/vec4 v02af99d8_0, 0, 8;
    %delay 2000, 0;
    %pushi/vec4 48, 0, 8; draw_string_vec4
    %store/vec4 v02af99d8_0, 0, 8;
    %delay 2000, 0;
    %pushi/vec4 48, 0, 8; draw_string_vec4
    %store/vec4 v02af99d8_0, 0, 8;
    %delay 2000, 0;
    %pushi/vec4 48, 0, 8; draw_string_vec4
    %store/vec4 v02af99d8_0, 0, 8;
    %delay 2000, 0;
    %pushi/vec4 48, 0, 8; draw_string_vec4
    %store/vec4 v02af99d8_0, 0, 8;
    %delay 2000, 0;
    %pushi/vec4 48, 0, 8; draw_string_vec4
    %store/vec4 v02af99d8_0, 0, 8;
    %delay 2000, 0;
    %pushi/vec4 48, 0, 8; draw_string_vec4
    %store/vec4 v02af99d8_0, 0, 8;
    %delay 2000, 0;
    %pushi/vec4 56, 0, 8; draw_string_vec4
    %store/vec4 v02af99d8_0, 0, 8;
    %delay 2000, 0;
    %pushi/vec4 56, 0, 8; draw_string_vec4
    %store/vec4 v02af99d8_0, 0, 8;
    %delay 2000, 0;
    %pushi/vec4 32, 0, 8; draw_string_vec4
    %store/vec4 v02af99d8_0, 0, 8;
    %delay 2000, 0;
    %pushi/vec4 60, 0, 8; draw_string_vec4
    %store/vec4 v02af99d8_0, 0, 8;
    %delay 2000, 0;
    %pushi/vec4 61, 0, 8; draw_string_vec4
    %store/vec4 v02af99d8_0, 0, 8;
    %delay 2000, 0;
    %pushi/vec4 32, 0, 8; draw_string_vec4
    %store/vec4 v02af99d8_0, 0, 8;
    %delay 2000, 0;
    %pushi/vec4 102, 0, 8; draw_string_vec4
    %store/vec4 v02af99d8_0, 0, 8;
    %delay 2000, 0;
    %pushi/vec4 102, 0, 8; draw_string_vec4
    %store/vec4 v02af99d8_0, 0, 8;
    %delay 2000, 0;
    %pushi/vec4 102, 0, 8; draw_string_vec4
    %store/vec4 v02af99d8_0, 0, 8;
    %delay 2000, 0;
    %pushi/vec4 102, 0, 8; draw_string_vec4
    %store/vec4 v02af99d8_0, 0, 8;
    %delay 2000, 0;
    %pushi/vec4 98, 0, 8; draw_string_vec4
    %store/vec4 v02af99d8_0, 0, 8;
    %delay 2000, 0;
    %pushi/vec4 53, 0, 8; draw_string_vec4
    %store/vec4 v02af99d8_0, 0, 8;
    %delay 2000, 0;
    %pushi/vec4 50, 0, 8; draw_string_vec4
    %store/vec4 v02af99d8_0, 0, 8;
    %delay 2000, 0;
    %pushi/vec4 56, 0, 8; draw_string_vec4
    %store/vec4 v02af99d8_0, 0, 8;
    %delay 2000, 0;
    %pushi/vec4 35, 0, 8; draw_string_vec4
    %store/vec4 v02af99d8_0, 0, 8;
    %delay 2000, 0;
    %pushi/vec4 94, 0, 8; draw_string_vec4
    %store/vec4 v02af99d8_0, 0, 8;
    %delay 2000, 0;
    %pushi/vec4 51, 0, 8; draw_string_vec4
    %store/vec4 v02af99d8_0, 0, 8;
    %delay 2000, 0;
    %pushi/vec4 51, 0, 8; draw_string_vec4
    %store/vec4 v02af99d8_0, 0, 8;
    %delay 2000, 0;
    %pushi/vec4 56, 0, 8; draw_string_vec4
    %store/vec4 v02af99d8_0, 0, 8;
    %delay 2000, 0;
    %pushi/vec4 64, 0, 8; draw_string_vec4
    %store/vec4 v02af99d8_0, 0, 8;
    %delay 2000, 0;
    %pushi/vec4 48, 0, 8; draw_string_vec4
    %store/vec4 v02af99d8_0, 0, 8;
    %delay 2000, 0;
    %pushi/vec4 48, 0, 8; draw_string_vec4
    %store/vec4 v02af99d8_0, 0, 8;
    %delay 2000, 0;
    %pushi/vec4 48, 0, 8; draw_string_vec4
    %store/vec4 v02af99d8_0, 0, 8;
    %delay 2000, 0;
    %pushi/vec4 48, 0, 8; draw_string_vec4
    %store/vec4 v02af99d8_0, 0, 8;
    %delay 2000, 0;
    %pushi/vec4 51, 0, 8; draw_string_vec4
    %store/vec4 v02af99d8_0, 0, 8;
    %delay 2000, 0;
    %pushi/vec4 49, 0, 8; draw_string_vec4
    %store/vec4 v02af99d8_0, 0, 8;
    %delay 2000, 0;
    %pushi/vec4 51, 0, 8; draw_string_vec4
    %store/vec4 v02af99d8_0, 0, 8;
    %delay 2000, 0;
    %pushi/vec4 48, 0, 8; draw_string_vec4
    %store/vec4 v02af99d8_0, 0, 8;
    %delay 2000, 0;
    %pushi/vec4 58, 0, 8; draw_string_vec4
    %store/vec4 v02af99d8_0, 0, 8;
    %delay 2000, 0;
    %pushi/vec4 32, 0, 8; draw_string_vec4
    %store/vec4 v02af99d8_0, 0, 8;
    %delay 2000, 0;
    %pushi/vec4 42, 0, 8; draw_string_vec4
    %store/vec4 v02af99d8_0, 0, 8;
    %delay 2000, 0;
    %pushi/vec4 48, 0, 8; draw_string_vec4
    %store/vec4 v02af99d8_0, 0, 8;
    %delay 2000, 0;
    %pushi/vec4 48, 0, 8; draw_string_vec4
    %store/vec4 v02af99d8_0, 0, 8;
    %delay 2000, 0;
    %pushi/vec4 48, 0, 8; draw_string_vec4
    %store/vec4 v02af99d8_0, 0, 8;
    %delay 2000, 0;
    %pushi/vec4 48, 0, 8; draw_string_vec4
    %store/vec4 v02af99d8_0, 0, 8;
    %delay 2000, 0;
    %pushi/vec4 48, 0, 8; draw_string_vec4
    %store/vec4 v02af99d8_0, 0, 8;
    %delay 2000, 0;
    %pushi/vec4 48, 0, 8; draw_string_vec4
    %store/vec4 v02af99d8_0, 0, 8;
    %delay 2000, 0;
    %pushi/vec4 56, 0, 8; draw_string_vec4
    %store/vec4 v02af99d8_0, 0, 8;
    %delay 2000, 0;
    %pushi/vec4 56, 0, 8; draw_string_vec4
    %store/vec4 v02af99d8_0, 0, 8;
    %delay 2000, 0;
    %pushi/vec4 32, 0, 8; draw_string_vec4
    %store/vec4 v02af99d8_0, 0, 8;
    %delay 2000, 0;
    %pushi/vec4 60, 0, 8; draw_string_vec4
    %store/vec4 v02af99d8_0, 0, 8;
    %delay 2000, 0;
    %pushi/vec4 61, 0, 8; draw_string_vec4
    %store/vec4 v02af99d8_0, 0, 8;
    %delay 2000, 0;
    %pushi/vec4 35, 0, 8; draw_string_vec4
    %store/vec4 v02af99d8_0, 0, 8;
    %delay 2000, 0;
    %pushi/vec4 94, 0, 8; draw_string_vec4
    %store/vec4 v02af99d8_0, 0, 8;
    %delay 2000, 0;
    %pushi/vec4 51, 0, 8; draw_string_vec4
    %store/vec4 v02af99d8_0, 0, 8;
    %delay 2000, 0;
    %pushi/vec4 51, 0, 8; draw_string_vec4
    %store/vec4 v02af99d8_0, 0, 8;
    %delay 2000, 0;
    %pushi/vec4 56, 0, 8; draw_string_vec4
    %store/vec4 v02af99d8_0, 0, 8;
    %delay 2000, 0;
    %pushi/vec4 64, 0, 8; draw_string_vec4
    %store/vec4 v02af99d8_0, 0, 8;
    %delay 2000, 0;
    %pushi/vec4 48, 0, 8; draw_string_vec4
    %store/vec4 v02af99d8_0, 0, 8;
    %delay 2000, 0;
    %pushi/vec4 48, 0, 8; draw_string_vec4
    %store/vec4 v02af99d8_0, 0, 8;
    %delay 2000, 0;
    %pushi/vec4 48, 0, 8; draw_string_vec4
    %store/vec4 v02af99d8_0, 0, 8;
    %delay 2000, 0;
    %pushi/vec4 48, 0, 8; draw_string_vec4
    %store/vec4 v02af99d8_0, 0, 8;
    %delay 2000, 0;
    %pushi/vec4 51, 0, 8; draw_string_vec4
    %store/vec4 v02af99d8_0, 0, 8;
    %delay 2000, 0;
    %pushi/vec4 49, 0, 8; draw_string_vec4
    %store/vec4 v02af99d8_0, 0, 8;
    %delay 2000, 0;
    %pushi/vec4 51, 0, 8; draw_string_vec4
    %store/vec4 v02af99d8_0, 0, 8;
    %delay 2000, 0;
    %pushi/vec4 48, 0, 8; draw_string_vec4
    %store/vec4 v02af99d8_0, 0, 8;
    %delay 2000, 0;
    %pushi/vec4 58, 0, 8; draw_string_vec4
    %store/vec4 v02af99d8_0, 0, 8;
    %delay 2000, 0;
    %pushi/vec4 32, 0, 8; draw_string_vec4
    %store/vec4 v02af99d8_0, 0, 8;
    %delay 2000, 0;
    %pushi/vec4 42, 0, 8; draw_string_vec4
    %store/vec4 v02af99d8_0, 0, 8;
    %delay 2000, 0;
    %pushi/vec4 48, 0, 8; draw_string_vec4
    %store/vec4 v02af99d8_0, 0, 8;
    %delay 2000, 0;
    %pushi/vec4 48, 0, 8; draw_string_vec4
    %store/vec4 v02af99d8_0, 0, 8;
    %delay 2000, 0;
    %pushi/vec4 48, 0, 8; draw_string_vec4
    %store/vec4 v02af99d8_0, 0, 8;
    %delay 2000, 0;
    %pushi/vec4 48, 0, 8; draw_string_vec4
    %store/vec4 v02af99d8_0, 0, 8;
    %delay 2000, 0;
    %pushi/vec4 48, 0, 8; draw_string_vec4
    %store/vec4 v02af99d8_0, 0, 8;
    %delay 2000, 0;
    %pushi/vec4 48, 0, 8; draw_string_vec4
    %store/vec4 v02af99d8_0, 0, 8;
    %delay 2000, 0;
    %pushi/vec4 56, 0, 8; draw_string_vec4
    %store/vec4 v02af99d8_0, 0, 8;
    %delay 2000, 0;
    %pushi/vec4 56, 0, 8; draw_string_vec4
    %store/vec4 v02af99d8_0, 0, 8;
    %delay 2000, 0;
    %pushi/vec4 32, 0, 8; draw_string_vec4
    %store/vec4 v02af99d8_0, 0, 8;
    %delay 2000, 0;
    %pushi/vec4 60, 0, 8; draw_string_vec4
    %store/vec4 v02af99d8_0, 0, 8;
    %delay 2000, 0;
    %pushi/vec4 61, 0, 8; draw_string_vec4
    %store/vec4 v02af99d8_0, 0, 8;
    %delay 2000, 0;
    %pushi/vec4 32, 0, 8; draw_string_vec4
    %store/vec4 v02af99d8_0, 0, 8;
    %delay 2000, 0;
    %pushi/vec4 102, 0, 8; draw_string_vec4
    %store/vec4 v02af99d8_0, 0, 8;
    %delay 2000, 0;
    %pushi/vec4 102, 0, 8; draw_string_vec4
    %store/vec4 v02af99d8_0, 0, 8;
    %delay 2000, 0;
    %pushi/vec4 102, 0, 8; draw_string_vec4
    %store/vec4 v02af99d8_0, 0, 8;
    %delay 2000, 0;
    %pushi/vec4 102, 0, 8; draw_string_vec4
    %store/vec4 v02af99d8_0, 0, 8;
    %delay 2000, 0;
    %pushi/vec4 98, 0, 8; draw_string_vec4
    %store/vec4 v02af99d8_0, 0, 8;
    %delay 2000, 0;
    %pushi/vec4 53, 0, 8; draw_string_vec4
    %store/vec4 v02af99d8_0, 0, 8;
    %delay 2000, 0;
    %pushi/vec4 50, 0, 8; draw_string_vec4
    %store/vec4 v02af99d8_0, 0, 8;
    %delay 2000, 0;
    %pushi/vec4 56, 0, 8; draw_string_vec4
    %store/vec4 v02af99d8_0, 0, 8;
    %delay 2000, 0;
    %pushi/vec4 49, 0, 8; draw_string_vec4
    %store/vec4 v02af99d8_0, 0, 8;
    %delay 2000, 0;
    %pushi/vec4 50, 0, 8; draw_string_vec4
    %store/vec4 v02af99d8_0, 0, 8;
    %delay 2000, 0;
    %pushi/vec4 35, 0, 8; draw_string_vec4
    %store/vec4 v02af99d8_0, 0, 8;
    %delay 2000, 0;
    %pushi/vec4 94, 0, 8; draw_string_vec4
    %store/vec4 v02af99d8_0, 0, 8;
    %delay 2000, 0;
    %pushi/vec4 51, 0, 8; draw_string_vec4
    %store/vec4 v02af99d8_0, 0, 8;
    %delay 2000, 0;
    %pushi/vec4 51, 0, 8; draw_string_vec4
    %store/vec4 v02af99d8_0, 0, 8;
    %delay 2000, 0;
    %pushi/vec4 56, 0, 8; draw_string_vec4
    %store/vec4 v02af99d8_0, 0, 8;
    %delay 2000, 0;
    %pushi/vec4 64, 0, 8; draw_string_vec4
    %store/vec4 v02af99d8_0, 0, 8;
    %delay 2000, 0;
    %pushi/vec4 48, 0, 8; draw_string_vec4
    %store/vec4 v02af99d8_0, 0, 8;
    %delay 2000, 0;
    %pushi/vec4 48, 0, 8; draw_string_vec4
    %store/vec4 v02af99d8_0, 0, 8;
    %delay 2000, 0;
    %pushi/vec4 48, 0, 8; draw_string_vec4
    %store/vec4 v02af99d8_0, 0, 8;
    %delay 2000, 0;
    %pushi/vec4 48, 0, 8; draw_string_vec4
    %store/vec4 v02af99d8_0, 0, 8;
    %delay 2000, 0;
    %pushi/vec4 51, 0, 8; draw_string_vec4
    %store/vec4 v02af99d8_0, 0, 8;
    %delay 2000, 0;
    %pushi/vec4 49, 0, 8; draw_string_vec4
    %store/vec4 v02af99d8_0, 0, 8;
    %delay 2000, 0;
    %pushi/vec4 51, 0, 8; draw_string_vec4
    %store/vec4 v02af99d8_0, 0, 8;
    %delay 2000, 0;
    %pushi/vec4 48, 0, 8; draw_string_vec4
    %store/vec4 v02af99d8_0, 0, 8;
    %delay 2000, 0;
    %pushi/vec4 58, 0, 8; draw_string_vec4
    %store/vec4 v02af99d8_0, 0, 8;
    %delay 2000, 0;
    %pushi/vec4 32, 0, 8; draw_string_vec4
    %store/vec4 v02af99d8_0, 0, 8;
    %delay 2000, 0;
    %pushi/vec4 42, 0, 8; draw_string_vec4
    %store/vec4 v02af99d8_0, 0, 8;
    %delay 2000, 0;
    %pushi/vec4 48, 0, 8; draw_string_vec4
    %store/vec4 v02af99d8_0, 0, 8;
    %delay 2000, 0;
    %pushi/vec4 48, 0, 8; draw_string_vec4
    %store/vec4 v02af99d8_0, 0, 8;
    %delay 2000, 0;
    %pushi/vec4 48, 0, 8; draw_string_vec4
    %store/vec4 v02af99d8_0, 0, 8;
    %delay 2000, 0;
    %pushi/vec4 48, 0, 8; draw_string_vec4
    %store/vec4 v02af99d8_0, 0, 8;
    %delay 2000, 0;
    %pushi/vec4 48, 0, 8; draw_string_vec4
    %store/vec4 v02af99d8_0, 0, 8;
    %delay 2000, 0;
    %pushi/vec4 48, 0, 8; draw_string_vec4
    %store/vec4 v02af99d8_0, 0, 8;
    %delay 2000, 0;
    %pushi/vec4 56, 0, 8; draw_string_vec4
    %store/vec4 v02af99d8_0, 0, 8;
    %delay 2000, 0;
    %pushi/vec4 56, 0, 8; draw_string_vec4
    %store/vec4 v02af99d8_0, 0, 8;
    %delay 2000, 0;
    %pushi/vec4 32, 0, 8; draw_string_vec4
    %store/vec4 v02af99d8_0, 0, 8;
    %delay 2000, 0;
    %pushi/vec4 60, 0, 8; draw_string_vec4
    %store/vec4 v02af99d8_0, 0, 8;
    %delay 2000, 0;
    %pushi/vec4 61, 0, 8; draw_string_vec4
    %store/vec4 v02af99d8_0, 0, 8;
    %delay 2000, 0;
    %pushi/vec4 32, 0, 8; draw_string_vec4
    %store/vec4 v02af99d8_0, 0, 8;
    %delay 2000, 0;
    %pushi/vec4 102, 0, 8; draw_string_vec4
    %store/vec4 v02af99d8_0, 0, 8;
    %delay 2000, 0;
    %pushi/vec4 102, 0, 8; draw_string_vec4
    %store/vec4 v02af99d8_0, 0, 8;
    %delay 2000, 0;
    %pushi/vec4 102, 0, 8; draw_string_vec4
    %store/vec4 v02af99d8_0, 0, 8;
    %delay 2000, 0;
    %pushi/vec4 102, 0, 8; draw_string_vec4
    %store/vec4 v02af99d8_0, 0, 8;
    %delay 2000, 0;
    %pushi/vec4 98, 0, 8; draw_string_vec4
    %store/vec4 v02af99d8_0, 0, 8;
    %delay 2000, 0;
    %pushi/vec4 53, 0, 8; draw_string_vec4
    %store/vec4 v02af99d8_0, 0, 8;
    %delay 2000, 0;
    %pushi/vec4 50, 0, 8; draw_string_vec4
    %store/vec4 v02af99d8_0, 0, 8;
    %delay 2000, 0;
    %pushi/vec4 35, 0, 8; draw_string_vec4
    %store/vec4 v02af99d8_0, 0, 8;
    %delay 2000, 0;
    %pushi/vec4 94, 0, 8; draw_string_vec4
    %store/vec4 v02af99d8_0, 0, 8;
    %delay 2000, 0;
    %pushi/vec4 51, 0, 8; draw_string_vec4
    %store/vec4 v02af99d8_0, 0, 8;
    %delay 2000, 0;
    %pushi/vec4 51, 0, 8; draw_string_vec4
    %store/vec4 v02af99d8_0, 0, 8;
    %delay 2000, 0;
    %pushi/vec4 56, 0, 8; draw_string_vec4
    %store/vec4 v02af99d8_0, 0, 8;
    %delay 2000, 0;
    %pushi/vec4 64, 0, 8; draw_string_vec4
    %store/vec4 v02af99d8_0, 0, 8;
    %delay 2000, 0;
    %pushi/vec4 48, 0, 8; draw_string_vec4
    %store/vec4 v02af99d8_0, 0, 8;
    %delay 2000, 0;
    %pushi/vec4 48, 0, 8; draw_string_vec4
    %store/vec4 v02af99d8_0, 0, 8;
    %delay 2000, 0;
    %pushi/vec4 48, 0, 8; draw_string_vec4
    %store/vec4 v02af99d8_0, 0, 8;
    %delay 2000, 0;
    %pushi/vec4 48, 0, 8; draw_string_vec4
    %store/vec4 v02af99d8_0, 0, 8;
    %delay 2000, 0;
    %pushi/vec4 51, 0, 8; draw_string_vec4
    %store/vec4 v02af99d8_0, 0, 8;
    %delay 2000, 0;
    %pushi/vec4 49, 0, 8; draw_string_vec4
    %store/vec4 v02af99d8_0, 0, 8;
    %delay 2000, 0;
    %pushi/vec4 51, 0, 8; draw_string_vec4
    %store/vec4 v02af99d8_0, 0, 8;
    %delay 2000, 0;
    %pushi/vec4 48, 0, 8; draw_string_vec4
    %store/vec4 v02af99d8_0, 0, 8;
    %delay 2000, 0;
    %pushi/vec4 58, 0, 8; draw_string_vec4
    %store/vec4 v02af99d8_0, 0, 8;
    %delay 2000, 0;
    %pushi/vec4 32, 0, 8; draw_string_vec4
    %store/vec4 v02af99d8_0, 0, 8;
    %delay 2000, 0;
    %pushi/vec4 42, 0, 8; draw_string_vec4
    %store/vec4 v02af99d8_0, 0, 8;
    %delay 2000, 0;
    %pushi/vec4 48, 0, 8; draw_string_vec4
    %store/vec4 v02af99d8_0, 0, 8;
    %delay 2000, 0;
    %pushi/vec4 48, 0, 8; draw_string_vec4
    %store/vec4 v02af99d8_0, 0, 8;
    %delay 2000, 0;
    %pushi/vec4 48, 0, 8; draw_string_vec4
    %store/vec4 v02af99d8_0, 0, 8;
    %delay 2000, 0;
    %pushi/vec4 48, 0, 8; draw_string_vec4
    %store/vec4 v02af99d8_0, 0, 8;
    %delay 2000, 0;
    %pushi/vec4 48, 0, 8; draw_string_vec4
    %store/vec4 v02af99d8_0, 0, 8;
    %delay 2000, 0;
    %pushi/vec4 48, 0, 8; draw_string_vec4
    %store/vec4 v02af99d8_0, 0, 8;
    %delay 2000, 0;
    %pushi/vec4 56, 0, 8; draw_string_vec4
    %store/vec4 v02af99d8_0, 0, 8;
    %delay 2000, 0;
    %pushi/vec4 56, 0, 8; draw_string_vec4
    %store/vec4 v02af99d8_0, 0, 8;
    %delay 2000, 0;
    %pushi/vec4 32, 0, 8; draw_string_vec4
    %store/vec4 v02af99d8_0, 0, 8;
    %delay 2000, 0;
    %pushi/vec4 60, 0, 8; draw_string_vec4
    %store/vec4 v02af99d8_0, 0, 8;
    %delay 2000, 0;
    %pushi/vec4 61, 0, 8; draw_string_vec4
    %store/vec4 v02af99d8_0, 0, 8;
    %delay 2000, 0;
    %pushi/vec4 32, 0, 8; draw_string_vec4
    %store/vec4 v02af99d8_0, 0, 8;
    %delay 2000, 0;
    %pushi/vec4 102, 0, 8; draw_string_vec4
    %store/vec4 v02af99d8_0, 0, 8;
    %delay 2000, 0;
    %pushi/vec4 102, 0, 8; draw_string_vec4
    %store/vec4 v02af99d8_0, 0, 8;
    %delay 2000, 0;
    %pushi/vec4 102, 0, 8; draw_string_vec4
    %store/vec4 v02af99d8_0, 0, 8;
    %delay 2000, 0;
    %pushi/vec4 102, 0, 8; draw_string_vec4
    %store/vec4 v02af99d8_0, 0, 8;
    %delay 2000, 0;
    %pushi/vec4 66, 0, 8; draw_string_vec4
    %store/vec4 v02af99d8_0, 0, 8;
    %delay 2000, 0;
    %pushi/vec4 53, 0, 8; draw_string_vec4
    %store/vec4 v02af99d8_0, 0, 8;
    %delay 2000, 0;
    %pushi/vec4 50, 0, 8; draw_string_vec4
    %store/vec4 v02af99d8_0, 0, 8;
    %delay 2000, 0;
    %pushi/vec4 56, 0, 8; draw_string_vec4
    %store/vec4 v02af99d8_0, 0, 8;
    %delay 2000, 0;
    %pushi/vec4 35, 0, 8; draw_string_vec4
    %store/vec4 v02af99d8_0, 0, 8;
    %delay 2000, 0;
    %pushi/vec4 94, 0, 8; draw_string_vec4
    %store/vec4 v02af99d8_0, 0, 8;
    %delay 2000, 0;
    %pushi/vec4 51, 0, 8; draw_string_vec4
    %store/vec4 v02af99d8_0, 0, 8;
    %delay 2000, 0;
    %pushi/vec4 51, 0, 8; draw_string_vec4
    %store/vec4 v02af99d8_0, 0, 8;
    %delay 2000, 0;
    %pushi/vec4 56, 0, 8; draw_string_vec4
    %store/vec4 v02af99d8_0, 0, 8;
    %delay 2000, 0;
    %pushi/vec4 64, 0, 8; draw_string_vec4
    %store/vec4 v02af99d8_0, 0, 8;
    %delay 2000, 0;
    %pushi/vec4 48, 0, 8; draw_string_vec4
    %store/vec4 v02af99d8_0, 0, 8;
    %delay 2000, 0;
    %pushi/vec4 48, 0, 8; draw_string_vec4
    %store/vec4 v02af99d8_0, 0, 8;
    %delay 2000, 0;
    %pushi/vec4 48, 0, 8; draw_string_vec4
    %store/vec4 v02af99d8_0, 0, 8;
    %delay 2000, 0;
    %pushi/vec4 48, 0, 8; draw_string_vec4
    %store/vec4 v02af99d8_0, 0, 8;
    %delay 2000, 0;
    %pushi/vec4 51, 0, 8; draw_string_vec4
    %store/vec4 v02af99d8_0, 0, 8;
    %delay 2000, 0;
    %pushi/vec4 49, 0, 8; draw_string_vec4
    %store/vec4 v02af99d8_0, 0, 8;
    %delay 2000, 0;
    %pushi/vec4 51, 0, 8; draw_string_vec4
    %store/vec4 v02af99d8_0, 0, 8;
    %delay 2000, 0;
    %pushi/vec4 48, 0, 8; draw_string_vec4
    %store/vec4 v02af99d8_0, 0, 8;
    %delay 2000, 0;
    %pushi/vec4 58, 0, 8; draw_string_vec4
    %store/vec4 v02af99d8_0, 0, 8;
    %delay 2000, 0;
    %pushi/vec4 32, 0, 8; draw_string_vec4
    %store/vec4 v02af99d8_0, 0, 8;
    %delay 2000, 0;
    %pushi/vec4 42, 0, 8; draw_string_vec4
    %store/vec4 v02af99d8_0, 0, 8;
    %delay 2000, 0;
    %pushi/vec4 48, 0, 8; draw_string_vec4
    %store/vec4 v02af99d8_0, 0, 8;
    %delay 2000, 0;
    %pushi/vec4 48, 0, 8; draw_string_vec4
    %store/vec4 v02af99d8_0, 0, 8;
    %delay 2000, 0;
    %pushi/vec4 48, 0, 8; draw_string_vec4
    %store/vec4 v02af99d8_0, 0, 8;
    %delay 2000, 0;
    %pushi/vec4 48, 0, 8; draw_string_vec4
    %store/vec4 v02af99d8_0, 0, 8;
    %delay 2000, 0;
    %pushi/vec4 48, 0, 8; draw_string_vec4
    %store/vec4 v02af99d8_0, 0, 8;
    %delay 2000, 0;
    %pushi/vec4 48, 0, 8; draw_string_vec4
    %store/vec4 v02af99d8_0, 0, 8;
    %delay 2000, 0;
    %pushi/vec4 56, 0, 8; draw_string_vec4
    %store/vec4 v02af99d8_0, 0, 8;
    %delay 2000, 0;
    %pushi/vec4 56, 0, 8; draw_string_vec4
    %store/vec4 v02af99d8_0, 0, 8;
    %delay 2000, 0;
    %pushi/vec4 32, 0, 8; draw_string_vec4
    %store/vec4 v02af99d8_0, 0, 8;
    %delay 2000, 0;
    %pushi/vec4 60, 0, 8; draw_string_vec4
    %store/vec4 v02af99d8_0, 0, 8;
    %delay 2000, 0;
    %pushi/vec4 61, 0, 8; draw_string_vec4
    %store/vec4 v02af99d8_0, 0, 8;
    %delay 2000, 0;
    %pushi/vec4 32, 0, 8; draw_string_vec4
    %store/vec4 v02af99d8_0, 0, 8;
    %delay 2000, 0;
    %pushi/vec4 102, 0, 8; draw_string_vec4
    %store/vec4 v02af99d8_0, 0, 8;
    %delay 2000, 0;
    %pushi/vec4 102, 0, 8; draw_string_vec4
    %store/vec4 v02af99d8_0, 0, 8;
    %delay 2000, 0;
    %pushi/vec4 102, 0, 8; draw_string_vec4
    %store/vec4 v02af99d8_0, 0, 8;
    %delay 2000, 0;
    %pushi/vec4 102, 0, 8; draw_string_vec4
    %store/vec4 v02af99d8_0, 0, 8;
    %delay 2000, 0;
    %pushi/vec4 98, 0, 8; draw_string_vec4
    %store/vec4 v02af99d8_0, 0, 8;
    %delay 2000, 0;
    %pushi/vec4 53, 0, 8; draw_string_vec4
    %store/vec4 v02af99d8_0, 0, 8;
    %delay 2000, 0;
    %pushi/vec4 50, 0, 8; draw_string_vec4
    %store/vec4 v02af99d8_0, 0, 8;
    %delay 2000, 0;
    %pushi/vec4 66, 0, 8; draw_string_vec4
    %store/vec4 v02af99d8_0, 0, 8;
    %delay 2000, 0;
    %pushi/vec4 35, 0, 8; draw_string_vec4
    %store/vec4 v02af99d8_0, 0, 8;
    %delay 2000, 0;
    %pushi/vec4 94, 0, 8; draw_string_vec4
    %store/vec4 v02af99d8_0, 0, 8;
    %delay 2000, 0;
    %pushi/vec4 51, 0, 8; draw_string_vec4
    %store/vec4 v02af99d8_0, 0, 8;
    %delay 2000, 0;
    %pushi/vec4 51, 0, 8; draw_string_vec4
    %store/vec4 v02af99d8_0, 0, 8;
    %delay 2000, 0;
    %pushi/vec4 56, 0, 8; draw_string_vec4
    %store/vec4 v02af99d8_0, 0, 8;
    %delay 2000, 0;
    %pushi/vec4 64, 0, 8; draw_string_vec4
    %store/vec4 v02af99d8_0, 0, 8;
    %delay 2000, 0;
    %pushi/vec4 48, 0, 8; draw_string_vec4
    %store/vec4 v02af99d8_0, 0, 8;
    %delay 2000, 0;
    %pushi/vec4 48, 0, 8; draw_string_vec4
    %store/vec4 v02af99d8_0, 0, 8;
    %delay 2000, 0;
    %pushi/vec4 48, 0, 8; draw_string_vec4
    %store/vec4 v02af99d8_0, 0, 8;
    %delay 2000, 0;
    %pushi/vec4 48, 0, 8; draw_string_vec4
    %store/vec4 v02af99d8_0, 0, 8;
    %delay 2000, 0;
    %pushi/vec4 51, 0, 8; draw_string_vec4
    %store/vec4 v02af99d8_0, 0, 8;
    %delay 2000, 0;
    %pushi/vec4 49, 0, 8; draw_string_vec4
    %store/vec4 v02af99d8_0, 0, 8;
    %delay 2000, 0;
    %pushi/vec4 51, 0, 8; draw_string_vec4
    %store/vec4 v02af99d8_0, 0, 8;
    %delay 2000, 0;
    %pushi/vec4 48, 0, 8; draw_string_vec4
    %store/vec4 v02af99d8_0, 0, 8;
    %delay 2000, 0;
    %pushi/vec4 58, 0, 8; draw_string_vec4
    %store/vec4 v02af99d8_0, 0, 8;
    %delay 2000, 0;
    %pushi/vec4 32, 0, 8; draw_string_vec4
    %store/vec4 v02af99d8_0, 0, 8;
    %delay 2000, 0;
    %pushi/vec4 42, 0, 8; draw_string_vec4
    %store/vec4 v02af99d8_0, 0, 8;
    %delay 2000, 0;
    %pushi/vec4 48, 0, 8; draw_string_vec4
    %store/vec4 v02af99d8_0, 0, 8;
    %delay 2000, 0;
    %pushi/vec4 48, 0, 8; draw_string_vec4
    %store/vec4 v02af99d8_0, 0, 8;
    %delay 2000, 0;
    %pushi/vec4 48, 0, 8; draw_string_vec4
    %store/vec4 v02af99d8_0, 0, 8;
    %delay 2000, 0;
    %pushi/vec4 48, 0, 8; draw_string_vec4
    %store/vec4 v02af99d8_0, 0, 8;
    %delay 2000, 0;
    %pushi/vec4 48, 0, 8; draw_string_vec4
    %store/vec4 v02af99d8_0, 0, 8;
    %delay 2000, 0;
    %pushi/vec4 48, 0, 8; draw_string_vec4
    %store/vec4 v02af99d8_0, 0, 8;
    %delay 2000, 0;
    %pushi/vec4 56, 0, 8; draw_string_vec4
    %store/vec4 v02af99d8_0, 0, 8;
    %delay 2000, 0;
    %pushi/vec4 56, 0, 8; draw_string_vec4
    %store/vec4 v02af99d8_0, 0, 8;
    %delay 2000, 0;
    %pushi/vec4 32, 0, 8; draw_string_vec4
    %store/vec4 v02af99d8_0, 0, 8;
    %delay 2000, 0;
    %pushi/vec4 60, 0, 8; draw_string_vec4
    %store/vec4 v02af99d8_0, 0, 8;
    %delay 2000, 0;
    %pushi/vec4 61, 0, 8; draw_string_vec4
    %store/vec4 v02af99d8_0, 0, 8;
    %delay 2000, 0;
    %pushi/vec4 32, 0, 8; draw_string_vec4
    %store/vec4 v02af99d8_0, 0, 8;
    %delay 2000, 0;
    %pushi/vec4 102, 0, 8; draw_string_vec4
    %store/vec4 v02af99d8_0, 0, 8;
    %delay 2000, 0;
    %pushi/vec4 102, 0, 8; draw_string_vec4
    %store/vec4 v02af99d8_0, 0, 8;
    %delay 2000, 0;
    %pushi/vec4 102, 0, 8; draw_string_vec4
    %store/vec4 v02af99d8_0, 0, 8;
    %delay 2000, 0;
    %pushi/vec4 102, 0, 8; draw_string_vec4
    %store/vec4 v02af99d8_0, 0, 8;
    %delay 2000, 0;
    %pushi/vec4 98, 0, 8; draw_string_vec4
    %store/vec4 v02af99d8_0, 0, 8;
    %delay 2000, 0;
    %pushi/vec4 53, 0, 8; draw_string_vec4
    %store/vec4 v02af99d8_0, 0, 8;
    %delay 2000, 0;
    %pushi/vec4 50, 0, 8; draw_string_vec4
    %store/vec4 v02af99d8_0, 0, 8;
    %delay 2000, 0;
    %pushi/vec4 66, 0, 8; draw_string_vec4
    %store/vec4 v02af99d8_0, 0, 8;
    %delay 2000, 0;
    %pushi/vec4 35, 0, 8; draw_string_vec4
    %store/vec4 v02af99d8_0, 0, 8;
    %delay 2000, 0;
    %pushi/vec4 94, 0, 8; draw_string_vec4
    %store/vec4 v02af99d8_0, 0, 8;
    %delay 2000, 0;
    %pushi/vec4 51, 0, 8; draw_string_vec4
    %store/vec4 v02af99d8_0, 0, 8;
    %delay 2000, 0;
    %pushi/vec4 51, 0, 8; draw_string_vec4
    %store/vec4 v02af99d8_0, 0, 8;
    %delay 2000, 0;
    %pushi/vec4 56, 0, 8; draw_string_vec4
    %store/vec4 v02af99d8_0, 0, 8;
    %delay 2000, 0;
    %pushi/vec4 64, 0, 8; draw_string_vec4
    %store/vec4 v02af99d8_0, 0, 8;
    %delay 2000, 0;
    %pushi/vec4 48, 0, 8; draw_string_vec4
    %store/vec4 v02af99d8_0, 0, 8;
    %delay 2000, 0;
    %pushi/vec4 48, 0, 8; draw_string_vec4
    %store/vec4 v02af99d8_0, 0, 8;
    %delay 2000, 0;
    %pushi/vec4 48, 0, 8; draw_string_vec4
    %store/vec4 v02af99d8_0, 0, 8;
    %delay 2000, 0;
    %pushi/vec4 48, 0, 8; draw_string_vec4
    %store/vec4 v02af99d8_0, 0, 8;
    %delay 2000, 0;
    %pushi/vec4 51, 0, 8; draw_string_vec4
    %store/vec4 v02af99d8_0, 0, 8;
    %delay 2000, 0;
    %pushi/vec4 49, 0, 8; draw_string_vec4
    %store/vec4 v02af99d8_0, 0, 8;
    %delay 2000, 0;
    %pushi/vec4 51, 0, 8; draw_string_vec4
    %store/vec4 v02af99d8_0, 0, 8;
    %delay 2000, 0;
    %pushi/vec4 48, 0, 8; draw_string_vec4
    %store/vec4 v02af99d8_0, 0, 8;
    %delay 2000, 0;
    %pushi/vec4 58, 0, 8; draw_string_vec4
    %store/vec4 v02af99d8_0, 0, 8;
    %delay 2000, 0;
    %pushi/vec4 32, 0, 8; draw_string_vec4
    %store/vec4 v02af99d8_0, 0, 8;
    %delay 2000, 0;
    %pushi/vec4 42, 0, 8; draw_string_vec4
    %store/vec4 v02af99d8_0, 0, 8;
    %delay 2000, 0;
    %pushi/vec4 48, 0, 8; draw_string_vec4
    %store/vec4 v02af99d8_0, 0, 8;
    %delay 2000, 0;
    %pushi/vec4 48, 0, 8; draw_string_vec4
    %store/vec4 v02af99d8_0, 0, 8;
    %delay 2000, 0;
    %pushi/vec4 48, 0, 8; draw_string_vec4
    %store/vec4 v02af99d8_0, 0, 8;
    %delay 2000, 0;
    %pushi/vec4 48, 0, 8; draw_string_vec4
    %store/vec4 v02af99d8_0, 0, 8;
    %delay 2000, 0;
    %pushi/vec4 48, 0, 8; draw_string_vec4
    %store/vec4 v02af99d8_0, 0, 8;
    %delay 2000, 0;
    %pushi/vec4 48, 0, 8; draw_string_vec4
    %store/vec4 v02af99d8_0, 0, 8;
    %delay 2000, 0;
    %pushi/vec4 56, 0, 8; draw_string_vec4
    %store/vec4 v02af99d8_0, 0, 8;
    %delay 2000, 0;
    %pushi/vec4 56, 0, 8; draw_string_vec4
    %store/vec4 v02af99d8_0, 0, 8;
    %delay 2000, 0;
    %pushi/vec4 32, 0, 8; draw_string_vec4
    %store/vec4 v02af99d8_0, 0, 8;
    %delay 2000, 0;
    %pushi/vec4 60, 0, 8; draw_string_vec4
    %store/vec4 v02af99d8_0, 0, 8;
    %delay 2000, 0;
    %pushi/vec4 61, 0, 8; draw_string_vec4
    %store/vec4 v02af99d8_0, 0, 8;
    %delay 2000, 0;
    %pushi/vec4 32, 0, 8; draw_string_vec4
    %store/vec4 v02af99d8_0, 0, 8;
    %delay 2000, 0;
    %pushi/vec4 102, 0, 8; draw_string_vec4
    %store/vec4 v02af99d8_0, 0, 8;
    %delay 2000, 0;
    %pushi/vec4 102, 0, 8; draw_string_vec4
    %store/vec4 v02af99d8_0, 0, 8;
    %delay 2000, 0;
    %pushi/vec4 102, 0, 8; draw_string_vec4
    %store/vec4 v02af99d8_0, 0, 8;
    %delay 2000, 0;
    %pushi/vec4 102, 0, 8; draw_string_vec4
    %store/vec4 v02af99d8_0, 0, 8;
    %delay 2000, 0;
    %pushi/vec4 98, 0, 8; draw_string_vec4
    %store/vec4 v02af99d8_0, 0, 8;
    %delay 2000, 0;
    %pushi/vec4 53, 0, 8; draw_string_vec4
    %store/vec4 v02af99d8_0, 0, 8;
    %delay 2000, 0;
    %pushi/vec4 50, 0, 8; draw_string_vec4
    %store/vec4 v02af99d8_0, 0, 8;
    %delay 2000, 0;
    %pushi/vec4 66, 0, 8; draw_string_vec4
    %store/vec4 v02af99d8_0, 0, 8;
    %delay 2000, 0;
    %pushi/vec4 32, 0, 8; draw_string_vec4
    %store/vec4 v02af99d8_0, 0, 8;
    %delay 2000, 0;
    %pushi/vec4 35, 0, 8; draw_string_vec4
    %store/vec4 v02af99d8_0, 0, 8;
    %delay 20000, 0;
    %pushi/vec4 1, 0, 1;
    %store/vec4 v02af96c0_0, 0, 1;
    %vpi_call 2 582 "$finish" {0 0 0};
    %end;
    .thread T_6;
    .scope S_0131ecb0;
T_7 ;
    %delay 1000, 0;
    %load/vec4 v02af97c8_0;
    %inv;
    %store/vec4 v02af97c8_0, 0, 1;
    %jmp T_7;
    .thread T_7;
# The file index is used to find the file name in the following table.
:file_names 4;
    "N/A";
    "<interactive>";
    "cpu_check_tb.v";
    "./cpu_checker.v";
