#! c:/iverilog-x86/bin/vvp
:ivl_version "10.0 (stable)" "(v10_0)";
:ivl_delay_selection "TYPICAL";
:vpi_time_precision + 0;
:vpi_module "system";
:vpi_module "vhdl_sys";
:vpi_module "v2005_math";
:vpi_module "va_math";
S_01133758 .scope module, "cpu_checker" "cpu_checker" 2 14;
 .timescale 0 0;
    .port_info 0 /INPUT 1 "clk"
    .port_info 1 /INPUT 1 "reset"
    .port_info 2 /INPUT 8 "char"
    .port_info 3 /OUTPUT 2 "format_type"
L_02a173e8 .functor AND 1, L_02a4f980, L_02a4f4b0, C4<1>, C4<1>;
L_02a17160 .functor AND 1, L_02a4f2f8, L_02a4f610, C4<1>, C4<1>;
L_02a50018 .functor BUFT 1, C4<0111>, C4<0>, C4<0>, C4<0>;
v02a0c270_0 .net/2u *"_s0", 3 0, L_02a50018;  1 drivers
L_02a50068 .functor BUFT 1, C4<01>, C4<0>, C4<0>, C4<0>;
v02a0c530_0 .net/2u *"_s10", 1 0, L_02a50068;  1 drivers
L_02a50090 .functor BUFT 1, C4<0111>, C4<0>, C4<0>, C4<0>;
v02a0c3d0_0 .net/2u *"_s12", 3 0, L_02a50090;  1 drivers
v02a0c1c0_0 .net *"_s14", 0 0, L_02a4f2f8;  1 drivers
L_02a500b8 .functor BUFT 1, C4<00000000000000000000000000000001>, C4<0>, C4<0>, C4<0>;
v02a0c588_0 .net/2s *"_s16", 31 0, L_02a500b8;  1 drivers
v02a0c218_0 .net *"_s18", 0 0, L_02a4f610;  1 drivers
v02a0c5e0_0 .net *"_s2", 0 0, L_02a4f980;  1 drivers
v02a0c2c8_0 .net *"_s20", 0 0, L_02a17160;  1 drivers
L_02a500e0 .functor BUFT 1, C4<10>, C4<0>, C4<0>, C4<0>;
v02a0c638_0 .net/2u *"_s22", 1 0, L_02a500e0;  1 drivers
L_02a50108 .functor BUFT 1, C4<00>, C4<0>, C4<0>, C4<0>;
v02a0c378_0 .net/2u *"_s24", 1 0, L_02a50108;  1 drivers
v02a0c7f0_0 .net *"_s26", 1 0, L_02a4fae0;  1 drivers
L_02a50040 .functor BUFT 1, C4<00000000000000000000000000000000>, C4<0>, C4<0>, C4<0>;
v02a0c740_0 .net/2s *"_s4", 31 0, L_02a50040;  1 drivers
v02a0c798_0 .net *"_s6", 0 0, L_02a4f4b0;  1 drivers
v02a0c480_0 .net *"_s8", 0 0, L_02a173e8;  1 drivers
o02a1f10c .functor BUFZ 8, C4<zzzzzzzz>; HiZ drive
v02a0c168_0 .net "char", 7 0, o02a1f10c;  0 drivers
o02a1f124 .functor BUFZ 1, C4<z>; HiZ drive
v02a0c4d8_0 .net "clk", 0 0, o02a1f124;  0 drivers
v02a0c848_0 .var/i "dexcnt", 31 0;
v02a0c690_0 .var/i "flag", 31 0;
v02a0c6e8_0 .net "format_type", 1 0, L_02a4f140;  1 drivers
v02a0c110_0 .var/i "hexcnt", 31 0;
o02a1f19c .functor BUFZ 1, C4<z>; HiZ drive
v02a0c320_0 .net "reset", 0 0, o02a1f19c;  0 drivers
v02a0c428_0 .var/i "spacecnt", 31 0;
v02a4f2a0_0 .var "state", 3 0;
E_02a0ab60 .event posedge, v02a0c4d8_0;
L_02a4f980 .cmp/eq 4, v02a4f2a0_0, L_02a50018;
L_02a4f4b0 .cmp/eq 32, v02a0c690_0, L_02a50040;
L_02a4f2f8 .cmp/eq 4, v02a4f2a0_0, L_02a50090;
L_02a4f610 .cmp/eq 32, v02a0c690_0, L_02a500b8;
L_02a4fae0 .functor MUXZ 2, L_02a50108, L_02a500e0, L_02a17160, C4<>;
L_02a4f140 .functor MUXZ 2, L_02a4fae0, L_02a50068, L_02a173e8, C4<>;
    .scope S_01133758;
T_0 ;
    %pushi/vec4 0, 0, 32;
    %store/vec4 v02a0c848_0, 0, 32;
    %end;
    .thread T_0;
    .scope S_01133758;
T_1 ;
    %pushi/vec4 0, 0, 32;
    %store/vec4 v02a0c110_0, 0, 32;
    %end;
    .thread T_1;
    .scope S_01133758;
T_2 ;
    %pushi/vec4 0, 0, 32;
    %store/vec4 v02a0c428_0, 0, 32;
    %end;
    .thread T_2;
    .scope S_01133758;
T_3 ;
    %pushi/vec4 0, 0, 4;
    %store/vec4 v02a4f2a0_0, 0, 4;
    %end;
    .thread T_3;
    .scope S_01133758;
T_4 ;
    %wait E_02a0ab60;
    %load/vec4 v02a0c320_0;
    %pad/u 32;
    %cmpi/e 1, 0, 32;
    %jmp/0xz  T_4.0, 4;
    %pushi/vec4 0, 0, 4;
    %store/vec4 v02a4f2a0_0, 0, 4;
    %pushi/vec4 0, 0, 32;
    %store/vec4 v02a0c428_0, 0, 32;
    %pushi/vec4 0, 0, 32;
    %store/vec4 v02a0c110_0, 0, 32;
    %pushi/vec4 0, 0, 32;
    %store/vec4 v02a0c848_0, 0, 32;
    %jmp T_4.1;
T_4.0 ;
    %load/vec4 v02a4f2a0_0;
    %dup/vec4;
    %pushi/vec4 0, 0, 4;
    %cmp/u;
    %jmp/1 T_4.2, 6;
    %dup/vec4;
    %pushi/vec4 1, 0, 4;
    %cmp/u;
    %jmp/1 T_4.3, 6;
    %dup/vec4;
    %pushi/vec4 2, 0, 4;
    %cmp/u;
    %jmp/1 T_4.4, 6;
    %dup/vec4;
    %pushi/vec4 3, 0, 4;
    %cmp/u;
    %jmp/1 T_4.5, 6;
    %dup/vec4;
    %pushi/vec4 4, 0, 4;
    %cmp/u;
    %jmp/1 T_4.6, 6;
    %dup/vec4;
    %pushi/vec4 5, 0, 4;
    %cmp/u;
    %jmp/1 T_4.7, 6;
    %dup/vec4;
    %pushi/vec4 6, 0, 4;
    %cmp/u;
    %jmp/1 T_4.8, 6;
    %dup/vec4;
    %pushi/vec4 7, 0, 4;
    %cmp/u;
    %jmp/1 T_4.9, 6;
    %jmp T_4.10;
T_4.2 ;
    %load/vec4 v02a0c168_0;
    %pushi/vec4 94, 0, 8; draw_string_vec4
    %cmp/e;
    %jmp/0xz  T_4.11, 4;
    %pushi/vec4 1, 0, 4;
    %store/vec4 v02a4f2a0_0, 0, 4;
T_4.11 ;
    %jmp T_4.10;
T_4.3 ;
    %pushi/vec4 48, 0, 8;
    %load/vec4 v02a0c168_0;
    %cmp/u;
    %flag_get/vec4 4;
    %flag_get/vec4 5;
    %or;
    %load/vec4 v02a0c168_0;
    %cmpi/u 57, 0, 8;
    %flag_get/vec4 4;
    %flag_get/vec4 5;
    %or;
    %and;
    %flag_set/vec4 8;
    %jmp/0xz  T_4.13, 8;
    %load/vec4 v02a0c848_0;
    %addi 1, 0, 32;
    %store/vec4 v02a0c848_0, 0, 32;
    %pushi/vec4 4, 0, 32;
    %load/vec4 v02a0c848_0;
    %cmp/s;
    %jmp/0xz  T_4.15, 5;
    %pushi/vec4 0, 0, 4;
    %store/vec4 v02a4f2a0_0, 0, 4;
    %pushi/vec4 0, 0, 32;
    %store/vec4 v02a0c848_0, 0, 32;
T_4.15 ;
    %jmp T_4.14;
T_4.13 ;
    %load/vec4 v02a0c168_0;
    %cmpi/e 64, 0, 8;
    %jmp/0xz  T_4.17, 4;
    %pushi/vec4 1, 0, 32;
    %load/vec4 v02a0c848_0;
    %cmp/s;
    %flag_get/vec4 4;
    %flag_get/vec4 5;
    %or;
    %load/vec4 v02a0c848_0;
    %cmpi/s 4, 0, 32;
    %flag_get/vec4 4;
    %flag_get/vec4 5;
    %or;
    %and;
    %flag_set/vec4 8;
    %jmp/0xz  T_4.19, 8;
    %pushi/vec4 2, 0, 4;
    %store/vec4 v02a4f2a0_0, 0, 4;
    %pushi/vec4 0, 0, 32;
    %store/vec4 v02a0c848_0, 0, 32;
T_4.19 ;
    %jmp T_4.18;
T_4.17 ;
    %load/vec4 v02a0c168_0;
    %cmpi/e 94, 0, 8;
    %jmp/0xz  T_4.21, 4;
    %pushi/vec4 0, 0, 32;
    %store/vec4 v02a0c848_0, 0, 32;
    %pushi/vec4 1, 0, 4;
    %store/vec4 v02a4f2a0_0, 0, 4;
    %jmp T_4.22;
T_4.21 ;
    %pushi/vec4 0, 0, 4;
    %store/vec4 v02a4f2a0_0, 0, 4;
    %pushi/vec4 0, 0, 32;
    %store/vec4 v02a0c848_0, 0, 32;
T_4.22 ;
T_4.18 ;
T_4.14 ;
    %jmp T_4.10;
T_4.4 ;
    %pushi/vec4 48, 0, 8;
    %load/vec4 v02a0c168_0;
    %cmp/u;
    %flag_get/vec4 4;
    %flag_get/vec4 5;
    %or;
    %load/vec4 v02a0c168_0;
    %cmpi/u 57, 0, 8;
    %flag_get/vec4 4;
    %flag_get/vec4 5;
    %or;
    %and;
    %flag_set/vec4 8;
    %pushi/vec4 97, 0, 8;
    %load/vec4 v02a0c168_0;
    %cmp/u;
    %flag_get/vec4 4;
    %flag_get/vec4 5;
    %or;
    %load/vec4 v02a0c168_0;
    %cmpi/u 102, 0, 8;
    %flag_get/vec4 4;
    %flag_get/vec4 5;
    %or;
    %and;
    %flag_set/vec4 9;
    %flag_or 9, 8;
    %jmp/0xz  T_4.23, 9;
    %load/vec4 v02a0c110_0;
    %addi 1, 0, 32;
    %store/vec4 v02a0c110_0, 0, 32;
    %pushi/vec4 8, 0, 32;
    %load/vec4 v02a0c110_0;
    %cmp/s;
    %jmp/0xz  T_4.25, 5;
    %pushi/vec4 0, 0, 32;
    %store/vec4 v02a0c110_0, 0, 32;
    %pushi/vec4 0, 0, 4;
    %store/vec4 v02a4f2a0_0, 0, 4;
T_4.25 ;
    %jmp T_4.24;
T_4.23 ;
    %load/vec4 v02a0c168_0;
    %pushi/vec4 58, 0, 8; draw_string_vec4
    %cmp/e;
    %jmp/0xz  T_4.27, 4;
    %load/vec4 v02a0c110_0;
    %cmpi/e 8, 0, 32;
    %jmp/0xz  T_4.29, 4;
    %pushi/vec4 0, 0, 32;
    %store/vec4 v02a0c110_0, 0, 32;
    %pushi/vec4 3, 0, 4;
    %store/vec4 v02a4f2a0_0, 0, 4;
    %jmp T_4.30;
T_4.29 ;
    %pushi/vec4 0, 0, 32;
    %store/vec4 v02a0c110_0, 0, 32;
    %pushi/vec4 0, 0, 4;
    %store/vec4 v02a4f2a0_0, 0, 4;
T_4.30 ;
    %jmp T_4.28;
T_4.27 ;
    %load/vec4 v02a0c168_0;
    %pushi/vec4 94, 0, 8; draw_string_vec4
    %cmp/e;
    %jmp/0xz  T_4.31, 4;
    %pushi/vec4 0, 0, 32;
    %store/vec4 v02a0c110_0, 0, 32;
    %pushi/vec4 1, 0, 4;
    %store/vec4 v02a4f2a0_0, 0, 4;
    %jmp T_4.32;
T_4.31 ;
    %pushi/vec4 0, 0, 32;
    %store/vec4 v02a0c110_0, 0, 32;
    %pushi/vec4 0, 0, 4;
    %store/vec4 v02a4f2a0_0, 0, 4;
T_4.32 ;
T_4.28 ;
T_4.24 ;
    %jmp T_4.10;
T_4.5 ;
    %load/vec4 v02a0c168_0;
    %pushi/vec4 36, 0, 8; draw_string_vec4
    %cmp/e;
    %flag_mov 8, 4;
    %load/vec4 v02a0c168_0;
    %pushi/vec4 42, 0, 8; draw_string_vec4
    %cmp/e;
    %flag_or 4, 8;
    %jmp/0xz  T_4.33, 4;
    %load/vec4 v02a0c168_0;
    %pushi/vec4 36, 0, 8; draw_string_vec4
    %cmp/e;
    %jmp/0xz  T_4.35, 4;
    %pushi/vec4 0, 0, 32;
    %store/vec4 v02a0c690_0, 0, 32;
    %jmp T_4.36;
T_4.35 ;
    %pushi/vec4 1, 0, 32;
    %store/vec4 v02a0c690_0, 0, 32;
T_4.36 ;
    %pushi/vec4 4, 0, 4;
    %store/vec4 v02a4f2a0_0, 0, 4;
    %jmp T_4.34;
T_4.33 ;
    %load/vec4 v02a0c168_0;
    %pushi/vec4 32, 0, 8; draw_string_vec4
    %cmp/e;
    %jmp/0xz  T_4.37, 4;
    %pushi/vec4 3, 0, 4;
    %store/vec4 v02a4f2a0_0, 0, 4;
    %jmp T_4.38;
T_4.37 ;
    %load/vec4 v02a0c168_0;
    %pushi/vec4 94, 0, 8; draw_string_vec4
    %cmp/e;
    %jmp/0xz  T_4.39, 4;
    %pushi/vec4 1, 0, 4;
    %store/vec4 v02a4f2a0_0, 0, 4;
    %jmp T_4.40;
T_4.39 ;
    %pushi/vec4 0, 0, 4;
    %store/vec4 v02a4f2a0_0, 0, 4;
T_4.40 ;
T_4.38 ;
T_4.34 ;
    %jmp T_4.10;
T_4.6 ;
    %load/vec4 v02a0c690_0;
    %cmpi/e 0, 0, 32;
    %jmp/0xz  T_4.41, 4;
    %pushi/vec4 48, 0, 8;
    %load/vec4 v02a0c168_0;
    %cmp/u;
    %flag_get/vec4 4;
    %flag_get/vec4 5;
    %or;
    %load/vec4 v02a0c168_0;
    %cmpi/u 57, 0, 8;
    %flag_get/vec4 4;
    %flag_get/vec4 5;
    %or;
    %and;
    %load/vec4 v02a0c428_0;
    %pushi/vec4 0, 0, 32;
    %cmp/e;
    %flag_get/vec4 4;
    %and;
    %flag_set/vec4 8;
    %jmp/0xz  T_4.43, 8;
    %load/vec4 v02a0c848_0;
    %addi 1, 0, 32;
    %store/vec4 v02a0c848_0, 0, 32;
    %pushi/vec4 4, 0, 32;
    %load/vec4 v02a0c848_0;
    %cmp/s;
    %jmp/0xz  T_4.45, 5;
    %pushi/vec4 0, 0, 4;
    %store/vec4 v02a4f2a0_0, 0, 4;
    %pushi/vec4 0, 0, 32;
    %store/vec4 v02a0c848_0, 0, 32;
T_4.45 ;
    %jmp T_4.44;
T_4.43 ;
    %load/vec4 v02a0c168_0;
    %pushi/vec4 32, 0, 8; draw_string_vec4
    %cmp/e;
    %jmp/0xz  T_4.47, 4;
    %pushi/vec4 1, 0, 32;
    %load/vec4 v02a0c848_0;
    %cmp/s;
    %flag_get/vec4 4;
    %flag_get/vec4 5;
    %or;
    %load/vec4 v02a0c848_0;
    %cmpi/s 4, 0, 32;
    %flag_get/vec4 4;
    %flag_get/vec4 5;
    %or;
    %and;
    %flag_set/vec4 8;
    %jmp/0xz  T_4.49, 8;
    %load/vec4 v02a0c428_0;
    %addi 1, 0, 32;
    %store/vec4 v02a0c428_0, 0, 32;
    %pushi/vec4 4, 0, 4;
    %store/vec4 v02a4f2a0_0, 0, 4;
    %jmp T_4.50;
T_4.49 ;
    %pushi/vec4 0, 0, 32;
    %store/vec4 v02a0c428_0, 0, 32;
    %pushi/vec4 0, 0, 32;
    %store/vec4 v02a0c848_0, 0, 32;
    %pushi/vec4 0, 0, 4;
    %store/vec4 v02a4f2a0_0, 0, 4;
T_4.50 ;
    %jmp T_4.48;
T_4.47 ;
    %load/vec4 v02a0c168_0;
    %pushi/vec4 60, 0, 8; draw_string_vec4
    %cmp/e;
    %flag_get/vec4 4;
    %pushi/vec4 1, 0, 32;
    %load/vec4 v02a0c848_0;
    %cmp/s;
    %flag_get/vec4 4;
    %flag_get/vec4 5;
    %or;
    %and;
    %load/vec4 v02a0c848_0;
    %cmpi/s 4, 0, 32;
    %flag_get/vec4 4;
    %flag_get/vec4 5;
    %or;
    %and;
    %flag_set/vec4 8;
    %jmp/0xz  T_4.51, 8;
    %pushi/vec4 0, 0, 32;
    %store/vec4 v02a0c848_0, 0, 32;
    %pushi/vec4 0, 0, 32;
    %store/vec4 v02a0c428_0, 0, 32;
    %pushi/vec4 5, 0, 4;
    %store/vec4 v02a4f2a0_0, 0, 4;
    %jmp T_4.52;
T_4.51 ;
    %load/vec4 v02a0c168_0;
    %pushi/vec4 94, 0, 8; draw_string_vec4
    %cmp/e;
    %jmp/0xz  T_4.53, 4;
    %pushi/vec4 0, 0, 32;
    %store/vec4 v02a0c848_0, 0, 32;
    %pushi/vec4 0, 0, 32;
    %store/vec4 v02a0c428_0, 0, 32;
    %pushi/vec4 1, 0, 4;
    %store/vec4 v02a4f2a0_0, 0, 4;
    %jmp T_4.54;
T_4.53 ;
    %pushi/vec4 0, 0, 32;
    %store/vec4 v02a0c848_0, 0, 32;
    %pushi/vec4 0, 0, 32;
    %store/vec4 v02a0c428_0, 0, 32;
    %pushi/vec4 0, 0, 4;
    %store/vec4 v02a4f2a0_0, 0, 4;
T_4.54 ;
T_4.52 ;
T_4.48 ;
T_4.44 ;
    %jmp T_4.42;
T_4.41 ;
    %pushi/vec4 48, 0, 8;
    %load/vec4 v02a0c168_0;
    %cmp/u;
    %flag_get/vec4 4;
    %flag_get/vec4 5;
    %or;
    %load/vec4 v02a0c168_0;
    %cmpi/u 57, 0, 8;
    %flag_get/vec4 4;
    %flag_get/vec4 5;
    %or;
    %and;
    %pushi/vec4 97, 0, 8;
    %load/vec4 v02a0c168_0;
    %cmp/u;
    %flag_get/vec4 4;
    %flag_get/vec4 5;
    %or;
    %load/vec4 v02a0c168_0;
    %cmpi/u 102, 0, 8;
    %flag_get/vec4 4;
    %flag_get/vec4 5;
    %or;
    %and;
    %or;
    %load/vec4 v02a0c428_0;
    %pushi/vec4 0, 0, 32;
    %cmp/e;
    %flag_get/vec4 4;
    %and;
    %flag_set/vec4 8;
    %jmp/0xz  T_4.55, 8;
    %load/vec4 v02a0c110_0;
    %addi 1, 0, 32;
    %store/vec4 v02a0c110_0, 0, 32;
    %pushi/vec4 8, 0, 32;
    %load/vec4 v02a0c110_0;
    %cmp/s;
    %jmp/0xz  T_4.57, 5;
    %pushi/vec4 0, 0, 32;
    %store/vec4 v02a0c110_0, 0, 32;
    %pushi/vec4 0, 0, 32;
    %store/vec4 v02a0c428_0, 0, 32;
    %pushi/vec4 0, 0, 4;
    %store/vec4 v02a4f2a0_0, 0, 4;
T_4.57 ;
    %jmp T_4.56;
T_4.55 ;
    %load/vec4 v02a0c110_0;
    %pushi/vec4 8, 0, 32;
    %cmp/e;
    %flag_get/vec4 4;
    %load/vec4 v02a0c168_0;
    %pushi/vec4 32, 0, 8; draw_string_vec4
    %cmp/e;
    %flag_get/vec4 4;
    %and;
    %flag_set/vec4 8;
    %jmp/0xz  T_4.59, 8;
    %load/vec4 v02a0c428_0;
    %addi 1, 0, 32;
    %store/vec4 v02a0c428_0, 0, 32;
    %pushi/vec4 4, 0, 4;
    %store/vec4 v02a4f2a0_0, 0, 4;
    %jmp T_4.60;
T_4.59 ;
    %load/vec4 v02a0c110_0;
    %pushi/vec4 8, 0, 32;
    %cmp/e;
    %flag_get/vec4 4;
    %load/vec4 v02a0c168_0;
    %pushi/vec4 60, 0, 8; draw_string_vec4
    %cmp/e;
    %flag_get/vec4 4;
    %and;
    %flag_set/vec4 8;
    %jmp/0xz  T_4.61, 8;
    %pushi/vec4 5, 0, 4;
    %store/vec4 v02a4f2a0_0, 0, 4;
    %pushi/vec4 0, 0, 32;
    %store/vec4 v02a0c428_0, 0, 32;
    %pushi/vec4 0, 0, 32;
    %store/vec4 v02a0c110_0, 0, 32;
    %jmp T_4.62;
T_4.61 ;
    %load/vec4 v02a0c168_0;
    %pushi/vec4 94, 0, 8; draw_string_vec4
    %cmp/e;
    %jmp/0xz  T_4.63, 4;
    %pushi/vec4 0, 0, 32;
    %store/vec4 v02a0c428_0, 0, 32;
    %pushi/vec4 0, 0, 32;
    %store/vec4 v02a0c110_0, 0, 32;
    %pushi/vec4 1, 0, 4;
    %store/vec4 v02a4f2a0_0, 0, 4;
    %jmp T_4.64;
T_4.63 ;
    %pushi/vec4 0, 0, 32;
    %store/vec4 v02a0c428_0, 0, 32;
    %pushi/vec4 0, 0, 32;
    %store/vec4 v02a0c110_0, 0, 32;
    %pushi/vec4 0, 0, 4;
    %store/vec4 v02a4f2a0_0, 0, 4;
T_4.64 ;
T_4.62 ;
T_4.60 ;
T_4.56 ;
T_4.42 ;
    %jmp T_4.10;
T_4.7 ;
    %load/vec4 v02a0c168_0;
    %pushi/vec4 61, 0, 8; draw_string_vec4
    %cmp/e;
    %jmp/0xz  T_4.65, 4;
    %pushi/vec4 6, 0, 4;
    %store/vec4 v02a4f2a0_0, 0, 4;
    %jmp T_4.66;
T_4.65 ;
    %load/vec4 v02a0c168_0;
    %pushi/vec4 94, 0, 8; draw_string_vec4
    %cmp/e;
    %jmp/0xz  T_4.67, 4;
    %pushi/vec4 1, 0, 4;
    %store/vec4 v02a4f2a0_0, 0, 4;
    %jmp T_4.68;
T_4.67 ;
    %pushi/vec4 0, 0, 4;
    %store/vec4 v02a4f2a0_0, 0, 4;
T_4.68 ;
T_4.66 ;
    %jmp T_4.10;
T_4.8 ;
    %load/vec4 v02a0c168_0;
    %pushi/vec4 32, 0, 8; draw_string_vec4
    %cmp/e;
    %flag_get/vec4 4;
    %load/vec4 v02a0c110_0;
    %pushi/vec4 0, 0, 32;
    %cmp/e;
    %flag_get/vec4 4;
    %and;
    %flag_set/vec4 8;
    %jmp/0xz  T_4.69, 8;
    %load/vec4 v02a0c428_0;
    %addi 1, 0, 32;
    %store/vec4 v02a0c428_0, 0, 32;
    %pushi/vec4 6, 0, 4;
    %store/vec4 v02a4f2a0_0, 0, 4;
    %jmp T_4.70;
T_4.69 ;
    %pushi/vec4 48, 0, 8;
    %load/vec4 v02a0c168_0;
    %cmp/u;
    %flag_get/vec4 4;
    %flag_get/vec4 5;
    %or;
    %load/vec4 v02a0c168_0;
    %cmpi/u 57, 0, 8;
    %flag_get/vec4 4;
    %flag_get/vec4 5;
    %or;
    %and;
    %flag_set/vec4 8;
    %pushi/vec4 97, 0, 8;
    %load/vec4 v02a0c168_0;
    %cmp/u;
    %flag_get/vec4 4;
    %flag_get/vec4 5;
    %or;
    %load/vec4 v02a0c168_0;
    %cmpi/u 102, 0, 8;
    %flag_get/vec4 4;
    %flag_get/vec4 5;
    %or;
    %and;
    %flag_set/vec4 9;
    %flag_or 9, 8;
    %jmp/0xz  T_4.71, 9;
    %load/vec4 v02a0c110_0;
    %addi 1, 0, 32;
    %store/vec4 v02a0c110_0, 0, 32;
    %pushi/vec4 8, 0, 32;
    %load/vec4 v02a0c110_0;
    %cmp/s;
    %jmp/0xz  T_4.73, 5;
    %pushi/vec4 0, 0, 32;
    %store/vec4 v02a0c110_0, 0, 32;
    %pushi/vec4 0, 0, 32;
    %store/vec4 v02a0c428_0, 0, 32;
    %pushi/vec4 0, 0, 4;
    %store/vec4 v02a4f2a0_0, 0, 4;
T_4.73 ;
    %jmp T_4.72;
T_4.71 ;
    %load/vec4 v02a0c168_0;
    %pushi/vec4 35, 0, 8; draw_string_vec4
    %cmp/e;
    %jmp/0xz  T_4.75, 4;
    %load/vec4 v02a0c110_0;
    %cmpi/e 8, 0, 32;
    %jmp/0xz  T_4.77, 4;
    %pushi/vec4 7, 0, 4;
    %store/vec4 v02a4f2a0_0, 0, 4;
    %pushi/vec4 0, 0, 32;
    %store/vec4 v02a0c110_0, 0, 32;
    %pushi/vec4 0, 0, 32;
    %store/vec4 v02a0c428_0, 0, 32;
    %jmp T_4.78;
T_4.77 ;
    %pushi/vec4 0, 0, 4;
    %store/vec4 v02a4f2a0_0, 0, 4;
    %pushi/vec4 0, 0, 32;
    %store/vec4 v02a0c110_0, 0, 32;
    %pushi/vec4 0, 0, 32;
    %store/vec4 v02a0c428_0, 0, 32;
T_4.78 ;
    %jmp T_4.76;
T_4.75 ;
    %load/vec4 v02a0c168_0;
    %pushi/vec4 94, 0, 8; draw_string_vec4
    %cmp/e;
    %jmp/0xz  T_4.79, 4;
    %pushi/vec4 1, 0, 4;
    %store/vec4 v02a4f2a0_0, 0, 4;
    %pushi/vec4 0, 0, 32;
    %store/vec4 v02a0c110_0, 0, 32;
    %pushi/vec4 0, 0, 32;
    %store/vec4 v02a0c428_0, 0, 32;
    %jmp T_4.80;
T_4.79 ;
    %pushi/vec4 0, 0, 4;
    %store/vec4 v02a4f2a0_0, 0, 4;
    %pushi/vec4 0, 0, 32;
    %store/vec4 v02a0c110_0, 0, 32;
    %pushi/vec4 0, 0, 32;
    %store/vec4 v02a0c428_0, 0, 32;
T_4.80 ;
T_4.76 ;
T_4.72 ;
T_4.70 ;
    %jmp T_4.10;
T_4.9 ;
    %load/vec4 v02a0c168_0;
    %pushi/vec4 94, 0, 8; draw_string_vec4
    %cmp/e;
    %jmp/0xz  T_4.81, 4;
    %pushi/vec4 1, 0, 4;
    %store/vec4 v02a4f2a0_0, 0, 4;
    %jmp T_4.82;
T_4.81 ;
    %pushi/vec4 0, 0, 4;
    %store/vec4 v02a4f2a0_0, 0, 4;
T_4.82 ;
    %jmp T_4.10;
T_4.10 ;
    %pop/vec4 1;
T_4.1 ;
    %jmp T_4;
    .thread T_4;
# The file index is used to find the file name in the following table.
:file_names 3;
    "N/A";
    "<interactive>";
    "cpu_checker.v";
