ISim log file
Running: D:\Desktop\CO\P5\CPU\tb_isim_beh.exe -intstyle ise -gui -tclbatch isim.cmd -wdb D:/Desktop/CO/P5/CPU/tb_isim_beh.wdb 
ISim P.20131013 (signature 0x7708f090)
WARNING: A WEBPACK license was found.
WARNING: Please use Xilinx License Configuration Manager to check out a full ISim license.
WARNING: ISim will run in Lite mode. Please refer to the ISim documentation for more information on the differences between the Lite and the Full version.
This is a Lite version of ISim.
Time resolution is 1 ps
# onerror resume
# wave add /
# run 1000 ns
Simulator is doing circuit initialization process.
Finished circuit initialization process.
@00003000: $10 <= 00000000
@00003004: $20 <= 000007f3
@00003008: $20 <= 00000000
@0000300c: $24 <= 00000000
@00003010: $31 <= 000002ea
@00003014: *0000021c <= 00000000
@00003018: $20 <= 00000000
@0000301c: $29 <= 00003188
@00003024: $23 <= 000021ed
@0000318c: $24 <= 00000000
@00003334: $25 <= 00004c24
@00003338: *000027b8 <= 00000000
@0000333c: $23 <= 000029df
@00003340: *00002640 <= 00000000
@00003344: $22 <= ee590000
@00003348: *00002e44 <= 00000000
@0000334c: $31 <= 000034d4
@00003354: $ 3 <= 00004c24
@000034d4: $22 <= 00000000
@000034d8: $24 <= 000017b0
@000034dc: $ 1 <= 00000000
@000034e0: $29 <= 53ce0000
@000034e8: $26 <= 00002caa
@00003538: $23 <= 000037f0
@00003540: $ 0 <= 00000000
@000037f0: $ 8 <= ce2d0000
@000037f8: $26 <= 000037f0
@00003800: $13 <= 24210000
@000039c8: $ 0 <= 00000000
@000039cc: $ 1 <= 00001e6d
@000039d0: $29 <= 00000000
@000039d4: $19 <= 00003ed5
@000039dc: $ 8 <= 0000177c
@000039e0: *00000d18 <= 00000000
@000039e4: $31 <= 24210000
@000039e8: $14 <= 00001e6d
@000039ec: $10 <= 00004c24
@000039f4: $22 <= 0000456e
@00003be8: $31 <= f8990000
@00003bec: $28 <= f8990d34
@00003bf0: $29 <= 1a550000
@00003bf8: $18 <= 0000213f
@00003ea8: $24 <= 00000000
@00003ed8: $20 <= b7060000
@00003edc: $ 0 <= 00000000
@00003ee0: $ 6 <= 0000195b
@00003ee4: $28 <= 00000000
@00003ef8: $18 <= 00007968
@00003efc: $15 <= 2cc00000
@00003f00: $14 <= 00003ed5
@00003f04: $25 <= f899456e
@00003f08: $14 <= 00000e9a
@00003f0c: $28 <= 00000000
@00003f10: $ 6 <= 00000000
@00003f14: $31 <= 00003f1c
@00003f6c: $23 <= 2421ce18
@00003f70: $ 0 <= 00000000
@00003f78: $ 4 <= 00000000
@00003f78: $ 4 <= 00000000
@00003f7c: $15 <= 00007968
# restart
ISim P.20131013 (signature 0x7708f090)
WARNING: A WEBPACK license was found.
WARNING: Please use Xilinx License Configuration Manager to check out a full ISim license.
WARNING: ISim will run in Lite mode. Please refer to the ISim documentation for more information on the differences between the Lite and the Full version.
This is a Lite version of ISim.
# run 1000 ns
Simulator is doing circuit initialization process.
Finished circuit initialization process.
@00003000: $28 <= 00001800
@00003004: $29 <= 00002ffc
@00003008: $10 <= 00000000
@0000300c: $20 <= 000007f3
@00003010: $20 <= 00000000
@00003014: $24 <= 00000000
@00003018: $31 <= 000002ea
@0000301c: *0000021c <= 00001800
@00003020: $20 <= 00002ffc
@00003024: $29 <= 00003188
@0000302c: $23 <= 000021ed
@00003188: $13 <= 00003c08
@0000318c: *000023a0 <= 00000000
@00003194: $24 <= 00000000
@0000333c: $25 <= 00004c24
@00003340: *000027b8 <= 00000000
@00003344: $23 <= 000029df
@00003348: *00002640 <= 00000000
@0000334c: $22 <= ee590000
@00003350: *00002e44 <= 00002ffc
@00003354: $31 <= 000034d4
@0000335c: $ 3 <= 00004c24
@000034d4: $17 <= 00001a75
@000034d8: *00000fe0 <= 00000000
@000034dc: $22 <= 00000000
@000034e0: $24 <= 000017b0
@000034e4: $ 1 <= 00000000
@000034e8: $29 <= 53ce0000
@000034f0: $26 <= 00002caa
@00003540: $23 <= 000037f0
@00003548: $ 0 <= 00000000
@000037f4: $ 3 <= 00000000
@00003a90: $ 9 <= 0000dab0
@00003a98: $ 8 <= ffffe850
@00003d10: $24 <= 5f910000
@00003d80: $ 9 <= ffff2550
@00003d88: $26 <= 00003da0
@00003d90: $19 <= 8f740000
@00003da0: $25 <= 00000f95
@00003da4: *000017d0 <= 00000000
@00003dac: $20 <= 00003fff
@00003db0: $13 <= 00006ae8
@00003db8: $ 8 <= 00001cef
@00003e70: $ 5 <= 000018c6
@00003e74: $23 <= 00000000
@00003e78: $31 <= 00003e80
@00003e7c: $ 0 <= 00000000
@00003e98: $23 <= 00003f00
@00003f00: $18 <= 00007968
@00003f04: $15 <= 2cc00000
@00003f08: $14 <= 8f740000
@00003f0c: $25 <= 00003e80
@00003f10: $14 <= 00000e9a
@00003f14: $28 <= 00000000
@00003f18: $ 6 <= ffff2550
@00003f1c: $31 <= 00003f24
@00003f74: $23 <= 0000eef8
@00003f78: $ 0 <= 00000000
@00003f80: $ 4 <= 00000000
@00003f80: $ 4 <= 00000000
@00003f84: $15 <= 00007968
ISim P.20131013 (signature 0x7708f090)
WARNING: A WEBPACK license was found.
WARNING: Please use Xilinx License Configuration Manager to check out a full ISim license.
WARNING: ISim will run in Lite mode. Please refer to the ISim documentation for more information on the differences between the Lite and the Full version.
This is a Lite version of ISim.
# run 1000 ns
Simulator is doing circuit initialization process.
Finished circuit initialization process.
@00003000: $ 4 <= 00000020
@00003004: $ 5 <= 00000001
@00003008: $31 <= 00003010
@00003030: $ 6 <= 00000021
@00003010: *00000000 <= 00000021
@00003014: $ 4 <= 00000000
@00003018: $ 4 <= 0000301c
@00003020: $ 5 <= 00000000
@00003028: *00000008 <= 00003010
@00003020: $ 5 <= 00000000
@00003028: *00000008 <= 00003010
@00003030: $ 6 <= 0000301c
ISim P.20131013 (signature 0x7708f090)
WARNING: A WEBPACK license was found.
WARNING: Please use Xilinx License Configuration Manager to check out a full ISim license.
WARNING: ISim will run in Lite mode. Please refer to the ISim documentation for more information on the differences between the Lite and the Full version.
This is a Lite version of ISim.
# run 1000 ns
Simulator is doing circuit initialization process.
Finished circuit initialization process.
@00003000: $ 4 <= 00000020
@00003004: $ 5 <= 00000001
@00003008: $31 <= 00003010
@0000300c: $31 <= 00003030
@00003030: $ 6 <= 00000021
@00003030: $ 6 <= 00000021
@00003030: $ 6 <= 00000021
@00003030: $ 6 <= 00000021
@00003030: $ 6 <= 00000021
@00003030: $ 6 <= 00000021
@00003030: $ 6 <= 00000021
@00003030: $ 6 <= 00000021
@00003030: $ 6 <= 00000021
@00003030: $ 6 <= 00000021
@00003030: $ 6 <= 00000021
@00003030: $ 6 <= 00000021
@00003030: $ 6 <= 00000021
@00003030: $ 6 <= 00000021
@00003030: $ 6 <= 00000021
@00003030: $ 6 <= 00000021
@00003030: $ 6 <= 00000021
@00003030: $ 6 <= 00000021
@00003030: $ 6 <= 00000021
@00003030: $ 6 <= 00000021
@00003030: $ 6 <= 00000021
@00003030: $ 6 <= 00000021
@00003030: $ 6 <= 00000021
@00003030: $ 6 <= 00000021
@00003030: $ 6 <= 00000021
@00003030: $ 6 <= 00000021
@00003030: $ 6 <= 00000021
@00003030: $ 6 <= 00000021
@00003030: $ 6 <= 00000021
@00003030: $ 6 <= 00000021
@00003030: $ 6 <= 00000021
@00003030: $ 6 <= 00000021
@00003030: $ 6 <= 00000021
@00003030: $ 6 <= 00000021
@00003030: $ 6 <= 00000021
@00003030: $ 6 <= 00000021
@00003030: $ 6 <= 00000021
@00003030: $ 6 <= 00000021
@00003030: $ 6 <= 00000021
@00003030: $ 6 <= 00000021
@00003030: $ 6 <= 00000021
@00003030: $ 6 <= 00000021
@00003030: $ 6 <= 00000021
@00003030: $ 6 <= 00000021
@00003030: $ 6 <= 00000021
@00003030: $ 6 <= 00000021
@00003030: $ 6 <= 00000021
@00003030: $ 6 <= 00000021
@00003030: $ 6 <= 00000021
@00003030: $ 6 <= 00000021
@00003030: $ 6 <= 00000021
@00003030: $ 6 <= 00000021
@00003030: $ 6 <= 00000021
@00003030: $ 6 <= 00000021
@00003030: $ 6 <= 00000021
@00003030: $ 6 <= 00000021
@00003030: $ 6 <= 00000021
@00003030: $ 6 <= 00000021
@00003030: $ 6 <= 00000021
@00003030: $ 6 <= 00000021
@00003030: $ 6 <= 00000021
@00003030: $ 6 <= 00000021
@00003030: $ 6 <= 00000021
@00003030: $ 6 <= 00000021
@00003030: $ 6 <= 00000021
@00003030: $ 6 <= 00000021
@00003030: $ 6 <= 00000021
@00003030: $ 6 <= 00000021
@00003030: $ 6 <= 00000021
@00003030: $ 6 <= 00000021
@00003030: $ 6 <= 00000021
@00003030: $ 6 <= 00000021
@00003030: $ 6 <= 00000021
@00003030: $ 6 <= 00000021
@00003030: $ 6 <= 00000021
@00003030: $ 6 <= 00000021
@00003030: $ 6 <= 00000021
@00003030: $ 6 <= 00000021
@00003030: $ 6 <= 00000021
@00003030: $ 6 <= 00000021
@00003030: $ 6 <= 00000021
@00003030: $ 6 <= 00000021
@00003030: $ 6 <= 00000021
@00003030: $ 6 <= 00000021
@00003030: $ 6 <= 00000021
@00003030: $ 6 <= 00000021
@00003030: $ 6 <= 00000021
@00003030: $ 6 <= 00000021
@00003030: $ 6 <= 00000021
@00003030: $ 6 <= 00000021
@00003030: $ 6 <= 00000021
@00003030: $ 6 <= 00000021
@00003030: $ 6 <= 00000021
@00003030: $ 6 <= 00000021
@00003030: $ 6 <= 00000021
@00003030: $ 6 <= 00000021
@00003030: $ 6 <= 00000021
@00003030: $ 6 <= 00000021
@00003030: $ 6 <= 00000021
@00003030: $ 6 <= 00000021
@00003030: $ 6 <= 00000021
@00003030: $ 6 <= 00000021
@00003030: $ 6 <= 00000021
@00003030: $ 6 <= 00000021
@00003030: $ 6 <= 00000021
@00003030: $ 6 <= 00000021
@00003030: $ 6 <= 00000021
@00003030: $ 6 <= 00000021
@00003030: $ 6 <= 00000021
@00003030: $ 6 <= 00000021
@00003030: $ 6 <= 00000021
@00003030: $ 6 <= 00000021
@00003030: $ 6 <= 00000021
@00003030: $ 6 <= 00000021
@00003030: $ 6 <= 00000021
@00003030: $ 6 <= 00000021
@00003030: $ 6 <= 00000021
@00003030: $ 6 <= 00000021
@00003030: $ 6 <= 00000021
@00003030: $ 6 <= 00000021
@00003030: $ 6 <= 00000021
@00003030: $ 6 <= 00000021
@00003030: $ 6 <= 00000021
@00003030: $ 6 <= 00000021
@00003030: $ 6 <= 00000021
@00003030: $ 6 <= 00000021
@00003030: $ 6 <= 00000021
@00003030: $ 6 <= 00000021
@00003030: $ 6 <= 00000021
@00003030: $ 6 <= 00000021
@00003030: $ 6 <= 00000021
@00003030: $ 6 <= 00000021
@00003030: $ 6 <= 00000021
@00003030: $ 6 <= 00000021
@00003030: $ 6 <= 00000021
@00003030: $ 6 <= 00000021
@00003030: $ 6 <= 00000021
@00003030: $ 6 <= 00000021
@00003030: $ 6 <= 00000021
@00003030: $ 6 <= 00000021
@00003030: $ 6 <= 00000021
@00003030: $ 6 <= 00000021
@00003030: $ 6 <= 00000021
@00003030: $ 6 <= 00000021
@00003030: $ 6 <= 00000021
@00003030: $ 6 <= 00000021
@00003030: $ 6 <= 00000021
@00003030: $ 6 <= 00000021
@00003030: $ 6 <= 00000021
@00003030: $ 6 <= 00000021
@00003030: $ 6 <= 00000021
@00003030: $ 6 <= 00000021
@00003030: $ 6 <= 00000021
@00003030: $ 6 <= 00000021
@00003030: $ 6 <= 00000021
@00003030: $ 6 <= 00000021
@00003030: $ 6 <= 00000021
@00003030: $ 6 <= 00000021
@00003030: $ 6 <= 00000021
@00003030: $ 6 <= 00000021
@00003030: $ 6 <= 00000021
@00003030: $ 6 <= 00000021
@00003030: $ 6 <= 00000021
@00003030: $ 6 <= 00000021
