Release 14.7 - xst P.20131013 (nt)
Copyright (c) 1995-2013 Xilinx, Inc.  All rights reserved.
--> Parameter TMPDIR set to xst/projnav.tmp


Total REAL time to Xst completion: 0.00 secs
Total CPU time to Xst completion: 0.10 secs
 
--> Parameter xsthdpdir set to xst


Total REAL time to Xst completion: 0.00 secs
Total CPU time to Xst completion: 0.10 secs
 
--> Reading design: mips.prj

TABLE OF CONTENTS
  1) Synthesis Options Summary
  2) HDL Parsing
  3) HDL Elaboration
  4) HDL Synthesis
       4.1) HDL Synthesis Report
  5) Advanced HDL Synthesis
       5.1) Advanced HDL Synthesis Report
  6) Low Level Synthesis
  7) Partition Report
  8) Design Summary
       8.1) Primitive and Black Box Usage
       8.2) Device utilization summary
       8.3) Partition Resource Summary
       8.4) Timing Report
            8.4.1) Clock Information
            8.4.2) Asynchronous Control Signals Information
            8.4.3) Timing Summary
            8.4.4) Timing Details
            8.4.5) Cross Clock Domains Report


=========================================================================
*                      Synthesis Options Summary                        *
=========================================================================
---- Source Parameters
Input File Name                    : "mips.prj"
Ignore Synthesis Constraint File   : NO

---- Target Parameters
Output File Name                   : "mips"
Output Format                      : NGC
Target Device                      : xc6slx75t-3-fgg676

---- Source Options
Top Module Name                    : mips
Automatic FSM Extraction           : YES
FSM Encoding Algorithm             : Auto
Safe Implementation                : No
FSM Style                          : LUT
RAM Extraction                     : Yes
RAM Style                          : Auto
ROM Extraction                     : Yes
Shift Register Extraction          : YES
ROM Style                          : Auto
Resource Sharing                   : YES
Asynchronous To Synchronous        : NO
Shift Register Minimum Size        : 2
Use DSP Block                      : Auto
Automatic Register Balancing       : No

---- Target Options
LUT Combining                      : Auto
Reduce Control Sets                : Auto
Add IO Buffers                     : YES
Global Maximum Fanout              : 100000
Add Generic Clock Buffer(BUFG)     : 16
Register Duplication               : YES
Optimize Instantiated Primitives   : NO
Use Clock Enable                   : Auto
Use Synchronous Set                : Auto
Use Synchronous Reset              : Auto
Pack IO Registers into IOBs        : Auto
Equivalent register Removal        : YES

---- General Options
Optimization Goal                  : Speed
Optimization Effort                : 1
Power Reduction                    : NO
Keep Hierarchy                     : No
Netlist Hierarchy                  : As_Optimized
RTL Output                         : Yes
Global Optimization                : AllClockNets
Read Cores                         : YES
Write Timing Constraints           : NO
Cross Clock Analysis               : NO
Hierarchy Separator                : /
Bus Delimiter                      : <>
Case Specifier                     : Maintain
Slice Utilization Ratio            : 100
BRAM Utilization Ratio             : 100
DSP48 Utilization Ratio            : 100
Auto BRAM Packing                  : NO
Slice Utilization Ratio Delta      : 5

=========================================================================


=========================================================================
*                          HDL Parsing                                  *
=========================================================================
Analyzing Verilog file "D:\Desktop\CO\P5\CPU\NPC.v" into library work
Parsing module <NPC>.
Analyzing Verilog file "D:\Desktop\CO\P5\CPU\IF_ID.v" into library work
Parsing module <IF_ID>.
Analyzing Verilog file "D:\Desktop\CO\P5\CPU\IFU.v" into library work
Parsing module <IFU>.
Analyzing Verilog file "D:\Desktop\CO\P5\CPU\ID_EX.v" into library work
Parsing module <ID_EX>.
Analyzing Verilog file "D:\Desktop\CO\P5\CPU\GRF.v" into library work
Parsing module <GRF>.
Analyzing Verilog file "D:\Desktop\CO\P5\CPU\EX_DM.v" into library work
Parsing module <EX_DM>.
Analyzing Verilog file "D:\Desktop\CO\P5\CPU\EXT.v" into library work
Parsing module <EXT>.
Analyzing Verilog file "D:\Desktop\CO\P5\CPU\DM_WB.v" into library work
Parsing module <DM_WB>.
Analyzing Verilog file "D:\Desktop\CO\P5\CPU\DM.v" into library work
Parsing module <DM>.
Analyzing Verilog file "D:\Desktop\CO\P5\CPU\CTRL.v" into library work
Parsing module <CTRL>.
Analyzing Verilog file "D:\Desktop\CO\P5\CPU\CMP.v" into library work
Parsing verilog file "constant.v" included at line 2.
Parsing module <CMP>.
Analyzing Verilog file "D:\Desktop\CO\P5\CPU\ALU.v" into library work
Parsing verilog file "constant.v" included at line 2.
Parsing module <ALU>.
Analyzing Verilog file "D:\Desktop\CO\P5\CPU\mips.v" into library work
Parsing module <mips>.

=========================================================================
*                            HDL Elaboration                            *
=========================================================================
WARNING:HDLCompiler:1016 - "D:\Desktop\CO\P5\CPU\mips.v" Line 81: Port ALUsrc is not connected to this instance
WARNING:HDLCompiler:1016 - "D:\Desktop\CO\P5\CPU\mips.v" Line 179: Port RegDst is not connected to this instance
WARNING:HDLCompiler:1016 - "D:\Desktop\CO\P5\CPU\mips.v" Line 240: Port RegDst is not connected to this instance
WARNING:HDLCompiler:1016 - "D:\Desktop\CO\P5\CPU\mips.v" Line 285: Port RegDst is not connected to this instance

Elaborating module <mips>.

Elaborating module <IFU>.
ERROR:HDLCompiler:990 - "D:\Desktop\CO\P5\CPU\IFU.v" Line 39: Cannot open file code.txt
Module IFU remains a blackbox, due to errors in its contents
WARNING:HDLCompiler:1499 - "D:\Desktop\CO\P5\CPU\IFU.v" Line 21: Empty module <IFU> remains a black box.

Elaborating module <IF_ID>.

Elaborating module <CTRL>.
WARNING:HDLCompiler:1127 - "D:\Desktop\CO\P5\CPU\mips.v" Line 86: Assignment to Memwrite_D ignored, since the identifier is never used

Elaborating module <GRF>.
"D:\Desktop\CO\P5\CPU\GRF.v" Line 53. $display  32'b................................ 5'b..... 32'b................................

Elaborating module <CMP>.

Elaborating module <EXT>.

Elaborating module <ID_EX>.

Elaborating module <ALU>.

Elaborating module <EX_DM>.

Elaborating module <DM>.
WARNING:HDLCompiler:1127 - "D:\Desktop\CO\P5\CPU\DM.v" Line 48: Assignment to WD16_23 ignored, since the identifier is never used
"D:\Desktop\CO\P5\CPU\DM.v" Line 88. $display  32'b................................ 32'b................................ 32'b................................

Elaborating module <DM_WB>.
--> 

Total memory usage is 990200 kilobytes

Number of errors   :    1 (   0 filtered)
Number of warnings :    7 (   0 filtered)
Number of infos    :    0 (   0 filtered)

