ISim log file
Running: D:\Desktop\CO\exercise\P5\CPU - lbget\tb_isim_beh.exe -intstyle ise -gui -tclbatch isim.cmd -wdb D:/Desktop/CO/exercise/P5/CPU - lbget/tb_isim_beh.wdb 
ISim P.20131013 (signature 0x7708f090)
WARNING: A WEBPACK license was found.
WARNING: Please use Xilinx License Configuration Manager to check out a full ISim license.
WARNING: ISim will run in Lite mode. Please refer to the ISim documentation for more information on the differences between the Lite and the Full version.
This is a Lite version of ISim.
Time resolution is 1 ps
# onerror resume
# wave add /
# run 1000 ns
Simulator is doing circuit initialization process.
Finished circuit initialization process.
# restart
# run 1.00us
Simulator is doing circuit initialization process.
Finished circuit initialization process.
# restart
# run 1.00us
Simulator is doing circuit initialization process.
Finished circuit initialization process.
ISim P.20131013 (signature 0x7708f090)
WARNING: A WEBPACK license was found.
WARNING: Please use Xilinx License Configuration Manager to check out a full ISim license.
WARNING: ISim will run in Lite mode. Please refer to the ISim documentation for more information on the differences between the Lite and the Full version.
This is a Lite version of ISim.
# run 1000 ns
Simulator is doing circuit initialization process.
Finished circuit initialization process.
                   9@00003000: $ 8 <= 4faf0000
                  11@00003004: $ 8 <= 4faf1234
                  11@00003008: *00000000 <= 4faf1234
ISim P.20131013 (signature 0x7708f090)
WARNING: A WEBPACK license was found.
WARNING: Please use Xilinx License Configuration Manager to check out a full ISim license.
WARNING: ISim will run in Lite mode. Please refer to the ISim documentation for more information on the differences between the Lite and the Full version.
This is a Lite version of ISim.
# run 1000 ns
Simulator is doing circuit initialization process.
Finished circuit initialization process.
                   9@00003000: $ 8 <= 4faf0000
                  11@00003004: $ 8 <= 4faf1234
                  11@00003008: *00000000 <= 4faf1234
                  15@0000300c: $ X <= 000000XX
ISim P.20131013 (signature 0x7708f090)
WARNING: A WEBPACK license was found.
WARNING: Please use Xilinx License Configuration Manager to check out a full ISim license.
WARNING: ISim will run in Lite mode. Please refer to the ISim documentation for more information on the differences between the Lite and the Full version.
This is a Lite version of ISim.
# run 1000 ns
Simulator is doing circuit initialization process.
Finished circuit initialization process.
                   9@00003000: $ 8 <= 4faf0000
                  11@00003004: $ 8 <= 4faf1234
                  11@00003008: *00000000 <= 4faf1234
                  15@0000300c: $ X <= 000000XX
ISim P.20131013 (signature 0x7708f090)
WARNING: A WEBPACK license was found.
WARNING: Please use Xilinx License Configuration Manager to check out a full ISim license.
WARNING: ISim will run in Lite mode. Please refer to the ISim documentation for more information on the differences between the Lite and the Full version.
This is a Lite version of ISim.
# run 1000 ns
Simulator is doing circuit initialization process.
Finished circuit initialization process.
                   9@00003000: $ 8 <= 4faf0000
                  11@00003004: $ 8 <= 4faf1234
                  11@00003008: *00000000 <= 4faf1234
                  15@0000300c: $ 4 <= 00000034
ISim P.20131013 (signature 0x7708f090)
WARNING: A WEBPACK license was found.
WARNING: Please use Xilinx License Configuration Manager to check out a full ISim license.
WARNING: ISim will run in Lite mode. Please refer to the ISim documentation for more information on the differences between the Lite and the Full version.
This is a Lite version of ISim.
# run 1000 ns
Simulator is doing circuit initialization process.
Finished circuit initialization process.
                   9@00003000: $ 8 <= 4faf0000
                  11@00003004: $ 8 <= 4faf1234
                  11@00003008: *00000000 <= 4faf1234
                  15@0000300c: $ 4 <= 0000004f
ISim P.20131013 (signature 0x7708f090)
WARNING: A WEBPACK license was found.
WARNING: Please use Xilinx License Configuration Manager to check out a full ISim license.
WARNING: ISim will run in Lite mode. Please refer to the ISim documentation for more information on the differences between the Lite and the Full version.
This is a Lite version of ISim.
# run 1000 ns
Simulator is doing circuit initialization process.
Finished circuit initialization process.
                   9@00003000: $ 8 <= 4faf0000
                  11@00003004: $ 8 <= 4faf1234
                  11@00003008: *00000000 <= 4faf1234
                  15@0000300c: $ 4 <= ffffffaf
ISim P.20131013 (signature 0x7708f090)
WARNING: A WEBPACK license was found.
WARNING: Please use Xilinx License Configuration Manager to check out a full ISim license.
WARNING: ISim will run in Lite mode. Please refer to the ISim documentation for more information on the differences between the Lite and the Full version.
This is a Lite version of ISim.
# run 1000 ns
Simulator is doing circuit initialization process.
Finished circuit initialization process.
                   9@00003000: $ 8 <= 4faf0000
                  11@00003004: $ 8 <= 4faf1234
                  11@00003008: *00000000 <= 4faf1234
                  15@0000300c: $ 4 <= ffffffaf
ISim P.20131013 (signature 0x7708f090)
WARNING: A WEBPACK license was found.
WARNING: Please use Xilinx License Configuration Manager to check out a full ISim license.
WARNING: ISim will run in Lite mode. Please refer to the ISim documentation for more information on the differences between the Lite and the Full version.
This is a Lite version of ISim.
# run 1000 ns
Simulator is doing circuit initialization process.
Finished circuit initialization process.
                   9@00003000: $ 8 <= 4faf0000
                  11@00003004: $ 8 <= 4faf1234
                  11@00003008: *00000000 <= 4faf1234
                  15@0000300c: $ 4 <= ffffffaf
ISim P.20131013 (signature 0x7708f090)
WARNING: A WEBPACK license was found.
WARNING: Please use Xilinx License Configuration Manager to check out a full ISim license.
WARNING: ISim will run in Lite mode. Please refer to the ISim documentation for more information on the differences between the Lite and the Full version.
This is a Lite version of ISim.
# run 1000 ns
Simulator is doing circuit initialization process.
Finished circuit initialization process.
                   9@00003000: $ 8 <= 4faf0000
                  11@00003004: $ 8 <= 4faf1234
                  11@00003008: *00000000 <= 4faf1234
                  15@0000300c: $ 4 <= ffffffaf
ISim P.20131013 (signature 0x7708f090)
WARNING: A WEBPACK license was found.
WARNING: Please use Xilinx License Configuration Manager to check out a full ISim license.
WARNING: ISim will run in Lite mode. Please refer to the ISim documentation for more information on the differences between the Lite and the Full version.
This is a Lite version of ISim.
# run 1000 ns
Simulator is doing circuit initialization process.
Finished circuit initialization process.
                   9@00003000: $ 8 <= 4faf0000
                  11@00003004: $ 8 <= 4faf1234
                  11@00003008: *00000000 <= 4faf1234
                  15@0000300c: $ 4 <= ffffffaf
ISim P.20131013 (signature 0x7708f090)
WARNING: A WEBPACK license was found.
WARNING: Please use Xilinx License Configuration Manager to check out a full ISim license.
WARNING: ISim will run in Lite mode. Please refer to the ISim documentation for more information on the differences between the Lite and the Full version.
This is a Lite version of ISim.
# run 1000 ns
Simulator is doing circuit initialization process.
Finished circuit initialization process.
                   9@00003000: $ 8 <= 4faf0000
                  11@00003004: $ 8 <= 4faf1234
                  11@00003008: *00000000 <= 4faf1234
                  15@0000300c: $ 4 <= ffffffaf
ISim P.20131013 (signature 0x7708f090)
WARNING: A WEBPACK license was found.
WARNING: Please use Xilinx License Configuration Manager to check out a full ISim license.
WARNING: ISim will run in Lite mode. Please refer to the ISim documentation for more information on the differences between the Lite and the Full version.
This is a Lite version of ISim.
# run 1000 ns
Simulator is doing circuit initialization process.
Finished circuit initialization process.
                   9@00003000: $ 8 <= 4faf0000
                  11@00003004: $ 8 <= 4faf1234
                  11@00003008: *00000000 <= 4faf1234
                  15@0000300c: $ 4 <= ffffffaf
ISim P.20131013 (signature 0x7708f090)
WARNING: A WEBPACK license was found.
WARNING: Please use Xilinx License Configuration Manager to check out a full ISim license.
WARNING: ISim will run in Lite mode. Please refer to the ISim documentation for more information on the differences between the Lite and the Full version.
This is a Lite version of ISim.
# run 1000 ns
Simulator is doing circuit initialization process.
Finished circuit initialization process.
                   9@00003000: $ 8 <= 4faf0000
                  11@00003004: $ 8 <= 4faf1234
                  11@00003008: *00000000 <= 4faf1234
                  15@0000300c: $ 4 <= ffffffaf
ISim P.20131013 (signature 0x7708f090)
WARNING: A WEBPACK license was found.
WARNING: Please use Xilinx License Configuration Manager to check out a full ISim license.
WARNING: ISim will run in Lite mode. Please refer to the ISim documentation for more information on the differences between the Lite and the Full version.
This is a Lite version of ISim.
# run 1000 ns
Simulator is doing circuit initialization process.
Finished circuit initialization process.
                   9@00003000: $ 8 <= 4faf0000
                  11@00003004: $ 8 <= 4faf1234
                  11@00003008: *00000000 <= 4faf1234
                  15@0000300c: $16 <= ffffffaf
ISim P.20131013 (signature 0x7708f090)
WARNING: A WEBPACK license was found.
WARNING: Please use Xilinx License Configuration Manager to check out a full ISim license.
WARNING: ISim will run in Lite mode. Please refer to the ISim documentation for more information on the differences between the Lite and the Full version.
This is a Lite version of ISim.
# run 1000 ns
Simulator is doing circuit initialization process.
Finished circuit initialization process.
                   9@00003000: $ 8 <= 4faf0000
                  11@00003004: $ 8 <= 4faf1234
                  11@00003008: *00000000 <= 4faf1234
                  15@0000300c: $ 4 <= 0000004f
                  23@00003010: $ 4 <= 4faf1283
