Command line:
   tb_isim_beh.exe
     -simmode  gui
     -simrunnum  0
     -socket  51135

Sun Nov 20 23:32:07 2022


 Elaboration Time: 0.0625 sec

 Current Memory Usage: 5161.05 Meg

 Total Signals          : 321
 Total Nets             : 1920
 Total Signal Drivers   : 230
 Total Blocks           : 21
 Total Primitive Blocks : 17
 Total Processes        : 241
 Total Traceable Variables  : 55
 Total Scalar Nets and Variables : 265858
Total Line Count : 370

 Total Simulation Time: 0.09375 sec

 Current Memory Usage: 5161.05 Meg

Sun Nov 20 23:32:11 2022

