ISim log file
Running: D:\Desktop\CO\exercise\P4\CPU_sh_lh\tb_isim_beh.exe -intstyle ise -gui -tclbatch isim.cmd -wdb D:/Desktop/CO/exercise/P4/CPU_sh_lh/tb_isim_beh.wdb 
ISim P.20131013 (signature 0x7708f090)
WARNING: A WEBPACK license was found.
WARNING: Please use Xilinx License Configuration Manager to check out a full ISim license.
WARNING: ISim will run in Lite mode. Please refer to the ISim documentation for more information on the differences between the Lite and the Full version.
This is a Lite version of ISim.
Time resolution is 1 ps
# onerror resume
# wave add /
# run 1000 ns
Simulator is doing circuit initialization process.
Finished circuit initialization process.
@00003000: $ 8 <= ffff0000
@00003004: $ 8 <= ffff1234
@00003008: $ 9 <= 12340000
@0000300c: $ 9 <= 00000001
@00003010: $10 <= 00000002
@00003014: $ 9 <= ffffffff
@00003018: $31 <= 0000301c
ISim P.20131013 (signature 0x7708f090)
WARNING: A WEBPACK license was found.
WARNING: Please use Xilinx License Configuration Manager to check out a full ISim license.
WARNING: ISim will run in Lite mode. Please refer to the ISim documentation for more information on the differences between the Lite and the Full version.
This is a Lite version of ISim.
# run 1000 ns
Simulator is doing circuit initialization process.
Finished circuit initialization process.
@00003000: $ 8 <= ffff0000
@00003004: $ 8 <= ffff1234
@00003008: $ 9 <= 12340000
@0000300c: $ 9 <= 00000001
@00003010: $10 <= 00000002
@00003014: $ 9 <= ffffffff
@00003018: $31 <= 0000301c
ISim P.20131013 (signature 0x7708f090)
WARNING: A WEBPACK license was found.
WARNING: Please use Xilinx License Configuration Manager to check out a full ISim license.
WARNING: ISim will run in Lite mode. Please refer to the ISim documentation for more information on the differences between the Lite and the Full version.
This is a Lite version of ISim.
# run 1000 ns
Simulator is doing circuit initialization process.
Finished circuit initialization process.
@00003000: $ 8 <= ffff0000
@00003004: $ 8 <= ffff1234
@00003008: $ 9 <= 12340000
@0000300c: $ 9 <= 00000001
@00003010: $10 <= 00000002
@00003014: $ 9 <= ffffffff
@00003018: $31 <= 0000301c
ISim P.20131013 (signature 0x7708f090)
WARNING: A WEBPACK license was found.
WARNING: Please use Xilinx License Configuration Manager to check out a full ISim license.
WARNING: ISim will run in Lite mode. Please refer to the ISim documentation for more information on the differences between the Lite and the Full version.
This is a Lite version of ISim.
# run 1000 ns
Simulator is doing circuit initialization process.
Finished circuit initialization process.
@00003000: $ 8 <= ffff0000
@00003004: $ 8 <= ffff1234
@00003008: $ 9 <= 12340000
@0000300c: $ 9 <= 00000001
@00003010: $10 <= 00000002
@00003014: $ 9 <= ffffffff
@00003018: $31 <= 0000301c
ISim P.20131013 (signature 0x7708f090)
WARNING: A WEBPACK license was found.
WARNING: Please use Xilinx License Configuration Manager to check out a full ISim license.
WARNING: ISim will run in Lite mode. Please refer to the ISim documentation for more information on the differences between the Lite and the Full version.
This is a Lite version of ISim.
# run 1000 ns
Simulator is doing circuit initialization process.
Finished circuit initialization process.
@00003000: $ 8 <= ffff0000
@00003004: $ 8 <= ffff1234
@00003008: $ 9 <= 12340000
@0000300c: $ 9 <= 00000001
@00003010: $10 <= 00000002
@00003014: $ 9 <= ffffffff
@00003018: $31 <= 0000301c
@00003024: $ 4 <= 00000123
@0000301c: $ 4 <= 00000577
ISim P.20131013 (signature 0x7708f090)
WARNING: A WEBPACK license was found.
WARNING: Please use Xilinx License Configuration Manager to check out a full ISim license.
WARNING: ISim will run in Lite mode. Please refer to the ISim documentation for more information on the differences between the Lite and the Full version.
This is a Lite version of ISim.
# run 1000 ns
Simulator is doing circuit initialization process.
Finished circuit initialization process.
@00003000: $ 8 <= ffff0000
@00003004: $ 8 <= ffff1234
@00003008: $ 9 <= 12340000
@0000300c: $ 9 <= 00000001
@00003010: $10 <= 00000002
@00003014: $ 9 <= ffffffff
@0000301c: $ 4 <= 00000456
