Running: fuse.exe -relaunch -intstyle "ise" -incremental -lib "unisims_ver" -lib "unimacro_ver" -lib "xilinxcorelib_ver" -lib "secureip" -o "D:/Desktop/CO/exercise/P4/CPU_bszeal/tb_isim_beh.exe" -prj "D:/Desktop/CO/exercise/P4/CPU_bszeal/tb_beh.prj" "work.tb" "work.glbl" 
ISim P.20131013 (signature 0x7708f090)
Number of CPUs detected in this system: 8
Turning on mult-threading, number of parallel sub-compilation jobs: 16 
Determining compilation order of HDL files
Analyzing Verilog file "D:/Desktop/CO/exercise/P4/CPU_bszeal/NPC.v" into library work
Analyzing Verilog file "D:/Desktop/CO/exercise/P4/CPU_bszeal/IFU.v" into library work
Analyzing Verilog file "D:/Desktop/CO/exercise/P4/CPU_bszeal/GRF.v" into library work
Analyzing Verilog file "D:/Desktop/CO/exercise/P4/CPU_bszeal/EXT.v" into library work
Analyzing Verilog file "D:/Desktop/CO/exercise/P4/CPU_bszeal/DM.v" into library work
Analyzing Verilog file "D:/Desktop/CO/exercise/P4/CPU_bszeal/CTRL.v" into library work
Analyzing Verilog file "D:/Desktop/CO/exercise/P4/CPU_bszeal/CMP.v" into library work
Analyzing Verilog file "D:/Desktop/CO/exercise/P4/CPU_bszeal/ALU.v" into library work
Analyzing Verilog file "D:/Desktop/CO/exercise/P4/CPU_bszeal/mips.v" into library work
Analyzing Verilog file "D:/Desktop/CO/exercise/P4/CPU_bszeal/tb.v" into library work
Analyzing Verilog file "D:/Xilinx/14.7/ISE_DS/ISE//verilog/src/glbl.v" into library work
Starting static elaboration
Completed static elaboration
Compiling module CTRL
Compiling module NPC
Compiling module IFU
Compiling module GRF
Compiling module CMP
Compiling module EXT
Compiling module ALU
Compiling module DM
Compiling module mips
Compiling module tb
Compiling module glbl
Time Resolution for simulation is 1ps.
Compiled 11 Verilog Units
Built simulation executable D:/Desktop/CO/exercise/P4/CPU_bszeal/tb_isim_beh.exe
Fuse Memory Usage: 32180 KB
Fuse CPU Usage: 374 ms
