Release 14.7 - xst P.20131013 (nt64)
Copyright (c) 1995-2013 Xilinx, Inc.  All rights reserved.
--> Parameter TMPDIR set to xst/projnav.tmp


Total REAL time to Xst completion: 0.00 secs
Total CPU time to Xst completion: 0.12 secs
 
--> Parameter xsthdpdir set to xst


Total REAL time to Xst completion: 0.00 secs
Total CPU time to Xst completion: 0.13 secs
 
--> Reading design: mips.prj

TABLE OF CONTENTS
  1) Synthesis Options Summary
  2) HDL Parsing
  3) HDL Elaboration
  4) HDL Synthesis
       4.1) HDL Synthesis Report
  5) Advanced HDL Synthesis
       5.1) Advanced HDL Synthesis Report
  6) Low Level Synthesis
  7) Partition Report
  8) Design Summary
       8.1) Primitive and Black Box Usage
       8.2) Device utilization summary
       8.3) Partition Resource Summary
       8.4) Timing Report
            8.4.1) Clock Information
            8.4.2) Asynchronous Control Signals Information
            8.4.3) Timing Summary
            8.4.4) Timing Details
            8.4.5) Cross Clock Domains Report


=========================================================================
*                      Synthesis Options Summary                        *
=========================================================================
---- Source Parameters
Input File Name                    : "mips.prj"
Ignore Synthesis Constraint File   : NO

---- Target Parameters
Output File Name                   : "mips"
Output Format                      : NGC
Target Device                      : xc6slx100-2-fgg676

---- Source Options
Top Module Name                    : mips
Automatic FSM Extraction           : YES
FSM Encoding Algorithm             : Auto
Safe Implementation                : No
FSM Style                          : LUT
RAM Extraction                     : Yes
RAM Style                          : Auto
ROM Extraction                     : Yes
Shift Register Extraction          : YES
ROM Style                          : Auto
Resource Sharing                   : YES
Asynchronous To Synchronous        : NO
Shift Register Minimum Size        : 2
Use DSP Block                      : Auto
Automatic Register Balancing       : No

---- Target Options
LUT Combining                      : Auto
Reduce Control Sets                : Auto
Add IO Buffers                     : YES
Global Maximum Fanout              : 100000
Add Generic Clock Buffer(BUFG)     : 16
Register Duplication               : YES
Optimize Instantiated Primitives   : NO
Use Clock Enable                   : Auto
Use Synchronous Set                : Auto
Use Synchronous Reset              : Auto
Pack IO Registers into IOBs        : Auto
Equivalent register Removal        : YES

---- General Options
Optimization Goal                  : Speed
Optimization Effort                : 1
Power Reduction                    : NO
Keep Hierarchy                     : No
Netlist Hierarchy                  : As_Optimized
RTL Output                         : Yes
Global Optimization                : AllClockNets
Read Cores                         : YES
Write Timing Constraints           : NO
Cross Clock Analysis               : NO
Hierarchy Separator                : /
Bus Delimiter                      : <>
Case Specifier                     : Maintain
Slice Utilization Ratio            : 100
BRAM Utilization Ratio             : 100
DSP48 Utilization Ratio            : 100
Auto BRAM Packing                  : NO
Slice Utilization Ratio Delta      : 5

=========================================================================


=========================================================================
*                          HDL Parsing                                  *
=========================================================================
Analyzing Verilog file "D:\Desktop\CO\P4\CPU_CMP\NPC.v" into library work
Parsing module <NPC>.
Analyzing Verilog file "D:\Desktop\CO\P4\CPU_CMP\IFU.v" into library work
Parsing module <IFU>.
Analyzing Verilog file "D:\Desktop\CO\P4\CPU_CMP\GRF.v" into library work
Parsing module <GRF>.
Analyzing Verilog file "D:\Desktop\CO\P4\CPU_CMP\EXT.v" into library work
Parsing module <EXT>.
Analyzing Verilog file "D:\Desktop\CO\P4\CPU_CMP\DM.v" into library work
Parsing module <DM>.
Analyzing Verilog file "D:\Desktop\CO\P4\CPU_CMP\CTRL.v" into library work
Parsing module <CTRL>.
Analyzing Verilog file "D:\Desktop\CO\P4\CPU_CMP\CMP.v" into library work
Parsing module <CMP>.
Analyzing Verilog file "D:\Desktop\CO\P4\CPU_CMP\ALU.v" into library work
Parsing module <ALU>.
Analyzing Verilog file "D:\Desktop\CO\P4\CPU_CMP\mips.v" into library work
Parsing module <mips>.

=========================================================================
*                            HDL Elaboration                            *
=========================================================================

Elaborating module <mips>.

Elaborating module <CTRL>.

Elaborating module <IFU>.
Reading initialization file \"code.txt\".
WARNING:HDLCompiler:1670 - "D:\Desktop\CO\P4\CPU_CMP\IFU.v" Line 39: Signal <ROM> in initial block is partially initialized.

Elaborating module <NPC>.
WARNING:HDLCompiler:1127 - "D:\Desktop\CO\P4\CPU_CMP\mips.v" Line 58: Assignment to NPC ignored, since the identifier is never used

Elaborating module <GRF>.
"D:\Desktop\CO\P4\CPU_CMP\GRF.v" Line 48. $display @0: $0 <= 0

Elaborating module <CMP>.

Elaborating module <EXT>.

Elaborating module <ALU>.
WARNING:HDLCompiler:1127 - "D:\Desktop\CO\P4\CPU_CMP\mips.v" Line 87: Assignment to Equal ignored, since the identifier is never used

Elaborating module <DM>.
WARNING:HDLCompiler:1127 - "D:\Desktop\CO\P4\CPU_CMP\DM.v" Line 45: Assignment to WD16_23 ignored, since the identifier is never used
"D:\Desktop\CO\P4\CPU_CMP\DM.v" Line 82. $display @0: *0 <= 0
WARNING:Xst:2972 - "D:\Desktop\CO\P4\CPU_CMP\mips.v" line 54. All outputs of instance <_ctrl> of block <CTRL> are unconnected in block <mips>. Underlying logic will be removed.
WARNING:Xst:2972 - "D:\Desktop\CO\P4\CPU_CMP\mips.v" line 58. All outputs of instance <_ifu> of block <IFU> are unconnected in block <mips>. Underlying logic will be removed.
WARNING:Xst:2972 - "D:\Desktop\CO\P4\CPU_CMP\mips.v" line 68. All outputs of instance <_grf> of block <GRF> are unconnected in block <mips>. Underlying logic will be removed.
WARNING:Xst:2972 - "D:\Desktop\CO\P4\CPU_CMP\mips.v" line 70. All outputs of instance <_cmp> of block <CMP> are unconnected in block <mips>. Underlying logic will be removed.
WARNING:Xst:2972 - "D:\Desktop\CO\P4\CPU_CMP\mips.v" line 77. All outputs of instance <_ext> of block <EXT> are unconnected in block <mips>. Underlying logic will be removed.
WARNING:Xst:2972 - "D:\Desktop\CO\P4\CPU_CMP\mips.v" line 87. All outputs of instance <_alu> of block <ALU> are unconnected in block <mips>. Underlying logic will be removed.
WARNING:Xst:2972 - "D:\Desktop\CO\P4\CPU_CMP\mips.v" line 89. All outputs of instance <_dm> of block <DM> are unconnected in block <mips>. Underlying logic will be removed.

=========================================================================
*                           HDL Synthesis                               *
=========================================================================

Synthesizing Unit <mips>.
    Related source file is "D:\Desktop\CO\P4\CPU_CMP\mips.v".
INFO:Xst:3210 - "D:\Desktop\CO\P4\CPU_CMP\mips.v" line 58: Output port <NPC> of the instance <_ifu> is unconnected or connected to loadless signal.
INFO:Xst:3210 - "D:\Desktop\CO\P4\CPU_CMP\mips.v" line 87: Output port <Equal> of the instance <_alu> is unconnected or connected to loadless signal.
INFO:Xst:3210 - "D:\Desktop\CO\P4\CPU_CMP\mips.v" line 87: Output port <Less> of the instance <_alu> is unconnected or connected to loadless signal.
    Summary:
	no macro.
Unit <mips> synthesized.

Synthesizing Unit <NPC>.
    Related source file is "D:\Desktop\CO\P4\CPU_CMP\NPC.v".
    Summary:
	no macro.
Unit <NPC> synthesized.

=========================================================================
HDL Synthesis Report

Found no macro
=========================================================================

=========================================================================
*                       Advanced HDL Synthesis                          *
=========================================================================


=========================================================================
Advanced HDL Synthesis Report

Found no macro
=========================================================================

=========================================================================
*                         Low Level Synthesis                           *
=========================================================================

Optimizing unit <mips> ...

Mapping all equations...
Building and optimizing final netlist ...
Found area constraint ratio of 100 (+ 5) on block mips, actual ratio is 0.

Final Macro Processing ...

=========================================================================
Final Register Report

Found no macro
=========================================================================

=========================================================================
*                           Partition Report                            *
=========================================================================

Partition Implementation Status
-------------------------------

  No Partitions were found in this design.

-------------------------------

=========================================================================
*                            Design Summary                             *
=========================================================================

Top Level Output File Name         : mips.ngc

Primitive and Black Box Usage:
------------------------------

Device utilization summary:
---------------------------

Selected Device : 6slx100fgg676-2 


Slice Logic Utilization: 

Slice Logic Distribution: 
 Number of LUT Flip Flop pairs used:      0
   Number with an unused Flip Flop:       0  out of      0         
   Number with an unused LUT:             0  out of      0         
   Number of fully used LUT-FF pairs:     0  out of      0         
   Number of unique control sets:         0

IO Utilization: 
 Number of IOs:                           2
 Number of bonded IOBs:                   0  out of    480     0%  

Specific Feature Utilization:

---------------------------
Partition Resource Summary:
---------------------------

  No Partitions were found in this design.

---------------------------


=========================================================================
Timing Report

NOTE: THESE TIMING NUMBERS ARE ONLY A SYNTHESIS ESTIMATE.
      FOR ACCURATE TIMING INFORMATION PLEASE REFER TO THE TRACE REPORT
      GENERATED AFTER PLACE-and-ROUTE.

Clock Information:
------------------
No clock signals found in this design

Asynchronous Control Signals Information:
----------------------------------------
No asynchronous control signals found in this design

Timing Summary:
---------------
Speed Grade: -2

   Minimum period: No path found
   Minimum input arrival time before clock: No path found
   Maximum output required time after clock: No path found
   Maximum combinational path delay: No path found

Timing Details:
---------------
All values displayed in nanoseconds (ns)

=========================================================================

Cross Clock Domains Report:
--------------------------

=========================================================================


Total REAL time to Xst completion: 40.00 secs
Total CPU time to Xst completion: 40.06 secs
 
--> 

Total memory usage is 5621944 kilobytes

Number of errors   :    0 (   0 filtered)
Number of warnings :   11 (   0 filtered)
Number of infos    :    3 (   0 filtered)

