Command line:
   tb_isim_beh.exe
     -simmode  gui
     -simrunnum  0
     -socket  54893

Sun Nov 13 21:11:44 2022


 Elaboration Time: 0.046875 sec

 Current Memory Usage: 5159.92 Meg

 Total Signals          : 136
 Total Nets             : 1014
 Total Signal Drivers   : 78
 Total Blocks           : 11
 Total Primitive Blocks : 8
 Total Processes        : 79
 Total Traceable Variables  : 27
 Total Scalar Nets and Variables : 264392
Total Line Count : 107

 Total Simulation Time: 0.046875 sec

 Current Memory Usage: 4688.06 Meg

Sun Nov 13 21:56:36 2022

