Running: D:\Xilinx\14.7\ISE_DS\ISE\bin\nt\unwrapped\fuse.exe -intstyle ise -incremental -lib unisims_ver -lib unimacro_ver -lib xilinxcorelib_ver -o D:/Desktop/ISE-verilog/cpu_checker/tb1_isim_beh.exe -prj D:/Desktop/ISE-verilog/cpu_checker/tb1_beh.prj work.tb1 work.glbl 
ISim P.20131013 (signature 0x8ef4fb42)
Number of CPUs detected in this system: 8
Turning on mult-threading, number of parallel sub-compilation jobs: 16 
Determining compilation order of HDL files
Analyzing Verilog file "D:/Desktop/ISE-verilog/cpu_checker/tb1.v" into library work
Analyzing Verilog file "D:/Xilinx/14.7/ISE_DS/ISE//verilog/src/glbl.v" into library work
Starting static elaboration
Completed static elaboration
Fuse Memory Usage: 162352 KB
Fuse CPU Usage: 343 ms
Compiling module cpu_checker
Compiling module tb1
Compiling module glbl
Time Resolution for simulation is 1ps.
Waiting for 1 sub-compilation(s) to finish...
Compiled 3 Verilog Units
Built simulation executable D:/Desktop/ISE-verilog/cpu_checker/tb1_isim_beh.exe
Fuse Memory Usage: 167828 KB
Fuse CPU Usage: 405 ms
