#! c:/iverilog-x86/bin/vvp
:ivl_version "10.0 (stable)" "(v10_0)";
:ivl_delay_selection "TYPICAL";
:vpi_time_precision + 0;
:vpi_module "system";
:vpi_module "vhdl_sys";
:vpi_module "v2005_math";
:vpi_module "va_math";
S_0103bdd8 .scope module, "cpu_checker" "cpu_checker" 2 14;
 .timescale 0 0;
    .port_info 0 /INPUT 1 "clk"
    .port_info 1 /INPUT 1 "reset"
    .port_info 2 /INPUT 16 "freq"
    .port_info 3 /INPUT 8 "char"
    .port_info 4 /OUTPUT 2 "format_type"
    .port_info 5 /OUTPUT 4 "error_code"
L_02c77d00 .functor AND 1, L_02cac4a8, L_02cac920, C4<1>, C4<1>;
L_02c77130 .functor AND 1, L_02cac5b0, L_02cac500, C4<1>, C4<1>;
L_02cad010 .functor BUFT 1, C4<0111>, C4<0>, C4<0>, C4<0>;
v0103aeb8_0 .net/2u *"_s0", 3 0, L_02cad010;  1 drivers
L_02cad060 .functor BUFT 1, C4<01>, C4<0>, C4<0>, C4<0>;
v0103ae08_0 .net/2u *"_s10", 1 0, L_02cad060;  1 drivers
L_02cad088 .functor BUFT 1, C4<0111>, C4<0>, C4<0>, C4<0>;
v0103ae60_0 .net/2u *"_s12", 3 0, L_02cad088;  1 drivers
v0103af68_0 .net *"_s14", 0 0, L_02cac5b0;  1 drivers
L_02cad0b0 .functor BUFT 1, C4<00000000000000000000000000000001>, C4<0>, C4<0>, C4<0>;
v0103ac50_0 .net/2s *"_s16", 31 0, L_02cad0b0;  1 drivers
v0103a990_0 .net *"_s18", 0 0, L_02cac500;  1 drivers
v0103aa40_0 .net *"_s2", 0 0, L_02cac4a8;  1 drivers
v0103abf8_0 .net *"_s20", 0 0, L_02c77130;  1 drivers
L_02cad0d8 .functor BUFT 1, C4<10>, C4<0>, C4<0>, C4<0>;
v0103af10_0 .net/2u *"_s22", 1 0, L_02cad0d8;  1 drivers
L_02cad100 .functor BUFT 1, C4<00>, C4<0>, C4<0>, C4<0>;
v0103aca8_0 .net/2u *"_s24", 1 0, L_02cad100;  1 drivers
v0103afc0_0 .net *"_s26", 1 0, L_02cac978;  1 drivers
L_02cad128 .functor BUFT 1, C4<0111>, C4<0>, C4<0>, C4<0>;
v0103b018_0 .net/2u *"_s30", 3 0, L_02cad128;  1 drivers
v0103aa98_0 .net *"_s32", 0 0, L_02cac9d0;  1 drivers
v0103a938_0 .net *"_s34", 3 0, L_02cac7c0;  1 drivers
L_02cad150 .functor BUFT 1, C4<0000>, C4<0>, C4<0>, C4<0>;
v0103ad00_0 .net/2u *"_s36", 3 0, L_02cad150;  1 drivers
L_02cad038 .functor BUFT 1, C4<00000000000000000000000000000000>, C4<0>, C4<0>, C4<0>;
v0103ad58_0 .net/2s *"_s4", 31 0, L_02cad038;  1 drivers
v02cacc90_0 .net *"_s6", 0 0, L_02cac920;  1 drivers
v02cacb88_0 .net *"_s8", 0 0, L_02c77d00;  1 drivers
v02cacfa8_0 .var "addr", 31 0;
o02c7c174 .functor BUFZ 8, C4<zzzzzzzz>; HiZ drive
v02cacbe0_0 .net "char", 7 0, o02c7c174;  0 drivers
o02c7c18c .functor BUFZ 1, C4<z>; HiZ drive
v02cacb30_0 .net "clk", 0 0, o02c7c18c;  0 drivers
v02cacce8_0 .var/i "dexcnt", 31 0;
v02cacc38_0 .net "error_code", 3 0, L_02cac558;  1 drivers
v02cacd40_0 .var/i "flag", 31 0;
v02cacd98_0 .net "format_type", 1 0, L_02cac768;  1 drivers
o02c7c204 .functor BUFZ 16, C4<zzzzzzzzzzzzzzzz>; HiZ drive
v02cacdf0_0 .net "freq", 15 0, o02c7c204;  0 drivers
v02cacea0_0 .var "grf", 15 0;
v02cace48_0 .var/i "hexcnt", 31 0;
v02cacef8_0 .var "pc", 31 0;
o02c7c264 .functor BUFZ 1, C4<z>; HiZ drive
v02cacf50_0 .net "reset", 0 0, o02c7c264;  0 drivers
v02cac3a0_0 .var/i "spacecnt", 31 0;
v02cac348_0 .var "state", 3 0;
v02caca28_0 .var "sw1", 0 0;
v02cac2f0_0 .var "sw2", 0 0;
v02cac710_0 .var "sw3", 0 0;
v02cac138_0 .var "sw4", 0 0;
v02cac3f8_0 .var "time1", 15 0;
v02cac450_0 .var "tmp1", 15 0;
v02cac190_0 .var "tmp2", 31 0;
E_02c5f848 .event posedge, v02cacb30_0;
L_02cac4a8 .cmp/eq 4, v02cac348_0, L_02cad010;
L_02cac920 .cmp/eq 32, v02cacd40_0, L_02cad038;
L_02cac5b0 .cmp/eq 4, v02cac348_0, L_02cad088;
L_02cac500 .cmp/eq 32, v02cacd40_0, L_02cad0b0;
L_02cac978 .functor MUXZ 2, L_02cad100, L_02cad0d8, L_02c77130, C4<>;
L_02cac768 .functor MUXZ 2, L_02cac978, L_02cad060, L_02c77d00, C4<>;
L_02cac9d0 .cmp/eq 4, v02cac348_0, L_02cad128;
L_02cac7c0 .concat [ 1 1 1 1], v02caca28_0, v02cac2f0_0, v02cac710_0, v02cac138_0;
L_02cac558 .functor MUXZ 4, L_02cad150, L_02cac7c0, L_02cac9d0, C4<>;
    .scope S_0103bdd8;
T_0 ;
    %pushi/vec4 0, 0, 32;
    %store/vec4 v02cacce8_0, 0, 32;
    %end;
    .thread T_0;
    .scope S_0103bdd8;
T_1 ;
    %pushi/vec4 0, 0, 32;
    %store/vec4 v02cace48_0, 0, 32;
    %end;
    .thread T_1;
    .scope S_0103bdd8;
T_2 ;
    %pushi/vec4 0, 0, 32;
    %store/vec4 v02cac3a0_0, 0, 32;
    %end;
    .thread T_2;
    .scope S_0103bdd8;
T_3 ;
    %pushi/vec4 0, 0, 4;
    %store/vec4 v02cac348_0, 0, 4;
    %pushi/vec4 0, 0, 16;
    %store/vec4 v02cac3f8_0, 0, 16;
    %pushi/vec4 0, 0, 32;
    %store/vec4 v02cacef8_0, 0, 32;
    %pushi/vec4 0, 0, 32;
    %store/vec4 v02cacfa8_0, 0, 32;
    %pushi/vec4 0, 0, 16;
    %store/vec4 v02cacea0_0, 0, 16;
    %pushi/vec4 0, 0, 1;
    %store/vec4 v02caca28_0, 0, 1;
    %pushi/vec4 0, 0, 1;
    %store/vec4 v02cac2f0_0, 0, 1;
    %pushi/vec4 0, 0, 1;
    %store/vec4 v02cac710_0, 0, 1;
    %pushi/vec4 0, 0, 1;
    %store/vec4 v02cac138_0, 0, 1;
    %pushi/vec4 0, 0, 32;
    %store/vec4 v02cac190_0, 0, 32;
    %end;
    .thread T_3;
    .scope S_0103bdd8;
T_4 ;
    %wait E_02c5f848;
    %load/vec4 v02cacdf0_0;
    %store/vec4 v02cac450_0, 0, 16;
    %pushi/vec4 0, 0, 32;
    %store/vec4 v02cac190_0, 0, 32;
    %load/vec4 v02cacf50_0;
    %pad/u 32;
    %cmpi/e 1, 0, 32;
    %jmp/0xz  T_4.0, 4;
    %pushi/vec4 0, 0, 4;
    %store/vec4 v02cac348_0, 0, 4;
    %pushi/vec4 0, 0, 32;
    %store/vec4 v02cac3a0_0, 0, 32;
    %pushi/vec4 0, 0, 32;
    %store/vec4 v02cace48_0, 0, 32;
    %pushi/vec4 0, 0, 32;
    %store/vec4 v02cacce8_0, 0, 32;
    %pushi/vec4 0, 0, 16;
    %store/vec4 v02cac3f8_0, 0, 16;
    %pushi/vec4 0, 0, 32;
    %store/vec4 v02cacef8_0, 0, 32;
    %pushi/vec4 0, 0, 32;
    %store/vec4 v02cacfa8_0, 0, 32;
    %pushi/vec4 0, 0, 16;
    %store/vec4 v02cacea0_0, 0, 16;
    %pushi/vec4 0, 0, 1;
    %store/vec4 v02caca28_0, 0, 1;
    %pushi/vec4 0, 0, 1;
    %store/vec4 v02cac2f0_0, 0, 1;
    %pushi/vec4 0, 0, 1;
    %store/vec4 v02cac710_0, 0, 1;
    %pushi/vec4 0, 0, 1;
    %store/vec4 v02cac138_0, 0, 1;
    %pushi/vec4 0, 0, 16;
    %store/vec4 v02cac450_0, 0, 16;
    %jmp T_4.1;
T_4.0 ;
    %load/vec4 v02cac348_0;
    %dup/vec4;
    %pushi/vec4 0, 0, 4;
    %cmp/u;
    %jmp/1 T_4.2, 6;
    %dup/vec4;
    %pushi/vec4 1, 0, 4;
    %cmp/u;
    %jmp/1 T_4.3, 6;
    %dup/vec4;
    %pushi/vec4 2, 0, 4;
    %cmp/u;
    %jmp/1 T_4.4, 6;
    %dup/vec4;
    %pushi/vec4 3, 0, 4;
    %cmp/u;
    %jmp/1 T_4.5, 6;
    %dup/vec4;
    %pushi/vec4 4, 0, 4;
    %cmp/u;
    %jmp/1 T_4.6, 6;
    %dup/vec4;
    %pushi/vec4 5, 0, 4;
    %cmp/u;
    %jmp/1 T_4.7, 6;
    %dup/vec4;
    %pushi/vec4 6, 0, 4;
    %cmp/u;
    %jmp/1 T_4.8, 6;
    %dup/vec4;
    %pushi/vec4 7, 0, 4;
    %cmp/u;
    %jmp/1 T_4.9, 6;
    %jmp T_4.10;
T_4.2 ;
    %load/vec4 v02cacbe0_0;
    %pushi/vec4 94, 0, 8; draw_string_vec4
    %cmp/e;
    %jmp/0xz  T_4.11, 4;
    %pushi/vec4 1, 0, 4;
    %store/vec4 v02cac348_0, 0, 4;
T_4.11 ;
    %pushi/vec4 0, 0, 16;
    %store/vec4 v02cac3f8_0, 0, 16;
    %pushi/vec4 0, 0, 32;
    %store/vec4 v02cacef8_0, 0, 32;
    %pushi/vec4 0, 0, 32;
    %store/vec4 v02cacfa8_0, 0, 32;
    %pushi/vec4 0, 0, 16;
    %store/vec4 v02cacea0_0, 0, 16;
    %jmp T_4.10;
T_4.3 ;
    %pushi/vec4 48, 0, 8;
    %load/vec4 v02cacbe0_0;
    %cmp/u;
    %flag_get/vec4 4;
    %flag_get/vec4 5;
    %or;
    %load/vec4 v02cacbe0_0;
    %cmpi/u 57, 0, 8;
    %flag_get/vec4 4;
    %flag_get/vec4 5;
    %or;
    %and;
    %flag_set/vec4 8;
    %jmp/0xz  T_4.13, 8;
    %load/vec4 v02cac3f8_0;
    %ix/load 4, 3, 0;
    %flag_set/imm 4, 0;
    %shiftl 4;
    %load/vec4 v02cac3f8_0;
    %ix/load 4, 1, 0;
    %flag_set/imm 4, 0;
    %shiftl 4;
    %add;
    %store/vec4 v02cac3f8_0, 0, 16;
    %load/vec4 v02cac3f8_0;
    %load/vec4 v02cacbe0_0;
    %pad/u 16;
    %add;
    %pushi/vec4 48, 0, 16; draw_string_vec4
    %sub;
    %store/vec4 v02cac3f8_0, 0, 16;
    %load/vec4 v02cacce8_0;
    %addi 1, 0, 32;
    %store/vec4 v02cacce8_0, 0, 32;
    %pushi/vec4 4, 0, 32;
    %load/vec4 v02cacce8_0;
    %cmp/s;
    %jmp/0xz  T_4.15, 5;
    %pushi/vec4 0, 0, 4;
    %store/vec4 v02cac348_0, 0, 4;
    %pushi/vec4 0, 0, 32;
    %store/vec4 v02cacce8_0, 0, 32;
    %pushi/vec4 0, 0, 16;
    %store/vec4 v02cac3f8_0, 0, 16;
T_4.15 ;
    %jmp T_4.14;
T_4.13 ;
    %load/vec4 v02cacbe0_0;
    %pushi/vec4 64, 0, 8; draw_string_vec4
    %cmp/e;
    %jmp/0xz  T_4.17, 4;
    %pushi/vec4 1, 0, 32;
    %load/vec4 v02cacce8_0;
    %cmp/s;
    %flag_get/vec4 4;
    %flag_get/vec4 5;
    %or;
    %load/vec4 v02cacce8_0;
    %cmpi/s 4, 0, 32;
    %flag_get/vec4 4;
    %flag_get/vec4 5;
    %or;
    %and;
    %flag_set/vec4 8;
    %jmp/0xz  T_4.19, 8;
    %pushi/vec4 2, 0, 4;
    %store/vec4 v02cac348_0, 0, 4;
    %pushi/vec4 0, 0, 32;
    %store/vec4 v02cacce8_0, 0, 32;
    %jmp T_4.20;
T_4.19 ;
    %pushi/vec4 0, 0, 4;
    %store/vec4 v02cac348_0, 0, 4;
    %pushi/vec4 0, 0, 32;
    %store/vec4 v02cacce8_0, 0, 32;
    %pushi/vec4 0, 0, 16;
    %store/vec4 v02cac3f8_0, 0, 16;
T_4.20 ;
    %jmp T_4.18;
T_4.17 ;
    %load/vec4 v02cacbe0_0;
    %cmpi/e 94, 0, 8;
    %jmp/0xz  T_4.21, 4;
    %pushi/vec4 0, 0, 32;
    %store/vec4 v02cacce8_0, 0, 32;
    %pushi/vec4 1, 0, 4;
    %store/vec4 v02cac348_0, 0, 4;
    %pushi/vec4 0, 0, 16;
    %store/vec4 v02cac3f8_0, 0, 16;
    %jmp T_4.22;
T_4.21 ;
    %pushi/vec4 0, 0, 4;
    %store/vec4 v02cac348_0, 0, 4;
    %pushi/vec4 0, 0, 32;
    %store/vec4 v02cacce8_0, 0, 32;
    %pushi/vec4 0, 0, 16;
    %store/vec4 v02cac3f8_0, 0, 16;
T_4.22 ;
T_4.18 ;
T_4.14 ;
    %jmp T_4.10;
T_4.4 ;
    %pushi/vec4 48, 0, 8;
    %load/vec4 v02cacbe0_0;
    %cmp/u;
    %flag_get/vec4 4;
    %flag_get/vec4 5;
    %or;
    %load/vec4 v02cacbe0_0;
    %cmpi/u 57, 0, 8;
    %flag_get/vec4 4;
    %flag_get/vec4 5;
    %or;
    %and;
    %flag_set/vec4 8;
    %pushi/vec4 97, 0, 8;
    %load/vec4 v02cacbe0_0;
    %cmp/u;
    %flag_get/vec4 4;
    %flag_get/vec4 5;
    %or;
    %load/vec4 v02cacbe0_0;
    %cmpi/u 102, 0, 8;
    %flag_get/vec4 4;
    %flag_get/vec4 5;
    %or;
    %and;
    %flag_set/vec4 9;
    %flag_or 9, 8;
    %jmp/0xz  T_4.23, 9;
    %load/vec4 v02cacef8_0;
    %ix/load 4, 4, 0;
    %flag_set/imm 4, 0;
    %shiftl 4;
    %store/vec4 v02cacef8_0, 0, 32;
    %pushi/vec4 48, 0, 8;
    %load/vec4 v02cacbe0_0;
    %cmp/u;
    %flag_get/vec4 4;
    %flag_get/vec4 5;
    %or;
    %load/vec4 v02cacbe0_0;
    %cmpi/u 57, 0, 8;
    %flag_get/vec4 4;
    %flag_get/vec4 5;
    %or;
    %and;
    %flag_set/vec4 8;
    %jmp/0xz  T_4.25, 8;
    %load/vec4 v02cacef8_0;
    %load/vec4 v02cacbe0_0;
    %pad/u 32;
    %add;
    %pushi/vec4 48, 0, 32; draw_string_vec4
    %sub;
    %store/vec4 v02cacef8_0, 0, 32;
    %jmp T_4.26;
T_4.25 ;
    %load/vec4 v02cacef8_0;
    %load/vec4 v02cacbe0_0;
    %pad/u 32;
    %add;
    %addi 4294967209, 0, 32;
    %store/vec4 v02cacef8_0, 0, 32;
T_4.26 ;
    %load/vec4 v02cace48_0;
    %addi 1, 0, 32;
    %store/vec4 v02cace48_0, 0, 32;
    %pushi/vec4 8, 0, 32;
    %load/vec4 v02cace48_0;
    %cmp/s;
    %jmp/0xz  T_4.27, 5;
    %pushi/vec4 0, 0, 32;
    %store/vec4 v02cace48_0, 0, 32;
    %pushi/vec4 0, 0, 4;
    %store/vec4 v02cac348_0, 0, 4;
    %pushi/vec4 0, 0, 32;
    %store/vec4 v02cacef8_0, 0, 32;
T_4.27 ;
    %jmp T_4.24;
T_4.23 ;
    %load/vec4 v02cacbe0_0;
    %pushi/vec4 58, 0, 8; draw_string_vec4
    %cmp/e;
    %jmp/0xz  T_4.29, 4;
    %load/vec4 v02cace48_0;
    %cmpi/e 8, 0, 32;
    %jmp/0xz  T_4.31, 4;
    %pushi/vec4 0, 0, 32;
    %store/vec4 v02cace48_0, 0, 32;
    %pushi/vec4 3, 0, 4;
    %store/vec4 v02cac348_0, 0, 4;
    %jmp T_4.32;
T_4.31 ;
    %pushi/vec4 0, 0, 32;
    %store/vec4 v02cace48_0, 0, 32;
    %pushi/vec4 0, 0, 4;
    %store/vec4 v02cac348_0, 0, 4;
    %pushi/vec4 0, 0, 32;
    %store/vec4 v02cacef8_0, 0, 32;
T_4.32 ;
    %jmp T_4.30;
T_4.29 ;
    %load/vec4 v02cacbe0_0;
    %pushi/vec4 94, 0, 8; draw_string_vec4
    %cmp/e;
    %jmp/0xz  T_4.33, 4;
    %pushi/vec4 0, 0, 32;
    %store/vec4 v02cace48_0, 0, 32;
    %pushi/vec4 1, 0, 4;
    %store/vec4 v02cac348_0, 0, 4;
    %pushi/vec4 0, 0, 32;
    %store/vec4 v02cacef8_0, 0, 32;
    %jmp T_4.34;
T_4.33 ;
    %pushi/vec4 0, 0, 32;
    %store/vec4 v02cace48_0, 0, 32;
    %pushi/vec4 0, 0, 4;
    %store/vec4 v02cac348_0, 0, 4;
    %pushi/vec4 0, 0, 32;
    %store/vec4 v02cacef8_0, 0, 32;
T_4.34 ;
T_4.30 ;
T_4.24 ;
    %jmp T_4.10;
T_4.5 ;
    %load/vec4 v02cacbe0_0;
    %pushi/vec4 36, 0, 8; draw_string_vec4
    %cmp/e;
    %flag_mov 8, 4;
    %load/vec4 v02cacbe0_0;
    %cmpi/e 42, 0, 8;
    %flag_or 4, 8;
    %jmp/0xz  T_4.35, 4;
    %load/vec4 v02cacbe0_0;
    %pushi/vec4 36, 0, 8; draw_string_vec4
    %cmp/e;
    %jmp/0xz  T_4.37, 4;
    %pushi/vec4 0, 0, 32;
    %store/vec4 v02cacd40_0, 0, 32;
    %jmp T_4.38;
T_4.37 ;
    %pushi/vec4 1, 0, 32;
    %store/vec4 v02cacd40_0, 0, 32;
T_4.38 ;
    %pushi/vec4 4, 0, 4;
    %store/vec4 v02cac348_0, 0, 4;
    %pushi/vec4 0, 0, 16;
    %store/vec4 v02cacea0_0, 0, 16;
    %pushi/vec4 0, 0, 32;
    %store/vec4 v02cacfa8_0, 0, 32;
    %jmp T_4.36;
T_4.35 ;
    %load/vec4 v02cacbe0_0;
    %pushi/vec4 32, 0, 8; draw_string_vec4
    %cmp/e;
    %jmp/0xz  T_4.39, 4;
    %pushi/vec4 3, 0, 4;
    %store/vec4 v02cac348_0, 0, 4;
    %jmp T_4.40;
T_4.39 ;
    %load/vec4 v02cacbe0_0;
    %pushi/vec4 94, 0, 8; draw_string_vec4
    %cmp/e;
    %jmp/0xz  T_4.41, 4;
    %pushi/vec4 1, 0, 4;
    %store/vec4 v02cac348_0, 0, 4;
    %jmp T_4.42;
T_4.41 ;
    %pushi/vec4 0, 0, 4;
    %store/vec4 v02cac348_0, 0, 4;
T_4.42 ;
T_4.40 ;
T_4.36 ;
    %jmp T_4.10;
T_4.6 ;
    %load/vec4 v02cacd40_0;
    %cmpi/e 0, 0, 32;
    %jmp/0xz  T_4.43, 4;
    %pushi/vec4 48, 0, 8;
    %load/vec4 v02cacbe0_0;
    %cmp/u;
    %flag_get/vec4 4;
    %flag_get/vec4 5;
    %or;
    %load/vec4 v02cacbe0_0;
    %cmpi/u 57, 0, 8;
    %flag_get/vec4 4;
    %flag_get/vec4 5;
    %or;
    %and;
    %load/vec4 v02cac3a0_0;
    %pushi/vec4 0, 0, 32;
    %cmp/e;
    %flag_get/vec4 4;
    %and;
    %flag_set/vec4 8;
    %jmp/0xz  T_4.45, 8;
    %load/vec4 v02cacea0_0;
    %ix/load 4, 3, 0;
    %flag_set/imm 4, 0;
    %shiftl 4;
    %load/vec4 v02cacea0_0;
    %ix/load 4, 1, 0;
    %flag_set/imm 4, 0;
    %shiftl 4;
    %add;
    %store/vec4 v02cacea0_0, 0, 16;
    %load/vec4 v02cacea0_0;
    %load/vec4 v02cacbe0_0;
    %pad/u 16;
    %add;
    %pushi/vec4 48, 0, 16; draw_string_vec4
    %sub;
    %store/vec4 v02cacea0_0, 0, 16;
    %load/vec4 v02cacce8_0;
    %addi 1, 0, 32;
    %store/vec4 v02cacce8_0, 0, 32;
    %pushi/vec4 4, 0, 32;
    %load/vec4 v02cacce8_0;
    %cmp/s;
    %jmp/0xz  T_4.47, 5;
    %pushi/vec4 0, 0, 4;
    %store/vec4 v02cac348_0, 0, 4;
    %pushi/vec4 0, 0, 32;
    %store/vec4 v02cacce8_0, 0, 32;
    %pushi/vec4 0, 0, 16;
    %store/vec4 v02cacea0_0, 0, 16;
T_4.47 ;
    %jmp T_4.46;
T_4.45 ;
    %load/vec4 v02cacbe0_0;
    %pushi/vec4 32, 0, 8; draw_string_vec4
    %cmp/e;
    %jmp/0xz  T_4.49, 4;
    %pushi/vec4 1, 0, 32;
    %load/vec4 v02cacce8_0;
    %cmp/s;
    %flag_get/vec4 4;
    %flag_get/vec4 5;
    %or;
    %load/vec4 v02cacce8_0;
    %cmpi/s 4, 0, 32;
    %flag_get/vec4 4;
    %flag_get/vec4 5;
    %or;
    %and;
    %flag_set/vec4 8;
    %jmp/0xz  T_4.51, 8;
    %load/vec4 v02cac3a0_0;
    %addi 1, 0, 32;
    %store/vec4 v02cac3a0_0, 0, 32;
    %pushi/vec4 4, 0, 4;
    %store/vec4 v02cac348_0, 0, 4;
    %jmp T_4.52;
T_4.51 ;
    %pushi/vec4 0, 0, 32;
    %store/vec4 v02cac3a0_0, 0, 32;
    %pushi/vec4 0, 0, 32;
    %store/vec4 v02cacce8_0, 0, 32;
    %pushi/vec4 0, 0, 4;
    %store/vec4 v02cac348_0, 0, 4;
    %pushi/vec4 0, 0, 16;
    %store/vec4 v02cacea0_0, 0, 16;
T_4.52 ;
    %jmp T_4.50;
T_4.49 ;
    %load/vec4 v02cacbe0_0;
    %pushi/vec4 60, 0, 8; draw_string_vec4
    %cmp/e;
    %flag_get/vec4 4;
    %pushi/vec4 1, 0, 32;
    %load/vec4 v02cacce8_0;
    %cmp/s;
    %flag_get/vec4 4;
    %flag_get/vec4 5;
    %or;
    %and;
    %load/vec4 v02cacce8_0;
    %cmpi/s 4, 0, 32;
    %flag_get/vec4 4;
    %flag_get/vec4 5;
    %or;
    %and;
    %flag_set/vec4 8;
    %jmp/0xz  T_4.53, 8;
    %pushi/vec4 0, 0, 32;
    %store/vec4 v02cacce8_0, 0, 32;
    %pushi/vec4 0, 0, 32;
    %store/vec4 v02cac3a0_0, 0, 32;
    %pushi/vec4 5, 0, 4;
    %store/vec4 v02cac348_0, 0, 4;
    %jmp T_4.54;
T_4.53 ;
    %load/vec4 v02cacbe0_0;
    %pushi/vec4 94, 0, 8; draw_string_vec4
    %cmp/e;
    %jmp/0xz  T_4.55, 4;
    %pushi/vec4 0, 0, 32;
    %store/vec4 v02cacce8_0, 0, 32;
    %pushi/vec4 0, 0, 32;
    %store/vec4 v02cac3a0_0, 0, 32;
    %pushi/vec4 1, 0, 4;
    %store/vec4 v02cac348_0, 0, 4;
    %pushi/vec4 0, 0, 16;
    %store/vec4 v02cacea0_0, 0, 16;
    %jmp T_4.56;
T_4.55 ;
    %pushi/vec4 0, 0, 32;
    %store/vec4 v02cacce8_0, 0, 32;
    %pushi/vec4 0, 0, 32;
    %store/vec4 v02cac3a0_0, 0, 32;
    %pushi/vec4 0, 0, 4;
    %store/vec4 v02cac348_0, 0, 4;
    %pushi/vec4 0, 0, 16;
    %store/vec4 v02cacea0_0, 0, 16;
T_4.56 ;
T_4.54 ;
T_4.50 ;
T_4.46 ;
    %jmp T_4.44;
T_4.43 ;
    %pushi/vec4 48, 0, 8;
    %load/vec4 v02cacbe0_0;
    %cmp/u;
    %flag_get/vec4 4;
    %flag_get/vec4 5;
    %or;
    %load/vec4 v02cacbe0_0;
    %cmpi/u 57, 0, 8;
    %flag_get/vec4 4;
    %flag_get/vec4 5;
    %or;
    %and;
    %pushi/vec4 97, 0, 8;
    %load/vec4 v02cacbe0_0;
    %cmp/u;
    %flag_get/vec4 4;
    %flag_get/vec4 5;
    %or;
    %load/vec4 v02cacbe0_0;
    %cmpi/u 102, 0, 8;
    %flag_get/vec4 4;
    %flag_get/vec4 5;
    %or;
    %and;
    %or;
    %load/vec4 v02cac3a0_0;
    %pushi/vec4 0, 0, 32;
    %cmp/e;
    %flag_get/vec4 4;
    %and;
    %flag_set/vec4 8;
    %jmp/0xz  T_4.57, 8;
    %load/vec4 v02cacfa8_0;
    %ix/load 4, 4, 0;
    %flag_set/imm 4, 0;
    %shiftl 4;
    %store/vec4 v02cacfa8_0, 0, 32;
    %pushi/vec4 48, 0, 8;
    %load/vec4 v02cacbe0_0;
    %cmp/u;
    %flag_get/vec4 4;
    %flag_get/vec4 5;
    %or;
    %load/vec4 v02cacbe0_0;
    %cmpi/u 57, 0, 8;
    %flag_get/vec4 4;
    %flag_get/vec4 5;
    %or;
    %and;
    %flag_set/vec4 8;
    %jmp/0xz  T_4.59, 8;
    %load/vec4 v02cacfa8_0;
    %load/vec4 v02cacbe0_0;
    %pad/u 32;
    %add;
    %pushi/vec4 48, 0, 32; draw_string_vec4
    %sub;
    %store/vec4 v02cacfa8_0, 0, 32;
    %jmp T_4.60;
T_4.59 ;
    %load/vec4 v02cacfa8_0;
    %load/vec4 v02cacbe0_0;
    %pad/u 32;
    %add;
    %addi 4294967209, 0, 32;
    %store/vec4 v02cacfa8_0, 0, 32;
T_4.60 ;
    %load/vec4 v02cace48_0;
    %addi 1, 0, 32;
    %store/vec4 v02cace48_0, 0, 32;
    %pushi/vec4 8, 0, 32;
    %load/vec4 v02cace48_0;
    %cmp/s;
    %jmp/0xz  T_4.61, 5;
    %pushi/vec4 0, 0, 32;
    %store/vec4 v02cace48_0, 0, 32;
    %pushi/vec4 0, 0, 32;
    %store/vec4 v02cac3a0_0, 0, 32;
    %pushi/vec4 0, 0, 4;
    %store/vec4 v02cac348_0, 0, 4;
    %pushi/vec4 0, 0, 32;
    %store/vec4 v02cacfa8_0, 0, 32;
T_4.61 ;
    %jmp T_4.58;
T_4.57 ;
    %load/vec4 v02cace48_0;
    %pushi/vec4 8, 0, 32;
    %cmp/e;
    %flag_get/vec4 4;
    %load/vec4 v02cacbe0_0;
    %pushi/vec4 32, 0, 8; draw_string_vec4
    %cmp/e;
    %flag_get/vec4 4;
    %and;
    %flag_set/vec4 8;
    %jmp/0xz  T_4.63, 8;
    %load/vec4 v02cac3a0_0;
    %addi 1, 0, 32;
    %store/vec4 v02cac3a0_0, 0, 32;
    %pushi/vec4 4, 0, 4;
    %store/vec4 v02cac348_0, 0, 4;
    %jmp T_4.64;
T_4.63 ;
    %load/vec4 v02cace48_0;
    %pushi/vec4 8, 0, 32;
    %cmp/e;
    %flag_get/vec4 4;
    %load/vec4 v02cacbe0_0;
    %pushi/vec4 60, 0, 8; draw_string_vec4
    %cmp/e;
    %flag_get/vec4 4;
    %and;
    %flag_set/vec4 8;
    %jmp/0xz  T_4.65, 8;
    %pushi/vec4 5, 0, 4;
    %store/vec4 v02cac348_0, 0, 4;
    %pushi/vec4 0, 0, 32;
    %store/vec4 v02cac3a0_0, 0, 32;
    %pushi/vec4 0, 0, 32;
    %store/vec4 v02cace48_0, 0, 32;
    %jmp T_4.66;
T_4.65 ;
    %load/vec4 v02cacbe0_0;
    %pushi/vec4 94, 0, 8; draw_string_vec4
    %cmp/e;
    %jmp/0xz  T_4.67, 4;
    %pushi/vec4 0, 0, 32;
    %store/vec4 v02cac3a0_0, 0, 32;
    %pushi/vec4 0, 0, 32;
    %store/vec4 v02cace48_0, 0, 32;
    %pushi/vec4 1, 0, 4;
    %store/vec4 v02cac348_0, 0, 4;
    %pushi/vec4 0, 0, 32;
    %store/vec4 v02cacfa8_0, 0, 32;
    %jmp T_4.68;
T_4.67 ;
    %pushi/vec4 0, 0, 32;
    %store/vec4 v02cac3a0_0, 0, 32;
    %pushi/vec4 0, 0, 32;
    %store/vec4 v02cace48_0, 0, 32;
    %pushi/vec4 0, 0, 4;
    %store/vec4 v02cac348_0, 0, 4;
    %pushi/vec4 0, 0, 32;
    %store/vec4 v02cacfa8_0, 0, 32;
T_4.68 ;
T_4.66 ;
T_4.64 ;
T_4.58 ;
T_4.44 ;
    %jmp T_4.10;
T_4.7 ;
    %load/vec4 v02cacbe0_0;
    %pushi/vec4 61, 0, 8; draw_string_vec4
    %cmp/e;
    %jmp/0xz  T_4.69, 4;
    %pushi/vec4 6, 0, 4;
    %store/vec4 v02cac348_0, 0, 4;
    %jmp T_4.70;
T_4.69 ;
    %load/vec4 v02cacbe0_0;
    %pushi/vec4 94, 0, 8; draw_string_vec4
    %cmp/e;
    %jmp/0xz  T_4.71, 4;
    %pushi/vec4 1, 0, 4;
    %store/vec4 v02cac348_0, 0, 4;
    %jmp T_4.72;
T_4.71 ;
    %pushi/vec4 0, 0, 4;
    %store/vec4 v02cac348_0, 0, 4;
T_4.72 ;
T_4.70 ;
    %jmp T_4.10;
T_4.8 ;
    %load/vec4 v02cacbe0_0;
    %pushi/vec4 32, 0, 8; draw_string_vec4
    %cmp/e;
    %flag_get/vec4 4;
    %load/vec4 v02cace48_0;
    %pushi/vec4 0, 0, 32;
    %cmp/e;
    %flag_get/vec4 4;
    %and;
    %flag_set/vec4 8;
    %jmp/0xz  T_4.73, 8;
    %load/vec4 v02cac3a0_0;
    %addi 1, 0, 32;
    %store/vec4 v02cac3a0_0, 0, 32;
    %pushi/vec4 6, 0, 4;
    %store/vec4 v02cac348_0, 0, 4;
    %jmp T_4.74;
T_4.73 ;
    %pushi/vec4 48, 0, 8;
    %load/vec4 v02cacbe0_0;
    %cmp/u;
    %flag_get/vec4 4;
    %flag_get/vec4 5;
    %or;
    %load/vec4 v02cacbe0_0;
    %cmpi/u 57, 0, 8;
    %flag_get/vec4 4;
    %flag_get/vec4 5;
    %or;
    %and;
    %flag_set/vec4 8;
    %pushi/vec4 97, 0, 8;
    %load/vec4 v02cacbe0_0;
    %cmp/u;
    %flag_get/vec4 4;
    %flag_get/vec4 5;
    %or;
    %load/vec4 v02cacbe0_0;
    %cmpi/u 102, 0, 8;
    %flag_get/vec4 4;
    %flag_get/vec4 5;
    %or;
    %and;
    %flag_set/vec4 9;
    %flag_or 9, 8;
    %jmp/0xz  T_4.75, 9;
    %load/vec4 v02cace48_0;
    %addi 1, 0, 32;
    %store/vec4 v02cace48_0, 0, 32;
    %pushi/vec4 8, 0, 32;
    %load/vec4 v02cace48_0;
    %cmp/s;
    %jmp/0xz  T_4.77, 5;
    %pushi/vec4 0, 0, 32;
    %store/vec4 v02cace48_0, 0, 32;
    %pushi/vec4 0, 0, 32;
    %store/vec4 v02cac3a0_0, 0, 32;
    %pushi/vec4 0, 0, 4;
    %store/vec4 v02cac348_0, 0, 4;
T_4.77 ;
    %jmp T_4.76;
T_4.75 ;
    %load/vec4 v02cacbe0_0;
    %pushi/vec4 35, 0, 8; draw_string_vec4
    %cmp/e;
    %jmp/0xz  T_4.79, 4;
    %load/vec4 v02cace48_0;
    %cmpi/e 8, 0, 32;
    %jmp/0xz  T_4.81, 4;
    %pushi/vec4 7, 0, 4;
    %store/vec4 v02cac348_0, 0, 4;
    %pushi/vec4 0, 0, 32;
    %store/vec4 v02cace48_0, 0, 32;
    %pushi/vec4 0, 0, 32;
    %store/vec4 v02cac3a0_0, 0, 32;
    %load/vec4 v02cac348_0;
    %cmpi/e 7, 0, 4;
    %jmp/0xz  T_4.83, 4;
    %load/vec4 v02cac450_0;
    %ix/load 4, 1, 0;
    %flag_set/imm 4, 0;
    %shiftr 4;
    %store/vec4 v02cac450_0, 0, 16;
    %pushi/vec4 0, 0, 32;
    %store/vec4 v02cac190_0, 0, 32;
T_4.85 ;
    %load/vec4 v02cac190_0;
    %load/vec4 v02cac3f8_0;
    %pad/u 32;
    %cmp/u;
    %jmp/0xz T_4.86, 5;
    %load/vec4 v02cac190_0;
    %load/vec4 v02cac450_0;
    %pad/u 32;
    %add;
    %store/vec4 v02cac190_0, 0, 32;
    %jmp T_4.85;
T_4.86 ;
    %load/vec4 v02cac3f8_0;
    %pad/u 32;
    %load/vec4 v02cac190_0;
    %cmp/e;
    %jmp/0xz  T_4.87, 4;
    %pushi/vec4 0, 0, 1;
    %store/vec4 v02caca28_0, 0, 1;
    %jmp T_4.88;
T_4.87 ;
    %pushi/vec4 1, 0, 1;
    %store/vec4 v02caca28_0, 0, 1;
T_4.88 ;
    %load/vec4 v02cacef8_0;
    %pushi/vec4 3, 0, 32;
    %and;
    %pushi/vec4 0, 0, 32;
    %cmp/e;
    %flag_get/vec4 4;
    %pushi/vec4 12288, 0, 32;
    %load/vec4 v02cacef8_0;
    %cmp/u;
    %flag_get/vec4 4;
    %flag_get/vec4 5;
    %or;
    %and;
    %load/vec4 v02cacef8_0;
    %cmpi/u 20479, 0, 32;
    %flag_get/vec4 4;
    %flag_get/vec4 5;
    %or;
    %and;
    %flag_set/vec4 8;
    %jmp/0xz  T_4.89, 8;
    %pushi/vec4 0, 0, 1;
    %store/vec4 v02cac2f0_0, 0, 1;
    %jmp T_4.90;
T_4.89 ;
    %pushi/vec4 1, 0, 1;
    %store/vec4 v02cac2f0_0, 0, 1;
T_4.90 ;
    %load/vec4 v02cacd40_0;
    %cmpi/e 1, 0, 32;
    %jmp/0xz  T_4.91, 4;
    %load/vec4 v02cacfa8_0;
    %pushi/vec4 3, 0, 32;
    %and;
    %pushi/vec4 0, 0, 32;
    %cmp/e;
    %flag_get/vec4 4;
    %pushi/vec4 0, 0, 32;
    %load/vec4 v02cacfa8_0;
    %cmp/u;
    %flag_get/vec4 4;
    %flag_get/vec4 5;
    %or;
    %load/vec4 v02cacfa8_0;
    %cmpi/u 12287, 0, 32;
    %flag_get/vec4 4;
    %flag_get/vec4 5;
    %or;
    %and;
    %and;
    %flag_set/vec4 8;
    %jmp/0xz  T_4.93, 8;
    %pushi/vec4 0, 0, 1;
    %store/vec4 v02cac710_0, 0, 1;
    %jmp T_4.94;
T_4.93 ;
    %pushi/vec4 1, 0, 1;
    %store/vec4 v02cac710_0, 0, 1;
T_4.94 ;
T_4.91 ;
    %load/vec4 v02cacd40_0;
    %cmpi/e 0, 0, 32;
    %jmp/0xz  T_4.95, 4;
    %pushi/vec4 0, 0, 16;
    %load/vec4 v02cacea0_0;
    %cmp/u;
    %flag_get/vec4 4;
    %flag_get/vec4 5;
    %or;
    %load/vec4 v02cacea0_0;
    %cmpi/u 31, 0, 16;
    %flag_get/vec4 4;
    %flag_get/vec4 5;
    %or;
    %and;
    %flag_set/vec4 8;
    %jmp/0xz  T_4.97, 8;
    %pushi/vec4 0, 0, 1;
    %store/vec4 v02cac138_0, 0, 1;
    %jmp T_4.98;
T_4.97 ;
    %pushi/vec4 1, 0, 1;
    %store/vec4 v02cac138_0, 0, 1;
T_4.98 ;
T_4.95 ;
T_4.83 ;
    %jmp T_4.82;
T_4.81 ;
    %pushi/vec4 0, 0, 4;
    %store/vec4 v02cac348_0, 0, 4;
    %pushi/vec4 0, 0, 32;
    %store/vec4 v02cace48_0, 0, 32;
    %pushi/vec4 0, 0, 32;
    %store/vec4 v02cac3a0_0, 0, 32;
T_4.82 ;
    %jmp T_4.80;
T_4.79 ;
    %load/vec4 v02cacbe0_0;
    %pushi/vec4 94, 0, 8; draw_string_vec4
    %cmp/e;
    %jmp/0xz  T_4.99, 4;
    %pushi/vec4 1, 0, 4;
    %store/vec4 v02cac348_0, 0, 4;
    %pushi/vec4 0, 0, 32;
    %store/vec4 v02cace48_0, 0, 32;
    %pushi/vec4 0, 0, 32;
    %store/vec4 v02cac3a0_0, 0, 32;
    %jmp T_4.100;
T_4.99 ;
    %pushi/vec4 0, 0, 4;
    %store/vec4 v02cac348_0, 0, 4;
    %pushi/vec4 0, 0, 32;
    %store/vec4 v02cace48_0, 0, 32;
    %pushi/vec4 0, 0, 32;
    %store/vec4 v02cac3a0_0, 0, 32;
T_4.100 ;
T_4.80 ;
T_4.76 ;
T_4.74 ;
    %jmp T_4.10;
T_4.9 ;
    %load/vec4 v02cacbe0_0;
    %pushi/vec4 94, 0, 8; draw_string_vec4
    %cmp/e;
    %jmp/0xz  T_4.101, 4;
    %pushi/vec4 1, 0, 4;
    %store/vec4 v02cac348_0, 0, 4;
    %jmp T_4.102;
T_4.101 ;
    %pushi/vec4 0, 0, 4;
    %store/vec4 v02cac348_0, 0, 4;
T_4.102 ;
    %pushi/vec4 0, 0, 16;
    %store/vec4 v02cac3f8_0, 0, 16;
    %pushi/vec4 0, 0, 32;
    %store/vec4 v02cacef8_0, 0, 32;
    %pushi/vec4 0, 0, 32;
    %store/vec4 v02cacfa8_0, 0, 32;
    %pushi/vec4 0, 0, 16;
    %store/vec4 v02cacea0_0, 0, 16;
    %jmp T_4.10;
T_4.10 ;
    %pop/vec4 1;
T_4.1 ;
    %jmp T_4;
    .thread T_4;
# The file index is used to find the file name in the following table.
:file_names 3;
    "N/A";
    "<interactive>";
    "cup_checker1.v";
