#! c:/iverilog-x86/bin/vvp
:ivl_version "10.0 (stable)" "(v10_0)";
:ivl_delay_selection "TYPICAL";
:vpi_time_precision - 12;
:vpi_module "system";
:vpi_module "vhdl_sys";
:vpi_module "v2005_math";
:vpi_module "va_math";
S_02c81730 .scope module, "tb_cpu_checker" "tb_cpu_checker" 2 3;
 .timescale -9 -12;
v02cd55c0_0 .var "char", 7 0;
v02cd5618_0 .var "clk", 0 0;
v02cd5bf0_0 .net "error_code", 3 0, v02ca5488_0;  1 drivers
v02cd5670_0 .net "format_type", 1 0, L_02cd57d0;  1 drivers
v02cd56c8_0 .var "freq", 15 0;
v02cd5c48_0 .var "reset", 0 0;
S_02c98cd0 .scope module, "u_cpu_checker" "cpu_checker" 2 19, 3 14 0, S_02c81730;
 .timescale -9 -12;
    .port_info 0 /INPUT 1 "clk"
    .port_info 1 /INPUT 1 "reset"
    .port_info 2 /INPUT 16 "freq"
    .port_info 3 /INPUT 8 "char"
    .port_info 4 /OUTPUT 2 "format_type"
    .port_info 5 /OUTPUT 4 "error_code"
L_02c745d8 .functor AND 1, L_02cd5720, L_02cd5778, C4<1>, C4<1>;
L_02c74500 .functor AND 1, L_02cd58d8, L_02cd5930, C4<1>, C4<1>;
L_02cd65a0 .functor BUFT 1, C4<0111>, C4<0>, C4<0>, C4<0>;
v02ca4e58_0 .net/2u *"_s0", 3 0, L_02cd65a0;  1 drivers
L_02cd65f0 .functor BUFT 1, C4<01>, C4<0>, C4<0>, C4<0>;
v02ca4eb0_0 .net/2u *"_s10", 1 0, L_02cd65f0;  1 drivers
L_02cd6618 .functor BUFT 1, C4<0111>, C4<0>, C4<0>, C4<0>;
v02ca5278_0 .net/2u *"_s12", 3 0, L_02cd6618;  1 drivers
v02ca4f08_0 .net *"_s14", 0 0, L_02cd58d8;  1 drivers
L_02cd6640 .functor BUFT 1, C4<00000000000000000000000000000001>, C4<0>, C4<0>, C4<0>;
v02ca4f60_0 .net/2s *"_s16", 31 0, L_02cd6640;  1 drivers
v02ca4fb8_0 .net *"_s18", 0 0, L_02cd5930;  1 drivers
v02ca5010_0 .net *"_s2", 0 0, L_02cd5720;  1 drivers
v02ca50c0_0 .net *"_s20", 0 0, L_02c74500;  1 drivers
L_02cd6668 .functor BUFT 1, C4<10>, C4<0>, C4<0>, C4<0>;
v02ca5430_0 .net/2u *"_s22", 1 0, L_02cd6668;  1 drivers
L_02cd6690 .functor BUFT 1, C4<00>, C4<0>, C4<0>, C4<0>;
v02ca53d8_0 .net/2u *"_s24", 1 0, L_02cd6690;  1 drivers
v02ca4da8_0 .net *"_s26", 1 0, L_02cd5ca0;  1 drivers
L_02cd65c8 .functor BUFT 1, C4<00000000000000000000000000000000>, C4<0>, C4<0>, C4<0>;
v02ca5380_0 .net/2s *"_s4", 31 0, L_02cd65c8;  1 drivers
v02ca5118_0 .net *"_s6", 0 0, L_02cd5778;  1 drivers
v02ca5068_0 .net *"_s8", 0 0, L_02c745d8;  1 drivers
v02ca5170_0 .var "addr", 31 0;
v02ca4e00_0 .net "char", 7 0, v02cd55c0_0;  1 drivers
v02ca52d0_0 .net "clk", 0 0, v02cd5618_0;  1 drivers
v02ca5328_0 .var/i "dexcnt", 31 0;
v02ca5488_0 .var "error_code", 3 0;
v02ca51c8_0 .var/i "flag", 31 0;
v02ca4d50_0 .net "format_type", 1 0, L_02cd57d0;  alias, 1 drivers
v02ca5220_0 .net "freq", 15 0, v02cd56c8_0;  1 drivers
v02cd6068_0 .var "grf", 15 0;
v02cd5ae8_0 .var/i "hexcnt", 31 0;
v02cd5e00_0 .var "pc", 31 0;
v02cd5a38_0 .net "reset", 0 0, v02cd5c48_0;  1 drivers
v02cd5eb0_0 .var/i "spacecnt", 31 0;
v02cd5b40_0 .var "state", 3 0;
v02cd5f08_0 .var "sw1", 0 0;
v02cd5fb8_0 .var "sw2", 0 0;
v02cd5a90_0 .var "sw3", 0 0;
v02cd5d50_0 .var "sw4", 0 0;
v02cd5e58_0 .var "time1", 15 0;
v02cd5b98_0 .var "tmp1", 15 0;
v02cd6010_0 .var "tmp2", 31 0;
E_02ca4550 .event posedge, v02ca52d0_0;
L_02cd5720 .cmp/eq 4, v02cd5b40_0, L_02cd65a0;
L_02cd5778 .cmp/eq 32, v02ca51c8_0, L_02cd65c8;
L_02cd58d8 .cmp/eq 4, v02cd5b40_0, L_02cd6618;
L_02cd5930 .cmp/eq 32, v02ca51c8_0, L_02cd6640;
L_02cd5ca0 .functor MUXZ 2, L_02cd6690, L_02cd6668, L_02c74500, C4<>;
L_02cd57d0 .functor MUXZ 2, L_02cd5ca0, L_02cd65f0, L_02c745d8, C4<>;
    .scope S_02c98cd0;
T_0 ;
    %pushi/vec4 0, 0, 32;
    %store/vec4 v02ca5328_0, 0, 32;
    %end;
    .thread T_0;
    .scope S_02c98cd0;
T_1 ;
    %pushi/vec4 0, 0, 32;
    %store/vec4 v02cd5ae8_0, 0, 32;
    %end;
    .thread T_1;
    .scope S_02c98cd0;
T_2 ;
    %pushi/vec4 0, 0, 32;
    %store/vec4 v02cd5eb0_0, 0, 32;
    %end;
    .thread T_2;
    .scope S_02c98cd0;
T_3 ;
    %pushi/vec4 0, 0, 4;
    %store/vec4 v02cd5b40_0, 0, 4;
    %pushi/vec4 0, 0, 16;
    %store/vec4 v02cd5e58_0, 0, 16;
    %pushi/vec4 0, 0, 32;
    %store/vec4 v02cd5e00_0, 0, 32;
    %pushi/vec4 0, 0, 32;
    %store/vec4 v02ca5170_0, 0, 32;
    %pushi/vec4 0, 0, 16;
    %store/vec4 v02cd6068_0, 0, 16;
    %pushi/vec4 0, 0, 1;
    %store/vec4 v02cd5f08_0, 0, 1;
    %pushi/vec4 0, 0, 1;
    %store/vec4 v02cd5fb8_0, 0, 1;
    %pushi/vec4 0, 0, 1;
    %store/vec4 v02cd5a90_0, 0, 1;
    %pushi/vec4 0, 0, 1;
    %store/vec4 v02cd5d50_0, 0, 1;
    %pushi/vec4 0, 0, 32;
    %store/vec4 v02cd6010_0, 0, 32;
    %end;
    .thread T_3;
    .scope S_02c98cd0;
T_4 ;
    %wait E_02ca4550;
    %load/vec4 v02ca5220_0;
    %store/vec4 v02cd5b98_0, 0, 16;
    %pushi/vec4 0, 0, 32;
    %store/vec4 v02cd6010_0, 0, 32;
    %load/vec4 v02cd5a38_0;
    %pad/u 32;
    %cmpi/e 1, 0, 32;
    %jmp/0xz  T_4.0, 4;
    %pushi/vec4 0, 0, 4;
    %store/vec4 v02cd5b40_0, 0, 4;
    %pushi/vec4 0, 0, 32;
    %store/vec4 v02cd5eb0_0, 0, 32;
    %pushi/vec4 0, 0, 32;
    %store/vec4 v02cd5ae8_0, 0, 32;
    %pushi/vec4 0, 0, 32;
    %store/vec4 v02ca5328_0, 0, 32;
    %pushi/vec4 0, 0, 16;
    %store/vec4 v02cd5e58_0, 0, 16;
    %pushi/vec4 0, 0, 32;
    %store/vec4 v02cd5e00_0, 0, 32;
    %pushi/vec4 0, 0, 32;
    %store/vec4 v02ca5170_0, 0, 32;
    %pushi/vec4 0, 0, 16;
    %store/vec4 v02cd6068_0, 0, 16;
    %pushi/vec4 0, 0, 1;
    %store/vec4 v02cd5f08_0, 0, 1;
    %pushi/vec4 0, 0, 1;
    %store/vec4 v02cd5fb8_0, 0, 1;
    %pushi/vec4 0, 0, 1;
    %store/vec4 v02cd5a90_0, 0, 1;
    %pushi/vec4 0, 0, 1;
    %store/vec4 v02cd5d50_0, 0, 1;
    %pushi/vec4 0, 0, 4;
    %store/vec4 v02ca5488_0, 0, 4;
    %pushi/vec4 0, 0, 16;
    %store/vec4 v02cd5b98_0, 0, 16;
    %jmp T_4.1;
T_4.0 ;
    %pushi/vec4 0, 0, 4;
    %store/vec4 v02ca5488_0, 0, 4;
    %load/vec4 v02cd5b40_0;
    %dup/vec4;
    %pushi/vec4 0, 0, 4;
    %cmp/u;
    %jmp/1 T_4.2, 6;
    %dup/vec4;
    %pushi/vec4 1, 0, 4;
    %cmp/u;
    %jmp/1 T_4.3, 6;
    %dup/vec4;
    %pushi/vec4 2, 0, 4;
    %cmp/u;
    %jmp/1 T_4.4, 6;
    %dup/vec4;
    %pushi/vec4 3, 0, 4;
    %cmp/u;
    %jmp/1 T_4.5, 6;
    %dup/vec4;
    %pushi/vec4 4, 0, 4;
    %cmp/u;
    %jmp/1 T_4.6, 6;
    %dup/vec4;
    %pushi/vec4 5, 0, 4;
    %cmp/u;
    %jmp/1 T_4.7, 6;
    %dup/vec4;
    %pushi/vec4 6, 0, 4;
    %cmp/u;
    %jmp/1 T_4.8, 6;
    %dup/vec4;
    %pushi/vec4 7, 0, 4;
    %cmp/u;
    %jmp/1 T_4.9, 6;
    %jmp T_4.10;
T_4.2 ;
    %load/vec4 v02ca4e00_0;
    %pushi/vec4 94, 0, 8; draw_string_vec4
    %cmp/e;
    %jmp/0xz  T_4.11, 4;
    %pushi/vec4 1, 0, 4;
    %store/vec4 v02cd5b40_0, 0, 4;
T_4.11 ;
    %pushi/vec4 0, 0, 16;
    %store/vec4 v02cd5e58_0, 0, 16;
    %pushi/vec4 0, 0, 32;
    %store/vec4 v02cd5e00_0, 0, 32;
    %pushi/vec4 0, 0, 32;
    %store/vec4 v02ca5170_0, 0, 32;
    %pushi/vec4 0, 0, 16;
    %store/vec4 v02cd6068_0, 0, 16;
    %jmp T_4.10;
T_4.3 ;
    %pushi/vec4 48, 0, 8;
    %load/vec4 v02ca4e00_0;
    %cmp/u;
    %flag_get/vec4 4;
    %flag_get/vec4 5;
    %or;
    %load/vec4 v02ca4e00_0;
    %cmpi/u 57, 0, 8;
    %flag_get/vec4 4;
    %flag_get/vec4 5;
    %or;
    %and;
    %flag_set/vec4 8;
    %jmp/0xz  T_4.13, 8;
    %load/vec4 v02cd5e58_0;
    %ix/load 4, 3, 0;
    %flag_set/imm 4, 0;
    %shiftl 4;
    %load/vec4 v02cd5e58_0;
    %ix/load 4, 1, 0;
    %flag_set/imm 4, 0;
    %shiftl 4;
    %add;
    %store/vec4 v02cd5e58_0, 0, 16;
    %load/vec4 v02cd5e58_0;
    %load/vec4 v02ca4e00_0;
    %pad/u 16;
    %add;
    %pushi/vec4 48, 0, 16; draw_string_vec4
    %sub;
    %store/vec4 v02cd5e58_0, 0, 16;
    %load/vec4 v02ca5328_0;
    %addi 1, 0, 32;
    %store/vec4 v02ca5328_0, 0, 32;
    %pushi/vec4 4, 0, 32;
    %load/vec4 v02ca5328_0;
    %cmp/s;
    %jmp/0xz  T_4.15, 5;
    %pushi/vec4 0, 0, 4;
    %store/vec4 v02cd5b40_0, 0, 4;
    %pushi/vec4 0, 0, 32;
    %store/vec4 v02ca5328_0, 0, 32;
    %pushi/vec4 0, 0, 16;
    %store/vec4 v02cd5e58_0, 0, 16;
T_4.15 ;
    %jmp T_4.14;
T_4.13 ;
    %load/vec4 v02ca4e00_0;
    %pushi/vec4 64, 0, 8; draw_string_vec4
    %cmp/e;
    %jmp/0xz  T_4.17, 4;
    %pushi/vec4 1, 0, 32;
    %load/vec4 v02ca5328_0;
    %cmp/s;
    %flag_get/vec4 4;
    %flag_get/vec4 5;
    %or;
    %load/vec4 v02ca5328_0;
    %cmpi/s 4, 0, 32;
    %flag_get/vec4 4;
    %flag_get/vec4 5;
    %or;
    %and;
    %flag_set/vec4 8;
    %jmp/0xz  T_4.19, 8;
    %pushi/vec4 2, 0, 4;
    %store/vec4 v02cd5b40_0, 0, 4;
    %pushi/vec4 0, 0, 32;
    %store/vec4 v02ca5328_0, 0, 32;
    %jmp T_4.20;
T_4.19 ;
    %pushi/vec4 0, 0, 4;
    %store/vec4 v02cd5b40_0, 0, 4;
    %pushi/vec4 0, 0, 32;
    %store/vec4 v02ca5328_0, 0, 32;
    %pushi/vec4 0, 0, 16;
    %store/vec4 v02cd5e58_0, 0, 16;
T_4.20 ;
    %jmp T_4.18;
T_4.17 ;
    %load/vec4 v02ca4e00_0;
    %cmpi/e 94, 0, 8;
    %jmp/0xz  T_4.21, 4;
    %pushi/vec4 0, 0, 32;
    %store/vec4 v02ca5328_0, 0, 32;
    %pushi/vec4 1, 0, 4;
    %store/vec4 v02cd5b40_0, 0, 4;
    %pushi/vec4 0, 0, 16;
    %store/vec4 v02cd5e58_0, 0, 16;
    %jmp T_4.22;
T_4.21 ;
    %pushi/vec4 0, 0, 4;
    %store/vec4 v02cd5b40_0, 0, 4;
    %pushi/vec4 0, 0, 32;
    %store/vec4 v02ca5328_0, 0, 32;
    %pushi/vec4 0, 0, 16;
    %store/vec4 v02cd5e58_0, 0, 16;
T_4.22 ;
T_4.18 ;
T_4.14 ;
    %jmp T_4.10;
T_4.4 ;
    %pushi/vec4 48, 0, 8;
    %load/vec4 v02ca4e00_0;
    %cmp/u;
    %flag_get/vec4 4;
    %flag_get/vec4 5;
    %or;
    %load/vec4 v02ca4e00_0;
    %cmpi/u 57, 0, 8;
    %flag_get/vec4 4;
    %flag_get/vec4 5;
    %or;
    %and;
    %flag_set/vec4 8;
    %pushi/vec4 97, 0, 8;
    %load/vec4 v02ca4e00_0;
    %cmp/u;
    %flag_get/vec4 4;
    %flag_get/vec4 5;
    %or;
    %load/vec4 v02ca4e00_0;
    %cmpi/u 102, 0, 8;
    %flag_get/vec4 4;
    %flag_get/vec4 5;
    %or;
    %and;
    %flag_set/vec4 9;
    %flag_or 9, 8;
    %jmp/0xz  T_4.23, 9;
    %load/vec4 v02cd5e00_0;
    %ix/load 4, 4, 0;
    %flag_set/imm 4, 0;
    %shiftl 4;
    %store/vec4 v02cd5e00_0, 0, 32;
    %pushi/vec4 48, 0, 8;
    %load/vec4 v02ca4e00_0;
    %cmp/u;
    %flag_get/vec4 4;
    %flag_get/vec4 5;
    %or;
    %load/vec4 v02ca4e00_0;
    %cmpi/u 57, 0, 8;
    %flag_get/vec4 4;
    %flag_get/vec4 5;
    %or;
    %and;
    %flag_set/vec4 8;
    %jmp/0xz  T_4.25, 8;
    %load/vec4 v02cd5e00_0;
    %load/vec4 v02ca4e00_0;
    %pad/u 32;
    %add;
    %pushi/vec4 48, 0, 32; draw_string_vec4
    %sub;
    %store/vec4 v02cd5e00_0, 0, 32;
    %jmp T_4.26;
T_4.25 ;
    %load/vec4 v02cd5e00_0;
    %load/vec4 v02ca4e00_0;
    %pad/u 32;
    %add;
    %addi 4294967209, 0, 32;
    %store/vec4 v02cd5e00_0, 0, 32;
T_4.26 ;
    %load/vec4 v02cd5ae8_0;
    %addi 1, 0, 32;
    %store/vec4 v02cd5ae8_0, 0, 32;
    %pushi/vec4 8, 0, 32;
    %load/vec4 v02cd5ae8_0;
    %cmp/s;
    %jmp/0xz  T_4.27, 5;
    %pushi/vec4 0, 0, 32;
    %store/vec4 v02cd5ae8_0, 0, 32;
    %pushi/vec4 0, 0, 4;
    %store/vec4 v02cd5b40_0, 0, 4;
    %pushi/vec4 0, 0, 32;
    %store/vec4 v02cd5e00_0, 0, 32;
T_4.27 ;
    %jmp T_4.24;
T_4.23 ;
    %load/vec4 v02ca4e00_0;
    %pushi/vec4 58, 0, 8; draw_string_vec4
    %cmp/e;
    %jmp/0xz  T_4.29, 4;
    %load/vec4 v02cd5ae8_0;
    %cmpi/e 8, 0, 32;
    %jmp/0xz  T_4.31, 4;
    %pushi/vec4 0, 0, 32;
    %store/vec4 v02cd5ae8_0, 0, 32;
    %pushi/vec4 3, 0, 4;
    %store/vec4 v02cd5b40_0, 0, 4;
    %jmp T_4.32;
T_4.31 ;
    %pushi/vec4 0, 0, 32;
    %store/vec4 v02cd5ae8_0, 0, 32;
    %pushi/vec4 0, 0, 4;
    %store/vec4 v02cd5b40_0, 0, 4;
    %pushi/vec4 0, 0, 32;
    %store/vec4 v02cd5e00_0, 0, 32;
T_4.32 ;
    %jmp T_4.30;
T_4.29 ;
    %load/vec4 v02ca4e00_0;
    %pushi/vec4 94, 0, 8; draw_string_vec4
    %cmp/e;
    %jmp/0xz  T_4.33, 4;
    %pushi/vec4 0, 0, 32;
    %store/vec4 v02cd5ae8_0, 0, 32;
    %pushi/vec4 1, 0, 4;
    %store/vec4 v02cd5b40_0, 0, 4;
    %pushi/vec4 0, 0, 32;
    %store/vec4 v02cd5e00_0, 0, 32;
    %jmp T_4.34;
T_4.33 ;
    %pushi/vec4 0, 0, 32;
    %store/vec4 v02cd5ae8_0, 0, 32;
    %pushi/vec4 0, 0, 4;
    %store/vec4 v02cd5b40_0, 0, 4;
    %pushi/vec4 0, 0, 32;
    %store/vec4 v02cd5e00_0, 0, 32;
T_4.34 ;
T_4.30 ;
T_4.24 ;
    %jmp T_4.10;
T_4.5 ;
    %load/vec4 v02ca4e00_0;
    %pushi/vec4 36, 0, 8; draw_string_vec4
    %cmp/e;
    %flag_mov 8, 4;
    %load/vec4 v02ca4e00_0;
    %cmpi/e 42, 0, 8;
    %flag_or 4, 8;
    %jmp/0xz  T_4.35, 4;
    %load/vec4 v02ca4e00_0;
    %pushi/vec4 36, 0, 8; draw_string_vec4
    %cmp/e;
    %jmp/0xz  T_4.37, 4;
    %pushi/vec4 0, 0, 32;
    %store/vec4 v02ca51c8_0, 0, 32;
    %jmp T_4.38;
T_4.37 ;
    %pushi/vec4 1, 0, 32;
    %store/vec4 v02ca51c8_0, 0, 32;
T_4.38 ;
    %pushi/vec4 4, 0, 4;
    %store/vec4 v02cd5b40_0, 0, 4;
    %pushi/vec4 0, 0, 16;
    %store/vec4 v02cd6068_0, 0, 16;
    %pushi/vec4 0, 0, 32;
    %store/vec4 v02ca5170_0, 0, 32;
    %jmp T_4.36;
T_4.35 ;
    %load/vec4 v02ca4e00_0;
    %pushi/vec4 32, 0, 8; draw_string_vec4
    %cmp/e;
    %jmp/0xz  T_4.39, 4;
    %pushi/vec4 3, 0, 4;
    %store/vec4 v02cd5b40_0, 0, 4;
    %jmp T_4.40;
T_4.39 ;
    %load/vec4 v02ca4e00_0;
    %pushi/vec4 94, 0, 8; draw_string_vec4
    %cmp/e;
    %jmp/0xz  T_4.41, 4;
    %pushi/vec4 1, 0, 4;
    %store/vec4 v02cd5b40_0, 0, 4;
    %jmp T_4.42;
T_4.41 ;
    %pushi/vec4 0, 0, 4;
    %store/vec4 v02cd5b40_0, 0, 4;
T_4.42 ;
T_4.40 ;
T_4.36 ;
    %jmp T_4.10;
T_4.6 ;
    %load/vec4 v02ca51c8_0;
    %cmpi/e 0, 0, 32;
    %jmp/0xz  T_4.43, 4;
    %pushi/vec4 48, 0, 8;
    %load/vec4 v02ca4e00_0;
    %cmp/u;
    %flag_get/vec4 4;
    %flag_get/vec4 5;
    %or;
    %load/vec4 v02ca4e00_0;
    %cmpi/u 57, 0, 8;
    %flag_get/vec4 4;
    %flag_get/vec4 5;
    %or;
    %and;
    %load/vec4 v02cd5eb0_0;
    %pushi/vec4 0, 0, 32;
    %cmp/e;
    %flag_get/vec4 4;
    %and;
    %flag_set/vec4 8;
    %jmp/0xz  T_4.45, 8;
    %load/vec4 v02cd6068_0;
    %ix/load 4, 3, 0;
    %flag_set/imm 4, 0;
    %shiftl 4;
    %load/vec4 v02cd6068_0;
    %ix/load 4, 1, 0;
    %flag_set/imm 4, 0;
    %shiftl 4;
    %add;
    %store/vec4 v02cd6068_0, 0, 16;
    %load/vec4 v02cd6068_0;
    %load/vec4 v02ca4e00_0;
    %pad/u 16;
    %add;
    %pushi/vec4 48, 0, 16; draw_string_vec4
    %sub;
    %store/vec4 v02cd6068_0, 0, 16;
    %load/vec4 v02ca5328_0;
    %addi 1, 0, 32;
    %store/vec4 v02ca5328_0, 0, 32;
    %pushi/vec4 4, 0, 32;
    %load/vec4 v02ca5328_0;
    %cmp/s;
    %jmp/0xz  T_4.47, 5;
    %pushi/vec4 0, 0, 4;
    %store/vec4 v02cd5b40_0, 0, 4;
    %pushi/vec4 0, 0, 32;
    %store/vec4 v02ca5328_0, 0, 32;
    %pushi/vec4 0, 0, 16;
    %store/vec4 v02cd6068_0, 0, 16;
T_4.47 ;
    %jmp T_4.46;
T_4.45 ;
    %load/vec4 v02ca4e00_0;
    %pushi/vec4 32, 0, 8; draw_string_vec4
    %cmp/e;
    %jmp/0xz  T_4.49, 4;
    %pushi/vec4 1, 0, 32;
    %load/vec4 v02ca5328_0;
    %cmp/s;
    %flag_get/vec4 4;
    %flag_get/vec4 5;
    %or;
    %load/vec4 v02ca5328_0;
    %cmpi/s 4, 0, 32;
    %flag_get/vec4 4;
    %flag_get/vec4 5;
    %or;
    %and;
    %flag_set/vec4 8;
    %jmp/0xz  T_4.51, 8;
    %load/vec4 v02cd5eb0_0;
    %addi 1, 0, 32;
    %store/vec4 v02cd5eb0_0, 0, 32;
    %pushi/vec4 4, 0, 4;
    %store/vec4 v02cd5b40_0, 0, 4;
    %jmp T_4.52;
T_4.51 ;
    %pushi/vec4 0, 0, 32;
    %store/vec4 v02cd5eb0_0, 0, 32;
    %pushi/vec4 0, 0, 32;
    %store/vec4 v02ca5328_0, 0, 32;
    %pushi/vec4 0, 0, 4;
    %store/vec4 v02cd5b40_0, 0, 4;
    %pushi/vec4 0, 0, 16;
    %store/vec4 v02cd6068_0, 0, 16;
T_4.52 ;
    %jmp T_4.50;
T_4.49 ;
    %load/vec4 v02ca4e00_0;
    %pushi/vec4 60, 0, 8; draw_string_vec4
    %cmp/e;
    %flag_get/vec4 4;
    %pushi/vec4 1, 0, 32;
    %load/vec4 v02ca5328_0;
    %cmp/s;
    %flag_get/vec4 4;
    %flag_get/vec4 5;
    %or;
    %and;
    %load/vec4 v02ca5328_0;
    %cmpi/s 4, 0, 32;
    %flag_get/vec4 4;
    %flag_get/vec4 5;
    %or;
    %and;
    %flag_set/vec4 8;
    %jmp/0xz  T_4.53, 8;
    %pushi/vec4 0, 0, 32;
    %store/vec4 v02ca5328_0, 0, 32;
    %pushi/vec4 0, 0, 32;
    %store/vec4 v02cd5eb0_0, 0, 32;
    %pushi/vec4 5, 0, 4;
    %store/vec4 v02cd5b40_0, 0, 4;
    %jmp T_4.54;
T_4.53 ;
    %load/vec4 v02ca4e00_0;
    %pushi/vec4 94, 0, 8; draw_string_vec4
    %cmp/e;
    %jmp/0xz  T_4.55, 4;
    %pushi/vec4 0, 0, 32;
    %store/vec4 v02ca5328_0, 0, 32;
    %pushi/vec4 0, 0, 32;
    %store/vec4 v02cd5eb0_0, 0, 32;
    %pushi/vec4 1, 0, 4;
    %store/vec4 v02cd5b40_0, 0, 4;
    %pushi/vec4 0, 0, 16;
    %store/vec4 v02cd6068_0, 0, 16;
    %jmp T_4.56;
T_4.55 ;
    %pushi/vec4 0, 0, 32;
    %store/vec4 v02ca5328_0, 0, 32;
    %pushi/vec4 0, 0, 32;
    %store/vec4 v02cd5eb0_0, 0, 32;
    %pushi/vec4 0, 0, 4;
    %store/vec4 v02cd5b40_0, 0, 4;
    %pushi/vec4 0, 0, 16;
    %store/vec4 v02cd6068_0, 0, 16;
T_4.56 ;
T_4.54 ;
T_4.50 ;
T_4.46 ;
    %jmp T_4.44;
T_4.43 ;
    %pushi/vec4 48, 0, 8;
    %load/vec4 v02ca4e00_0;
    %cmp/u;
    %flag_get/vec4 4;
    %flag_get/vec4 5;
    %or;
    %load/vec4 v02ca4e00_0;
    %cmpi/u 57, 0, 8;
    %flag_get/vec4 4;
    %flag_get/vec4 5;
    %or;
    %and;
    %pushi/vec4 97, 0, 8;
    %load/vec4 v02ca4e00_0;
    %cmp/u;
    %flag_get/vec4 4;
    %flag_get/vec4 5;
    %or;
    %load/vec4 v02ca4e00_0;
    %cmpi/u 102, 0, 8;
    %flag_get/vec4 4;
    %flag_get/vec4 5;
    %or;
    %and;
    %or;
    %load/vec4 v02cd5eb0_0;
    %pushi/vec4 0, 0, 32;
    %cmp/e;
    %flag_get/vec4 4;
    %and;
    %flag_set/vec4 8;
    %jmp/0xz  T_4.57, 8;
    %load/vec4 v02ca5170_0;
    %ix/load 4, 4, 0;
    %flag_set/imm 4, 0;
    %shiftl 4;
    %store/vec4 v02ca5170_0, 0, 32;
    %pushi/vec4 48, 0, 8;
    %load/vec4 v02ca4e00_0;
    %cmp/u;
    %flag_get/vec4 4;
    %flag_get/vec4 5;
    %or;
    %load/vec4 v02ca4e00_0;
    %cmpi/u 57, 0, 8;
    %flag_get/vec4 4;
    %flag_get/vec4 5;
    %or;
    %and;
    %flag_set/vec4 8;
    %jmp/0xz  T_4.59, 8;
    %load/vec4 v02ca5170_0;
    %load/vec4 v02ca4e00_0;
    %pad/u 32;
    %add;
    %pushi/vec4 48, 0, 32; draw_string_vec4
    %sub;
    %store/vec4 v02ca5170_0, 0, 32;
    %jmp T_4.60;
T_4.59 ;
    %load/vec4 v02ca5170_0;
    %load/vec4 v02ca4e00_0;
    %pad/u 32;
    %add;
    %addi 4294967209, 0, 32;
    %store/vec4 v02ca5170_0, 0, 32;
T_4.60 ;
    %load/vec4 v02cd5ae8_0;
    %addi 1, 0, 32;
    %store/vec4 v02cd5ae8_0, 0, 32;
    %pushi/vec4 8, 0, 32;
    %load/vec4 v02cd5ae8_0;
    %cmp/s;
    %jmp/0xz  T_4.61, 5;
    %pushi/vec4 0, 0, 32;
    %store/vec4 v02cd5ae8_0, 0, 32;
    %pushi/vec4 0, 0, 32;
    %store/vec4 v02cd5eb0_0, 0, 32;
    %pushi/vec4 0, 0, 4;
    %store/vec4 v02cd5b40_0, 0, 4;
    %pushi/vec4 0, 0, 32;
    %store/vec4 v02ca5170_0, 0, 32;
T_4.61 ;
    %jmp T_4.58;
T_4.57 ;
    %load/vec4 v02cd5ae8_0;
    %pushi/vec4 8, 0, 32;
    %cmp/e;
    %flag_get/vec4 4;
    %load/vec4 v02ca4e00_0;
    %pushi/vec4 32, 0, 8; draw_string_vec4
    %cmp/e;
    %flag_get/vec4 4;
    %and;
    %flag_set/vec4 8;
    %jmp/0xz  T_4.63, 8;
    %load/vec4 v02cd5eb0_0;
    %addi 1, 0, 32;
    %store/vec4 v02cd5eb0_0, 0, 32;
    %pushi/vec4 4, 0, 4;
    %store/vec4 v02cd5b40_0, 0, 4;
    %jmp T_4.64;
T_4.63 ;
    %load/vec4 v02cd5ae8_0;
    %pushi/vec4 8, 0, 32;
    %cmp/e;
    %flag_get/vec4 4;
    %load/vec4 v02ca4e00_0;
    %pushi/vec4 60, 0, 8; draw_string_vec4
    %cmp/e;
    %flag_get/vec4 4;
    %and;
    %flag_set/vec4 8;
    %jmp/0xz  T_4.65, 8;
    %pushi/vec4 5, 0, 4;
    %store/vec4 v02cd5b40_0, 0, 4;
    %pushi/vec4 0, 0, 32;
    %store/vec4 v02cd5eb0_0, 0, 32;
    %pushi/vec4 0, 0, 32;
    %store/vec4 v02cd5ae8_0, 0, 32;
    %jmp T_4.66;
T_4.65 ;
    %load/vec4 v02ca4e00_0;
    %pushi/vec4 94, 0, 8; draw_string_vec4
    %cmp/e;
    %jmp/0xz  T_4.67, 4;
    %pushi/vec4 0, 0, 32;
    %store/vec4 v02cd5eb0_0, 0, 32;
    %pushi/vec4 0, 0, 32;
    %store/vec4 v02cd5ae8_0, 0, 32;
    %pushi/vec4 1, 0, 4;
    %store/vec4 v02cd5b40_0, 0, 4;
    %pushi/vec4 0, 0, 32;
    %store/vec4 v02ca5170_0, 0, 32;
    %jmp T_4.68;
T_4.67 ;
    %pushi/vec4 0, 0, 32;
    %store/vec4 v02cd5eb0_0, 0, 32;
    %pushi/vec4 0, 0, 32;
    %store/vec4 v02cd5ae8_0, 0, 32;
    %pushi/vec4 0, 0, 4;
    %store/vec4 v02cd5b40_0, 0, 4;
    %pushi/vec4 0, 0, 32;
    %store/vec4 v02ca5170_0, 0, 32;
T_4.68 ;
T_4.66 ;
T_4.64 ;
T_4.58 ;
T_4.44 ;
    %jmp T_4.10;
T_4.7 ;
    %load/vec4 v02ca4e00_0;
    %pushi/vec4 61, 0, 8; draw_string_vec4
    %cmp/e;
    %jmp/0xz  T_4.69, 4;
    %pushi/vec4 6, 0, 4;
    %store/vec4 v02cd5b40_0, 0, 4;
    %jmp T_4.70;
T_4.69 ;
    %load/vec4 v02ca4e00_0;
    %pushi/vec4 94, 0, 8; draw_string_vec4
    %cmp/e;
    %jmp/0xz  T_4.71, 4;
    %pushi/vec4 1, 0, 4;
    %store/vec4 v02cd5b40_0, 0, 4;
    %jmp T_4.72;
T_4.71 ;
    %pushi/vec4 0, 0, 4;
    %store/vec4 v02cd5b40_0, 0, 4;
T_4.72 ;
T_4.70 ;
    %jmp T_4.10;
T_4.8 ;
    %load/vec4 v02ca4e00_0;
    %pushi/vec4 32, 0, 8; draw_string_vec4
    %cmp/e;
    %flag_get/vec4 4;
    %load/vec4 v02cd5ae8_0;
    %pushi/vec4 0, 0, 32;
    %cmp/e;
    %flag_get/vec4 4;
    %and;
    %flag_set/vec4 8;
    %jmp/0xz  T_4.73, 8;
    %load/vec4 v02cd5eb0_0;
    %addi 1, 0, 32;
    %store/vec4 v02cd5eb0_0, 0, 32;
    %pushi/vec4 6, 0, 4;
    %store/vec4 v02cd5b40_0, 0, 4;
    %jmp T_4.74;
T_4.73 ;
    %pushi/vec4 48, 0, 8;
    %load/vec4 v02ca4e00_0;
    %cmp/u;
    %flag_get/vec4 4;
    %flag_get/vec4 5;
    %or;
    %load/vec4 v02ca4e00_0;
    %cmpi/u 57, 0, 8;
    %flag_get/vec4 4;
    %flag_get/vec4 5;
    %or;
    %and;
    %flag_set/vec4 8;
    %pushi/vec4 97, 0, 8;
    %load/vec4 v02ca4e00_0;
    %cmp/u;
    %flag_get/vec4 4;
    %flag_get/vec4 5;
    %or;
    %load/vec4 v02ca4e00_0;
    %cmpi/u 102, 0, 8;
    %flag_get/vec4 4;
    %flag_get/vec4 5;
    %or;
    %and;
    %flag_set/vec4 9;
    %flag_or 9, 8;
    %jmp/0xz  T_4.75, 9;
    %load/vec4 v02cd5ae8_0;
    %addi 1, 0, 32;
    %store/vec4 v02cd5ae8_0, 0, 32;
    %pushi/vec4 8, 0, 32;
    %load/vec4 v02cd5ae8_0;
    %cmp/s;
    %jmp/0xz  T_4.77, 5;
    %pushi/vec4 0, 0, 32;
    %store/vec4 v02cd5ae8_0, 0, 32;
    %pushi/vec4 0, 0, 32;
    %store/vec4 v02cd5eb0_0, 0, 32;
    %pushi/vec4 0, 0, 4;
    %store/vec4 v02cd5b40_0, 0, 4;
T_4.77 ;
    %jmp T_4.76;
T_4.75 ;
    %load/vec4 v02ca4e00_0;
    %pushi/vec4 35, 0, 8; draw_string_vec4
    %cmp/e;
    %jmp/0xz  T_4.79, 4;
    %load/vec4 v02cd5ae8_0;
    %cmpi/e 8, 0, 32;
    %jmp/0xz  T_4.81, 4;
    %pushi/vec4 7, 0, 4;
    %store/vec4 v02cd5b40_0, 0, 4;
    %pushi/vec4 0, 0, 32;
    %store/vec4 v02cd5ae8_0, 0, 32;
    %pushi/vec4 0, 0, 32;
    %store/vec4 v02cd5eb0_0, 0, 32;
    %load/vec4 v02cd5b40_0;
    %cmpi/e 7, 0, 4;
    %jmp/0xz  T_4.83, 4;
    %load/vec4 v02cd5b98_0;
    %ix/load 4, 1, 0;
    %flag_set/imm 4, 0;
    %shiftr 4;
    %store/vec4 v02cd5b98_0, 0, 16;
    %pushi/vec4 0, 0, 32;
    %store/vec4 v02cd6010_0, 0, 32;
T_4.85 ;
    %load/vec4 v02cd6010_0;
    %load/vec4 v02cd5e58_0;
    %pad/u 32;
    %cmp/u;
    %jmp/0xz T_4.86, 5;
    %load/vec4 v02cd6010_0;
    %load/vec4 v02cd5b98_0;
    %pad/u 32;
    %add;
    %store/vec4 v02cd6010_0, 0, 32;
    %jmp T_4.85;
T_4.86 ;
    %load/vec4 v02cd5e58_0;
    %pad/u 32;
    %load/vec4 v02cd6010_0;
    %cmp/e;
    %jmp/0xz  T_4.87, 4;
    %pushi/vec4 0, 0, 1;
    %ix/load 4, 0, 0;
    %flag_set/imm 4, 0;
    %store/vec4 v02ca5488_0, 4, 1;
    %jmp T_4.88;
T_4.87 ;
    %pushi/vec4 1, 0, 1;
    %ix/load 4, 0, 0;
    %flag_set/imm 4, 0;
    %store/vec4 v02ca5488_0, 4, 1;
T_4.88 ;
    %load/vec4 v02cd5e00_0;
    %pushi/vec4 3, 0, 32;
    %and;
    %pushi/vec4 0, 0, 32;
    %cmp/e;
    %flag_get/vec4 4;
    %pushi/vec4 12288, 0, 32;
    %load/vec4 v02cd5e00_0;
    %cmp/u;
    %flag_get/vec4 4;
    %flag_get/vec4 5;
    %or;
    %and;
    %load/vec4 v02cd5e00_0;
    %cmpi/u 20479, 0, 32;
    %flag_get/vec4 4;
    %flag_get/vec4 5;
    %or;
    %and;
    %flag_set/vec4 8;
    %jmp/0xz  T_4.89, 8;
    %pushi/vec4 0, 0, 1;
    %ix/load 4, 1, 0;
    %flag_set/imm 4, 0;
    %store/vec4 v02ca5488_0, 4, 1;
    %jmp T_4.90;
T_4.89 ;
    %pushi/vec4 1, 0, 1;
    %ix/load 4, 1, 0;
    %flag_set/imm 4, 0;
    %store/vec4 v02ca5488_0, 4, 1;
T_4.90 ;
    %load/vec4 v02ca51c8_0;
    %cmpi/e 1, 0, 32;
    %jmp/0xz  T_4.91, 4;
    %load/vec4 v02ca5170_0;
    %pushi/vec4 3, 0, 32;
    %and;
    %pushi/vec4 0, 0, 32;
    %cmp/e;
    %flag_get/vec4 4;
    %pushi/vec4 0, 0, 32;
    %load/vec4 v02ca5170_0;
    %cmp/u;
    %flag_get/vec4 4;
    %flag_get/vec4 5;
    %or;
    %load/vec4 v02ca5170_0;
    %cmpi/u 12287, 0, 32;
    %flag_get/vec4 4;
    %flag_get/vec4 5;
    %or;
    %and;
    %and;
    %flag_set/vec4 8;
    %jmp/0xz  T_4.93, 8;
    %pushi/vec4 0, 0, 1;
    %ix/load 4, 2, 0;
    %flag_set/imm 4, 0;
    %store/vec4 v02ca5488_0, 4, 1;
    %jmp T_4.94;
T_4.93 ;
    %pushi/vec4 1, 0, 1;
    %ix/load 4, 2, 0;
    %flag_set/imm 4, 0;
    %store/vec4 v02ca5488_0, 4, 1;
T_4.94 ;
T_4.91 ;
    %load/vec4 v02ca51c8_0;
    %cmpi/e 0, 0, 32;
    %jmp/0xz  T_4.95, 4;
    %pushi/vec4 0, 0, 16;
    %load/vec4 v02cd6068_0;
    %cmp/u;
    %flag_get/vec4 4;
    %flag_get/vec4 5;
    %or;
    %load/vec4 v02cd6068_0;
    %cmpi/u 31, 0, 16;
    %flag_get/vec4 4;
    %flag_get/vec4 5;
    %or;
    %and;
    %flag_set/vec4 8;
    %jmp/0xz  T_4.97, 8;
    %pushi/vec4 0, 0, 1;
    %ix/load 4, 3, 0;
    %flag_set/imm 4, 0;
    %store/vec4 v02ca5488_0, 4, 1;
    %jmp T_4.98;
T_4.97 ;
    %pushi/vec4 1, 0, 1;
    %ix/load 4, 3, 0;
    %flag_set/imm 4, 0;
    %store/vec4 v02ca5488_0, 4, 1;
T_4.98 ;
T_4.95 ;
T_4.83 ;
    %jmp T_4.82;
T_4.81 ;
    %pushi/vec4 0, 0, 4;
    %store/vec4 v02cd5b40_0, 0, 4;
    %pushi/vec4 0, 0, 32;
    %store/vec4 v02cd5ae8_0, 0, 32;
    %pushi/vec4 0, 0, 32;
    %store/vec4 v02cd5eb0_0, 0, 32;
T_4.82 ;
    %jmp T_4.80;
T_4.79 ;
    %load/vec4 v02ca4e00_0;
    %pushi/vec4 94, 0, 8; draw_string_vec4
    %cmp/e;
    %jmp/0xz  T_4.99, 4;
    %pushi/vec4 1, 0, 4;
    %store/vec4 v02cd5b40_0, 0, 4;
    %pushi/vec4 0, 0, 32;
    %store/vec4 v02cd5ae8_0, 0, 32;
    %pushi/vec4 0, 0, 32;
    %store/vec4 v02cd5eb0_0, 0, 32;
    %jmp T_4.100;
T_4.99 ;
    %pushi/vec4 0, 0, 4;
    %store/vec4 v02cd5b40_0, 0, 4;
    %pushi/vec4 0, 0, 32;
    %store/vec4 v02cd5ae8_0, 0, 32;
    %pushi/vec4 0, 0, 32;
    %store/vec4 v02cd5eb0_0, 0, 32;
T_4.100 ;
T_4.80 ;
T_4.76 ;
T_4.74 ;
    %jmp T_4.10;
T_4.9 ;
    %load/vec4 v02ca4e00_0;
    %pushi/vec4 94, 0, 8; draw_string_vec4
    %cmp/e;
    %jmp/0xz  T_4.101, 4;
    %pushi/vec4 1, 0, 4;
    %store/vec4 v02cd5b40_0, 0, 4;
    %jmp T_4.102;
T_4.101 ;
    %pushi/vec4 0, 0, 4;
    %store/vec4 v02cd5b40_0, 0, 4;
T_4.102 ;
    %pushi/vec4 0, 0, 16;
    %store/vec4 v02cd5e58_0, 0, 16;
    %pushi/vec4 0, 0, 32;
    %store/vec4 v02cd5e00_0, 0, 32;
    %pushi/vec4 0, 0, 32;
    %store/vec4 v02ca5170_0, 0, 32;
    %pushi/vec4 0, 0, 16;
    %store/vec4 v02cd6068_0, 0, 16;
    %jmp T_4.10;
T_4.10 ;
    %pop/vec4 1;
T_4.1 ;
    %jmp T_4;
    .thread T_4;
    .scope S_02c81730;
T_5 ;
    %pushi/vec4 0, 0, 1;
    %store/vec4 v02cd5618_0, 0, 1;
    %end;
    .thread T_5;
    .scope S_02c81730;
T_6 ;
    %pushi/vec4 0, 0, 1;
    %store/vec4 v02cd5c48_0, 0, 1;
    %end;
    .thread T_6;
    .scope S_02c81730;
T_7 ;
    %pushi/vec4 0, 0, 16;
    %store/vec4 v02cd56c8_0, 0, 16;
    %end;
    .thread T_7;
    .scope S_02c81730;
T_8 ;
    %pushi/vec4 0, 0, 8;
    %store/vec4 v02cd55c0_0, 0, 8;
    %end;
    .thread T_8;
    .scope S_02c81730;
T_9 ;
    %vpi_call 2 31 "$dumpfile", "cpu_checker_wave.vcd" {0 0 0};
    %vpi_call 2 32 "$dumpvars" {0 0 0};
    %pushi/vec4 0, 0, 1;
    %store/vec4 v02cd5618_0, 0, 1;
    %pushi/vec4 1, 0, 1;
    %store/vec4 v02cd5c48_0, 0, 1;
    %pushi/vec4 0, 0, 8;
    %store/vec4 v02cd55c0_0, 0, 8;
    %pushi/vec4 4, 0, 16;
    %store/vec4 v02cd56c8_0, 0, 16;
    %delay 10000, 0;
    %pushi/vec4 0, 0, 1;
    %store/vec4 v02cd5c48_0, 0, 1;
    %delay 2000, 0;
    %pushi/vec4 94, 0, 8; draw_string_vec4
    %store/vec4 v02cd55c0_0, 0, 8;
    %delay 2000, 0;
    %pushi/vec4 51, 0, 8; draw_string_vec4
    %store/vec4 v02cd55c0_0, 0, 8;
    %delay 2000, 0;
    %pushi/vec4 50, 0, 8; draw_string_vec4
    %store/vec4 v02cd55c0_0, 0, 8;
    %delay 2000, 0;
    %pushi/vec4 64, 0, 8; draw_string_vec4
    %store/vec4 v02cd55c0_0, 0, 8;
    %delay 2000, 0;
    %pushi/vec4 48, 0, 8; draw_string_vec4
    %store/vec4 v02cd55c0_0, 0, 8;
    %delay 2000, 0;
    %pushi/vec4 48, 0, 8; draw_string_vec4
    %store/vec4 v02cd55c0_0, 0, 8;
    %delay 2000, 0;
    %pushi/vec4 48, 0, 8; draw_string_vec4
    %store/vec4 v02cd55c0_0, 0, 8;
    %delay 2000, 0;
    %pushi/vec4 48, 0, 8; draw_string_vec4
    %store/vec4 v02cd55c0_0, 0, 8;
    %delay 2000, 0;
    %pushi/vec4 51, 0, 8; draw_string_vec4
    %store/vec4 v02cd55c0_0, 0, 8;
    %delay 2000, 0;
    %pushi/vec4 48, 0, 8; draw_string_vec4
    %store/vec4 v02cd55c0_0, 0, 8;
    %delay 2000, 0;
    %pushi/vec4 48, 0, 8; draw_string_vec4
    %store/vec4 v02cd55c0_0, 0, 8;
    %delay 2000, 0;
    %pushi/vec4 52, 0, 8; draw_string_vec4
    %store/vec4 v02cd55c0_0, 0, 8;
    %delay 2000, 0;
    %pushi/vec4 58, 0, 8; draw_string_vec4
    %store/vec4 v02cd55c0_0, 0, 8;
    %delay 2000, 0;
    %pushi/vec4 32, 0, 8; draw_string_vec4
    %store/vec4 v02cd55c0_0, 0, 8;
    %delay 2000, 0;
    %pushi/vec4 36, 0, 8; draw_string_vec4
    %store/vec4 v02cd55c0_0, 0, 8;
    %delay 2000, 0;
    %pushi/vec4 48, 0, 8; draw_string_vec4
    %store/vec4 v02cd55c0_0, 0, 8;
    %delay 2000, 0;
    %pushi/vec4 48, 0, 8; draw_string_vec4
    %store/vec4 v02cd55c0_0, 0, 8;
    %delay 2000, 0;
    %pushi/vec4 52, 0, 8; draw_string_vec4
    %store/vec4 v02cd55c0_0, 0, 8;
    %delay 2000, 0;
    %pushi/vec4 48, 0, 8; draw_string_vec4
    %store/vec4 v02cd55c0_0, 0, 8;
    %delay 2000, 0;
    %pushi/vec4 60, 0, 8; draw_string_vec4
    %store/vec4 v02cd55c0_0, 0, 8;
    %delay 2000, 0;
    %pushi/vec4 61, 0, 8; draw_string_vec4
    %store/vec4 v02cd55c0_0, 0, 8;
    %delay 2000, 0;
    %pushi/vec4 49, 0, 8; draw_string_vec4
    %store/vec4 v02cd55c0_0, 0, 8;
    %delay 2000, 0;
    %pushi/vec4 50, 0, 8; draw_string_vec4
    %store/vec4 v02cd55c0_0, 0, 8;
    %delay 2000, 0;
    %pushi/vec4 51, 0, 8; draw_string_vec4
    %store/vec4 v02cd55c0_0, 0, 8;
    %delay 2000, 0;
    %pushi/vec4 52, 0, 8; draw_string_vec4
    %store/vec4 v02cd55c0_0, 0, 8;
    %delay 2000, 0;
    %pushi/vec4 53, 0, 8; draw_string_vec4
    %store/vec4 v02cd55c0_0, 0, 8;
    %delay 2000, 0;
    %pushi/vec4 54, 0, 8; draw_string_vec4
    %store/vec4 v02cd55c0_0, 0, 8;
    %delay 2000, 0;
    %pushi/vec4 55, 0, 8; draw_string_vec4
    %store/vec4 v02cd55c0_0, 0, 8;
    %delay 2000, 0;
    %pushi/vec4 56, 0, 8; draw_string_vec4
    %store/vec4 v02cd55c0_0, 0, 8;
    %delay 2000, 0;
    %pushi/vec4 35, 0, 8; draw_string_vec4
    %store/vec4 v02cd55c0_0, 0, 8;
    %delay 2000, 0;
    %pushi/vec4 32, 0, 8; draw_string_vec4
    %store/vec4 v02cd55c0_0, 0, 8;
    %delay 2000, 0;
    %pushi/vec4 32, 0, 8; draw_string_vec4
    %store/vec4 v02cd55c0_0, 0, 8;
    %delay 2000, 0;
    %pushi/vec4 32, 0, 8; draw_string_vec4
    %store/vec4 v02cd55c0_0, 0, 8;
    %delay 20000, 0;
    %vpi_call 2 72 "$finish" {0 0 0};
    %vpi_call 2 73 "$finish" {0 0 0};
    %end;
    .thread T_9;
    .scope S_02c81730;
T_10 ;
    %delay 1000, 0;
    %load/vec4 v02cd5618_0;
    %inv;
    %store/vec4 v02cd5618_0, 0, 1;
    %jmp T_10;
    .thread T_10;
# The file index is used to find the file name in the following table.
:file_names 4;
    "N/A";
    "<interactive>";
    "tb.v";
    "./cpu_checker.v";
