Command line:
   tb_isim_beh.exe
     -simmode  gui
     -simrunnum  0
     -socket  64668

Sun Oct 09 15:50:32 2022


 Elaboration Time: 0.046875 sec

 Current Memory Usage: 844.861 Meg

 Total Signals          : 20
 Total Nets             : 20
 Total Signal Drivers   : 10
 Total Blocks           : 3
 Total Primitive Blocks : 2
 Total Processes        : 15
 Total Traceable Variables  : 32
 Total Scalar Nets and Variables : 1184
Total Line Count : 99

 Total Simulation Time: 0.171875 sec

 Current Memory Usage: 373.264 Meg

Sun Oct 09 16:22:37 2022

