Command line:
   cpu_checker_isim_beh.exe
     -simmode  gui
     -simrunnum  0
     -socket  53947

Wed Aug 24 22:52:11 2022


 Elaboration Time: 0.015625 sec

 Current Memory Usage: 845.111 Meg

 Total Signals          : 17
 Total Nets             : 25
 Total Signal Drivers   : 6
 Total Blocks           : 2
 Total Primitive Blocks : 2
 Total Processes        : 9
 Total Traceable Variables  : 23
 Total Scalar Nets and Variables : 237
Total Line Count : 192

 Total Simulation Time: 0.03125 sec

 Current Memory Usage: 845.111 Meg

Wed Aug 24 22:52:14 2022

